2021-07-27 12:46:18 [info]: ::1 (GET) /users/self
2021-07-27 12:47:46 [info]: ::1 (GET) /users/self
2021-07-27 12:48:53 [info]: ::1 (GET) /users/self
2021-07-27 12:49:38 [info]: ::1 (GET) /users/self
2021-07-27 12:55:22 [info]: ::1 (GET) /users/self
2021-07-27 12:57:12 [info]: ::1 (GET) /users/self
2021-07-27 12:57:34 [info]: ::1 (GET) /users/self
2021-07-27 12:59:09 [info]: ::1 (GET) /users/self
2021-07-27 13:02:16 [info]: ::1 (GET) /users/self
2021-07-27 14:04:15 [info]: ::1 (GET) /users
2021-07-27 14:04:15 [info]: ::1 (GET) /users/self
2021-07-27 14:04:20 [info]: ::1 (GET) /users/self
2021-07-27 14:07:27 [info]: ::1 (GET) /users/self
2021-07-27 14:07:28 [info]: ::1 (GET) /users
2021-07-27 14:07:28 [info]: ::1 (GET) /users/self
2021-07-27 14:07:39 [info]: ::1 (GET) /users/self
2021-07-27 14:43:08 [info]: ::1 (GET) /users
2021-07-27 14:43:08 [info]: ::1 (GET) /users/self
2021-07-27 14:43:12 [info]: ::1 (GET) /users?q=test
2021-07-27 14:43:14 [info]: ::1 (GET) /users/9878805eca43f6dd
2021-07-27 14:43:17 [info]: ::1 (PUT) /users/9878805eca43f6dd
2021-07-27 14:43:17 [info]: ::1 (GET) /users/9878805eca43f6dd
2021-07-27 14:43:17 [info]: ::1 (GET) /users?q=test
2021-07-27 14:43:23 [info]: ::1 (GET) /users
2021-07-27 14:43:31 [info]: ::1 (GET) /users
2021-07-27 14:43:31 [info]: ::1 (GET) /users/self
2021-07-27 14:43:34 [info]: ::1 (GET) /users/f6805e986d978ac0
2021-07-27 14:43:40 [info]: ::1 (GET) /users?q=lily
2021-07-27 14:43:41 [info]: ::1 (GET) /users
2021-07-27 14:43:41 [info]: ::1 (GET) /users/self
2021-07-27 14:43:46 [info]: ::1 (GET) /users/self
2021-07-27 14:44:53 [info]: ::1 (GET) /users
2021-07-27 14:44:53 [info]: ::1 (GET) /users/self
2021-07-27 14:44:54 [info]: ::1 (GET) /users/4a7caa83a6bbfa57
2021-07-27 14:45:17 [info]: ::1 (GET) /users/self
2021-07-27 14:46:57 [info]: ::1 (GET) /titles
2021-07-27 14:46:57 [info]: ::1 (GET) /users/self
2021-07-27 14:46:59 [info]: ::1 (GET) /titles
2021-07-27 14:46:59 [info]: ::1 (GET) /users/self
2021-07-27 14:47:30 [info]: ::1 (GET) /titles
2021-07-27 14:47:30 [info]: ::1 (GET) /users/self
2021-07-27 14:47:36 [info]: ::1 (GET) /titles?q=moana
2021-07-27 14:47:50 [info]: ::1 (GET) /titles?q=pickle
2021-07-27 14:47:53 [info]: ::1 (GET) /titles
2021-07-27 14:47:56 [info]: ::1 (GET) /titles?q=moana
2021-07-27 14:47:59 [info]: ::1 (GET) /titles
2021-07-27 14:48:39 [info]: ::1 (GET) /titles
2021-07-27 14:48:39 [info]: ::1 (GET) /users/self
2021-07-27 14:48:43 [info]: ::1 (GET) /titles?q=pick
2021-07-27 14:48:54 [info]: API listening at http://localhost:9000
2021-07-27 14:49:21 [info]: ::1 (GET) /titles?q=pick
2021-07-27 16:07:48 [info]: ::1 (GET) /users
2021-07-27 16:07:48 [info]: ::1 (GET) /users/self
2021-07-27 16:07:58 [info]: ::1 (GET) /titles
2021-07-27 16:07:58 [info]: ::1 (GET) /users/self
2021-07-27 22:03:06 [info]: ::1 (GET) /titles
2021-07-27 22:03:06 [info]: ::1 (GET) /users/self
2021-07-27 22:06:36 [info]: ::1 (GET) /titles
2021-07-27 22:06:36 [info]: ::1 (GET) /users/self
2021-07-27 22:07:05 [info]: ::1 (GET) /titles
2021-07-27 22:07:05 [info]: ::1 (GET) /users/self
2021-07-27 22:09:06 [info]: ::1 (GET) /titles
2021-07-27 22:09:06 [info]: ::1 (GET) /users/self
2021-07-27 22:11:38 [info]: ::1 (GET) /titles
2021-07-27 22:11:38 [info]: ::1 (GET) /users/self
2021-07-27 22:12:26 [info]: ::1 (GET) /titles
2021-07-27 22:13:48 [info]: ::1 (GET) /titles
2021-07-27 22:13:48 [info]: ::1 (GET) /users/self
2021-07-27 22:13:50 [info]: ::1 (GET) /titles
2021-07-27 22:13:50 [info]: ::1 (GET) /users/self
2021-07-27 22:16:50 [info]: ::1 (GET) /titles
2021-07-27 22:16:50 [info]: ::1 (GET) /users/self
2021-07-27 22:17:12 [info]: ::1 (GET) /titles
2021-07-27 22:17:12 [info]: ::1 (GET) /users/self
2021-07-27 22:19:09 [info]: ::1 (GET) /titles
2021-07-27 22:19:09 [info]: ::1 (GET) /users/self
2021-07-27 22:21:00 [info]: ::1 (GET) /titles
2021-07-27 22:21:00 [info]: ::1 (GET) /users/self
2021-07-27 22:22:29 [info]: ::1 (GET) /titles
2021-07-27 22:22:29 [info]: ::1 (GET) /users/self
2021-07-27 22:22:51 [info]: ::1 (GET) /titles
2021-07-27 22:22:51 [info]: ::1 (GET) /users/self
2021-07-27 22:23:42 [info]: ::1 (GET) /titles
2021-07-27 22:23:44 [info]: ::1 (GET) /titles
2021-07-27 22:23:44 [info]: ::1 (GET) /users/self
2021-07-27 22:24:20 [info]: ::1 (GET) /titles
2021-07-27 22:24:25 [info]: ::1 (GET) /titles
2021-07-27 22:24:47 [info]: ::1 (GET) /titles
2021-07-27 22:25:04 [info]: ::1 (GET) /titles
2021-07-27 22:25:04 [info]: ::1 (GET) /users/self
2021-07-27 22:37:16 [info]: ::1 (GET) /titles
2021-07-27 22:37:16 [info]: ::1 (GET) /users/self
2021-07-27 22:37:22 [info]: ::1 (GET) /titles
2021-07-27 22:37:22 [info]: ::1 (GET) /users/self
2021-07-27 22:38:38 [info]: ::1 (GET) /titles
2021-07-27 22:38:38 [info]: ::1 (GET) /users/self
2021-07-27 22:41:14 [info]: ::1 (GET) /titles
2021-07-27 22:41:14 [info]: ::1 (GET) /users/self
2021-07-27 22:41:53 [info]: ::1 (GET) /titles
2021-07-27 22:41:53 [info]: ::1 (GET) /users/self
2021-07-27 22:41:55 [info]: ::1 (GET) /users
2021-07-27 22:41:55 [info]: ::1 (GET) /users/self
2021-07-27 22:41:56 [info]: ::1 (GET) /users/452d341c136763dc
2021-07-27 22:42:01 [info]: ::1 (GET) /titles
2021-07-27 22:42:01 [info]: ::1 (GET) /users/self
2021-07-27 22:42:15 [info]: ::1 (GET) /titles
2021-07-27 22:42:15 [info]: ::1 (GET) /users/self
2021-07-27 22:43:52 [info]: ::1 (GET) /titles
2021-07-27 22:43:52 [info]: ::1 (GET) /users/self
2021-07-27 22:44:00 [info]: ::1 (GET) /titles
2021-07-27 22:44:00 [info]: ::1 (GET) /users/self
2021-07-27 22:45:59 [info]: ::1 (GET) /titles
2021-07-27 22:46:01 [info]: ::1 (GET) /titles
2021-07-27 22:46:01 [info]: ::1 (GET) /users/self
2021-07-27 22:48:52 [info]: ::1 (GET) /titles
2021-07-27 22:48:54 [info]: ::1 (GET) /titles
2021-07-27 22:48:54 [info]: ::1 (GET) /users/self
2021-07-27 22:55:05 [info]: ::1 (GET) /titles
2021-07-27 22:55:05 [info]: ::1 (GET) /users/self
2021-07-27 22:55:59 [info]: ::1 (GET) /titles
2021-07-27 22:55:59 [info]: ::1 (GET) /users/self
2021-07-27 22:56:48 [info]: ::1 (GET) /titles
2021-07-27 22:56:48 [info]: ::1 (GET) /users/self
2021-07-27 22:57:22 [info]: ::1 (GET) /titles
2021-07-27 22:57:22 [info]: ::1 (GET) /users/self
2021-07-27 22:57:31 [info]: ::1 (GET) /titles
2021-07-27 22:57:31 [info]: ::1 (GET) /users/self
2021-07-27 23:00:29 [info]: ::1 (GET) /titles
2021-07-27 23:00:29 [info]: ::1 (GET) /users/self
2021-07-27 23:02:05 [info]: ::1 (GET) /titles
2021-07-27 23:02:05 [info]: ::1 (GET) /users/self
2021-07-27 23:03:02 [info]: ::1 (GET) /titles
2021-07-27 23:03:02 [info]: ::1 (GET) /users/self
2021-07-27 23:05:21 [info]: ::1 (GET) /titles
2021-07-27 23:05:21 [info]: ::1 (GET) /users/self
2021-07-27 23:05:42 [info]: ::1 (GET) /titles
2021-07-27 23:05:42 [info]: ::1 (GET) /users/self
2021-07-27 23:06:50 [info]: ::1 (GET) /titles
2021-07-27 23:06:50 [info]: ::1 (GET) /users/self
2021-07-27 23:07:10 [info]: ::1 (GET) /titles
2021-07-27 23:07:10 [info]: ::1 (GET) /users/self
2021-07-27 23:07:21 [info]: ::1 (GET) /titles
2021-07-27 23:07:21 [info]: ::1 (GET) /users/self
2021-07-27 23:09:51 [info]: ::1 (GET) /titles
2021-07-27 23:09:51 [info]: ::1 (GET) /users/self
2021-07-27 23:10:04 [info]: ::1 (GET) /titles
2021-07-27 23:10:04 [info]: ::1 (GET) /users/self
2021-07-27 23:10:04 [info]: ::1 (GET) /titles/273b352a34374b898a850afd13c09b8f
2021-07-27 23:17:48 [info]: ::1 (GET) /users/self
2021-07-27 23:17:48 [info]: ::1 (GET) /titles
2021-07-27 23:17:48 [info]: ::1 (GET) /titles/273b352a34374b898a850afd13c09b8f
2021-07-27 23:18:42 [info]: ::1 (GET) /titles
2021-07-27 23:18:42 [info]: ::1 (GET) /users/self
2021-07-27 23:18:42 [info]: ::1 (GET) /titles/273b352a34374b898a850afd13c09b8f
2021-07-27 23:19:22 [info]: ::1 (GET) /titles
2021-07-27 23:19:22 [info]: ::1 (GET) /users/self
2021-07-27 23:19:22 [info]: ::1 (GET) /titles/273b352a34374b898a850afd13c09b8f
2021-07-27 23:19:38 [info]: ::1 (GET) /titles
2021-07-27 23:19:38 [info]: ::1 (GET) /users/self
2021-07-27 23:19:38 [info]: ::1 (GET) /titles/273b352a34374b898a850afd13c09b8f
2021-07-27 23:23:10 [info]: ::1 (GET) /titles
2021-07-27 23:23:10 [info]: ::1 (GET) /users/self
2021-07-27 23:23:10 [info]: ::1 (GET) /titles/273b352a34374b898a850afd13c09b8f
2021-07-27 23:30:35 [info]: ::1 (GET) /titles
2021-07-27 23:30:35 [info]: ::1 (GET) /titles/273b352a34374b898a850afd13c09b8f
2021-07-27 23:39:46 [info]: ::1 (GET) /titles
2021-07-27 23:39:46 [info]: ::1 (GET) /users/self
2021-07-27 23:39:46 [info]: ::1 (GET) /titles/273b352a34374b898a850afd13c09b8f
2021-07-27 23:40:03 [info]: ::1 (GET) /titles
2021-07-27 23:40:03 [info]: ::1 (GET) /users/self
2021-07-27 23:40:03 [info]: ::1 (GET) /titles/273b352a34374b898a850afd13c09b8f
2021-07-27 23:40:05 [info]: ::1 (GET) /titles
2021-07-27 23:40:05 [info]: ::1 (GET) /users/self
2021-07-27 23:40:05 [info]: ::1 (GET) /titles/273b352a34374b898a850afd13c09b8f
2021-07-27 23:40:50 [info]: ::1 (GET) /titles
2021-07-27 23:40:50 [info]: ::1 (GET) /users/self
2021-07-27 23:40:50 [info]: ::1 (GET) /titles/273b352a34374b898a850afd13c09b8f
2021-07-27 23:41:27 [info]: ::1 (GET) /titles
2021-07-27 23:41:27 [info]: ::1 (GET) /users/self
2021-07-27 23:41:27 [info]: ::1 (GET) /titles/273b352a34374b898a850afd13c09b8f
2021-07-27 23:42:36 [info]: ::1 (GET) /titles
2021-07-27 23:42:36 [info]: ::1 (GET) /users/self
2021-07-27 23:42:36 [info]: ::1 (GET) /titles/273b352a34374b898a850afd13c09b8f
2021-07-27 23:42:54 [info]: ::1 (GET) /titles
2021-07-27 23:42:54 [info]: ::1 (GET) /users/self
2021-07-27 23:42:54 [info]: ::1 (GET) /titles/273b352a34374b898a850afd13c09b8f
2021-07-27 23:43:38 [info]: ::1 (GET) /titles
2021-07-27 23:43:38 [info]: ::1 (GET) /users/self
2021-07-27 23:43:38 [info]: ::1 (GET) /titles/273b352a34374b898a850afd13c09b8f
2021-07-27 23:46:26 [info]: ::1 (GET) /titles
2021-07-27 23:46:26 [info]: ::1 (GET) /users/self
2021-07-27 23:46:26 [info]: ::1 (GET) /titles/273b352a34374b898a850afd13c09b8f
2021-07-27 23:46:34 [info]: ::1 (GET) /titles/4fc63cc45cb72566136015b9dcf1cf46
2021-07-27 23:46:38 [info]: ::1 (GET) /users
2021-07-27 23:46:38 [info]: ::1 (GET) /users/self
2021-07-27 23:46:39 [info]: ::1 (GET) /users/4a7caa83a6bbfa57
2021-07-27 23:46:42 [info]: ::1 (GET) /titles
2021-07-27 23:46:42 [info]: ::1 (GET) /users/self
2021-07-27 23:46:43 [info]: ::1 (GET) /titles/4fc63cc45cb72566136015b9dcf1cf46
2021-07-27 23:46:45 [info]: ::1 (GET) /users
2021-07-27 23:46:45 [info]: ::1 (GET) /users/self
2021-07-27 23:46:46 [info]: ::1 (GET) /titles
2021-07-27 23:46:46 [info]: ::1 (GET) /users/self
2021-07-27 23:46:47 [info]: ::1 (GET) /titles/4fc63cc45cb72566136015b9dcf1cf46
2021-07-27 23:48:49 [info]: ::1 (GET) /titles
2021-07-27 23:48:49 [info]: ::1 (GET) /users/self
2021-07-27 23:48:49 [info]: ::1 (GET) /titles/4fc63cc45cb72566136015b9dcf1cf46
2021-07-27 23:48:50 [info]: ::1 (GET) /titles
2021-07-27 23:48:50 [info]: ::1 (GET) /users/self
2021-07-27 23:48:50 [info]: ::1 (GET) /titles/4fc63cc45cb72566136015b9dcf1cf46
2021-07-27 23:49:23 [info]: ::1 (GET) /titles
2021-07-27 23:49:23 [info]: ::1 (GET) /users/self
2021-07-27 23:49:23 [info]: ::1 (GET) /titles/4fc63cc45cb72566136015b9dcf1cf46
2021-07-27 23:51:21 [info]: ::1 (GET) /titles
2021-07-27 23:51:21 [info]: ::1 (GET) /users/self
2021-07-27 23:51:36 [info]: ::1 (GET) /titles/273b352a34374b898a850afd13c09b8f
2021-07-27 23:51:56 [info]: ::1 (GET) /titles
2021-07-27 23:52:04 [info]: ::1 (GET) /titles/273b352a34374b898a850afd13c09b8f
2021-07-27 23:52:09 [info]: ::1 (GET) /titles?q=moana
2021-07-27 23:52:11 [info]: ::1 (GET) /titles
