2021-07-21 01:57:32 [info]: ::1 (GET) /users/self
2021-07-21 03:22:45 [info]: ::1 (GET) /users/self
2021-07-21 03:22:51 [info]: ::1 (GET) /users/self
2021-07-21 03:22:53 [info]: ::1 (GET) /users/self
2021-07-21 03:23:59 [info]: ::1 (GET) /users
2021-07-21 03:27:40 [info]: ::1 (GET) /users/self
2021-07-21 03:29:20 [info]: ::1 (GET) /users/self
2021-07-21 03:38:02 [info]: ::1 (GET) /users/self
2021-07-21 03:38:04 [info]: ::1 (GET) /users/self
2021-07-21 15:13:02 [info]: ::1 (GET) /auth
2021-07-21 15:13:02 [info]: ::1 (GET) /users/self
2021-07-21 15:13:05 [info]: ::1 (GET) /users/self
2021-07-21 15:21:17 [info]: ::1 (GET) /auth
2021-07-21 15:21:25 [info]: ::1 (GET) /users
2021-07-21 15:25:31 [info]: ::1 (GET) /users
2021-07-21 15:28:39 [info]: ::1 (GET) /users
2021-07-21 15:28:39 [info]: ::1 (GET) /users/self
2021-07-21 15:46:16 [info]: ::1 (GET) /users/self
2021-07-21 15:48:13 [info]: ::1 (GET) /users/self
2021-07-21 15:48:18 [info]: ::1 (GET) /auth
2021-07-21 15:48:18 [info]: ::1 (GET) /users/self
2021-07-21 15:48:21 [info]: ::1 (GET) /users
2021-07-21 15:48:21 [info]: ::1 (GET) /users/self
2021-07-21 15:48:23 [info]: ::1 (GET) /users/self
2021-07-21 15:49:19 [info]: ::1 (GET) /users/self
2021-07-21 15:49:23 [info]: ::1 (GET) /users/self
2021-07-21 15:54:11 [info]: ::1 (GET) /users
2021-07-21 15:54:11 [info]: ::1 (GET) /users/self
2021-07-21 16:02:34 [info]: ::1 (GET) /users
2021-07-21 16:07:40 [info]: ::1 (GET) /titles/?q=moana
2021-07-21 16:07:49 [info]: ::1 (GET) /titles/273b352a34374b898a850afd13c09b8f
2021-07-21 16:08:34 [info]: ::1 (GET) /titles/273b352a34374b898a850afd13c09b8f
2021-07-21 16:09:05 [info]: ::1 (GET) /users
2021-07-21 16:22:32 [info]: ::1 (GET) /users
2021-07-21 16:22:32 [info]: ::1 (GET) /users/self
2021-07-21 16:22:34 [info]: ::1 (GET) /users
2021-07-21 16:22:34 [info]: ::1 (GET) /users/self
2021-07-21 16:23:27 [info]: ::1 (GET) /users
2021-07-21 16:23:27 [info]: ::1 (GET) /users
2021-07-21 16:23:27 [info]: ::1 (GET) /users/self
2021-07-21 16:24:23 [info]: ::1 (GET) /users
2021-07-21 16:24:29 [info]: ::1 (GET) /users
2021-07-21 16:24:29 [info]: ::1 (GET) /users/self
2021-07-21 16:25:36 [info]: ::1 (GET) /users
2021-07-21 16:25:37 [info]: ::1 (GET) /users
2021-07-21 16:25:37 [info]: ::1 (GET) /users/self
2021-07-21 16:28:09 [info]: ::1 (GET) /handle/lalewis9
2021-07-21 16:28:11 [info]: ::1 (GET) /handle/d
2021-07-21 16:28:11 [info]: ::1 (GET) /handle/d
2021-07-21 16:28:12 [info]: ::1 (GET) /handle/d
2021-07-21 16:33:51 [info]: ::1 (GET) /users
2021-07-21 16:33:52 [info]: ::1 (GET) /users
2021-07-21 16:33:52 [info]: ::1 (GET) /users/self
2021-07-21 16:33:55 [info]: ::1 (GET) /handle/d
2021-07-21 16:43:05 [info]: ::1 (GET) /users
2021-07-21 16:43:07 [info]: ::1 (GET) /users
2021-07-21 16:43:07 [info]: ::1 (GET) /users/self
2021-07-21 16:43:11 [info]: ::1 (GET) /handle/d
2021-07-21 16:43:12 [info]: ::1 (GET) /handle/dd
2021-07-21 16:43:24 [info]: ::1 (GET) /users
2021-07-21 16:43:25 [info]: ::1 (GET) /users
2021-07-21 16:43:25 [info]: ::1 (GET) /users/self
2021-07-21 16:43:28 [info]: ::1 (GET) /handle/d
2021-07-21 16:43:28 [info]: ::1 (GET) /handle/da
2021-07-21 16:44:00 [info]: ::1 (GET) /users
2021-07-21 16:44:01 [info]: ::1 (GET) /users
2021-07-21 16:44:01 [info]: ::1 (GET) /users/self
2021-07-21 16:44:05 [info]: ::1 (GET) /handle/d
2021-07-21 16:44:05 [info]: ::1 (GET) /handle/da
2021-07-21 16:45:40 [info]: ::1 (GET) /users
2021-07-21 16:47:15 [info]: ::1 (GET) /users
2021-07-21 16:47:16 [info]: ::1 (GET) /users
2021-07-21 16:47:16 [info]: ::1 (GET) /users/self
2021-07-21 16:47:22 [info]: ::1 (GET) /handle/abc123
2021-07-21 16:49:26 [info]: ::1 (GET) /users
2021-07-21 16:49:28 [info]: ::1 (GET) /users
2021-07-21 16:49:28 [info]: ::1 (GET) /users/self
2021-07-21 16:49:32 [info]: ::1 (GET) /handle/a
2021-07-21 16:49:33 [info]: ::1 (GET) /handle/abc123
2021-07-21 16:49:54 [info]: ::1 (POST) /users
2021-07-21 16:49:54 [info]: ::1 (GET) /users
2021-07-21 22:59:56 [info]: ::1 (GET) /users
2021-07-21 22:59:56 [info]: ::1 (GET) /users/self
2021-07-21 23:00:01 [info]: ::1 (GET) /handle/t
2021-07-21 23:00:01 [info]: ::1 (GET) /handle/te
2021-07-21 23:00:01 [info]: ::1 (GET) /handle/tes
2021-07-21 23:00:01 [info]: ::1 (GET) /handle/test
2021-07-21 23:03:53 [info]: ::1 (GET) /users
2021-07-21 23:56:10 [info]: ::1 (GET) /users
2021-07-21 23:56:10 [info]: ::1 (GET) /users/self
2021-07-21 23:56:14 [info]: ::1 (GET) /handle/u
2021-07-21 23:56:14 [info]: ::1 (GET) /handle/us
2021-07-21 23:56:14 [info]: ::1 (GET) /handle/use
2021-07-21 23:56:14 [info]: ::1 (GET) /handle/user
2021-07-21 23:56:15 [info]: ::1 (GET) /handle/usern
2021-07-21 23:56:15 [info]: ::1 (GET) /handle/userna
2021-07-21 23:56:15 [info]: ::1 (GET) /handle/usernam
2021-07-21 23:56:15 [info]: ::1 (GET) /handle/username
2021-07-21 23:56:16 [info]: ::1 (GET) /handle/username1
2021-07-21 23:56:16 [info]: ::1 (GET) /handle/username12
2021-07-21 23:56:16 [info]: ::1 (GET) /handle/username123
2021-07-21 23:56:28 [info]: ::1 (POST) /users
2021-07-21 23:57:15 [info]: ::1 (GET) /users
2021-07-21 23:57:18 [info]: ::1 (GET) /users
2021-07-21 23:57:18 [info]: ::1 (GET) /users/self
2021-07-21 23:57:21 [info]: ::1 (GET) /handle/u
2021-07-21 23:57:21 [info]: ::1 (GET) /handle/ui
2021-07-21 23:57:22 [info]: ::1 (GET) /handle/u
2021-07-21 23:57:22 [info]: ::1 (GET) /handle/us
2021-07-21 23:57:22 [info]: ::1 (GET) /handle/use
2021-07-21 23:57:22 [info]: ::1 (GET) /handle/user
2021-07-21 23:57:22 [info]: ::1 (GET) /handle/usern
2021-07-21 23:57:22 [info]: ::1 (GET) /handle/userna
2021-07-21 23:57:22 [info]: ::1 (GET) /handle/usernam
2021-07-21 23:57:22 [info]: ::1 (GET) /handle/username
2021-07-21 23:57:23 [info]: ::1 (GET) /handle/username1
2021-07-21 23:57:23 [info]: ::1 (GET) /handle/username12
2021-07-21 23:57:23 [info]: ::1 (GET) /handle/username123
2021-07-21 23:57:23 [info]: ::1 (GET) /handle/username1234
2021-07-21 23:57:31 [info]: ::1 (POST) /users
2021-07-21 23:57:31 [info]: ::1 (GET) /users
