2021-02-28 14:56:37 [info]: API listening at http://localhost:9000
2021-02-28 14:57:11 [info]: ::1 (GET) /handle/t
2021-02-28 14:57:11 [info]: ::1 (GET) /handle/te
2021-02-28 14:57:11 [info]: ::1 (GET) /handle/tes
2021-02-28 14:57:11 [info]: ::1 (GET) /handle/test
2021-02-28 14:57:25 [info]: ::1 (POST) /users
2021-02-28 15:02:40 [info]: ::1 (POST) /users
2021-02-28 15:02:42 [info]: ::1 (GET) /handle/t
2021-02-28 15:02:42 [info]: ::1 (GET) /handle/te
2021-02-28 15:02:42 [info]: ::1 (GET) /handle/tes
2021-02-28 15:02:42 [info]: ::1 (GET) /handle/test
2021-02-28 15:02:43 [info]: ::1 (GET) /handle/test2
2021-02-28 15:02:55 [info]: ::1 (POST) /users
2021-02-28 15:03:33 [info]: ::1 (POST) /users
2021-02-28 15:03:35 [info]: ::1 (GET) /handle/8
2021-02-28 15:03:35 [info]: ::1 (GET) /handle/8u
2021-02-28 15:03:35 [info]: ::1 (GET) /handle/8u2
2021-02-28 15:03:35 [info]: ::1 (GET) /handle/8u21
2021-02-28 15:03:36 [info]: ::1 (GET) /handle/8u21d
2021-02-28 15:03:36 [info]: ::1 (GET) /handle/8u21d9
2021-02-28 15:03:44 [info]: ::1 (POST) /users
2021-02-28 15:03:44 [info]: ::1 (GET) /auth
2021-02-28 15:06:50 [info]: ::1 (GET) /auth
2021-02-28 15:07:09 [info]: ::1 (GET) /auth
2021-02-28 15:09:15 [info]: ::1 (GET) /auth
2021-02-28 15:18:04 [info]: ::1 (GET) /auth
2021-02-28 15:36:24 [info]: ::1 (GET) /auth
2021-02-28 15:37:07 [info]: ::1 (GET) /auth
2021-02-28 15:38:33 [info]: ::1 (GET) /auth
2021-02-28 15:39:05 [info]: ::1 (GET) /auth
2021-02-28 15:39:49 [info]: ::1 (GET) /auth
2021-02-28 15:40:24 [info]: ::1 (GET) /auth
2021-02-28 15:40:25 [info]: ::1 (GET) /auth
2021-02-28 15:40:25 [info]: ::1 (GET) /self
2021-02-28 16:08:17 [info]: ::1 (GET) /handle/d
2021-02-28 16:08:17 [info]: ::1 (GET) /handle/dw
2021-02-28 16:08:17 [info]: ::1 (GET) /handle/dwi
2021-02-28 16:08:17 [info]: ::1 (GET) /handle/dwiu
2021-02-28 16:08:17 [info]: ::1 (GET) /handle/dwiua
2021-02-28 16:08:17 [info]: ::1 (GET) /handle/dwiuad
2021-02-28 16:08:18 [info]: ::1 (GET) /handle/dwiuadh
2021-02-28 16:08:18 [info]: ::1 (GET) /handle/dwiuadhd
2021-02-28 16:08:18 [info]: ::1 (GET) /handle/dwiuadhdw
2021-02-28 16:08:29 [info]: ::1 (POST) /users
2021-02-28 16:08:29 [info]: ::1 (GET) /auth
2021-02-28 16:11:47 [info]: ::1 (GET) /auth
2021-02-28 16:11:49 [info]: ::1 (GET) /auth
2021-02-28 16:11:49 [info]: ::1 (GET) /self
2021-02-28 16:12:59 [info]: ::1 (GET) /auth
2021-02-28 16:12:59 [info]: ::1 (GET) /self
2021-02-28 16:30:05 [info]: ::1 (GET) /auth
2021-02-28 16:30:05 [info]: ::1 (GET) /self
2021-02-28 16:31:57 [info]: API listening at http://localhost:9000
2021-02-28 16:32:15 [info]: ::1 (GET) /auth
2021-02-28 16:32:15 [info]: ::1 (GET) /self
2021-02-28 16:32:41 [info]: API listening at http://localhost:9000
2021-02-28 16:32:56 [info]: ::1 (GET) /auth
2021-02-28 16:32:56 [info]: ::1 (GET) /self
2021-02-28 16:34:13 [info]: API listening at http://localhost:9000
2021-02-28 16:34:21 [info]: ::1 (GET) /auth
2021-02-28 16:34:25 [info]: ::1 (GET) /auth
2021-02-28 16:35:46 [info]: API listening at http://localhost:9000
2021-02-28 16:36:00 [info]: ::1 (GET) /auth
2021-02-28 16:36:00 [info]: ::1 (GET) /self
2021-02-28 16:41:57 [info]: ::1 (GET) /auth
2021-02-28 16:41:57 [info]: ::1 (GET) /self
2021-02-28 16:42:48 [info]: ::1 (GET) /auth
2021-02-28 16:42:48 [info]: ::1 (GET) /self
