2021-08-13 00:38:25 [info]: ::1 (GET) /titles/?q=moana
2021-08-13 00:38:25 [info]: ::1 (GET) /images/147f951d2d7a7905d542eb29e21d9985
2021-08-13 00:38:29 [info]: ::1 (GET) /titles/273b352a34374b898a850afd13c09b8f
2021-08-13 00:38:29 [info]: ::1 (GET) /images/147f951d2d7a7905d542eb29e21d9985
2021-08-13 00:38:49 [info]: ::1 (GET) /titles/273b352a34374b898a850afd13c09b8f
2021-08-13 00:39:52 [info]: ::1 (GET) /titles/273b352a34374b898a850afd13c09b8f
2021-08-13 00:39:52 [info]: ::1 (GET) /images/147f951d2d7a7905d542eb29e21d9985
2021-08-13 00:40:16 [info]: ::1 (GET) /titles/273b352a34374b898a850afd13c09b8f
2021-08-13 00:40:16 [info]: ::1 (GET) /images/147f951d2d7a7905d542eb29e21d9985
2021-08-13 00:40:22 [info]: ::1 (GET) /titles/273b352a34374b898a850afd13c09b8f
2021-08-13 12:26:17 [info]: API listening at http://localhost:9000
2021-08-13 12:57:27 [info]: ::1 (GET) /titles/?q=rick%20and%20morty
2021-08-13 12:57:27 [info]: ::1 (GET) /images/8051ea4b597d112dbb99cf51569edd85
2021-08-13 12:57:27 [info]: ::1 (GET) /images/5b5c4c793735916c3bff4cca323b01d2
2021-08-13 12:57:29 [info]: ::1 (GET) /titles/da9c985110156d0027e6ead301f06690
2021-08-13 12:57:30 [info]: ::1 (GET) /images/5b5c4c793735916c3bff4cca323b01d2
2021-08-13 14:49:24 [info]: ::1 (GET) /titles/?q=moana
2021-08-13 14:49:24 [info]: ::1 (GET) /images/147f951d2d7a7905d542eb29e21d9985
2021-08-13 14:49:26 [info]: ::1 (GET) /titles/273b352a34374b898a850afd13c09b8f
2021-08-13 14:49:26 [info]: ::1 (GET) /images/147f951d2d7a7905d542eb29e21d9985
2021-08-13 14:50:27 [info]: ::1 (GET) /titles/273b352a34374b898a850afd13c09b8f
2021-08-13 15:34:40 [info]: ::1 (GET) /titles/273b352a34374b898a850afd13c09b8f
2021-08-13 15:34:41 [info]: ::1 (GET) /images/147f951d2d7a7905d542eb29e21d9985
2021-08-13 15:48:50 [info]: ::1 (GET) /titles/273b352a34374b898a850afd13c09b8f
2021-08-13 17:16:26 [info]: ::1 (GET) /titles/273b352a34374b898a850afd13c09b8f
2021-08-13 17:16:26 [info]: ::1 (GET) /images/147f951d2d7a7905d542eb29e21d9985
2021-08-13 17:19:24 [info]: ::1 (GET) /titles/273b352a34374b898a850afd13c09b8f
2021-08-13 17:19:25 [info]: ::1 (GET) /images/147f951d2d7a7905d542eb29e21d9985
2021-08-13 17:19:52 [info]: ::1 (GET) /titles/273b352a34374b898a850afd13c09b8f
2021-08-13 17:26:23 [info]: ::1 (GET) /titles/?q=avatar
2021-08-13 17:26:23 [info]: ::1 (GET) /images/7edda3eb7ab91b2f03d8f2ef336456b9
2021-08-13 17:26:25 [info]: ::1 (GET) /titles/4fc63cc45cb72566136015b9dcf1cf46
2021-08-13 17:26:25 [info]: ::1 (GET) /images/7edda3eb7ab91b2f03d8f2ef336456b9
2021-08-13 17:26:53 [info]: ::1 (GET) /titles/4fc63cc45cb72566136015b9dcf1cf46
2021-08-13 17:27:59 [info]: ::1 (GET) /titles/4fc63cc45cb72566136015b9dcf1cf46
2021-08-13 17:28:00 [info]: ::1 (GET) /images/7edda3eb7ab91b2f03d8f2ef336456b9
2021-08-13 17:29:58 [info]: ::1 (GET) /titles/4fc63cc45cb72566136015b9dcf1cf46
2021-08-13 17:29:58 [info]: ::1 (GET) /images/7edda3eb7ab91b2f03d8f2ef336456b9
2021-08-13 17:30:11 [info]: ::1 (GET) /titles/4fc63cc45cb72566136015b9dcf1cf46
2021-08-13 17:30:11 [info]: ::1 (GET) /images/7edda3eb7ab91b2f03d8f2ef336456b9
2021-08-13 17:30:26 [info]: ::1 (GET) /titles/4fc63cc45cb72566136015b9dcf1cf46
2021-08-13 17:34:23 [info]: ::1 (GET) /titles/4fc63cc45cb72566136015b9dcf1cf46
2021-08-13 17:34:23 [info]: ::1 (GET) /images/7edda3eb7ab91b2f03d8f2ef336456b9
2021-08-13 20:00:53 [info]: ::1 (GET) /titles/4fc63cc45cb72566136015b9dcf1cf46
2021-08-13 20:00:54 [info]: ::1 (GET) /images/7edda3eb7ab91b2f03d8f2ef336456b9
2021-08-13 20:28:04 [info]: ::1 (GET) /titles/?q=lord
2021-08-13 20:28:04 [info]: ::1 (GET) /images/b45e55914bd6bed65a51fc0c73d56415
2021-08-13 20:28:04 [info]: ::1 (GET) /images/d8a4a3e95148d4d86f75aa7e3a060527
2021-08-13 20:28:04 [info]: ::1 (GET) /images/53ed97785447e228a25a61b648a53af5
2021-08-13 20:28:06 [info]: ::1 (GET) /titles/40b4e4d30e54201a5f7865d267707d42
2021-08-13 20:28:06 [info]: ::1 (GET) /images/b45e55914bd6bed65a51fc0c73d56415
2021-08-13 20:33:38 [info]: ::1 (GET) /titles/40b4e4d30e54201a5f7865d267707d42
2021-08-13 20:41:12 [info]: ::1 (GET) /titles/40b4e4d30e54201a5f7865d267707d42
2021-08-13 20:41:12 [info]: ::1 (GET) /images/b45e55914bd6bed65a51fc0c73d56415
2021-08-13 20:41:55 [info]: ::1 (GET) /titles/40b4e4d30e54201a5f7865d267707d42
2021-08-13 20:58:59 [info]: ::1 (GET) /titles/?q=moana
2021-08-13 20:58:59 [info]: ::1 (GET) /images/147f951d2d7a7905d542eb29e21d9985
2021-08-13 20:59:02 [info]: ::1 (GET) /titles/273b352a34374b898a850afd13c09b8f
2021-08-13 20:59:02 [info]: ::1 (GET) /images/147f951d2d7a7905d542eb29e21d9985
2021-08-13 21:11:54 [info]: ::1 (GET) /titles/?q=moana
2021-08-13 21:11:54 [info]: ::1 (GET) /images/147f951d2d7a7905d542eb29e21d9985
2021-08-13 21:12:01 [info]: ::1 (GET) /titles/273b352a34374b898a850afd13c09b8f
2021-08-13 21:12:01 [info]: ::1 (GET) /images/147f951d2d7a7905d542eb29e21d9985
