2021-08-06 02:16:09 [info]: ::1 (GET) /titles
2021-08-06 02:16:09 [info]: ::1 (GET) /users/self
2021-08-06 02:16:09 [info]: ::1 (GET) /titles/273b352a34374b898a850afd13c09b8f
2021-08-06 02:22:30 [info]: ::1 (GET) /titles
2021-08-06 02:22:30 [info]: ::1 (GET) /users/self
2021-08-06 02:22:30 [info]: ::1 (GET) /titles/273b352a34374b898a850afd13c09b8f
2021-08-06 02:22:58 [info]: ::1 (GET) /titles
2021-08-06 02:22:58 [info]: ::1 (GET) /users/self
2021-08-06 02:22:58 [info]: ::1 (GET) /titles/273b352a34374b898a850afd13c09b8f
2021-08-06 02:23:56 [info]: ::1 (GET) /titles
2021-08-06 02:23:56 [info]: ::1 (GET) /users/self
2021-08-06 02:23:56 [info]: ::1 (GET) /titles/273b352a34374b898a850afd13c09b8f
2021-08-06 02:24:13 [info]: ::1 (GET) /titles
2021-08-06 02:24:13 [info]: ::1 (GET) /users/self
2021-08-06 03:20:19 [info]: ::1 (GET) /titles/273b352a34374b898a850afd13c09b8f
2021-08-06 12:49:32 [info]: ::1 (GET) /images
2021-08-06 12:49:32 [info]: ::1 (GET) /users/self
2021-08-06 12:49:32 [info]: ::1 (GET) /images/5b5c4c793735916c3bff4cca323b01d2
2021-08-06 12:49:32 [info]: ::1 (GET) /images/04b3db58a9f3d49e12ef2442fb898720
2021-08-06 12:49:32 [info]: ::1 (GET) /images/147f951d2d7a7905d542eb29e21d9985
2021-08-06 12:49:32 [info]: ::1 (GET) /images/14fe5f41b1c5c552acdd1a1c12680256
2021-08-06 12:49:32 [info]: ::1 (GET) /images/7edda3eb7ab91b2f03d8f2ef336456b9
2021-08-06 12:49:32 [info]: ::1 (GET) /images/b3de2f0ca5ec81aa17c7784b44445f4e
2021-08-06 12:49:33 [info]: ::1 (GET) /images/14fe5f41b1c5c552acdd1a1c12680256/info
2021-08-06 12:49:33 [info]: ::1 (GET) /images/14fe5f41b1c5c552acdd1a1c12680256
2021-08-06 12:50:09 [info]: ::1 (GET) /titles
2021-08-06 12:50:09 [info]: ::1 (GET) /users/self
2021-08-06 12:50:11 [info]: ::1 (GET) /titles/273b352a34374b898a850afd13c09b8f
2021-08-06 12:55:47 [info]: ::1 (GET) /titles
2021-08-06 12:56:30 [info]: ::1 (GET) /titles
2021-08-06 12:56:39 [info]: ::1 (GET) /titles
2021-08-06 12:56:43 [info]: ::1 (GET) /titles
2021-08-06 12:56:47 [info]: ::1 (GET) /titles
2021-08-06 12:58:20 [info]: ::1 (GET) /titles
2021-08-06 12:58:42 [info]: ::1 (GET) /titles
2021-08-06 12:58:46 [info]: ::1 (GET) /titles
2021-08-06 13:01:14 [info]: ::1 (GET) /titles
2021-08-06 13:03:06 [info]: ::1 (GET) /titles
2021-08-06 13:03:06 [info]: ::1 (GET) /users/self
2021-08-06 13:03:33 [info]: ::1 (GET) /titles
2021-08-06 13:03:34 [info]: ::1 (GET) /users/self
2021-08-06 13:04:00 [info]: ::1 (GET) /titles/807adc6de64d53e84837aa7383e90a6c
2021-08-06 13:04:03 [info]: ::1 (GET) /titles/c806a0fff00005b96942277995f27a77
2021-08-06 13:04:12 [info]: ::1 (GET) /titles/da9c985110156d0027e6ead301f06690
2021-08-06 13:04:41 [info]: ::1 (GET) /titles
2021-08-06 13:04:41 [info]: ::1 (GET) /users/self
2021-08-06 13:05:18 [info]: ::1 (GET) /users
2021-08-06 13:05:18 [info]: ::1 (GET) /users/self
2021-08-06 13:05:27 [info]: ::1 (GET) /titles
2021-08-06 13:05:27 [info]: ::1 (GET) /users/self
2021-08-06 13:05:33 [info]: ::1 (GET) /users
2021-08-06 13:05:33 [info]: ::1 (GET) /users/self
2021-08-06 13:05:36 [info]: ::1 (GET) /users/self
2021-08-06 13:05:36 [info]: ::1 (GET) /images
2021-08-06 13:05:36 [info]: ::1 (GET) /images/04b3db58a9f3d49e12ef2442fb898720
2021-08-06 13:05:36 [info]: ::1 (GET) /images/147f951d2d7a7905d542eb29e21d9985
2021-08-06 13:05:36 [info]: ::1 (GET) /images/14fe5f41b1c5c552acdd1a1c12680256
2021-08-06 13:05:36 [info]: ::1 (GET) /images/5b5c4c793735916c3bff4cca323b01d2
2021-08-06 13:05:36 [info]: ::1 (GET) /images/7edda3eb7ab91b2f03d8f2ef336456b9
2021-08-06 13:05:36 [info]: ::1 (GET) /images/b3de2f0ca5ec81aa17c7784b44445f4e
2021-08-06 13:05:38 [info]: ::1 (GET) /images/04b3db58a9f3d49e12ef2442fb898720/info
2021-08-06 13:05:38 [info]: ::1 (GET) /images/04b3db58a9f3d49e12ef2442fb898720
2021-08-06 13:05:42 [info]: ::1 (GET) /titles
2021-08-06 13:05:42 [info]: ::1 (GET) /users/self
2021-08-06 13:05:44 [info]: ::1 (GET) /images
2021-08-06 13:05:44 [info]: ::1 (GET) /users/self
2021-08-06 13:05:44 [info]: ::1 (GET) /images/04b3db58a9f3d49e12ef2442fb898720
2021-08-06 13:05:44 [info]: ::1 (GET) /images/147f951d2d7a7905d542eb29e21d9985
2021-08-06 13:05:44 [info]: ::1 (GET) /images/14fe5f41b1c5c552acdd1a1c12680256
2021-08-06 13:05:44 [info]: ::1 (GET) /images/5b5c4c793735916c3bff4cca323b01d2
2021-08-06 13:05:44 [info]: ::1 (GET) /images/7edda3eb7ab91b2f03d8f2ef336456b9
2021-08-06 13:05:44 [info]: ::1 (GET) /images/b3de2f0ca5ec81aa17c7784b44445f4e
2021-08-06 13:05:46 [info]: ::1 (GET) /titles
2021-08-06 13:05:46 [info]: ::1 (GET) /users/self
2021-08-06 13:05:54 [info]: ::1 (GET) /titles/4fc63cc45cb72566136015b9dcf1cf46
2021-08-06 13:05:57 [info]: ::1 (GET) /titles/273b352a34374b898a850afd13c09b8f
2021-08-06 13:06:19 [info]: ::1 (GET) /titles/da9c985110156d0027e6ead301f06690
2021-08-06 13:07:05 [info]: ::1 (GET) /titles/da9c985110156d0027e6ead301f06690
2021-08-06 13:07:05 [info]: ::1 (GET) /titles
2021-08-06 13:07:05 [info]: ::1 (GET) /users/self
2021-08-06 13:07:06 [info]: ::1 (GET) /titles/da9c985110156d0027e6ead301f06690
