2021-08-19 19:23:04 [info]: API listening at http://localhost:9000
2021-08-19 20:00:13 [info]: ::1 (GET) /titles/?q=rick%20and%20morty
2021-08-19 20:00:13 [info]: ::1 (GET) /images/8051ea4b597d112dbb99cf51569edd85
2021-08-19 20:00:13 [info]: ::1 (GET) /images/
2021-08-19 20:00:17 [info]: ::1 (GET) /titles/459af6b9643c312f5d0ea3cb0b093d82
2021-08-19 20:00:17 [info]: ::1 (GET) /images/8051ea4b597d112dbb99cf51569edd85
2021-08-19 20:53:26 [info]: ::1 (GET) /pages/new
2021-08-19 20:53:26 [info]: ::1 (GET) /images/ac46af1810ac97b181daade2bb07a8e1
2021-08-19 20:53:26 [info]: ::1 (GET) /images/04b3db58a9f3d49e12ef2442fb898720
2021-08-19 20:53:26 [info]: ::1 (GET) /images/ba2ee7125905e03394cb74dab2d6bcdc
2021-08-19 20:53:26 [info]: ::1 (GET) /images/5781d7fb63abb5ed2c5aaf46ad9c2876
2021-08-19 20:53:26 [info]: ::1 (GET) /images/1d7510521f38e6f5a7115944a8810d3c
2021-08-19 20:53:26 [info]: ::1 (GET) /images/147f951d2d7a7905d542eb29e21d9985
2021-08-19 20:53:26 [info]: ::1 (GET) /images/53ed97785447e228a25a61b648a53af5
2021-08-19 20:53:26 [info]: ::1 (GET) /images/688df9523df0841a9e2e72880b0a447b
2021-08-19 20:53:26 [info]: ::1 (GET) /images/b45e55914bd6bed65a51fc0c73d56415
2021-08-19 20:53:26 [info]: ::1 (GET) /images/81cf1c59da84db64bce9aa06dab68796
2021-08-19 20:53:31 [info]: ::1 (GET) /titles/788cfee107f6642533aa179d27fe2d99
2021-08-19 20:53:31 [info]: ::1 (GET) /images/04b3db58a9f3d49e12ef2442fb898720
2021-08-19 21:27:48 [info]: ::1 (GET) /pages/new
2021-08-19 21:27:48 [info]: ::1 (GET) /images/147f951d2d7a7905d542eb29e21d9985
2021-08-19 21:27:48 [info]: ::1 (GET) /images/ac46af1810ac97b181daade2bb07a8e1
2021-08-19 21:27:48 [info]: ::1 (GET) /images/5781d7fb63abb5ed2c5aaf46ad9c2876
2021-08-19 21:27:48 [info]: ::1 (GET) /images/04b3db58a9f3d49e12ef2442fb898720
2021-08-19 21:27:48 [info]: ::1 (GET) /images/1d7510521f38e6f5a7115944a8810d3c
2021-08-19 21:27:48 [info]: ::1 (GET) /images/ba2ee7125905e03394cb74dab2d6bcdc
2021-08-19 21:27:48 [info]: ::1 (GET) /images/53ed97785447e228a25a61b648a53af5
2021-08-19 21:27:48 [info]: ::1 (GET) /images/b45e55914bd6bed65a51fc0c73d56415
2021-08-19 21:27:48 [info]: ::1 (GET) /images/81cf1c59da84db64bce9aa06dab68796
2021-08-19 21:27:48 [info]: ::1 (GET) /images/688df9523df0841a9e2e72880b0a447b
2021-08-19 21:27:52 [info]: ::1 (GET) /titles/273b352a34374b898a850afd13c09b8f
2021-08-19 21:27:52 [info]: ::1 (GET) /images/147f951d2d7a7905d542eb29e21d9985
2021-08-19 21:28:23 [info]: ::1 (GET) /pages/new
2021-08-19 21:28:23 [info]: ::1 (GET) /images/147f951d2d7a7905d542eb29e21d9985
2021-08-19 21:28:23 [info]: ::1 (GET) /images/ac46af1810ac97b181daade2bb07a8e1
2021-08-19 21:28:23 [info]: ::1 (GET) /images/5781d7fb63abb5ed2c5aaf46ad9c2876
2021-08-19 21:28:23 [info]: ::1 (GET) /images/04b3db58a9f3d49e12ef2442fb898720
2021-08-19 21:28:23 [info]: ::1 (GET) /images/1d7510521f38e6f5a7115944a8810d3c
2021-08-19 21:28:23 [info]: ::1 (GET) /images/ba2ee7125905e03394cb74dab2d6bcdc
2021-08-19 21:28:23 [info]: ::1 (GET) /images/53ed97785447e228a25a61b648a53af5
2021-08-19 21:28:23 [info]: ::1 (GET) /images/688df9523df0841a9e2e72880b0a447b
2021-08-19 21:28:23 [info]: ::1 (GET) /images/b45e55914bd6bed65a51fc0c73d56415
2021-08-19 21:28:23 [info]: ::1 (GET) /images/81cf1c59da84db64bce9aa06dab68796
2021-08-19 21:28:27 [info]: ::1 (GET) /titles/331baacfd33575c8ee2d976dc763457e
2021-08-19 21:28:27 [info]: ::1 (GET) /images/ac46af1810ac97b181daade2bb07a8e1
