2021-07-17 00:08:44 [info]: ::1 (GET) /users/self
2021-07-17 00:42:31 [info]: ::1 (GET) /users/self
2021-07-17 00:43:16 [info]: ::1 (PUT) /users/452d341c136763dc
2021-07-17 00:44:09 [info]: ::1 (GET) /users/self
2021-07-17 00:44:30 [info]: ::1 (GET) /users/self
2021-07-17 00:44:35 [info]: ::1 (GET) /users/self
2021-07-17 00:45:47 [info]: ::1 (PUT) /users/452d341c136763dc
2021-07-17 00:46:02 [info]: ::1 (GET) /users/self
2021-07-17 00:46:15 [info]: ::1 (GET) /users/self
2021-07-17 00:46:15 [error]: Cannot read property 'user_id' of undefined
2021-07-17 00:47:26 [info]: ::1 (GET) /users/self
2021-07-17 00:47:26 [error]: Cannot read property 'user_id' of undefined
2021-07-17 00:47:41 [info]: ::1 (GET) /auth
2021-07-17 00:47:41 [info]: ::1 (GET) /users/self
2021-07-17 00:58:24 [info]: API listening at http://localhost:9000
2021-07-17 00:58:33 [info]: ::1 (PUT) /users/e9a236da82541fbf
2021-07-17 00:58:33 [error]: TypeError: this.get is not a function
    at Object.editUser (D:\streamfinder\api\model_functions\user.js:135:46)
    at processTicksAndRejections (internal/process/task_queues.js:89:5)
2021-07-17 00:59:28 [info]: API listening at http://localhost:9000
2021-07-17 00:59:31 [info]: ::1 (PUT) /users/e9a236da82541fbf
2021-07-17 01:00:00 [info]: ::1 (GET) /users/self
2021-07-17 01:00:03 [info]: ::1 (GET) /users/self
2021-07-17 01:00:11 [info]: ::1 (PUT) /users/452d341c136763dc
2021-07-17 01:00:11 [error]: TypeError: this.get is not a function
    at Object.editUser (D:\streamfinder\api\model_functions\user.js:130:73)
    at processTicksAndRejections (internal/process/task_queues.js:89:5)
2021-07-17 01:00:33 [info]: API listening at http://localhost:9000
2021-07-17 01:00:37 [info]: ::1 (PUT) /users/452d341c136763dc
2021-07-17 01:00:49 [info]: ::1 (GET) /users/self
2021-07-17 01:00:54 [info]: ::1 (PUT) /users/452d341c136763dc
2021-07-17 01:01:24 [info]: ::1 (GET) /users/self
2021-07-17 01:01:28 [info]: ::1 (PUT) /users/452d341c136763dc
2021-07-17 01:02:22 [info]: ::1 (GET) /users/self
2021-07-17 01:02:28 [info]: ::1 (PUT) /users/452d341c136763dc
2021-07-17 01:03:00 [info]: API listening at http://localhost:9000
2021-07-17 01:03:06 [info]: ::1 (GET) /users/self
2021-07-17 01:03:12 [info]: ::1 (PUT) /users/452d341c136763dc
2021-07-17 01:04:02 [info]: ::1 (GET) /users/self
2021-07-17 01:04:09 [info]: ::1 (PUT) /users/452d341c136763dc
2021-07-17 01:04:13 [info]: API listening at http://localhost:9000
2021-07-17 01:04:16 [info]: ::1 (PUT) /users/452d341c136763dc
2021-07-17 01:04:43 [info]: ::1 (GET) /users/self
2021-07-17 01:04:47 [info]: ::1 (PUT) /users/452d341c136763dc
2021-07-17 01:05:26 [info]: API listening at http://localhost:9000
2021-07-17 01:05:29 [info]: ::1 (PUT) /users/452d341c136763dc
2021-07-17 01:05:37 [info]: API listening at http://localhost:9000
2021-07-17 01:05:39 [info]: ::1 (GET) /users/self
2021-07-17 01:05:53 [info]: ::1 (GET) /auth
2021-07-17 01:05:53 [info]: ::1 (GET) /users/self
2021-07-17 01:06:04 [info]: ::1 (PUT) /users/452d341c136763dc
2021-07-17 01:06:16 [info]: ::1 (GET) /auth
2021-07-17 01:06:16 [info]: ::1 (GET) /users/self
2021-07-17 01:12:22 [info]: ::1 (GET) /auth
2021-07-17 01:12:22 [info]: ::1 (GET) /users/self
2021-07-17 01:12:25 [info]: ::1 (GET) /users/self
2021-07-17 01:12:34 [info]: ::1 (GET) /titles/?q=rick%20and%20morty
2021-07-17 01:12:37 [info]: ::1 (GET) /titles/807adc6de64d53e84837aa7383e90a6c
2021-07-17 01:12:37 [info]: ::1 (GET) /users/self
2021-07-17 01:12:58 [info]: ::1 (GET) /titles/?q=avatar
2021-07-17 01:12:59 [info]: ::1 (GET) /titles/4fc63cc45cb72566136015b9dcf1cf46
2021-07-17 01:12:59 [info]: ::1 (GET) /users/self
2021-07-17 01:15:43 [info]: ::1 (GET) /users/self
2021-07-17 03:33:11 [info]: ::1 (PUT) /users/452d341c136763dc
2021-07-17 04:10:13 [info]: ::1 (GET) /users/self
2021-07-17 04:20:25 [info]: ::1 (PUT) /users/452d341c136763dc
2021-07-17 04:20:36 [info]: ::1 (GET) /users/self
2021-07-17 04:21:41 [info]: ::1 (GET) /users/self
2021-07-17 04:21:58 [info]: ::1 (PUT) /users/452d341c136763dc
2021-07-17 04:22:04 [info]: ::1 (GET) /users/self
2021-07-17 04:22:39 [info]: ::1 (GET) /users/self
2021-07-17 04:23:31 [info]: ::1 (PUT) /users/452d341c136763dc
2021-07-17 04:23:33 [info]: ::1 (GET) /users/self
2021-07-17 04:23:43 [info]: ::1 (PUT) /users/452d341c136763dc
2021-07-17 04:23:47 [info]: ::1 (GET) /users/self
2021-07-17 04:24:04 [info]: ::1 (GET) /auth
2021-07-17 04:24:04 [info]: ::1 (GET) /users/self
2021-07-17 04:25:19 [info]: ::1 (GET) /titles/?q=moana
2021-07-17 04:25:22 [info]: ::1 (GET) /titles/273b352a34374b898a850afd13c09b8f
2021-07-17 17:23:39 [info]: ::1 (GET) /handle/u
2021-07-17 17:23:39 [info]: ::1 (GET) /handle/us
2021-07-17 17:23:39 [info]: ::1 (GET) /handle/use
2021-07-17 17:23:39 [info]: ::1 (GET) /handle/user
2021-07-17 17:23:39 [info]: ::1 (GET) /handle/user3
2021-07-17 17:26:02 [info]: ::1 (GET) /handle/u
2021-07-17 17:26:02 [info]: ::1 (GET) /handle/us
2021-07-17 17:26:02 [info]: ::1 (GET) /handle/use
2021-07-17 17:26:02 [info]: ::1 (GET) /handle/user
2021-07-17 17:26:03 [info]: ::1 (GET) /handle/user2
2021-07-17 17:26:04 [info]: ::1 (GET) /handle/user
2021-07-17 17:26:04 [info]: ::1 (GET) /handle/user3
2021-07-17 17:26:20 [info]: ::1 (POST) /users
2021-07-17 17:26:20 [info]: ::1 (GET) /auth
2021-07-17 17:26:20 [info]: ::1 (GET) /users/self
2021-07-17 17:27:30 [info]: ::1 (GET) /handle/t
2021-07-17 17:27:30 [info]: ::1 (GET) /handle/te
2021-07-17 17:27:30 [info]: ::1 (GET) /handle/tes
2021-07-17 17:27:31 [info]: ::1 (GET) /handle/test
2021-07-17 17:27:31 [info]: ::1 (GET) /handle/testa
2021-07-17 17:27:31 [info]: ::1 (GET) /handle/testac
2021-07-17 17:27:32 [info]: ::1 (GET) /handle/testacc
2021-07-17 17:27:32 [info]: ::1 (GET) /handle/testacco
2021-07-17 17:27:32 [info]: ::1 (GET) /handle/testaccou
2021-07-17 17:27:32 [info]: ::1 (GET) /handle/testaccoun
2021-07-17 17:27:32 [info]: ::1 (GET) /handle/testaccount
2021-07-17 17:27:44 [info]: ::1 (POST) /users
2021-07-17 17:27:44 [info]: ::1 (GET) /auth
2021-07-17 17:27:44 [info]: ::1 (GET) /users/self
2021-07-17 17:27:52 [info]: ::1 (PUT) /users/9878805eca43f6dd
2021-07-17 17:27:52 [info]: ::1 (PUT) /users/9878805eca43f6dd
2021-07-17 17:28:17 [info]: ::1 (GET) /users/self
2021-07-17 17:29:35 [info]: ::1 (GET) /auth
2021-07-17 17:29:35 [error]: Error: Email/Username or password incorrect.
    at D:\streamfinder\api\models\token.js:43:27
    at processTicksAndRejections (internal/process/task_queues.js:89:5)
2021-07-17 17:29:39 [info]: ::1 (GET) /auth
2021-07-17 17:29:39 [info]: ::1 (GET) /users/self
2021-07-17 17:30:00 [info]: ::1 (GET) /titles/?q=moana
2021-07-17 17:30:01 [info]: ::1 (GET) /titles/273b352a34374b898a850afd13c09b8f
2021-07-17 17:30:01 [info]: ::1 (GET) /users/self
2021-07-17 17:59:28 [info]: ::1 (GET) /titles/?q=avatar
2021-07-17 17:59:30 [info]: ::1 (GET) /titles/4fc63cc45cb72566136015b9dcf1cf46
2021-07-17 21:46:45 [info]: API listening at http://localhost:9000
2021-07-17 21:57:41 [info]: ::1 (GET) /auth
2021-07-17 21:57:41 [info]: ::1 (GET) /users/self
2021-07-17 21:58:13 [info]: ::1 (GET) /titles/?q=moana
2021-07-17 21:58:23 [info]: ::1 (GET) /titles/273b352a34374b898a850afd13c09b8f
2021-07-17 21:58:23 [info]: ::1 (GET) /users/self
2021-07-17 22:05:02 [info]: ::1 (GET) /titles/273b352a34374b898a850afd13c09b8f
2021-07-17 22:05:02 [info]: ::1 (GET) /users/self
2021-07-17 22:06:48 [info]: ::1 (GET) /users/self
2021-07-17 22:06:51 [info]: ::1 (GET) /users/self
2021-07-17 22:15:26 [info]: ::1 (GET) /users/self
2021-07-17 22:21:20 [info]: ::1 (GET) /users/self
2021-07-17 22:26:31 [info]: ::1 (GET) /users/self
2021-07-17 22:26:34 [info]: ::1 (GET) /titles/?q=avatar
2021-07-17 22:26:35 [info]: ::1 (GET) /titles/4fc63cc45cb72566136015b9dcf1cf46
2021-07-17 22:26:35 [info]: ::1 (GET) /users/self
2021-07-17 22:36:45 [info]: ::1 (GET) /users/self
2021-07-17 22:47:44 [info]: ::1 (GET) /users/self
2021-07-17 22:53:06 [info]: ::1 (GET) /images/frozen.jpg
2021-07-17 22:53:06 [info]: ::1 (GET) /favicon.ico
2021-07-17 22:54:02 [info]: API listening at http://localhost:9000
