2021-06-13 18:45:37 [info]: API listening at http://localhost:9000
2021-06-13 18:48:55 [info]: ::1 (POST) /users
2021-06-13 18:49:57 [info]: API listening at http://localhost:9000
2021-06-13 18:50:00 [info]: ::1 (POST) /users?handle=testaccount&email=dawda&password=dwasda
2021-06-13 18:50:23 [info]: ::1 (POST) /users
2021-06-13 18:50:40 [info]: ::1 (POST) /users
2021-06-13 18:50:48 [info]: ::1 (POST) /users
2021-06-13 18:50:55 [info]: ::1 (POST) /users
2021-06-13 18:51:01 [info]: ::1 (POST) /users
2021-06-13 18:52:15 [info]: API listening at http://localhost:9000
2021-06-13 18:52:19 [info]: ::1 (POST) /users
2021-06-13 18:53:14 [info]: API listening at http://localhost:9000
2021-06-13 18:53:17 [info]: ::1 (POST) /users
2021-06-13 18:53:41 [info]: API listening at http://localhost:9000
2021-06-13 18:53:45 [info]: ::1 (POST) /users
2021-06-13 18:54:17 [info]: API listening at http://localhost:9000
2021-06-13 18:54:21 [info]: ::1 (POST) /users
2021-06-13 18:54:58 [info]: API listening at http://localhost:9000
2021-06-13 18:55:02 [info]: ::1 (POST) /users
2021-06-13 18:55:46 [info]: API listening at http://localhost:9000
2021-06-13 18:55:49 [info]: ::1 (POST) /users
2021-06-13 18:56:42 [info]: API listening at http://localhost:9000
2021-06-13 18:56:45 [info]: ::1 (POST) /users
2021-06-13 19:53:58 [info]: ::1 (GET) /auth
2021-06-13 19:55:47 [info]: API listening at http://localhost:9000
2021-06-13 19:55:49 [info]: ::1 (GET) /auth
2021-06-13 19:57:07 [info]: API listening at http://localhost:9000
2021-06-13 19:57:10 [info]: ::1 (GET) /auth
2021-06-13 19:58:05 [info]: API listening at http://localhost:9000
2021-06-13 19:58:06 [info]: ::1 (GET) /auth
2021-06-13 19:59:39 [info]: ::1 (GET) /users/self?key=5706d72d367614388c3ffd8f364b630b735592fef642029d593f33ede42e3af04815ac0fdfd2eaac56f20f6e3c262f7dfff1ac1937a9c64359ada2dbb84ceac7
2021-06-13 20:00:09 [info]: ::1 (GET) /users/self
2021-06-13 20:01:19 [info]: API listening at http://localhost:9000
2021-06-13 20:01:22 [info]: ::1 (GET) /users/self
2021-06-13 20:02:33 [info]: API listening at http://localhost:9000
2021-06-13 20:02:35 [info]: ::1 (GET) /users/self
2021-06-13 20:03:03 [info]: API listening at http://localhost:9000
2021-06-13 20:03:05 [info]: ::1 (GET) /users/self
2021-06-13 20:04:35 [info]: API listening at http://localhost:9000
2021-06-13 20:04:37 [info]: ::1 (GET) /users/self
2021-06-13 20:05:10 [info]: API listening at http://localhost:9000
2021-06-13 20:06:40 [info]: API listening at http://localhost:9000
2021-06-13 20:06:43 [info]: ::1 (GET) /users/self
2021-06-13 20:06:43 [error]: User is not defined
2021-06-13 20:07:47 [info]: API listening at http://localhost:9000
2021-06-13 20:07:49 [info]: ::1 (GET) /users/self
2021-06-13 20:07:49 [error]: ReferenceError: User is not defined
    at D:\streamfinder\api\models\user.js:81:17
    at processTicksAndRejections (internal/process/task_queues.js:89:5)
2021-06-13 20:09:35 [info]: API listening at http://localhost:9000
2021-06-13 20:09:38 [info]: ::1 (GET) /users/self
2021-06-13 20:09:38 [error]: ReferenceError: User is not defined
    at D:\streamfinder\api\models\user.js:81:17
    at processTicksAndRejections (internal/process/task_queues.js:89:5)
2021-06-13 20:09:58 [info]: API listening at http://localhost:9000
2021-06-13 20:10:00 [info]: ::1 (GET) /users/self
2021-06-13 20:14:19 [info]: ::1 (GET) /users/452d341c136763dc
2021-06-13 20:14:30 [info]: API listening at http://localhost:9000
2021-06-13 20:19:58 [info]: ::1 (PUT) /users/452d341c136763dc
2021-06-13 20:19:58 [error]: ReferenceError: User is not defined
    at D:\streamfinder\api\models\user.js:158:28
    at processTicksAndRejections (internal/process/task_queues.js:89:5)
2021-06-13 20:20:40 [info]: API listening at http://localhost:9000
2021-06-13 20:20:42 [info]: ::1 (PUT) /users/452d341c136763dc
2021-06-13 20:20:42 [error]: Error: ER_BAD_FIELD_ERROR: Unknown column 'email_ver' in 'field list'
    at Query.Sequence._packetToError (D:\streamfinder\api\node_modules\mysql\lib\protocol\sequences\Sequence.js:47:14)
    at Query.ErrorPacket (D:\streamfinder\api\node_modules\mysql\lib\protocol\sequences\Query.js:79:18)
    at Protocol._parsePacket (D:\streamfinder\api\node_modules\mysql\lib\protocol\Protocol.js:291:23)
    at Parser._parsePacket (D:\streamfinder\api\node_modules\mysql\lib\protocol\Parser.js:433:10)
    at Parser.write (D:\streamfinder\api\node_modules\mysql\lib\protocol\Parser.js:43:10)
    at Protocol.write (D:\streamfinder\api\node_modules\mysql\lib\protocol\Protocol.js:38:16)
    at Socket.<anonymous> (D:\streamfinder\api\node_modules\mysql\lib\Connection.js:88:28)
    at Socket.<anonymous> (D:\streamfinder\api\node_modules\mysql\lib\Connection.js:526:10)
    at Socket.emit (events.js:200:13)
    at addChunk (_stream_readable.js:294:12)
    --------------------
    at Pool.query (D:\streamfinder\api\node_modules\mysql\lib\Pool.js:199:23)
    at D:\streamfinder\api\util.js:41:18
    at new Promise (<anonymous>)
    at Object.dbPromise (D:\streamfinder\api\util.js:40:16)
    at Object.updateUserByID (D:\streamfinder\api\controllers\user.js:45:21)
    at D:\streamfinder\api\models\user.js:161:39
    at processTicksAndRejections (internal/process/task_queues.js:89:5)
2021-06-13 20:21:47 [info]: API listening at http://localhost:9000
2021-06-13 20:21:50 [info]: ::1 (PUT) /users/452d341c136763dc
2021-06-13 20:21:50 [error]: Error: ER_PARSE_ERROR: You have an error in your SQL syntax; check the manual that corresponds to your MySQL server version for the right syntax to use near 'admin = false WHERE user_id = '452d341c136763dc'' at line 1
    at Query.Sequence._packetToError (D:\streamfinder\api\node_modules\mysql\lib\protocol\sequences\Sequence.js:47:14)
    at Query.ErrorPacket (D:\streamfinder\api\node_modules\mysql\lib\protocol\sequences\Query.js:79:18)
    at Protocol._parsePacket (D:\streamfinder\api\node_modules\mysql\lib\protocol\Protocol.js:291:23)
    at Parser._parsePacket (D:\streamfinder\api\node_modules\mysql\lib\protocol\Parser.js:433:10)
    at Parser.write (D:\streamfinder\api\node_modules\mysql\lib\protocol\Parser.js:43:10)
    at Protocol.write (D:\streamfinder\api\node_modules\mysql\lib\protocol\Protocol.js:38:16)
    at Socket.<anonymous> (D:\streamfinder\api\node_modules\mysql\lib\Connection.js:88:28)
    at Socket.<anonymous> (D:\streamfinder\api\node_modules\mysql\lib\Connection.js:526:10)
    at Socket.emit (events.js:200:13)
    at addChunk (_stream_readable.js:294:12)
    --------------------
    at Pool.query (D:\streamfinder\api\node_modules\mysql\lib\Pool.js:199:23)
    at D:\streamfinder\api\util.js:41:18
    at new Promise (<anonymous>)
    at Object.dbPromise (D:\streamfinder\api\util.js:40:16)
    at Object.updateUserByID (D:\streamfinder\api\controllers\user.js:45:21)
    at D:\streamfinder\api\models\user.js:161:39
    at processTicksAndRejections (internal/process/task_queues.js:89:5)
2021-06-13 20:22:39 [info]: API listening at http://localhost:9000
2021-06-13 20:22:42 [info]: ::1 (PUT) /users/452d341c136763dc
2021-06-13 20:22:42 [error]: Error: ER_PARSE_ERROR: You have an error in your SQL syntax; check the manual that corresponds to your MySQL server version for the right syntax to use near 'admin = 0 WHERE user_id = '452d341c136763dc'' at line 1
    at Query.Sequence._packetToError (D:\streamfinder\api\node_modules\mysql\lib\protocol\sequences\Sequence.js:47:14)
    at Query.ErrorPacket (D:\streamfinder\api\node_modules\mysql\lib\protocol\sequences\Query.js:79:18)
    at Protocol._parsePacket (D:\streamfinder\api\node_modules\mysql\lib\protocol\Protocol.js:291:23)
    at Parser._parsePacket (D:\streamfinder\api\node_modules\mysql\lib\protocol\Parser.js:433:10)
    at Parser.write (D:\streamfinder\api\node_modules\mysql\lib\protocol\Parser.js:43:10)
    at Protocol.write (D:\streamfinder\api\node_modules\mysql\lib\protocol\Protocol.js:38:16)
    at Socket.<anonymous> (D:\streamfinder\api\node_modules\mysql\lib\Connection.js:88:28)
    at Socket.<anonymous> (D:\streamfinder\api\node_modules\mysql\lib\Connection.js:526:10)
    at Socket.emit (events.js:200:13)
    at addChunk (_stream_readable.js:294:12)
    --------------------
    at Pool.query (D:\streamfinder\api\node_modules\mysql\lib\Pool.js:199:23)
    at D:\streamfinder\api\util.js:41:18
    at new Promise (<anonymous>)
    at Object.dbPromise (D:\streamfinder\api\util.js:40:16)
    at Object.updateUserByID (D:\streamfinder\api\controllers\user.js:45:21)
    at D:\streamfinder\api\models\user.js:161:39
    at processTicksAndRejections (internal/process/task_queues.js:89:5)
2021-06-13 20:23:29 [info]: API listening at http://localhost:9000
2021-06-13 20:23:31 [info]: ::1 (PUT) /users/452d341c136763dc
2021-06-13 20:24:19 [info]: ::1 (PUT) /users/452d341c136763dc
2021-06-13 20:24:28 [info]: ::1 (PUT) /users/452d341c136763dc
2021-06-13 20:24:54 [info]: ::1 (PUT) /users/452d341c136763dc
2021-06-13 20:25:02 [info]: ::1 (PUT) /users/452d341c136763dc
2021-06-13 20:27:16 [info]: ::1 (GET) /users/
2021-06-13 20:27:38 [info]: ::1 (GET) /users/
2021-06-13 20:30:05 [info]: API listening at http://localhost:9000
2021-06-13 20:30:09 [info]: ::1 (GET) /users/
2021-06-13 20:30:09 [error]: TypeError: user.getViewable is not a function
    at D:\streamfinder\api\routes\users.js:16:31
    at processTicksAndRejections (internal/process/task_queues.js:89:5)
2021-06-13 20:31:22 [info]: API listening at http://localhost:9000
2021-06-13 20:31:25 [info]: ::1 (GET) /users/
2021-06-13 20:31:25 [error]: TypeError: user.getViewable is not a function
    at D:\streamfinder\api\routes\users.js:16:31
    at processTicksAndRejections (internal/process/task_queues.js:89:5)
2021-06-13 20:32:23 [info]: API listening at http://localhost:9000
2021-06-13 20:32:26 [info]: ::1 (GET) /users/
2021-06-13 20:32:26 [error]: TypeError: user.getViewable is not a function
    at D:\streamfinder\api\routes\users.js:17:31
    at processTicksAndRejections (internal/process/task_queues.js:89:5)
