2021-06-18 14:07:09 [info]: API listening at http://localhost:9000
2021-06-18 14:07:12 [info]: ::1 (GET) /auth
2021-06-18 14:07:52 [info]: ::1 (GET) /users/452d341c136763dc
2021-06-18 14:07:52 [error]: TypeError: Class constructor StringAttribute cannot be invoked without 'new'
    at new User (D:\streamfinder\api\models\user.js:24:23)
    at D:\streamfinder\api\models\user.js:177:24
    at processTicksAndRejections (internal/process/task_queues.js:89:5)
2021-06-18 14:08:30 [info]: API listening at http://localhost:9000
2021-06-18 14:08:33 [info]: ::1 (GET) /users/452d341c136763dc
2021-06-18 14:08:33 [error]: ReferenceError: UserStreamsAttribute is not defined
    at new User (D:\streamfinder\api\models\user.js:64:21)
    at D:\streamfinder\api\models\user.js:177:24
    at processTicksAndRejections (internal/process/task_queues.js:89:5)
2021-06-18 14:11:27 [info]: API listening at http://localhost:9000
2021-06-18 14:11:30 [info]: ::1 (GET) /users/452d341c136763dc
2021-06-18 14:11:30 [error]: TypeError: Cannot read property 'get' of undefined
    at UserStreamsAttribute.getValue (D:\streamfinder\api\models\user.js:128:27)
    at User.get (D:\streamfinder\api\models\model.js:49:39)
    at D:\streamfinder\api\routes\users.js:66:39
    at processTicksAndRejections (internal/process/task_queues.js:89:5)
2021-06-18 14:15:23 [info]: API listening at http://localhost:9000
2021-06-18 14:15:26 [info]: ::1 (GET) /users/452d341c136763dc
2021-06-18 14:16:48 [info]: API listening at http://localhost:9000
2021-06-18 14:16:50 [info]: ::1 (GET) /users/452d341c136763dc
2021-06-18 14:17:54 [info]: API listening at http://localhost:9000
2021-06-18 14:17:56 [info]: ::1 (GET) /users/452d341c136763dc
2021-06-18 14:19:46 [info]: API listening at http://localhost:9000
2021-06-18 14:19:49 [info]: ::1 (GET) /users/452d341c136763dc
2021-06-18 14:20:11 [info]: ::1 (GET) /users/self
2021-06-18 14:21:44 [info]: API listening at http://localhost:9000
2021-06-18 14:21:46 [info]: ::1 (GET) /users/self
2021-06-18 14:21:46 [error]: Error: ER_PARSE_ERROR: You have an error in your SQL syntax; check the manual that corresponds to your MySQL server version for the right syntax to use near ', `db_name` = 'user_id', `editable` = false, `visible` = true, `adminProtected` ' at line 1
    at Query.Sequence._packetToError (D:\streamfinder\api\node_modules\mysql\lib\protocol\sequences\Sequence.js:47:14)
    at Query.ErrorPacket (D:\streamfinder\api\node_modules\mysql\lib\protocol\sequences\Query.js:79:18)
    at Protocol._parsePacket (D:\streamfinder\api\node_modules\mysql\lib\protocol\Protocol.js:291:23)
    at Parser._parsePacket (D:\streamfinder\api\node_modules\mysql\lib\protocol\Parser.js:433:10)
    at Parser.write (D:\streamfinder\api\node_modules\mysql\lib\protocol\Parser.js:43:10)
    at Protocol.write (D:\streamfinder\api\node_modules\mysql\lib\protocol\Protocol.js:38:16)
    at Socket.<anonymous> (D:\streamfinder\api\node_modules\mysql\lib\Connection.js:88:28)
    at Socket.<anonymous> (D:\streamfinder\api\node_modules\mysql\lib\Connection.js:526:10)
    at Socket.emit (events.js:200:13)
    at addChunk (_stream_readable.js:294:12)
    --------------------
    at Pool.query (D:\streamfinder\api\node_modules\mysql\lib\Pool.js:199:23)
    at D:\streamfinder\api\util.js:41:18
    at new Promise (<anonymous>)
    at Object.dbPromise (D:\streamfinder\api\util.js:40:16)
    at Object.findAllUserStreams (D:\streamfinder\api\controllers\user.streams.js:10:21)
    at User.init (D:\streamfinder\api\models\user.js:73:53)
    at D:\streamfinder\api\models\user.js:181:25
    at processTicksAndRejections (internal/process/task_queues.js:89:5)
2021-06-18 14:22:35 [info]: API listening at http://localhost:9000
2021-06-18 14:22:37 [info]: ::1 (GET) /users/self
2021-06-18 14:22:57 [info]: API listening at http://localhost:9000
2021-06-18 14:23:03 [info]: ::1 (GET) /users/self
2021-06-18 14:38:00 [info]: ::1 (PUT) /users/452d341c136763dc
2021-06-18 14:38:00 [error]: ReferenceError: validate is not defined
    at User.edit (D:\streamfinder\api\models\model.js:35:21)
    at D:\streamfinder\api\models\user.js:253:18
    at processTicksAndRejections (internal/process/task_queues.js:89:5)
2021-06-18 14:39:02 [info]: API listening at http://localhost:9000
2021-06-18 14:39:05 [info]: ::1 (PUT) /users/452d341c136763dc
2021-06-18 14:39:05 [error]: TypeError: fails.contains is not a function
    at User.edit (D:\streamfinder\api\models\model.js:37:24)
    at D:\streamfinder\api\models\user.js:253:18
    at processTicksAndRejections (internal/process/task_queues.js:89:5)
2021-06-18 14:39:39 [info]: API listening at http://localhost:9000
2021-06-18 14:39:41 [info]: ::1 (PUT) /users/452d341c136763dc
2021-06-18 14:39:42 [error]: ReferenceError: newStreams is not defined
    at User.save (D:\streamfinder\api\models\user.js:96:35)
    at processTicksAndRejections (internal/process/task_queues.js:89:5)
2021-06-18 14:40:53 [info]: API listening at http://localhost:9000
2021-06-18 14:40:55 [info]: ::1 (PUT) /users/452d341c136763dc
2021-06-18 14:40:55 [error]: Error: ER_PARSE_ERROR: You have an error in your SQL syntax; check the manual that corresponds to your MySQL server version for the right syntax to use near ', `platform` = 'netflix'' at line 1
    at Query.Sequence._packetToError (D:\streamfinder\api\node_modules\mysql\lib\protocol\sequences\Sequence.js:47:14)
    at Query.ErrorPacket (D:\streamfinder\api\node_modules\mysql\lib\protocol\sequences\Query.js:79:18)
    at Protocol._parsePacket (D:\streamfinder\api\node_modules\mysql\lib\protocol\Protocol.js:291:23)
    at Parser._parsePacket (D:\streamfinder\api\node_modules\mysql\lib\protocol\Parser.js:433:10)
    at Parser.write (D:\streamfinder\api\node_modules\mysql\lib\protocol\Parser.js:43:10)
    at Protocol.write (D:\streamfinder\api\node_modules\mysql\lib\protocol\Protocol.js:38:16)
    at Socket.<anonymous> (D:\streamfinder\api\node_modules\mysql\lib\Connection.js:88:28)
    at Socket.<anonymous> (D:\streamfinder\api\node_modules\mysql\lib\Connection.js:526:10)
    at Socket.emit (events.js:200:13)
    at addChunk (_stream_readable.js:294:12)
    --------------------
    at Pool.query (D:\streamfinder\api\node_modules\mysql\lib\Pool.js:199:23)
    at D:\streamfinder\api\util.js:41:18
    at new Promise (<anonymous>)
    at Object.dbPromise (D:\streamfinder\api\util.js:40:16)
    at Object.deleteUserStream (D:\streamfinder\api\controllers\user.streams.js:18:21)
    at User.save (D:\streamfinder\api\models\user.js:101:49)
    at processTicksAndRejections (internal/process/task_queues.js:89:5)
2021-06-18 14:41:30 [info]: API listening at http://localhost:9000
2021-06-18 14:41:32 [info]: ::1 (PUT) /users/452d341c136763dc
2021-06-18 14:41:32 [error]: ReferenceError: newStream is not defined
    at User.save (D:\streamfinder\api\models\user.js:99:35)
    at processTicksAndRejections (internal/process/task_queues.js:89:5)
2021-06-18 14:42:17 [info]: API listening at http://localhost:9000
2021-06-18 14:42:19 [info]: ::1 (PUT) /users/452d341c136763dc
2021-06-18 14:42:19 [error]: Error: ER_DUP_ENTRY: Duplicate entry '452d341c136763dc' for key 'userstreams.PRIMARY'
    at Query.Sequence._packetToError (D:\streamfinder\api\node_modules\mysql\lib\protocol\sequences\Sequence.js:47:14)
    at Query.ErrorPacket (D:\streamfinder\api\node_modules\mysql\lib\protocol\sequences\Query.js:79:18)
    at Protocol._parsePacket (D:\streamfinder\api\node_modules\mysql\lib\protocol\Protocol.js:291:23)
    at Parser._parsePacket (D:\streamfinder\api\node_modules\mysql\lib\protocol\Parser.js:433:10)
    at Parser.write (D:\streamfinder\api\node_modules\mysql\lib\protocol\Parser.js:43:10)
    at Protocol.write (D:\streamfinder\api\node_modules\mysql\lib\protocol\Protocol.js:38:16)
    at Socket.<anonymous> (D:\streamfinder\api\node_modules\mysql\lib\Connection.js:88:28)
    at Socket.<anonymous> (D:\streamfinder\api\node_modules\mysql\lib\Connection.js:526:10)
    at Socket.emit (events.js:200:13)
    at addChunk (_stream_readable.js:294:12)
    --------------------
    at Pool.query (D:\streamfinder\api\node_modules\mysql\lib\Pool.js:199:23)
    at D:\streamfinder\api\util.js:41:18
    at new Promise (<anonymous>)
    at Object.dbPromise (D:\streamfinder\api\util.js:40:16)
    at Object.insertUserStream (D:\streamfinder\api\controllers\user.streams.js:14:21)
    at User.save (D:\streamfinder\api\models\user.js:108:49)
    at processTicksAndRejections (internal/process/task_queues.js:89:5)
2021-06-18 14:43:04 [info]: API listening at http://localhost:9000
2021-06-18 14:43:07 [info]: ::1 (PUT) /users/452d341c136763dc
2021-06-18 14:43:22 [info]: ::1 (PUT) /users/452d341c136763dc
2021-06-18 14:43:22 [error]: Error: ER_PARSE_ERROR: You have an error in your SQL syntax; check the manual that corresponds to your MySQL server version for the right syntax to use near ', `platform` = 'hulu'' at line 1
    at Query.Sequence._packetToError (D:\streamfinder\api\node_modules\mysql\lib\protocol\sequences\Sequence.js:47:14)
    at Query.ErrorPacket (D:\streamfinder\api\node_modules\mysql\lib\protocol\sequences\Query.js:79:18)
    at Protocol._parsePacket (D:\streamfinder\api\node_modules\mysql\lib\protocol\Protocol.js:291:23)
    at Parser._parsePacket (D:\streamfinder\api\node_modules\mysql\lib\protocol\Parser.js:433:10)
    at Parser.write (D:\streamfinder\api\node_modules\mysql\lib\protocol\Parser.js:43:10)
    at Protocol.write (D:\streamfinder\api\node_modules\mysql\lib\protocol\Protocol.js:38:16)
    at Socket.<anonymous> (D:\streamfinder\api\node_modules\mysql\lib\Connection.js:88:28)
    at Socket.<anonymous> (D:\streamfinder\api\node_modules\mysql\lib\Connection.js:526:10)
    at Socket.emit (events.js:200:13)
    at addChunk (_stream_readable.js:294:12)
    --------------------
    at Pool.query (D:\streamfinder\api\node_modules\mysql\lib\Pool.js:199:23)
    at D:\streamfinder\api\util.js:41:18
    at new Promise (<anonymous>)
    at Object.dbPromise (D:\streamfinder\api\util.js:40:16)
    at Object.deleteUserStream (D:\streamfinder\api\controllers\user.streams.js:18:21)
    at User.save (D:\streamfinder\api\models\user.js:101:49)
    at processTicksAndRejections (internal/process/task_queues.js:89:5)
2021-06-18 14:43:54 [info]: API listening at http://localhost:9000
2021-06-18 14:43:57 [info]: ::1 (PUT) /users/452d341c136763dc
2021-06-18 14:44:16 [info]: ::1 (PUT) /users/452d341c136763dc
2021-06-18 14:44:34 [info]: ::1 (GET) /users/
2021-06-18 14:44:51 [info]: ::1 (POST) /users
2021-06-18 14:44:51 [error]: ReferenceError: vals is not defined
    at User.insert (D:\streamfinder\api\models\user.js:80:62)
    at Object.createUser (D:\streamfinder\api\models\user.js:238:17)
    at D:\streamfinder\api\routes\users.js:32:15
    at Layer.handle [as handle_request] (D:\streamfinder\api\node_modules\express\lib\router\layer.js:95:5)
    at next (D:\streamfinder\api\node_modules\express\lib\router\route.js:137:13)
    at Route.dispatch (D:\streamfinder\api\node_modules\express\lib\router\route.js:112:3)
    at Layer.handle [as handle_request] (D:\streamfinder\api\node_modules\express\lib\router\layer.js:95:5)
    at D:\streamfinder\api\node_modules\express\lib\router\index.js:281:22
    at Function.process_params (D:\streamfinder\api\node_modules\express\lib\router\index.js:335:12)
    at next (D:\streamfinder\api\node_modules\express\lib\router\index.js:275:10)
2021-06-18 14:45:31 [info]: API listening at http://localhost:9000
2021-06-18 14:45:33 [info]: ::1 (POST) /users
2021-06-18 14:45:33 [error]: ReferenceError: vals is not defined
    at User.insert (D:\streamfinder\api\models\user.js:85:55)
    at processTicksAndRejections (internal/process/task_queues.js:89:5)
2021-06-18 14:45:56 [info]: API listening at http://localhost:9000
2021-06-18 14:45:59 [info]: ::1 (POST) /users
2021-06-18 14:45:59 [error]: Error: input is invalid type
    at nodeMethod (D:\streamfinder\api\node_modules\js-sha256\src\sha256.js:91:17)
    at User.insert (D:\streamfinder\api\models\user.js:85:43)
    at processTicksAndRejections (internal/process/task_queues.js:89:5)
2021-06-18 14:47:53 [info]: API listening at http://localhost:9000
2021-06-18 14:47:56 [info]: ::1 (POST) /users
2021-06-18 14:47:56 [error]: Error: input is invalid type
    at nodeMethod (D:\streamfinder\api\node_modules\js-sha256\src\sha256.js:91:17)
    at User.insert (D:\streamfinder\api\models\user.js:86:43)
    at processTicksAndRejections (internal/process/task_queues.js:89:5)
2021-06-18 14:48:35 [info]: API listening at http://localhost:9000
2021-06-18 14:48:37 [info]: ::1 (POST) /users
2021-06-18 14:48:37 [error]: Error: ER_BAD_NULL_ERROR: Column 'user_id' cannot be null
    at Query.Sequence._packetToError (D:\streamfinder\api\node_modules\mysql\lib\protocol\sequences\Sequence.js:47:14)
    at Query.ErrorPacket (D:\streamfinder\api\node_modules\mysql\lib\protocol\sequences\Query.js:79:18)
    at Protocol._parsePacket (D:\streamfinder\api\node_modules\mysql\lib\protocol\Protocol.js:291:23)
    at Parser._parsePacket (D:\streamfinder\api\node_modules\mysql\lib\protocol\Parser.js:433:10)
    at Parser.write (D:\streamfinder\api\node_modules\mysql\lib\protocol\Parser.js:43:10)
    at Protocol.write (D:\streamfinder\api\node_modules\mysql\lib\protocol\Protocol.js:38:16)
    at Socket.<anonymous> (D:\streamfinder\api\node_modules\mysql\lib\Connection.js:88:28)
    at Socket.<anonymous> (D:\streamfinder\api\node_modules\mysql\lib\Connection.js:526:10)
    at Socket.emit (events.js:200:13)
    at addChunk (_stream_readable.js:294:12)
    --------------------
    at Pool.query (D:\streamfinder\api\node_modules\mysql\lib\Pool.js:199:23)
    at D:\streamfinder\api\util.js:41:18
    at new Promise (<anonymous>)
    at Object.dbPromise (D:\streamfinder\api\util.js:40:16)
    at Object.insertUser (D:\streamfinder\api\controllers\user.js:31:21)
    at User.insert (D:\streamfinder\api\models\user.js:88:30)
    at processTicksAndRejections (internal/process/task_queues.js:89:5)
2021-06-18 14:50:10 [info]: API listening at http://localhost:9000
2021-06-18 14:50:12 [info]: ::1 (POST) /users
2021-06-18 14:50:12 [error]: Error: ER_BAD_NULL_ERROR: Column 'user_id' cannot be null
    at Query.Sequence._packetToError (D:\streamfinder\api\node_modules\mysql\lib\protocol\sequences\Sequence.js:47:14)
    at Query.ErrorPacket (D:\streamfinder\api\node_modules\mysql\lib\protocol\sequences\Query.js:79:18)
    at Protocol._parsePacket (D:\streamfinder\api\node_modules\mysql\lib\protocol\Protocol.js:291:23)
    at Parser._parsePacket (D:\streamfinder\api\node_modules\mysql\lib\protocol\Parser.js:433:10)
    at Parser.write (D:\streamfinder\api\node_modules\mysql\lib\protocol\Parser.js:43:10)
    at Protocol.write (D:\streamfinder\api\node_modules\mysql\lib\protocol\Protocol.js:38:16)
    at Socket.<anonymous> (D:\streamfinder\api\node_modules\mysql\lib\Connection.js:88:28)
    at Socket.<anonymous> (D:\streamfinder\api\node_modules\mysql\lib\Connection.js:526:10)
    at Socket.emit (events.js:200:13)
    at addChunk (_stream_readable.js:294:12)
    --------------------
    at Pool.query (D:\streamfinder\api\node_modules\mysql\lib\Pool.js:199:23)
    at D:\streamfinder\api\util.js:41:18
    at new Promise (<anonymous>)
    at Object.dbPromise (D:\streamfinder\api\util.js:40:16)
    at Object.insertUser (D:\streamfinder\api\controllers\user.js:31:21)
    at User.insert (D:\streamfinder\api\models\user.js:88:30)
    at processTicksAndRejections (internal/process/task_queues.js:89:5)
2021-06-18 14:50:41 [info]: API listening at http://localhost:9000
2021-06-18 14:50:44 [info]: ::1 (POST) /users
2021-06-18 14:50:44 [error]: Error: ER_PARSE_ERROR: You have an error in your SQL syntax; check the manual that corresponds to your MySQL server version for the right syntax to use near ', 'user2', 'sample@mail.com', 'ef92b778bafe771e89245b89ecbc08a44a4e166c066599118' at line 1
    at Query.Sequence._packetToError (D:\streamfinder\api\node_modules\mysql\lib\protocol\sequences\Sequence.js:47:14)
    at Query.ErrorPacket (D:\streamfinder\api\node_modules\mysql\lib\protocol\sequences\Query.js:79:18)
    at Protocol._parsePacket (D:\streamfinder\api\node_modules\mysql\lib\protocol\Protocol.js:291:23)
    at Parser._parsePacket (D:\streamfinder\api\node_modules\mysql\lib\protocol\Parser.js:433:10)
    at Parser.write (D:\streamfinder\api\node_modules\mysql\lib\protocol\Parser.js:43:10)
    at Protocol.write (D:\streamfinder\api\node_modules\mysql\lib\protocol\Protocol.js:38:16)
    at Socket.<anonymous> (D:\streamfinder\api\node_modules\mysql\lib\Connection.js:88:28)
    at Socket.<anonymous> (D:\streamfinder\api\node_modules\mysql\lib\Connection.js:526:10)
    at Socket.emit (events.js:200:13)
    at addChunk (_stream_readable.js:294:12)
    --------------------
    at Pool.query (D:\streamfinder\api\node_modules\mysql\lib\Pool.js:199:23)
    at D:\streamfinder\api\util.js:41:18
    at new Promise (<anonymous>)
    at Object.dbPromise (D:\streamfinder\api\util.js:40:16)
    at Object.insertUser (D:\streamfinder\api\controllers\user.js:31:21)
    at User.insert (D:\streamfinder\api\models\user.js:88:30)
    at processTicksAndRejections (internal/process/task_queues.js:89:5)
2021-06-18 14:52:12 [info]: API listening at http://localhost:9000
2021-06-18 14:52:15 [info]: ::1 (POST) /users
2021-06-18 14:52:15 [error]: Error: ER_PARSE_ERROR: You have an error in your SQL syntax; check the manual that corresponds to your MySQL server version for the right syntax to use near ', 'user2', 'sample@mail.com', 'ef92b778bafe771e89245b89ecbc08a44a4e166c066599118' at line 1
    at Query.Sequence._packetToError (D:\streamfinder\api\node_modules\mysql\lib\protocol\sequences\Sequence.js:47:14)
    at Query.ErrorPacket (D:\streamfinder\api\node_modules\mysql\lib\protocol\sequences\Query.js:79:18)
    at Protocol._parsePacket (D:\streamfinder\api\node_modules\mysql\lib\protocol\Protocol.js:291:23)
    at Parser._parsePacket (D:\streamfinder\api\node_modules\mysql\lib\protocol\Parser.js:433:10)
    at Parser.write (D:\streamfinder\api\node_modules\mysql\lib\protocol\Parser.js:43:10)
    at Protocol.write (D:\streamfinder\api\node_modules\mysql\lib\protocol\Protocol.js:38:16)
    at Socket.<anonymous> (D:\streamfinder\api\node_modules\mysql\lib\Connection.js:88:28)
    at Socket.<anonymous> (D:\streamfinder\api\node_modules\mysql\lib\Connection.js:526:10)
    at Socket.emit (events.js:200:13)
    at addChunk (_stream_readable.js:294:12)
    --------------------
    at Pool.query (D:\streamfinder\api\node_modules\mysql\lib\Pool.js:199:23)
    at D:\streamfinder\api\util.js:41:18
    at new Promise (<anonymous>)
    at Object.dbPromise (D:\streamfinder\api\util.js:40:16)
    at Object.insertUser (D:\streamfinder\api\controllers\user.js:31:21)
    at User.insert (D:\streamfinder\api\models\user.js:88:30)
    at processTicksAndRejections (internal/process/task_queues.js:89:5)
2021-06-18 14:52:28 [info]: API listening at http://localhost:9000
2021-06-18 14:52:30 [info]: ::1 (POST) /users
2021-06-18 14:52:43 [info]: API listening at http://localhost:9000
2021-06-18 14:52:49 [info]: API listening at http://localhost:9000
2021-06-18 14:52:53 [info]: ::1 (GET) /users/
2021-06-18 14:53:13 [info]: ::1 (PUT) /users/452d341c136763dc
2021-06-18 14:53:16 [info]: ::1 (GET) /users/self
2021-06-18 14:55:32 [info]: API listening at http://localhost:9000
2021-06-18 14:55:49 [info]: ::1 (PUT) /users/452d341c136763dc
2021-06-18 14:55:52 [info]: ::1 (GET) /users/self
2021-06-18 14:55:55 [info]: ::1 (GET) /users/
2021-06-18 15:00:04 [info]: ::1 (DELETE) /users/79814e85cf7a1aa6
2021-06-18 15:01:55 [info]: ::1 (POST) /users
2021-06-18 15:02:21 [info]: ::1 (DELETE) /users/2e07392ae95903ec
2021-06-18 15:02:34 [info]: API listening at http://localhost:9000
2021-06-18 15:02:40 [info]: ::1 (POST) /users
2021-06-18 15:02:43 [info]: ::1 (GET) /users/
2021-06-18 15:02:55 [info]: ::1 (DELETE) /users/15a1ac8a7c720376
2021-06-18 15:03:02 [info]: ::1 (GET) /users/
2021-06-18 15:03:04 [info]: ::1 (POST) /users
2021-06-18 15:03:07 [info]: ::1 (GET) /users/
2021-06-18 15:03:33 [info]: ::1 (PUT) /users/81df6bce5ae2ee3e
2021-06-18 15:03:54 [info]: ::1 (PUT) /users/81df6bce5ae2ee3e
2021-06-18 15:05:05 [info]: API listening at http://localhost:9000
2021-06-18 15:05:07 [info]: ::1 (PUT) /users/81df6bce5ae2ee3e
2021-06-18 15:05:16 [info]: ::1 (PUT) /users/81df6bce5ae2ee3e
2021-06-18 15:05:26 [info]: ::1 (GET) /users/
2021-06-18 15:05:39 [info]: ::1 (DELETE) /users/81df6bce5ae2ee3e
2021-06-18 15:06:36 [info]: ::1 (DELETE) /users/81df6bce5ae2ee3e
2021-06-18 15:11:09 [info]: API listening at http://localhost:9000
2021-06-18 15:11:14 [info]: ::1 (POST) /users
2021-06-18 15:11:16 [info]: ::1 (GET) /users/
2021-06-18 15:11:37 [info]: ::1 (PUT) /users/9ff7b22c01d10f7a
2021-06-18 15:11:40 [info]: ::1 (GET) /users/
2021-06-18 15:11:48 [info]: ::1 (DELETE) /users/9ff7b22c01d10f7a
2021-06-18 15:11:48 [error]: TypeError: userStreamsController.deleteAllUserStream is not a function
    at User.delete (D:\streamfinder\api\models\user.js:115:37)
    at processTicksAndRejections (internal/process/task_queues.js:89:5)
2021-06-18 15:11:59 [info]: ::1 (GET) /users/
2021-06-18 15:12:43 [info]: ::1 (POST) /users
2021-06-18 15:12:44 [info]: ::1 (GET) /users/
2021-06-18 15:12:50 [info]: ::1 (PUT) /users/91e888e02614546d
2021-06-18 15:12:52 [info]: ::1 (GET) /users/
2021-06-18 15:13:01 [info]: API listening at http://localhost:9000
2021-06-18 15:13:12 [info]: ::1 (DELETE) /users/91e888e02614546d
