2021-08-03 18:21:57 [info]: API listening at http://localhost:9000
2021-08-03 18:24:26 [info]: ::1 (GET) /auth
2021-08-03 18:24:26 [error]: Error: Email/Username or password incorrect.
    at D:\streamfinder\api\models\token.js:43:27
    at processTicksAndRejections (internal/process/task_queues.js:89:5)
2021-08-03 18:24:29 [info]: ::1 (GET) /auth
2021-08-03 18:24:30 [info]: ::1 (GET) /users/self
2021-08-03 18:24:34 [info]: ::1 (GET) /users/self
2021-08-03 18:24:34 [info]: ::1 (GET) /users
2021-08-03 18:24:36 [info]: ::1 (GET) /users/451827b3cd687515
2021-08-03 18:24:41 [info]: ::1 (GET) /titles
2021-08-03 18:24:41 [info]: ::1 (GET) /users/self
2021-08-03 18:24:43 [info]: ::1 (GET) /titles/273b352a34374b898a850afd13c09b8f
2021-08-03 18:25:48 [info]: ::1 (GET) /titles
2021-08-03 18:25:52 [info]: ::1 (GET) /users/self
2021-08-03 18:47:34 [info]: ::1 (GET) /images
2021-08-03 18:47:35 [info]: ::1 (GET) /images
2021-08-03 18:47:35 [info]: ::1 (GET) /users/self
2021-08-03 18:48:02 [info]: ::1 (GET) /images
2021-08-03 18:48:23 [info]: ::1 (GET) /images
2021-08-03 18:49:05 [info]: ::1 (POST) /images
2021-08-03 18:49:20 [info]: ::1 (POST) /images
2021-08-03 18:49:43 [info]: ::1 (GET) /images
2021-08-03 18:52:11 [info]: API listening at http://localhost:9000
2021-08-03 18:52:17 [info]: ::1 (POST) /images
2021-08-03 18:52:44 [info]: API listening at http://localhost:9000
2021-08-03 18:52:48 [info]: ::1 (POST) /images
2021-08-03 18:53:20 [info]: API listening at http://localhost:9000
2021-08-03 18:53:24 [info]: ::1 (POST) /images
2021-08-03 18:54:54 [info]: API listening at http://localhost:9000
2021-08-03 18:54:57 [info]: ::1 (POST) /images
2021-08-03 18:55:22 [info]: ::1 (GET) /images
2021-08-03 18:55:22 [info]: ::1 (GET) /users/self
2021-08-03 18:55:22 [info]: ::1 (GET) /images/[object%20Object]
2021-08-03 18:55:54 [info]: ::1 (GET) /images
2021-08-03 18:55:54 [info]: ::1 (GET) /images/533ace15a7999978086f25940f35ec0d.jpeg
2021-08-03 18:55:59 [info]: ::1 (GET) /images
2021-08-03 18:55:59 [info]: ::1 (GET) /images/undefined
2021-08-03 18:56:01 [info]: ::1 (GET) /images
2021-08-03 18:56:01 [info]: ::1 (GET) /users/self
2021-08-03 18:56:01 [info]: ::1 (GET) /images/undefined
2021-08-03 18:56:09 [info]: ::1 (GET) /images
2021-08-03 18:56:10 [info]: ::1 (GET) /images/533ace15a7999978086f25940f35ec0d
2021-08-03 18:56:11 [info]: ::1 (GET) /images
2021-08-03 18:56:11 [info]: ::1 (GET) /users/self
2021-08-03 18:56:11 [info]: ::1 (GET) /images/533ace15a7999978086f25940f35ec0d
2021-08-03 18:56:18 [info]: ::1 (GET) /images/325bfd44a9a7df6e3222b9c512688054
2021-08-03 19:33:38 [info]: ::1 (GET) /images
2021-08-03 19:33:38 [info]: ::1 (GET) /users/self
2021-08-03 19:33:38 [info]: ::1 (GET) /images/533ace15a7999978086f25940f35ec0d
2021-08-03 19:33:38 [error]: Cannot read property 'user_id' of undefined
2021-08-03 19:33:58 [info]: ::1 (GET) /images/533ace15a7999978086f25940f35ec0d
2021-08-03 19:33:58 [error]: Cannot read property 'user_id' of undefined
2021-08-03 19:34:15 [info]: ::1 (GET) /images/533ace15a7999978086f25940f35ec0d
2021-08-03 19:34:15 [error]: Cannot read property 'user_id' of undefined
2021-08-03 19:35:38 [info]: ::1 (GET) /images
2021-08-03 19:35:38 [info]: ::1 (GET) /images/533ace15a7999978086f25940f35ec0d
2021-08-03 19:35:38 [error]: Cannot read property 'user_id' of undefined
2021-08-03 19:36:04 [info]: ::1 (GET) /images
2021-08-03 19:36:04 [info]: ::1 (GET) /images/533ace15a7999978086f25940f35ec0d
2021-08-03 19:36:05 [info]: ::1 (GET) /images
2021-08-03 19:36:05 [info]: ::1 (GET) /users/self
2021-08-03 19:36:05 [info]: ::1 (GET) /images/533ace15a7999978086f25940f35ec0d
2021-08-03 19:36:16 [info]: ::1 (GET) /images/533ace15a7999978086f25940f35ec0d
2021-08-03 19:36:17 [info]: ::1 (GET) /images
2021-08-03 19:36:17 [info]: ::1 (GET) /users/self
2021-08-03 19:36:17 [info]: ::1 (GET) /images/533ace15a7999978086f25940f35ec0d
2021-08-03 19:38:34 [info]: ::1 (GET) /images/533ace15a7999978086f25940f35ec0d
2021-08-03 19:38:36 [info]: ::1 (GET) /images
2021-08-03 19:38:36 [info]: ::1 (GET) /users/self
2021-08-03 19:38:36 [info]: ::1 (GET) /images/533ace15a7999978086f25940f35ec0d
2021-08-03 19:39:30 [info]: ::1 (GET) /images/533ace15a7999978086f25940f35ec0d
2021-08-03 19:39:32 [info]: ::1 (GET) /images
2021-08-03 19:39:32 [info]: ::1 (GET) /users/self
2021-08-03 19:39:32 [info]: ::1 (GET) /images/533ace15a7999978086f25940f35ec0d
2021-08-03 19:40:02 [info]: ::1 (GET) /images/533ace15a7999978086f25940f35ec0d
2021-08-03 19:40:20 [info]: ::1 (GET) /images
2021-08-03 19:40:20 [info]: ::1 (GET) /users/self
2021-08-03 19:40:20 [info]: ::1 (GET) /images/533ace15a7999978086f25940f35ec0d
2021-08-03 19:41:36 [info]: ::1 (GET) /images
2021-08-03 19:41:36 [info]: ::1 (GET) /images/533ace15a7999978086f25940f35ec0d
2021-08-03 19:42:05 [info]: ::1 (POST) /images/
2021-08-03 19:42:05 [error]: Cannot read property 'user_id' of undefined
2021-08-03 19:42:30 [info]: ::1 (GET) /images
2021-08-03 19:42:30 [info]: ::1 (GET) /images/533ace15a7999978086f25940f35ec0d
2021-08-03 19:42:31 [info]: ::1 (GET) /images
2021-08-03 19:42:31 [info]: ::1 (GET) /users/self
2021-08-03 19:42:31 [info]: ::1 (GET) /images/533ace15a7999978086f25940f35ec0d
2021-08-03 19:42:38 [info]: ::1 (POST) /images/
2021-08-03 19:42:38 [info]: ::1 (GET) /images
2021-08-03 19:42:38 [info]: ::1 (GET) /images/21da9a6de7e50907b6a2abcf1e300d83
2021-08-03 19:42:38 [info]: ::1 (GET) /images/533ace15a7999978086f25940f35ec0d
2021-08-03 19:42:42 [info]: ::1 (GET) /images
2021-08-03 19:42:42 [info]: ::1 (GET) /users/self
2021-08-03 19:42:42 [info]: ::1 (GET) /images/21da9a6de7e50907b6a2abcf1e300d83
2021-08-03 19:42:42 [info]: ::1 (GET) /images/533ace15a7999978086f25940f35ec0d
2021-08-03 19:43:24 [info]: ::1 (POST) /images
2021-08-03 19:43:27 [info]: ::1 (GET) /images
2021-08-03 19:43:27 [info]: ::1 (GET) /users/self
2021-08-03 19:43:27 [info]: ::1 (GET) /images/21da9a6de7e50907b6a2abcf1e300d83
2021-08-03 19:43:27 [info]: ::1 (GET) /images/533ace15a7999978086f25940f35ec0d
2021-08-03 19:43:27 [info]: ::1 (GET) /images/5f7f7bc6de9842fa7e3ab0cc8c83ac91
2021-08-03 19:45:07 [info]: ::1 (GET) /images
2021-08-03 19:45:07 [info]: ::1 (GET) /users/self
2021-08-03 19:45:07 [info]: ::1 (GET) /images/21da9a6de7e50907b6a2abcf1e300d83
2021-08-03 19:45:07 [info]: ::1 (GET) /images/533ace15a7999978086f25940f35ec0d
2021-08-03 19:45:07 [info]: ::1 (GET) /images/5f7f7bc6de9842fa7e3ab0cc8c83ac91
2021-08-03 19:50:54 [info]: ::1 (GET) /images
2021-08-03 19:50:54 [info]: ::1 (GET) /users/self
2021-08-03 19:50:54 [info]: ::1 (GET) /images/21da9a6de7e50907b6a2abcf1e300d83
2021-08-03 19:50:54 [info]: ::1 (GET) /images/533ace15a7999978086f25940f35ec0d
2021-08-03 19:50:54 [info]: ::1 (GET) /images/5f7f7bc6de9842fa7e3ab0cc8c83ac91
2021-08-03 19:54:02 [info]: ::1 (GET) /images
2021-08-03 19:54:02 [info]: ::1 (GET) /users/self
2021-08-03 19:54:02 [info]: ::1 (GET) /images/21da9a6de7e50907b6a2abcf1e300d83
2021-08-03 19:54:02 [info]: ::1 (GET) /images/533ace15a7999978086f25940f35ec0d
2021-08-03 19:54:02 [info]: ::1 (GET) /images/5f7f7bc6de9842fa7e3ab0cc8c83ac91
2021-08-03 19:54:58 [info]: ::1 (POST) /images/
2021-08-03 19:54:58 [info]: ::1 (GET) /images
2021-08-03 19:54:58 [info]: ::1 (GET) /images/230bd9514898e45a270b693604a87e54
2021-08-03 19:54:58 [info]: ::1 (GET) /images/21da9a6de7e50907b6a2abcf1e300d83
2021-08-03 19:54:58 [info]: ::1 (GET) /images/533ace15a7999978086f25940f35ec0d
2021-08-03 19:54:58 [info]: ::1 (GET) /images/5f7f7bc6de9842fa7e3ab0cc8c83ac91
2021-08-03 19:55:00 [info]: ::1 (GET) /images
2021-08-03 19:55:00 [info]: ::1 (GET) /users/self
2021-08-03 19:55:01 [info]: ::1 (GET) /images/21da9a6de7e50907b6a2abcf1e300d83
2021-08-03 19:55:01 [info]: ::1 (GET) /images/230bd9514898e45a270b693604a87e54
2021-08-03 19:55:01 [info]: ::1 (GET) /images/533ace15a7999978086f25940f35ec0d
2021-08-03 19:55:01 [info]: ::1 (GET) /images/5f7f7bc6de9842fa7e3ab0cc8c83ac91
2021-08-03 19:56:10 [info]: ::1 (GET) /images
2021-08-03 19:56:10 [info]: ::1 (GET) /users/self
2021-08-03 19:56:10 [info]: ::1 (GET) /images/21da9a6de7e50907b6a2abcf1e300d83
2021-08-03 19:56:10 [info]: ::1 (GET) /images/230bd9514898e45a270b693604a87e54
2021-08-03 19:56:10 [info]: ::1 (GET) /images/533ace15a7999978086f25940f35ec0d
2021-08-03 19:56:10 [info]: ::1 (GET) /images/5f7f7bc6de9842fa7e3ab0cc8c83ac91
2021-08-03 19:56:45 [info]: ::1 (GET) /images
2021-08-03 19:56:45 [info]: ::1 (GET) /users/self
2021-08-03 19:56:45 [info]: ::1 (GET) /images/21da9a6de7e50907b6a2abcf1e300d83
2021-08-03 19:56:45 [info]: ::1 (GET) /images/230bd9514898e45a270b693604a87e54
2021-08-03 19:56:45 [info]: ::1 (GET) /images/533ace15a7999978086f25940f35ec0d
2021-08-03 19:56:45 [info]: ::1 (GET) /images/5f7f7bc6de9842fa7e3ab0cc8c83ac91
2021-08-03 19:57:05 [info]: ::1 (GET) /images
2021-08-03 19:57:05 [info]: ::1 (GET) /images/21da9a6de7e50907b6a2abcf1e300d83
2021-08-03 19:57:05 [info]: ::1 (GET) /images/230bd9514898e45a270b693604a87e54
2021-08-03 19:57:05 [info]: ::1 (GET) /images/533ace15a7999978086f25940f35ec0d
2021-08-03 19:57:05 [info]: ::1 (GET) /images/5f7f7bc6de9842fa7e3ab0cc8c83ac91
2021-08-03 20:08:59 [info]: ::1 (GET) /images/21da9a6de7e50907b6a2abcf1e300d83
2021-08-03 20:08:59 [info]: ::1 (GET) /images/230bd9514898e45a270b693604a87e54
2021-08-03 20:08:59 [info]: ::1 (GET) /images/533ace15a7999978086f25940f35ec0d
2021-08-03 20:08:59 [info]: ::1 (GET) /images/5f7f7bc6de9842fa7e3ab0cc8c83ac91
2021-08-03 20:08:59 [info]: ::1 (GET) /images
2021-08-03 20:09:01 [info]: ::1 (GET) /images
2021-08-03 20:09:01 [info]: ::1 (GET) /users/self
2021-08-03 20:09:25 [info]: ::1 (GET) /users/self
2021-08-03 20:09:25 [info]: ::1 (GET) /images
2021-08-03 20:09:40 [info]: ::1 (GET) /images
2021-08-03 20:09:40 [info]: ::1 (GET) /users/self
2021-08-03 20:09:41 [info]: ::1 (GET) /images/21da9a6de7e50907b6a2abcf1e300d83
2021-08-03 20:09:41 [info]: ::1 (GET) /images/230bd9514898e45a270b693604a87e54
2021-08-03 20:09:41 [info]: ::1 (GET) /images/533ace15a7999978086f25940f35ec0d
2021-08-03 20:09:41 [info]: ::1 (GET) /images/5f7f7bc6de9842fa7e3ab0cc8c83ac91
2021-08-03 20:10:30 [info]: ::1 (GET) /images
2021-08-03 20:10:30 [info]: ::1 (GET) /users/self
2021-08-03 20:10:30 [info]: ::1 (GET) /images/21da9a6de7e50907b6a2abcf1e300d83
2021-08-03 20:10:30 [info]: ::1 (GET) /images/230bd9514898e45a270b693604a87e54
2021-08-03 20:10:30 [info]: ::1 (GET) /images/533ace15a7999978086f25940f35ec0d
2021-08-03 20:10:30 [info]: ::1 (GET) /images/5f7f7bc6de9842fa7e3ab0cc8c83ac91
2021-08-03 20:11:33 [info]: ::1 (GET) /images
2021-08-03 20:11:33 [info]: ::1 (GET) /images/21da9a6de7e50907b6a2abcf1e300d83
2021-08-03 20:11:33 [info]: ::1 (GET) /images/230bd9514898e45a270b693604a87e54
2021-08-03 20:11:33 [info]: ::1 (GET) /images/533ace15a7999978086f25940f35ec0d
2021-08-03 20:11:33 [info]: ::1 (GET) /images/5f7f7bc6de9842fa7e3ab0cc8c83ac91
2021-08-03 20:11:33 [info]: ::1 (GET) /images
2021-08-03 20:11:33 [info]: ::1 (GET) /images/21da9a6de7e50907b6a2abcf1e300d83
2021-08-03 20:11:33 [info]: ::1 (GET) /images/5f7f7bc6de9842fa7e3ab0cc8c83ac91
2021-08-03 20:11:33 [info]: ::1 (GET) /images/230bd9514898e45a270b693604a87e54
2021-08-03 20:11:33 [info]: ::1 (GET) /images/533ace15a7999978086f25940f35ec0d
2021-08-03 20:11:34 [info]: ::1 (GET) /images
2021-08-03 20:11:34 [info]: ::1 (GET) /users/self
2021-08-03 20:11:34 [info]: ::1 (GET) /images/21da9a6de7e50907b6a2abcf1e300d83
2021-08-03 20:11:34 [info]: ::1 (GET) /images/230bd9514898e45a270b693604a87e54
2021-08-03 20:11:34 [info]: ::1 (GET) /images/533ace15a7999978086f25940f35ec0d
2021-08-03 20:11:34 [info]: ::1 (GET) /images/5f7f7bc6de9842fa7e3ab0cc8c83ac91
2021-08-03 20:11:43 [info]: ::1 (GET) /images
2021-08-03 20:11:43 [info]: ::1 (GET) /users/self
2021-08-03 20:11:43 [info]: ::1 (GET) /images/21da9a6de7e50907b6a2abcf1e300d83
2021-08-03 20:11:43 [info]: ::1 (GET) /images/230bd9514898e45a270b693604a87e54
2021-08-03 20:11:43 [info]: ::1 (GET) /images/533ace15a7999978086f25940f35ec0d
2021-08-03 20:11:43 [info]: ::1 (GET) /images/5f7f7bc6de9842fa7e3ab0cc8c83ac91
2021-08-03 20:12:23 [info]: ::1 (GET) /images/21da9a6de7e50907b6a2abcf1e300d83
2021-08-03 20:12:23 [info]: ::1 (GET) /images/230bd9514898e45a270b693604a87e54
2021-08-03 20:12:23 [info]: ::1 (GET) /images/533ace15a7999978086f25940f35ec0d
2021-08-03 20:12:23 [info]: ::1 (GET) /images/5f7f7bc6de9842fa7e3ab0cc8c83ac91
2021-08-03 20:12:24 [info]: ::1 (GET) /images
2021-08-03 20:12:24 [info]: ::1 (GET) /users/self
2021-08-03 20:12:24 [info]: ::1 (GET) /images/21da9a6de7e50907b6a2abcf1e300d83
2021-08-03 20:12:24 [info]: ::1 (GET) /images/230bd9514898e45a270b693604a87e54
2021-08-03 20:12:24 [info]: ::1 (GET) /images/533ace15a7999978086f25940f35ec0d
2021-08-03 20:12:24 [info]: ::1 (GET) /images/5f7f7bc6de9842fa7e3ab0cc8c83ac91
2021-08-03 20:13:02 [info]: ::1 (GET) /images
2021-08-03 20:13:02 [info]: ::1 (GET) /images/21da9a6de7e50907b6a2abcf1e300d83
2021-08-03 20:13:02 [info]: ::1 (GET) /images/230bd9514898e45a270b693604a87e54
2021-08-03 20:13:02 [info]: ::1 (GET) /images/533ace15a7999978086f25940f35ec0d
2021-08-03 20:13:02 [info]: ::1 (GET) /images/5f7f7bc6de9842fa7e3ab0cc8c83ac91
2021-08-03 20:13:02 [info]: ::1 (GET) /images
2021-08-03 20:13:02 [info]: ::1 (GET) /users/self
2021-08-03 20:13:03 [info]: ::1 (GET) /images/21da9a6de7e50907b6a2abcf1e300d83
2021-08-03 20:13:03 [info]: ::1 (GET) /images/230bd9514898e45a270b693604a87e54
2021-08-03 20:13:03 [info]: ::1 (GET) /images/533ace15a7999978086f25940f35ec0d
2021-08-03 20:13:03 [info]: ::1 (GET) /images/5f7f7bc6de9842fa7e3ab0cc8c83ac91
2021-08-03 20:13:45 [info]: ::1 (GET) /images
2021-08-03 20:13:45 [info]: ::1 (GET) /users/self
2021-08-03 20:13:45 [info]: ::1 (GET) /images/21da9a6de7e50907b6a2abcf1e300d83
2021-08-03 20:13:45 [info]: ::1 (GET) /images/230bd9514898e45a270b693604a87e54
2021-08-03 20:13:45 [info]: ::1 (GET) /images/533ace15a7999978086f25940f35ec0d
2021-08-03 20:13:45 [info]: ::1 (GET) /images/5f7f7bc6de9842fa7e3ab0cc8c83ac91
2021-08-03 20:17:03 [info]: ::1 (GET) /images
2021-08-03 20:17:03 [info]: ::1 (GET) /users/self
2021-08-03 20:17:03 [info]: ::1 (GET) /images/21da9a6de7e50907b6a2abcf1e300d83
2021-08-03 20:17:03 [info]: ::1 (GET) /images/230bd9514898e45a270b693604a87e54
2021-08-03 20:17:03 [info]: ::1 (GET) /images/5f7f7bc6de9842fa7e3ab0cc8c83ac91
2021-08-03 20:17:03 [info]: ::1 (GET) /images/533ace15a7999978086f25940f35ec0d
2021-08-03 20:17:11 [info]: ::1 (GET) /images
2021-08-03 20:17:11 [info]: ::1 (GET) /users/self
2021-08-03 20:17:12 [info]: ::1 (GET) /images/21da9a6de7e50907b6a2abcf1e300d83
2021-08-03 20:17:12 [info]: ::1 (GET) /images/230bd9514898e45a270b693604a87e54
2021-08-03 20:17:12 [info]: ::1 (GET) /images/5f7f7bc6de9842fa7e3ab0cc8c83ac91
2021-08-03 20:17:12 [info]: ::1 (GET) /images/533ace15a7999978086f25940f35ec0d
2021-08-03 20:17:14 [info]: ::1 (GET) /images
2021-08-03 20:17:14 [info]: ::1 (GET) /users/self
2021-08-03 20:17:14 [info]: ::1 (GET) /images/21da9a6de7e50907b6a2abcf1e300d83
2021-08-03 20:17:14 [info]: ::1 (GET) /images/230bd9514898e45a270b693604a87e54
2021-08-03 20:17:14 [info]: ::1 (GET) /images/533ace15a7999978086f25940f35ec0d
2021-08-03 20:17:14 [info]: ::1 (GET) /images/5f7f7bc6de9842fa7e3ab0cc8c83ac91
2021-08-03 20:18:38 [info]: ::1 (GET) /images
2021-08-03 20:18:38 [info]: ::1 (GET) /users/self
2021-08-03 20:18:38 [info]: ::1 (GET) /images/21da9a6de7e50907b6a2abcf1e300d83
2021-08-03 20:18:38 [info]: ::1 (GET) /images/230bd9514898e45a270b693604a87e54
2021-08-03 20:18:38 [info]: ::1 (GET) /images/533ace15a7999978086f25940f35ec0d
2021-08-03 20:18:38 [info]: ::1 (GET) /images/5f7f7bc6de9842fa7e3ab0cc8c83ac91
2021-08-03 20:20:19 [info]: ::1 (GET) /images
2021-08-03 20:20:19 [info]: ::1 (GET) /users/self
2021-08-03 20:20:19 [info]: ::1 (GET) /images/21da9a6de7e50907b6a2abcf1e300d83
2021-08-03 20:20:19 [info]: ::1 (GET) /images/230bd9514898e45a270b693604a87e54
2021-08-03 20:20:19 [info]: ::1 (GET) /images/533ace15a7999978086f25940f35ec0d
2021-08-03 20:20:19 [info]: ::1 (GET) /images/5f7f7bc6de9842fa7e3ab0cc8c83ac91
2021-08-03 20:21:55 [info]: ::1 (GET) /titles
2021-08-03 20:21:55 [info]: ::1 (GET) /users/self
2021-08-03 20:22:00 [info]: ::1 (GET) /titles/371a9967d4d7f5438447eb450ccf1834
2021-08-03 20:22:02 [info]: ::1 (GET) /titles/273b352a34374b898a850afd13c09b8f
2021-08-03 20:22:10 [info]: ::1 (GET) /images
2021-08-03 20:22:10 [info]: ::1 (GET) /users/self
2021-08-03 20:22:11 [info]: ::1 (GET) /images/21da9a6de7e50907b6a2abcf1e300d83
2021-08-03 20:22:11 [info]: ::1 (GET) /images/230bd9514898e45a270b693604a87e54
2021-08-03 20:22:11 [info]: ::1 (GET) /images/533ace15a7999978086f25940f35ec0d
2021-08-03 20:22:11 [info]: ::1 (GET) /images/5f7f7bc6de9842fa7e3ab0cc8c83ac91
2021-08-03 20:24:03 [info]: ::1 (GET) /users
2021-08-03 20:24:03 [info]: ::1 (GET) /users/self
2021-08-03 20:24:05 [info]: ::1 (GET) /users/bbaec00747b8de13
2021-08-03 20:24:20 [info]: ::1 (GET) /titles
2021-08-03 20:24:20 [info]: ::1 (GET) /users/self
2021-08-03 20:24:22 [info]: ::1 (GET) /titles/c806a0fff00005b96942277995f27a77
2021-08-03 20:24:24 [info]: ::1 (GET) /titles/da9c985110156d0027e6ead301f06690
2021-08-03 20:24:26 [info]: ::1 (GET) /titles/4fc63cc45cb72566136015b9dcf1cf46
2021-08-03 20:24:53 [info]: ::1 (GET) /users
2021-08-03 20:24:53 [info]: ::1 (GET) /users/self
2021-08-03 20:24:54 [info]: ::1 (GET) /users/4a7caa83a6bbfa57
2021-08-03 20:25:12 [info]: ::1 (GET) /images
2021-08-03 20:25:12 [info]: ::1 (GET) /users/self
2021-08-03 20:25:12 [info]: ::1 (GET) /images/21da9a6de7e50907b6a2abcf1e300d83
2021-08-03 20:25:12 [info]: ::1 (GET) /images/230bd9514898e45a270b693604a87e54
2021-08-03 20:25:12 [info]: ::1 (GET) /images/533ace15a7999978086f25940f35ec0d
2021-08-03 20:25:12 [info]: ::1 (GET) /images/5f7f7bc6de9842fa7e3ab0cc8c83ac91
2021-08-03 20:25:37 [info]: ::1 (GET) /images
2021-08-03 20:25:37 [info]: ::1 (GET) /users/self
2021-08-03 20:25:37 [info]: ::1 (GET) /images/21da9a6de7e50907b6a2abcf1e300d83
2021-08-03 20:25:37 [info]: ::1 (GET) /images/230bd9514898e45a270b693604a87e54
2021-08-03 20:25:37 [info]: ::1 (GET) /images/533ace15a7999978086f25940f35ec0d
2021-08-03 20:25:37 [info]: ::1 (GET) /images/5f7f7bc6de9842fa7e3ab0cc8c83ac91
2021-08-03 20:25:39 [info]: ::1 (GET) /users/self
2021-08-03 20:25:41 [info]: ::1 (GET) /titles
2021-08-03 20:25:41 [info]: ::1 (GET) /users/self
2021-08-03 20:25:44 [info]: ::1 (GET) /users/self
2021-08-03 20:25:44 [info]: ::1 (GET) /users
2021-08-03 20:25:44 [info]: ::1 (GET) /users/self
2021-08-03 20:25:56 [info]: ::1 (GET) /users/4a7caa83a6bbfa57
2021-08-03 20:26:05 [info]: ::1 (GET) /images
2021-08-03 20:26:05 [info]: ::1 (GET) /users/self
2021-08-03 20:26:05 [info]: ::1 (GET) /images/21da9a6de7e50907b6a2abcf1e300d83
2021-08-03 20:26:05 [info]: ::1 (GET) /images/230bd9514898e45a270b693604a87e54
2021-08-03 20:26:05 [info]: ::1 (GET) /images/533ace15a7999978086f25940f35ec0d
2021-08-03 20:26:05 [info]: ::1 (GET) /images/5f7f7bc6de9842fa7e3ab0cc8c83ac91
2021-08-03 20:29:20 [info]: ::1 (GET) /titles
2021-08-03 20:29:20 [info]: ::1 (GET) /users/self
2021-08-03 20:29:34 [info]: ::1 (GET) /titles/273b352a34374b898a850afd13c09b8f
2021-08-03 20:53:21 [info]: ::1 (GET) /images
2021-08-03 20:53:21 [info]: ::1 (GET) /users/self
2021-08-03 20:53:22 [info]: ::1 (GET) /images/21da9a6de7e50907b6a2abcf1e300d83
2021-08-03 20:53:22 [info]: ::1 (GET) /images/230bd9514898e45a270b693604a87e54
2021-08-03 20:53:22 [info]: ::1 (GET) /images/533ace15a7999978086f25940f35ec0d
2021-08-03 20:53:22 [info]: ::1 (GET) /images/5f7f7bc6de9842fa7e3ab0cc8c83ac91
2021-08-03 21:40:21 [info]: ::1 (GET) /images/21da9a6de7e50907b6a2abcf1e300d83
2021-08-03 21:40:21 [info]: ::1 (GET) /images/230bd9514898e45a270b693604a87e54
2021-08-03 21:40:21 [info]: ::1 (GET) /images/533ace15a7999978086f25940f35ec0d
2021-08-03 21:40:21 [info]: ::1 (GET) /images/5f7f7bc6de9842fa7e3ab0cc8c83ac91
2021-08-03 23:01:23 [info]: ::1 (GET) /images
2021-08-03 23:01:23 [info]: ::1 (GET) /users/self
2021-08-03 23:01:23 [info]: ::1 (GET) /images/21da9a6de7e50907b6a2abcf1e300d83
2021-08-03 23:01:23 [info]: ::1 (GET) /images/230bd9514898e45a270b693604a87e54
2021-08-03 23:01:23 [info]: ::1 (GET) /images/533ace15a7999978086f25940f35ec0d
2021-08-03 23:01:23 [info]: ::1 (GET) /images/5f7f7bc6de9842fa7e3ab0cc8c83ac91
2021-08-03 23:01:30 [info]: ::1 (GET) /images
2021-08-03 23:01:30 [info]: ::1 (GET) /users/self
2021-08-03 23:01:30 [info]: ::1 (GET) /images/21da9a6de7e50907b6a2abcf1e300d83
2021-08-03 23:01:30 [info]: ::1 (GET) /images/230bd9514898e45a270b693604a87e54
2021-08-03 23:01:30 [info]: ::1 (GET) /images/533ace15a7999978086f25940f35ec0d
2021-08-03 23:01:30 [info]: ::1 (GET) /images/5f7f7bc6de9842fa7e3ab0cc8c83ac91
2021-08-03 23:03:08 [info]: ::1 (GET) /images
2021-08-03 23:03:08 [info]: ::1 (GET) /images/21da9a6de7e50907b6a2abcf1e300d83
2021-08-03 23:03:08 [info]: ::1 (GET) /images/230bd9514898e45a270b693604a87e54
2021-08-03 23:03:08 [info]: ::1 (GET) /images/533ace15a7999978086f25940f35ec0d
2021-08-03 23:03:08 [info]: ::1 (GET) /images/5f7f7bc6de9842fa7e3ab0cc8c83ac91
2021-08-03 23:03:26 [info]: ::1 (GET) /images
2021-08-03 23:03:26 [info]: ::1 (GET) /images/21da9a6de7e50907b6a2abcf1e300d83
2021-08-03 23:03:26 [info]: ::1 (GET) /images/230bd9514898e45a270b693604a87e54
2021-08-03 23:03:26 [info]: ::1 (GET) /images/533ace15a7999978086f25940f35ec0d
2021-08-03 23:03:26 [info]: ::1 (GET) /images/5f7f7bc6de9842fa7e3ab0cc8c83ac91
2021-08-03 23:03:29 [info]: ::1 (GET) /images
2021-08-03 23:03:29 [info]: ::1 (GET) /images/21da9a6de7e50907b6a2abcf1e300d83
2021-08-03 23:03:29 [info]: ::1 (GET) /images/230bd9514898e45a270b693604a87e54
2021-08-03 23:03:29 [info]: ::1 (GET) /images/533ace15a7999978086f25940f35ec0d
2021-08-03 23:03:29 [info]: ::1 (GET) /images/5f7f7bc6de9842fa7e3ab0cc8c83ac91
2021-08-03 23:14:50 [info]: ::1 (GET) /images
2021-08-03 23:14:50 [info]: ::1 (GET) /images/21da9a6de7e50907b6a2abcf1e300d83
2021-08-03 23:14:50 [info]: ::1 (GET) /images/230bd9514898e45a270b693604a87e54
2021-08-03 23:14:50 [info]: ::1 (GET) /images/533ace15a7999978086f25940f35ec0d
2021-08-03 23:14:50 [info]: ::1 (GET) /images/5f7f7bc6de9842fa7e3ab0cc8c83ac91
2021-08-03 23:14:52 [info]: ::1 (GET) /images/5f7f7bc6de9842fa7e3ab0cc8c83ac91/info
2021-08-03 23:14:52 [info]: ::1 (GET) /images/5f7f7bc6de9842fa7e3ab0cc8c83ac91
2021-08-03 23:16:24 [info]: ::1 (GET) /images/5f7f7bc6de9842fa7e3ab0cc8c83ac91/info
2021-08-03 23:16:24 [info]: ::1 (GET) /images/5f7f7bc6de9842fa7e3ab0cc8c83ac91
2021-08-03 23:16:25 [info]: ::1 (GET) /images
2021-08-03 23:16:25 [info]: ::1 (GET) /users/self
2021-08-03 23:16:25 [info]: ::1 (GET) /images/5f7f7bc6de9842fa7e3ab0cc8c83ac91/info
2021-08-03 23:16:25 [info]: ::1 (GET) /images/21da9a6de7e50907b6a2abcf1e300d83
2021-08-03 23:16:25 [info]: ::1 (GET) /images/230bd9514898e45a270b693604a87e54
2021-08-03 23:16:25 [info]: ::1 (GET) /images/533ace15a7999978086f25940f35ec0d
2021-08-03 23:16:25 [info]: ::1 (GET) /images/5f7f7bc6de9842fa7e3ab0cc8c83ac91
2021-08-03 23:16:25 [info]: ::1 (GET) /images/5f7f7bc6de9842fa7e3ab0cc8c83ac91
2021-08-03 23:16:27 [info]: ::1 (GET) /images/533ace15a7999978086f25940f35ec0d/info
2021-08-03 23:16:27 [info]: ::1 (GET) /images/533ace15a7999978086f25940f35ec0d
2021-08-03 23:20:02 [info]: ::1 (GET) /images/533ace15a7999978086f25940f35ec0d/info
2021-08-03 23:20:02 [info]: ::1 (GET) /images/533ace15a7999978086f25940f35ec0d
2021-08-03 23:20:19 [info]: ::1 (GET) /images/533ace15a7999978086f25940f35ec0d/info
2021-08-03 23:20:19 [info]: ::1 (GET) /images/533ace15a7999978086f25940f35ec0d
2021-08-03 23:23:58 [info]: ::1 (GET) /images/533ace15a7999978086f25940f35ec0d/info
2021-08-03 23:23:58 [info]: ::1 (GET) /images/533ace15a7999978086f25940f35ec0d
2021-08-03 23:24:21 [info]: ::1 (GET) /images/533ace15a7999978086f25940f35ec0d/info
2021-08-03 23:24:21 [info]: ::1 (GET) /images/533ace15a7999978086f25940f35ec0d
2021-08-03 23:24:47 [info]: ::1 (GET) /images
2021-08-03 23:24:47 [info]: ::1 (GET) /users/self
2021-08-03 23:24:47 [info]: ::1 (GET) /images/21da9a6de7e50907b6a2abcf1e300d83
2021-08-03 23:24:47 [info]: ::1 (GET) /images/230bd9514898e45a270b693604a87e54
2021-08-03 23:24:47 [info]: ::1 (GET) /images/533ace15a7999978086f25940f35ec0d
2021-08-03 23:24:48 [info]: ::1 (GET) /images/5f7f7bc6de9842fa7e3ab0cc8c83ac91
2021-08-03 23:24:48 [info]: ::1 (GET) /images/230bd9514898e45a270b693604a87e54/info
2021-08-03 23:24:49 [info]: ::1 (GET) /images/230bd9514898e45a270b693604a87e54
2021-08-03 23:24:54 [info]: ::1 (GET) /images/5f7f7bc6de9842fa7e3ab0cc8c83ac91/info
2021-08-03 23:24:54 [info]: ::1 (GET) /images/5f7f7bc6de9842fa7e3ab0cc8c83ac91
2021-08-03 23:25:27 [info]: ::1 (GET) /images/533ace15a7999978086f25940f35ec0d/info
2021-08-03 23:25:27 [info]: ::1 (GET) /images/533ace15a7999978086f25940f35ec0d
2021-08-03 23:25:42 [info]: ::1 (GET) /images/5f7f7bc6de9842fa7e3ab0cc8c83ac91/info
2021-08-03 23:25:42 [info]: ::1 (GET) /images/5f7f7bc6de9842fa7e3ab0cc8c83ac91
2021-08-03 23:27:17 [info]: ::1 (GET) /images/5f7f7bc6de9842fa7e3ab0cc8c83ac91/info
2021-08-03 23:27:17 [info]: ::1 (GET) /images/5f7f7bc6de9842fa7e3ab0cc8c83ac91
2021-08-03 23:27:33 [info]: ::1 (GET) /images/5f7f7bc6de9842fa7e3ab0cc8c83ac91/info
2021-08-03 23:27:33 [info]: ::1 (GET) /images/5f7f7bc6de9842fa7e3ab0cc8c83ac91
2021-08-03 23:27:37 [info]: ::1 (GET) /images
2021-08-03 23:27:37 [info]: ::1 (GET) /users/self
2021-08-03 23:27:37 [info]: ::1 (GET) /images/5f7f7bc6de9842fa7e3ab0cc8c83ac91/info
2021-08-03 23:27:37 [info]: ::1 (GET) /images/21da9a6de7e50907b6a2abcf1e300d83
2021-08-03 23:27:37 [info]: ::1 (GET) /images/230bd9514898e45a270b693604a87e54
2021-08-03 23:27:37 [info]: ::1 (GET) /images/533ace15a7999978086f25940f35ec0d
2021-08-03 23:27:37 [info]: ::1 (GET) /images/5f7f7bc6de9842fa7e3ab0cc8c83ac91
2021-08-03 23:27:37 [info]: ::1 (GET) /images/5f7f7bc6de9842fa7e3ab0cc8c83ac91
2021-08-03 23:27:43 [info]: ::1 (GET) /images
2021-08-03 23:27:43 [info]: ::1 (GET) /users/self
2021-08-03 23:27:43 [info]: ::1 (GET) /images/5f7f7bc6de9842fa7e3ab0cc8c83ac91/info
2021-08-03 23:27:43 [info]: ::1 (GET) /images/21da9a6de7e50907b6a2abcf1e300d83
2021-08-03 23:27:43 [info]: ::1 (GET) /images/230bd9514898e45a270b693604a87e54
2021-08-03 23:27:43 [info]: ::1 (GET) /images/533ace15a7999978086f25940f35ec0d
2021-08-03 23:27:43 [info]: ::1 (GET) /images/5f7f7bc6de9842fa7e3ab0cc8c83ac91
2021-08-03 23:27:43 [info]: ::1 (GET) /images/5f7f7bc6de9842fa7e3ab0cc8c83ac91
2021-08-03 23:27:57 [info]: ::1 (GET) /images/21da9a6de7e50907b6a2abcf1e300d83
2021-08-03 23:27:57 [info]: ::1 (GET) /images/230bd9514898e45a270b693604a87e54
2021-08-03 23:27:57 [info]: ::1 (GET) /images/533ace15a7999978086f25940f35ec0d
2021-08-03 23:27:57 [info]: ::1 (GET) /images/5f7f7bc6de9842fa7e3ab0cc8c83ac91
2021-08-03 23:28:03 [info]: ::1 (GET) /images/21da9a6de7e50907b6a2abcf1e300d83
2021-08-03 23:28:03 [info]: ::1 (GET) /images/230bd9514898e45a270b693604a87e54
2021-08-03 23:28:03 [info]: ::1 (GET) /images/533ace15a7999978086f25940f35ec0d
2021-08-03 23:28:03 [info]: ::1 (GET) /images/5f7f7bc6de9842fa7e3ab0cc8c83ac91
2021-08-03 23:28:41 [info]: ::1 (GET) /images/533ace15a7999978086f25940f35ec0d/info
2021-08-03 23:28:41 [info]: ::1 (GET) /images/533ace15a7999978086f25940f35ec0d
2021-08-03 23:30:12 [info]: ::1 (GET) /images/533ace15a7999978086f25940f35ec0d/info
2021-08-03 23:30:12 [info]: ::1 (GET) /images/533ace15a7999978086f25940f35ec0d
2021-08-03 23:30:30 [info]: ::1 (GET) /images
2021-08-03 23:30:30 [info]: ::1 (GET) /users/self
2021-08-03 23:30:30 [info]: ::1 (GET) /images/21da9a6de7e50907b6a2abcf1e300d83
2021-08-03 23:30:30 [info]: ::1 (GET) /images/230bd9514898e45a270b693604a87e54
2021-08-03 23:30:30 [info]: ::1 (GET) /images/533ace15a7999978086f25940f35ec0d
2021-08-03 23:30:30 [info]: ::1 (GET) /images/5f7f7bc6de9842fa7e3ab0cc8c83ac91
2021-08-03 23:30:38 [info]: ::1 (GET) /images/533ace15a7999978086f25940f35ec0d/info
2021-08-03 23:30:38 [info]: ::1 (GET) /images/533ace15a7999978086f25940f35ec0d
2021-08-03 23:32:22 [info]: ::1 (GET) /images/21da9a6de7e50907b6a2abcf1e300d83/info
2021-08-03 23:32:22 [info]: ::1 (GET) /images/21da9a6de7e50907b6a2abcf1e300d83
2021-08-03 23:32:31 [info]: ::1 (GET) /images/533ace15a7999978086f25940f35ec0d/info
2021-08-03 23:32:31 [info]: ::1 (GET) /images/533ace15a7999978086f25940f35ec0d
2021-08-03 23:32:41 [info]: ::1 (GET) /titles
2021-08-03 23:32:41 [info]: ::1 (GET) /users/self
2021-08-03 23:32:42 [info]: ::1 (GET) /titles/4fc63cc45cb72566136015b9dcf1cf46
2021-08-03 23:32:54 [info]: ::1 (GET) /titles/273b352a34374b898a850afd13c09b8f
2021-08-03 23:33:06 [info]: ::1 (GET) /users
2021-08-03 23:33:06 [info]: ::1 (GET) /users/self
2021-08-03 23:33:07 [info]: ::1 (GET) /users/8bc22a8f766a2d7f
2021-08-03 23:33:15 [info]: ::1 (GET) /users?q=test
2021-08-03 23:33:17 [info]: ::1 (GET) /users/452d341c136763dc
2021-08-03 23:33:30 [info]: ::1 (GET) /images
2021-08-03 23:33:30 [info]: ::1 (GET) /users/self
2021-08-03 23:33:30 [info]: ::1 (GET) /images/21da9a6de7e50907b6a2abcf1e300d83
2021-08-03 23:33:30 [info]: ::1 (GET) /images/230bd9514898e45a270b693604a87e54
2021-08-03 23:33:30 [info]: ::1 (GET) /images/533ace15a7999978086f25940f35ec0d
2021-08-03 23:33:30 [info]: ::1 (GET) /images/5f7f7bc6de9842fa7e3ab0cc8c83ac91
2021-08-03 23:33:32 [info]: ::1 (GET) /titles
2021-08-03 23:33:32 [info]: ::1 (GET) /users/self
2021-08-03 23:33:35 [info]: ::1 (GET) /images
2021-08-03 23:33:35 [info]: ::1 (GET) /users/self
2021-08-03 23:33:35 [info]: ::1 (GET) /images/21da9a6de7e50907b6a2abcf1e300d83
2021-08-03 23:33:35 [info]: ::1 (GET) /images/230bd9514898e45a270b693604a87e54
2021-08-03 23:33:35 [info]: ::1 (GET) /images/533ace15a7999978086f25940f35ec0d
2021-08-03 23:33:35 [info]: ::1 (GET) /images/5f7f7bc6de9842fa7e3ab0cc8c83ac91
2021-08-03 23:33:42 [info]: ::1 (GET) /images/533ace15a7999978086f25940f35ec0d/info
2021-08-03 23:33:42 [info]: ::1 (GET) /images/533ace15a7999978086f25940f35ec0d
