2021-02-27 04:06:51 [info]: ::1 (GET) /handle/t
2021-02-27 04:06:51 [info]: ::1 (GET) /handle/te
2021-02-27 04:06:51 [info]: ::1 (GET) /handle/tes
2021-02-27 04:06:51 [info]: ::1 (GET) /handle/test
2021-02-27 04:06:51 [info]: ::1 (GET) /handle/testa
2021-02-27 04:06:52 [info]: ::1 (GET) /handle/testac
2021-02-27 04:06:52 [info]: ::1 (GET) /handle/testacc
2021-02-27 04:06:52 [info]: ::1 (GET) /handle/testacc1
2021-02-27 04:06:53 [info]: ::1 (GET) /handle/testacc12
2021-02-27 04:07:16 [info]: ::1 (POST) /users
2021-02-27 04:09:01 [info]: ::1 (GET) /handle/w
2021-02-27 04:09:02 [info]: ::1 (GET) /handle/wa
2021-02-27 04:09:03 [info]: ::1 (GET) /handle/wak
2021-02-27 04:09:03 [info]: ::1 (GET) /handle/waka
2021-02-27 04:09:03 [info]: ::1 (GET) /handle/wakaw
2021-02-27 04:09:03 [info]: ::1 (GET) /handle/wakawa
2021-02-27 04:09:04 [info]: ::1 (GET) /handle/wakawak
2021-02-27 04:09:20 [info]: ::1 (POST) /users
2021-02-27 04:14:15 [info]: ::1 (GET) /handle/d
2021-02-27 04:14:15 [info]: ::1 (GET) /handle/dk
2021-02-27 04:14:15 [info]: ::1 (GET) /handle/dkw
2021-02-27 04:14:15 [info]: ::1 (GET) /handle/dkwa
2021-02-27 04:14:15 [info]: ::1 (GET) /handle/dkwao
2021-02-27 04:14:15 [info]: ::1 (GET) /handle/dkwaod
2021-02-27 04:14:27 [info]: ::1 (POST) /users
2021-02-27 04:14:30 [info]: ::1 (POST) /users
2021-02-27 04:14:31 [info]: ::1 (POST) /users
2021-02-27 04:14:32 [info]: ::1 (POST) /users
2021-02-27 04:20:13 [info]: API listening at http://localhost:9000
2021-02-27 04:20:21 [info]: ::1 (POST) /users
2021-02-27 04:20:36 [info]: ::1 (POST) /users
