2021-07-19 16:29:01 [info]: API listening at http://localhost:9000
2021-07-19 16:39:42 [info]: ::1 (GET) /titles/273b352a34374b898a850afd13c09b8f
2021-07-19 16:39:42 [info]: ::1 (GET) /users/self
2021-07-19 16:39:42 [info]: ::1 (GET) /users/452d341c136763dc/ratings/273b352a34374b898a850afd13c09b8f
2021-07-19 16:40:00 [info]: ::1 (GET) /titles/273b352a34374b898a850afd13c09b8f
2021-07-19 16:41:20 [info]: ::1 (GET) /titles/273b352a34374b898a850afd13c09b8f
2021-07-19 16:41:31 [info]: ::1 (GET) /titles/273b352a34374b898a850afd13c09b8f
2021-07-19 16:44:58 [info]: ::1 (GET) /titles/273b352a34374b898a850afd13c09b8f
2021-07-19 16:44:58 [info]: ::1 (GET) /users/self
2021-07-19 16:46:06 [info]: ::1 (GET) /titles/273b352a34374b898a850afd13c09b8f
2021-07-19 16:46:07 [info]: ::1 (GET) /users/452d341c136763dc/ratings/273b352a34374b898a850afd13c09b8f
2021-07-19 16:46:08 [info]: ::1 (GET) /titles/273b352a34374b898a850afd13c09b8f
2021-07-19 16:46:08 [info]: ::1 (GET) /users/self
2021-07-19 16:46:21 [info]: ::1 (GET) /titles/273b352a34374b898a850afd13c09b8f
2021-07-19 16:46:22 [info]: ::1 (GET) /users/452d341c136763dc/ratings/273b352a34374b898a850afd13c09b8f
2021-07-19 16:46:34 [info]: ::1 (GET) /titles/273b352a34374b898a850afd13c09b8f
2021-07-19 16:46:34 [info]: ::1 (GET) /users/self
2021-07-19 16:46:34 [info]: ::1 (GET) /users/452d341c136763dc/ratings/273b352a34374b898a850afd13c09b8f
2021-07-19 16:52:21 [info]: ::1 (GET) /titles/273b352a34374b898a850afd13c09b8f
2021-07-19 16:52:35 [info]: ::1 (GET) /titles/273b352a34374b898a850afd13c09b8f
2021-07-19 16:52:56 [info]: ::1 (GET) /titles/273b352a34374b898a850afd13c09b8f
2021-07-19 16:52:56 [info]: ::1 (GET) /users/452d341c136763dc/ratings/273b352a34374b898a850afd13c09b8f
2021-07-19 17:04:32 [info]: ::1 (GET) /titles/273b352a34374b898a850afd13c09b8f
2021-07-19 17:04:33 [info]: ::1 (GET) /users/452d341c136763dc/ratings/273b352a34374b898a850afd13c09b8f
2021-07-19 17:05:59 [info]: ::1 (GET) /titles/273b352a34374b898a850afd13c09b8f
2021-07-19 17:06:00 [info]: ::1 (GET) /users/452d341c136763dc/ratings/273b352a34374b898a850afd13c09b8f
2021-07-19 17:07:21 [info]: ::1 (GET) /titles/273b352a34374b898a850afd13c09b8f
2021-07-19 17:07:22 [info]: ::1 (GET) /users/452d341c136763dc/ratings/273b352a34374b898a850afd13c09b8f
2021-07-19 17:09:59 [info]: ::1 (DELETE) /users/452d341c136763dc/ratings/273b352a34374b898a850afd13c09b8f
2021-07-19 17:10:07 [info]: ::1 (GET) /titles/273b352a34374b898a850afd13c09b8f
2021-07-19 17:10:07 [info]: ::1 (GET) /users/self
2021-07-19 17:10:10 [info]: ::1 (POST) /users/452d341c136763dc/ratings/273b352a34374b898a850afd13c09b8f
2021-07-19 17:11:18 [info]: ::1 (GET) /titles/273b352a34374b898a850afd13c09b8f
2021-07-19 17:11:19 [info]: ::1 (GET) /users/452d341c136763dc/ratings/273b352a34374b898a850afd13c09b8f
2021-07-19 17:11:21 [info]: ::1 (POST) /users/452d341c136763dc/ratings/273b352a34374b898a850afd13c09b8f
2021-07-19 17:12:38 [info]: ::1 (GET) /titles/273b352a34374b898a850afd13c09b8f
2021-07-19 17:12:38 [info]: ::1 (GET) /users/452d341c136763dc/ratings/273b352a34374b898a850afd13c09b8f
2021-07-19 17:12:41 [info]: ::1 (POST) /users/452d341c136763dc/ratings/273b352a34374b898a850afd13c09b8f
2021-07-19 17:12:46 [info]: ::1 (GET) /titles/273b352a34374b898a850afd13c09b8f
2021-07-19 17:12:46 [info]: ::1 (GET) /users/self
2021-07-19 17:12:48 [info]: ::1 (POST) /users/452d341c136763dc/ratings/273b352a34374b898a850afd13c09b8f
2021-07-19 17:15:59 [info]: ::1 (POST) /users/452d341c136763dc/ratings/273b352a34374b898a850afd13c09b8f
2021-07-19 17:18:00 [info]: ::1 (POST) /users/452d341c136763dc/ratings/273b352a34374b898a850afd13c09b8f
2021-07-19 17:18:05 [info]: ::1 (GET) /titles/273b352a34374b898a850afd13c09b8f
2021-07-19 17:18:05 [info]: ::1 (GET) /users/self
2021-07-19 17:18:22 [info]: ::1 (GET) /titles/273b352a34374b898a850afd13c09b8f
2021-07-19 17:18:22 [info]: ::1 (GET) /users/self
2021-07-19 17:19:15 [info]: ::1 (GET) /titles/273b352a34374b898a850afd13c09b8f
2021-07-19 17:19:15 [info]: ::1 (GET) /users/452d341c136763dc/ratings/273b352a34374b898a850afd13c09b8f
2021-07-19 17:19:20 [info]: ::1 (PUT) /users/452d341c136763dc/ratings/273b352a34374b898a850afd13c09b8f
2021-07-19 17:20:40 [info]: API listening at http://localhost:9000
2021-07-19 17:20:43 [info]: ::1 (GET) /titles/273b352a34374b898a850afd13c09b8f
2021-07-19 17:20:43 [info]: ::1 (GET) /users/self
2021-07-19 17:20:44 [info]: ::1 (GET) /users/452d341c136763dc/ratings/273b352a34374b898a850afd13c09b8f
2021-07-19 17:20:46 [info]: ::1 (PUT) /users/452d341c136763dc/ratings/273b352a34374b898a850afd13c09b8f
2021-07-19 17:20:58 [info]: ::1 (DELETE) /users/452d341c136763dc/ratings/273b352a34374b898a850afd13c09b8f
2021-07-19 17:21:00 [info]: ::1 (DELETE) /users/452d341c136763dc/ratings/273b352a34374b898a850afd13c09b8f
2021-07-19 17:21:09 [info]: ::1 (GET) /titles/273b352a34374b898a850afd13c09b8f
2021-07-19 17:21:09 [info]: ::1 (GET) /users/self
2021-07-19 17:21:13 [info]: ::1 (POST) /users/452d341c136763dc/ratings/273b352a34374b898a850afd13c09b8f
2021-07-19 17:22:42 [info]: ::1 (GET) /titles/273b352a34374b898a850afd13c09b8f
2021-07-19 17:22:42 [info]: ::1 (GET) /users/452d341c136763dc/ratings/273b352a34374b898a850afd13c09b8f
2021-07-19 17:22:44 [info]: ::1 (POST) /users/452d341c136763dc/ratings/273b352a34374b898a850afd13c09b8f
2021-07-19 17:22:45 [info]: ::1 (PUT) /users/452d341c136763dc/ratings/273b352a34374b898a850afd13c09b8f
2021-07-19 17:22:48 [info]: ::1 (DELETE) /users/452d341c136763dc/ratings/273b352a34374b898a850afd13c09b8f
2021-07-19 17:22:50 [info]: ::1 (PUT) /users/452d341c136763dc/ratings/273b352a34374b898a850afd13c09b8f
2021-07-19 17:23:40 [info]: ::1 (GET) /titles/273b352a34374b898a850afd13c09b8f
2021-07-19 17:23:40 [info]: ::1 (GET) /users/452d341c136763dc/ratings/273b352a34374b898a850afd13c09b8f
2021-07-19 17:23:42 [info]: ::1 (POST) /users/452d341c136763dc/ratings/273b352a34374b898a850afd13c09b8f
2021-07-19 17:23:45 [info]: ::1 (GET) /titles/273b352a34374b898a850afd13c09b8f
2021-07-19 17:23:45 [info]: ::1 (GET) /users/self
2021-07-19 17:23:53 [info]: ::1 (GET) /titles/273b352a34374b898a850afd13c09b8f
2021-07-19 17:23:53 [info]: ::1 (GET) /users/self
2021-07-19 17:23:55 [info]: ::1 (POST) /users/452d341c136763dc/ratings/273b352a34374b898a850afd13c09b8f
2021-07-19 17:23:58 [info]: ::1 (POST) /users/452d341c136763dc/ratings/273b352a34374b898a850afd13c09b8f
2021-07-19 17:23:59 [info]: ::1 (POST) /users/452d341c136763dc/ratings/273b352a34374b898a850afd13c09b8f
2021-07-19 17:24:30 [info]: ::1 (GET) /titles/273b352a34374b898a850afd13c09b8f
2021-07-19 17:24:30 [info]: ::1 (GET) /users/452d341c136763dc/ratings/273b352a34374b898a850afd13c09b8f
2021-07-19 17:24:33 [info]: ::1 (PUT) /users/452d341c136763dc/ratings/273b352a34374b898a850afd13c09b8f
2021-07-19 17:24:36 [info]: ::1 (DELETE) /users/452d341c136763dc/ratings/273b352a34374b898a850afd13c09b8f
2021-07-19 17:25:13 [info]: ::1 (GET) /titles/273b352a34374b898a850afd13c09b8f
2021-07-19 17:25:13 [info]: ::1 (GET) /users/452d341c136763dc/ratings/273b352a34374b898a850afd13c09b8f
2021-07-19 17:25:19 [info]: ::1 (POST) /users/452d341c136763dc/ratings/273b352a34374b898a850afd13c09b8f
2021-07-19 17:25:21 [info]: ::1 (DELETE) /users/452d341c136763dc/ratings/273b352a34374b898a850afd13c09b8f
2021-07-19 17:25:23 [info]: ::1 (DELETE) /users/452d341c136763dc/ratings/273b352a34374b898a850afd13c09b8f
2021-07-19 17:25:25 [info]: ::1 (PUT) /users/452d341c136763dc/ratings/273b352a34374b898a850afd13c09b8f
2021-07-19 17:26:39 [info]: ::1 (GET) /titles/273b352a34374b898a850afd13c09b8f
2021-07-19 17:26:39 [info]: ::1 (GET) /users/452d341c136763dc/ratings/273b352a34374b898a850afd13c09b8f
2021-07-19 17:26:41 [info]: ::1 (POST) /users/452d341c136763dc/ratings/273b352a34374b898a850afd13c09b8f
2021-07-19 17:26:42 [info]: ::1 (PUT) /users/452d341c136763dc/ratings/273b352a34374b898a850afd13c09b8f
2021-07-19 17:26:43 [info]: ::1 (PUT) /users/452d341c136763dc/ratings/273b352a34374b898a850afd13c09b8f
2021-07-19 17:26:44 [info]: ::1 (DELETE) /users/452d341c136763dc/ratings/273b352a34374b898a850afd13c09b8f
2021-07-19 17:26:45 [info]: ::1 (POST) /users/452d341c136763dc/ratings/273b352a34374b898a850afd13c09b8f
2021-07-19 17:26:46 [info]: ::1 (PUT) /users/452d341c136763dc/ratings/273b352a34374b898a850afd13c09b8f
2021-07-19 17:26:47 [info]: ::1 (DELETE) /users/452d341c136763dc/ratings/273b352a34374b898a850afd13c09b8f
2021-07-19 17:26:47 [info]: ::1 (POST) /users/452d341c136763dc/ratings/273b352a34374b898a850afd13c09b8f
2021-07-19 17:26:48 [info]: ::1 (DELETE) /users/452d341c136763dc/ratings/273b352a34374b898a850afd13c09b8f
2021-07-19 17:26:48 [info]: ::1 (POST) /users/452d341c136763dc/ratings/273b352a34374b898a850afd13c09b8f
2021-07-19 17:26:49 [info]: ::1 (DELETE) /users/452d341c136763dc/ratings/273b352a34374b898a850afd13c09b8f
2021-07-19 17:26:49 [info]: ::1 (POST) /users/452d341c136763dc/ratings/273b352a34374b898a850afd13c09b8f
2021-07-19 17:26:50 [info]: ::1 (PUT) /users/452d341c136763dc/ratings/273b352a34374b898a850afd13c09b8f
2021-07-19 17:27:07 [info]: API listening at http://localhost:9000
2021-07-19 22:12:35 [info]: ::1 (PUT) /users/452d341c136763dc/ratings/273b352a34374b898a850afd13c09b8f
2021-07-19 22:12:37 [info]: ::1 (PUT) /users/452d341c136763dc/ratings/273b352a34374b898a850afd13c09b8f
