2021-08-16 15:17:05 [info]: API listening at http://localhost:9000
2021-08-16 15:21:26 [info]: ::1 (GET) /pages/new
2021-08-16 15:21:26 [info]: ::1 (GET) /images/147f951d2d7a7905d542eb29e21d9985
2021-08-16 15:21:26 [info]: ::1 (GET) /images/ac46af1810ac97b181daade2bb07a8e1
2021-08-16 15:21:26 [info]: ::1 (GET) /images/5781d7fb63abb5ed2c5aaf46ad9c2876
2021-08-16 15:21:26 [info]: ::1 (GET) /images/04b3db58a9f3d49e12ef2442fb898720
2021-08-16 15:21:26 [info]: ::1 (GET) /images/1d7510521f38e6f5a7115944a8810d3c
2021-08-16 15:21:26 [info]: ::1 (GET) /images/ba2ee7125905e03394cb74dab2d6bcdc
2021-08-16 15:21:26 [info]: ::1 (GET) /images/53ed97785447e228a25a61b648a53af5
2021-08-16 15:21:26 [info]: ::1 (GET) /images/688df9523df0841a9e2e72880b0a447b
2021-08-16 15:21:26 [info]: ::1 (GET) /images/b45e55914bd6bed65a51fc0c73d56415
2021-08-16 15:21:26 [info]: ::1 (GET) /images/81cf1c59da84db64bce9aa06dab68796
2021-08-16 15:21:37 [info]: ::1 (GET) /titles/273b352a34374b898a850afd13c09b8f
2021-08-16 15:21:37 [info]: ::1 (GET) /images/147f951d2d7a7905d542eb29e21d9985
2021-08-16 15:21:53 [info]: ::1 (GET) /titles/273b352a34374b898a850afd13c09b8f
2021-08-16 15:21:53 [info]: ::1 (GET) /images/147f951d2d7a7905d542eb29e21d9985
2021-08-16 15:22:15 [info]: ::1 (GET) /pages/new
2021-08-16 15:22:15 [info]: ::1 (GET) /images/147f951d2d7a7905d542eb29e21d9985
2021-08-16 15:22:15 [info]: ::1 (GET) /images/ac46af1810ac97b181daade2bb07a8e1
2021-08-16 15:22:15 [info]: ::1 (GET) /images/5781d7fb63abb5ed2c5aaf46ad9c2876
2021-08-16 15:22:15 [info]: ::1 (GET) /images/04b3db58a9f3d49e12ef2442fb898720
2021-08-16 15:22:15 [info]: ::1 (GET) /images/1d7510521f38e6f5a7115944a8810d3c
2021-08-16 15:22:15 [info]: ::1 (GET) /images/ba2ee7125905e03394cb74dab2d6bcdc
2021-08-16 15:22:15 [info]: ::1 (GET) /images/53ed97785447e228a25a61b648a53af5
2021-08-16 15:22:15 [info]: ::1 (GET) /images/688df9523df0841a9e2e72880b0a447b
2021-08-16 15:22:15 [info]: ::1 (GET) /images/b45e55914bd6bed65a51fc0c73d56415
2021-08-16 15:22:15 [info]: ::1 (GET) /images/81cf1c59da84db64bce9aa06dab68796
2021-08-16 15:54:49 [info]: ::1 (GET) /pages/new
2021-08-16 15:54:49 [info]: ::1 (GET) /images/147f951d2d7a7905d542eb29e21d9985
2021-08-16 15:54:49 [info]: ::1 (GET) /images/ac46af1810ac97b181daade2bb07a8e1
2021-08-16 15:54:49 [info]: ::1 (GET) /images/5781d7fb63abb5ed2c5aaf46ad9c2876
2021-08-16 15:54:49 [info]: ::1 (GET) /images/04b3db58a9f3d49e12ef2442fb898720
2021-08-16 15:54:49 [info]: ::1 (GET) /images/1d7510521f38e6f5a7115944a8810d3c
2021-08-16 15:54:49 [info]: ::1 (GET) /images/ba2ee7125905e03394cb74dab2d6bcdc
2021-08-16 15:54:49 [info]: ::1 (GET) /images/688df9523df0841a9e2e72880b0a447b
2021-08-16 15:54:49 [info]: ::1 (GET) /images/53ed97785447e228a25a61b648a53af5
2021-08-16 15:54:49 [info]: ::1 (GET) /images/b45e55914bd6bed65a51fc0c73d56415
2021-08-16 15:54:49 [info]: ::1 (GET) /images/81cf1c59da84db64bce9aa06dab68796
2021-08-16 15:55:00 [info]: ::1 (GET) /titles/f5607848fa8eb02965200564483f2879
2021-08-16 15:55:00 [info]: ::1 (GET) /images/1d7510521f38e6f5a7115944a8810d3c
2021-08-16 16:43:28 [info]: ::1 (GET) /titles/f5607848fa8eb02965200564483f2879
2021-08-16 16:43:28 [info]: ::1 (GET) /images/1d7510521f38e6f5a7115944a8810d3c
2021-08-16 16:43:29 [info]: ::1 (GET) /pages/new
2021-08-16 16:43:29 [info]: ::1 (GET) /images/1d7510521f38e6f5a7115944a8810d3c
2021-08-16 16:43:29 [info]: ::1 (GET) /images/147f951d2d7a7905d542eb29e21d9985
2021-08-16 16:43:29 [info]: ::1 (GET) /images/ac46af1810ac97b181daade2bb07a8e1
2021-08-16 16:43:29 [info]: ::1 (GET) /images/04b3db58a9f3d49e12ef2442fb898720
2021-08-16 16:43:29 [info]: ::1 (GET) /images/5781d7fb63abb5ed2c5aaf46ad9c2876
2021-08-16 16:43:29 [info]: ::1 (GET) /images/ba2ee7125905e03394cb74dab2d6bcdc
2021-08-16 16:43:29 [info]: ::1 (GET) /images/53ed97785447e228a25a61b648a53af5
2021-08-16 16:43:29 [info]: ::1 (GET) /images/688df9523df0841a9e2e72880b0a447b
2021-08-16 16:43:29 [info]: ::1 (GET) /images/81cf1c59da84db64bce9aa06dab68796
2021-08-16 16:43:29 [info]: ::1 (GET) /images/b45e55914bd6bed65a51fc0c73d56415
2021-08-16 16:43:30 [info]: ::1 (GET) /pages/new
2021-08-16 16:43:31 [info]: ::1 (GET) /images/147f951d2d7a7905d542eb29e21d9985
2021-08-16 16:43:31 [info]: ::1 (GET) /images/ac46af1810ac97b181daade2bb07a8e1
2021-08-16 16:43:31 [info]: ::1 (GET) /images/5781d7fb63abb5ed2c5aaf46ad9c2876
2021-08-16 16:43:31 [info]: ::1 (GET) /images/04b3db58a9f3d49e12ef2442fb898720
2021-08-16 16:43:31 [info]: ::1 (GET) /images/1d7510521f38e6f5a7115944a8810d3c
2021-08-16 16:43:31 [info]: ::1 (GET) /images/ba2ee7125905e03394cb74dab2d6bcdc
2021-08-16 16:43:31 [info]: ::1 (GET) /images/53ed97785447e228a25a61b648a53af5
2021-08-16 16:43:31 [info]: ::1 (GET) /images/688df9523df0841a9e2e72880b0a447b
2021-08-16 16:43:31 [info]: ::1 (GET) /images/b45e55914bd6bed65a51fc0c73d56415
2021-08-16 16:43:31 [info]: ::1 (GET) /images/81cf1c59da84db64bce9aa06dab68796
2021-08-16 16:43:32 [info]: ::1 (GET) /pages/new
2021-08-16 16:43:32 [info]: ::1 (GET) /images/147f951d2d7a7905d542eb29e21d9985
2021-08-16 16:43:32 [info]: ::1 (GET) /images/ac46af1810ac97b181daade2bb07a8e1
2021-08-16 16:43:32 [info]: ::1 (GET) /images/5781d7fb63abb5ed2c5aaf46ad9c2876
2021-08-16 16:43:32 [info]: ::1 (GET) /images/04b3db58a9f3d49e12ef2442fb898720
2021-08-16 16:43:32 [info]: ::1 (GET) /images/1d7510521f38e6f5a7115944a8810d3c
2021-08-16 16:43:32 [info]: ::1 (GET) /images/ba2ee7125905e03394cb74dab2d6bcdc
2021-08-16 16:43:32 [info]: ::1 (GET) /images/53ed97785447e228a25a61b648a53af5
2021-08-16 16:43:32 [info]: ::1 (GET) /images/688df9523df0841a9e2e72880b0a447b
2021-08-16 16:43:32 [info]: ::1 (GET) /images/81cf1c59da84db64bce9aa06dab68796
2021-08-16 16:43:32 [info]: ::1 (GET) /images/b45e55914bd6bed65a51fc0c73d56415
2021-08-16 16:43:37 [info]: ::1 (GET) /auth
2021-08-16 16:43:37 [info]: ::1 (GET) /users/self
2021-08-16 16:44:03 [info]: ::1 (GET) /images/
2021-08-16 16:44:03 [info]: ::1 (GET) /images/
2021-08-16 16:44:03 [info]: ::1 (GET) /titles
2021-08-16 16:44:03 [info]: ::1 (GET) /users/self
2021-08-16 16:44:05 [info]: ::1 (GET) /titles/da9c985110156d0027e6ead301f06690
2021-08-16 16:44:05 [info]: ::1 (GET) /images/
2021-08-16 16:44:05 [info]: ::1 (GET) /images/5b5c4c793735916c3bff4cca323b01d2
2021-08-16 16:44:10 [info]: ::1 (PUT) /titles/da9c985110156d0027e6ead301f06690
2021-08-16 16:44:10 [info]: ::1 (GET) /titles/da9c985110156d0027e6ead301f06690
2021-08-16 16:44:10 [info]: ::1 (GET) /images/
2021-08-16 16:44:10 [info]: ::1 (GET) /images/5b5c4c793735916c3bff4cca323b01d2
2021-08-16 16:44:15 [info]: ::1 (GET) /titles/?q=pickle
2021-08-16 16:44:15 [info]: ::1 (GET) /images/5b5c4c793735916c3bff4cca323b01d2
2021-08-16 16:44:17 [info]: ::1 (GET) /titles/da9c985110156d0027e6ead301f06690
2021-08-16 16:44:17 [info]: ::1 (GET) /images/5b5c4c793735916c3bff4cca323b01d2
2021-08-16 16:49:27 [info]: ::1 (GET) /titles/da9c985110156d0027e6ead301f06690
2021-08-16 16:50:10 [info]: ::1 (GET) /titles/da9c985110156d0027e6ead301f06690
2021-08-16 16:50:31 [info]: ::1 (GET) /titles/da9c985110156d0027e6ead301f06690
2021-08-16 16:50:31 [info]: ::1 (GET) /images/5b5c4c793735916c3bff4cca323b01d2
2021-08-16 16:50:42 [info]: ::1 (GET) /titles/da9c985110156d0027e6ead301f06690
2021-08-16 16:50:42 [info]: ::1 (GET) /images/5b5c4c793735916c3bff4cca323b01d2
2021-08-16 16:52:44 [info]: ::1 (PUT) /titles/da9c985110156d0027e6ead301f06690
2021-08-16 16:52:44 [info]: ::1 (GET) /titles/da9c985110156d0027e6ead301f06690
2021-08-16 16:52:44 [info]: ::1 (GET) /images/
2021-08-16 16:52:44 [info]: ::1 (GET) /images/5b5c4c793735916c3bff4cca323b01d2
2021-08-16 16:52:46 [info]: ::1 (GET) /titles/da9c985110156d0027e6ead301f06690
2021-08-16 16:52:46 [info]: ::1 (GET) /images/5b5c4c793735916c3bff4cca323b01d2
2021-08-16 16:53:51 [info]: ::1 (GET) /titles?q=pickle
2021-08-16 16:53:57 [info]: ::1 (PUT) /titles/da9c985110156d0027e6ead301f06690
2021-08-16 16:53:58 [info]: ::1 (GET) /titles/da9c985110156d0027e6ead301f06690
2021-08-16 16:53:58 [info]: ::1 (GET) /images/
2021-08-16 16:53:58 [info]: ::1 (GET) /images/5b5c4c793735916c3bff4cca323b01d2
2021-08-16 16:54:01 [info]: ::1 (GET) /titles/da9c985110156d0027e6ead301f06690
2021-08-16 16:54:01 [info]: ::1 (GET) /images/5b5c4c793735916c3bff4cca323b01d2
2021-08-16 16:55:36 [info]: ::1 (PUT) /titles/da9c985110156d0027e6ead301f06690
2021-08-16 16:55:36 [info]: ::1 (GET) /titles/da9c985110156d0027e6ead301f06690
2021-08-16 16:55:36 [info]: ::1 (GET) /images/
2021-08-16 16:55:36 [info]: ::1 (GET) /images/5b5c4c793735916c3bff4cca323b01d2
2021-08-16 16:55:38 [info]: ::1 (GET) /titles/da9c985110156d0027e6ead301f06690
2021-08-16 16:55:38 [info]: ::1 (GET) /images/5b5c4c793735916c3bff4cca323b01d2
2021-08-16 16:55:47 [info]: ::1 (PUT) /titles/da9c985110156d0027e6ead301f06690
2021-08-16 16:55:47 [info]: ::1 (GET) /titles/da9c985110156d0027e6ead301f06690
2021-08-16 16:55:47 [info]: ::1 (GET) /images/
2021-08-16 16:55:47 [info]: ::1 (GET) /images/5b5c4c793735916c3bff4cca323b01d2
2021-08-16 16:55:48 [info]: ::1 (GET) /titles/da9c985110156d0027e6ead301f06690
2021-08-16 16:55:48 [info]: ::1 (GET) /images/5b5c4c793735916c3bff4cca323b01d2
2021-08-16 16:55:56 [info]: ::1 (PUT) /titles/da9c985110156d0027e6ead301f06690
2021-08-16 16:55:56 [info]: ::1 (GET) /titles/da9c985110156d0027e6ead301f06690
2021-08-16 16:55:56 [info]: ::1 (GET) /images/
2021-08-16 16:55:56 [info]: ::1 (GET) /images/5b5c4c793735916c3bff4cca323b01d2
2021-08-16 16:55:58 [info]: ::1 (GET) /titles/da9c985110156d0027e6ead301f06690
2021-08-16 16:55:58 [info]: ::1 (GET) /images/5b5c4c793735916c3bff4cca323b01d2
2021-08-16 16:56:08 [info]: ::1 (PUT) /titles/da9c985110156d0027e6ead301f06690
2021-08-16 16:56:08 [info]: ::1 (GET) /titles/da9c985110156d0027e6ead301f06690
2021-08-16 16:56:08 [info]: ::1 (GET) /images/
2021-08-16 16:56:08 [info]: ::1 (GET) /images/5b5c4c793735916c3bff4cca323b01d2
2021-08-16 16:56:12 [info]: ::1 (PUT) /titles/da9c985110156d0027e6ead301f06690
2021-08-16 16:56:12 [info]: ::1 (GET) /titles/da9c985110156d0027e6ead301f06690
2021-08-16 16:56:12 [info]: ::1 (GET) /images/
2021-08-16 16:56:12 [info]: ::1 (GET) /images/5b5c4c793735916c3bff4cca323b01d2
2021-08-16 16:56:57 [info]: ::1 (GET) /images/
2021-08-16 16:56:57 [info]: ::1 (GET) /images/
2021-08-16 16:56:57 [info]: ::1 (GET) /titles
2021-08-16 16:56:57 [info]: ::1 (GET) /users/self
2021-08-16 16:57:02 [info]: ::1 (GET) /titles?q=pickle
2021-08-16 16:57:03 [info]: ::1 (GET) /titles/da9c985110156d0027e6ead301f06690
2021-08-16 16:57:03 [info]: ::1 (GET) /images/
2021-08-16 16:57:03 [info]: ::1 (GET) /images/5b5c4c793735916c3bff4cca323b01d2
2021-08-16 16:57:05 [info]: ::1 (PUT) /titles/da9c985110156d0027e6ead301f06690
2021-08-16 16:57:06 [info]: ::1 (GET) /titles/da9c985110156d0027e6ead301f06690
2021-08-16 16:57:06 [info]: ::1 (GET) /images/
2021-08-16 16:57:06 [info]: ::1 (GET) /images/5b5c4c793735916c3bff4cca323b01d2
2021-08-16 16:57:08 [info]: ::1 (GET) /titles/da9c985110156d0027e6ead301f06690
2021-08-16 16:57:08 [info]: ::1 (GET) /images/5b5c4c793735916c3bff4cca323b01d2
2021-08-16 16:59:31 [info]: ::1 (GET) /images/
2021-08-16 16:59:32 [info]: ::1 (PUT) /titles/da9c985110156d0027e6ead301f06690
2021-08-16 16:59:32 [info]: ::1 (GET) /images/5b5c4c793735916c3bff4cca323b01d2
2021-08-16 16:59:32 [info]: ::1 (GET) /titles/da9c985110156d0027e6ead301f06690
2021-08-16 16:59:32 [info]: ::1 (GET) /images/
2021-08-16 16:59:34 [info]: ::1 (GET) /titles/da9c985110156d0027e6ead301f06690
2021-08-16 16:59:34 [info]: ::1 (GET) /images/
2021-08-16 16:59:39 [info]: ::1 (GET) /images
2021-08-16 16:59:39 [info]: ::1 (GET) /users/self
2021-08-16 16:59:39 [info]: ::1 (GET) /images/04b3db58a9f3d49e12ef2442fb898720
2021-08-16 16:59:39 [info]: ::1 (GET) /images/147f951d2d7a7905d542eb29e21d9985
2021-08-16 16:59:39 [info]: ::1 (GET) /images/14fe5f41b1c5c552acdd1a1c12680256
2021-08-16 16:59:39 [info]: ::1 (GET) /images/1d7510521f38e6f5a7115944a8810d3c
2021-08-16 16:59:39 [info]: ::1 (GET) /images/3519ec5ace533a0077874246cbf50422
2021-08-16 16:59:39 [info]: ::1 (GET) /images/3bdfcd9ffb7f6374a85ee68bd4e088e4
2021-08-16 16:59:39 [info]: ::1 (GET) /images/53ed97785447e228a25a61b648a53af5
2021-08-16 16:59:39 [info]: ::1 (GET) /images/5b5c4c793735916c3bff4cca323b01d2
2021-08-16 16:59:39 [info]: ::1 (GET) /images/5781d7fb63abb5ed2c5aaf46ad9c2876
2021-08-16 16:59:39 [info]: ::1 (GET) /images/688df9523df0841a9e2e72880b0a447b
2021-08-16 16:59:40 [info]: ::1 (GET) /images/7d5c01a742c21d28267e79074e484bf2
2021-08-16 16:59:40 [info]: ::1 (GET) /images/7edda3eb7ab91b2f03d8f2ef336456b9
2021-08-16 16:59:40 [info]: ::1 (GET) /images/8051ea4b597d112dbb99cf51569edd85
2021-08-16 16:59:40 [info]: ::1 (GET) /images/81cf1c59da84db64bce9aa06dab68796
2021-08-16 16:59:40 [info]: ::1 (GET) /images/8be026fe3ac9eac8de8243427a958456
2021-08-16 16:59:40 [info]: ::1 (GET) /images/ac46af1810ac97b181daade2bb07a8e1
2021-08-16 16:59:40 [info]: ::1 (GET) /images/b3de2f0ca5ec81aa17c7784b44445f4e
2021-08-16 16:59:40 [info]: ::1 (GET) /images/b45e55914bd6bed65a51fc0c73d56415
2021-08-16 16:59:40 [info]: ::1 (GET) /images/ba2ee7125905e03394cb74dab2d6bcdc
2021-08-16 16:59:40 [info]: ::1 (GET) /images/c7f0d044767263bf8a995b0d0b5a9518
2021-08-16 16:59:40 [info]: ::1 (GET) /images/d8a4a3e95148d4d86f75aa7e3a060527
2021-08-16 16:59:40 [info]: ::1 (GET) /images/ed27d06182e97eaf8c6fbeda6b011135
2021-08-16 16:59:40 [info]: ::1 (GET) /images/f6d53846c200fbeabb57c32db70f25ef
2021-08-16 16:59:41 [info]: ::1 (GET) /images/5b5c4c793735916c3bff4cca323b01d2/info
2021-08-16 16:59:41 [info]: ::1 (GET) /images/5b5c4c793735916c3bff4cca323b01d2
2021-08-16 16:59:47 [info]: ::1 (GET) /images/
2021-08-16 16:59:47 [info]: ::1 (GET) /images/
2021-08-16 16:59:47 [info]: ::1 (GET) /titles
2021-08-16 16:59:47 [info]: ::1 (GET) /users/self
2021-08-16 16:59:49 [info]: ::1 (GET) /titles/da9c985110156d0027e6ead301f06690
2021-08-16 16:59:49 [info]: ::1 (GET) /images/
2021-08-16 16:59:51 [info]: ::1 (GET) /images/5b5c4c793735916c3bff4cca323b01d2
2021-08-16 16:59:51 [info]: ::1 (PUT) /titles/da9c985110156d0027e6ead301f06690
2021-08-16 16:59:52 [info]: ::1 (GET) /images/
2021-08-16 16:59:52 [info]: ::1 (GET) /titles/da9c985110156d0027e6ead301f06690
2021-08-16 16:59:52 [info]: ::1 (GET) /images/
2021-08-16 16:59:52 [info]: ::1 (GET) /images/5b5c4c793735916c3bff4cca323b01d2
2021-08-16 16:59:54 [info]: ::1 (GET) /titles/da9c985110156d0027e6ead301f06690
2021-08-16 16:59:54 [info]: ::1 (GET) /images/5b5c4c793735916c3bff4cca323b01d2
2021-08-16 17:03:06 [info]: ::1 (GET) /images/
2021-08-16 17:03:07 [info]: ::1 (PUT) /titles/da9c985110156d0027e6ead301f06690
2021-08-16 17:03:07 [info]: ::1 (GET) /images/5b5c4c793735916c3bff4cca323b01d2
2021-08-16 17:03:07 [info]: ::1 (GET) /titles/da9c985110156d0027e6ead301f06690
2021-08-16 17:03:07 [info]: ::1 (GET) /images/
2021-08-16 17:03:10 [info]: ::1 (GET) /titles/da9c985110156d0027e6ead301f06690
2021-08-16 17:03:10 [info]: ::1 (GET) /images/
2021-08-16 17:03:57 [info]: ::1 (GET) /images/
2021-08-16 17:03:59 [info]: ::1 (GET) /titles/da9c985110156d0027e6ead301f06690
2021-08-16 17:04:00 [info]: ::1 (GET) /images/
2021-08-16 17:04:06 [info]: ::1 (GET) /images
2021-08-16 17:04:06 [info]: ::1 (GET) /users/self
2021-08-16 17:04:06 [info]: ::1 (GET) /images/04b3db58a9f3d49e12ef2442fb898720
2021-08-16 17:04:06 [info]: ::1 (GET) /images/147f951d2d7a7905d542eb29e21d9985
2021-08-16 17:04:06 [info]: ::1 (GET) /images/14fe5f41b1c5c552acdd1a1c12680256
2021-08-16 17:04:06 [info]: ::1 (GET) /images/1d7510521f38e6f5a7115944a8810d3c
2021-08-16 17:04:06 [info]: ::1 (GET) /images/3519ec5ace533a0077874246cbf50422
2021-08-16 17:04:06 [info]: ::1 (GET) /images/3bdfcd9ffb7f6374a85ee68bd4e088e4
2021-08-16 17:04:06 [info]: ::1 (GET) /images/53ed97785447e228a25a61b648a53af5
2021-08-16 17:04:06 [info]: ::1 (GET) /images/5781d7fb63abb5ed2c5aaf46ad9c2876
2021-08-16 17:04:06 [info]: ::1 (GET) /images/5b5c4c793735916c3bff4cca323b01d2
2021-08-16 17:04:06 [info]: ::1 (GET) /images/688df9523df0841a9e2e72880b0a447b
2021-08-16 17:04:06 [info]: ::1 (GET) /images/7d5c01a742c21d28267e79074e484bf2
2021-08-16 17:04:06 [info]: ::1 (GET) /images/8051ea4b597d112dbb99cf51569edd85
2021-08-16 17:04:06 [info]: ::1 (GET) /images/7edda3eb7ab91b2f03d8f2ef336456b9
2021-08-16 17:04:06 [info]: ::1 (GET) /images/81cf1c59da84db64bce9aa06dab68796
2021-08-16 17:04:06 [info]: ::1 (GET) /images/8be026fe3ac9eac8de8243427a958456
2021-08-16 17:04:06 [info]: ::1 (GET) /images/ac46af1810ac97b181daade2bb07a8e1
2021-08-16 17:04:06 [info]: ::1 (GET) /images/b3de2f0ca5ec81aa17c7784b44445f4e
2021-08-16 17:04:06 [info]: ::1 (GET) /images/b45e55914bd6bed65a51fc0c73d56415
2021-08-16 17:04:06 [info]: ::1 (GET) /images/ba2ee7125905e03394cb74dab2d6bcdc
2021-08-16 17:04:06 [info]: ::1 (GET) /images/c7f0d044767263bf8a995b0d0b5a9518
2021-08-16 17:04:06 [info]: ::1 (GET) /images/d8a4a3e95148d4d86f75aa7e3a060527
2021-08-16 17:04:06 [info]: ::1 (GET) /images/ed27d06182e97eaf8c6fbeda6b011135
2021-08-16 17:04:06 [info]: ::1 (GET) /images/f6d53846c200fbeabb57c32db70f25ef
2021-08-16 17:04:07 [info]: ::1 (GET) /images/5b5c4c793735916c3bff4cca323b01d2/info
2021-08-16 17:04:07 [info]: ::1 (GET) /images/5b5c4c793735916c3bff4cca323b01d2
2021-08-16 17:04:09 [info]: ::1 (GET) /images/
2021-08-16 17:04:09 [info]: ::1 (GET) /images/
2021-08-16 17:04:09 [info]: ::1 (GET) /users/self
2021-08-16 17:04:09 [info]: ::1 (GET) /titles
2021-08-16 17:04:12 [info]: ::1 (GET) /titles/da9c985110156d0027e6ead301f06690
2021-08-16 17:04:12 [info]: ::1 (GET) /images/
2021-08-16 17:04:15 [info]: ::1 (GET) /images/5b5c4c793735916c3bff4cca323b01d2
2021-08-16 17:04:16 [info]: ::1 (PUT) /titles/da9c985110156d0027e6ead301f06690
2021-08-16 17:04:16 [info]: ::1 (GET) /images/
2021-08-16 17:04:16 [info]: ::1 (GET) /titles/da9c985110156d0027e6ead301f06690
2021-08-16 17:04:16 [info]: ::1 (GET) /images/
2021-08-16 17:04:16 [info]: ::1 (GET) /images/5b5c4c793735916c3bff4cca323b01d2
2021-08-16 17:04:18 [info]: ::1 (GET) /titles/da9c985110156d0027e6ead301f06690
2021-08-16 17:04:19 [info]: ::1 (GET) /images/5b5c4c793735916c3bff4cca323b01d2
2021-08-16 17:09:46 [info]: ::1 (GET) /titles/da9c985110156d0027e6ead301f06690
2021-08-16 17:09:46 [info]: ::1 (GET) /images/5b5c4c793735916c3bff4cca323b01d2
2021-08-16 17:09:55 [info]: ::1 (GET) /images/
2021-08-16 17:09:56 [info]: ::1 (PUT) /titles/da9c985110156d0027e6ead301f06690
2021-08-16 17:09:56 [info]: ::1 (GET) /images/5b5c4c793735916c3bff4cca323b01d2
2021-08-16 17:09:57 [info]: ::1 (GET) /titles/da9c985110156d0027e6ead301f06690
2021-08-16 17:09:57 [info]: ::1 (GET) /images/
2021-08-16 17:09:58 [info]: ::1 (GET) /titles/da9c985110156d0027e6ead301f06690
2021-08-16 17:09:59 [info]: ::1 (GET) /images/
2021-08-16 17:11:06 [info]: ::1 (GET) /titles/da9c985110156d0027e6ead301f06690
2021-08-16 17:11:06 [info]: ::1 (GET) /images/
2021-08-16 17:11:41 [info]: ::1 (GET) /images/
2021-08-16 17:11:41 [info]: ::1 (GET) /titles/da9c985110156d0027e6ead301f06690
2021-08-16 17:11:41 [info]: ::1 (GET) /images/
2021-08-16 17:12:50 [info]: ::1 (GET) /pages/new
2021-08-16 17:12:50 [info]: ::1 (GET) /images/147f951d2d7a7905d542eb29e21d9985
2021-08-16 17:12:50 [info]: ::1 (GET) /images/ac46af1810ac97b181daade2bb07a8e1
2021-08-16 17:12:50 [info]: ::1 (GET) /images/5781d7fb63abb5ed2c5aaf46ad9c2876
2021-08-16 17:12:50 [info]: ::1 (GET) /images/04b3db58a9f3d49e12ef2442fb898720
2021-08-16 17:12:50 [info]: ::1 (GET) /images/1d7510521f38e6f5a7115944a8810d3c
2021-08-16 17:12:50 [info]: ::1 (GET) /images/ba2ee7125905e03394cb74dab2d6bcdc
2021-08-16 17:12:50 [info]: ::1 (GET) /images/53ed97785447e228a25a61b648a53af5
2021-08-16 17:12:50 [info]: ::1 (GET) /images/688df9523df0841a9e2e72880b0a447b
2021-08-16 17:12:50 [info]: ::1 (GET) /images/b45e55914bd6bed65a51fc0c73d56415
2021-08-16 17:12:50 [info]: ::1 (GET) /images/81cf1c59da84db64bce9aa06dab68796
2021-08-16 17:12:59 [info]: ::1 (GET) /titles/?q=pickle
2021-08-16 17:12:59 [info]: ::1 (GET) /images/
2021-08-16 17:13:01 [info]: ::1 (GET) /titles/da9c985110156d0027e6ead301f06690
2021-08-16 17:13:01 [info]: ::1 (GET) /images/
2021-08-16 17:13:14 [info]: ::1 (POST) /titles/da9c985110156d0027e6ead301f06690/availability/amazon_prime
2021-08-16 17:13:14 [info]: ::1 (DELETE) /titles/da9c985110156d0027e6ead301f06690/links/amazon_prime
2021-08-16 17:13:14 [info]: ::1 (POST) /titles/da9c985110156d0027e6ead301f06690/availability/amazon_prime
2021-08-16 17:13:14 [info]: ::1 (PUT) /titles/da9c985110156d0027e6ead301f06690
2021-08-16 17:13:15 [info]: ::1 (GET) /titles/da9c985110156d0027e6ead301f06690
2021-08-16 17:13:15 [info]: ::1 (GET) /images/
2021-08-16 17:13:50 [info]: ::1 (GET) /images/
2021-08-16 17:13:50 [info]: ::1 (GET) /images/
2021-08-16 17:13:50 [info]: ::1 (GET) /titles
2021-08-16 17:13:50 [info]: ::1 (GET) /users/self
2021-08-16 17:13:50 [info]: ::1 (GET) /titles/da9c985110156d0027e6ead301f06690
2021-08-16 17:13:50 [info]: ::1 (GET) /images/
2021-08-16 17:14:17 [info]: ::1 (GET) /images/
2021-08-16 17:14:17 [info]: ::1 (GET) /images/
2021-08-16 17:14:17 [info]: ::1 (GET) /titles
2021-08-16 17:14:17 [info]: ::1 (GET) /users/self
2021-08-16 17:14:21 [info]: ::1 (GET) /titles/da9c985110156d0027e6ead301f06690
2021-08-16 17:14:21 [info]: ::1 (GET) /images/
2021-08-16 17:14:26 [info]: ::1 (POST) /titles/da9c985110156d0027e6ead301f06690/availability/hulu
2021-08-16 17:14:26 [info]: ::1 (DELETE) /titles/da9c985110156d0027e6ead301f06690/links/hulu
2021-08-16 17:14:26 [info]: ::1 (DELETE) /titles/da9c985110156d0027e6ead301f06690/links/netflix
2021-08-16 17:14:26 [info]: ::1 (POST) /titles/da9c985110156d0027e6ead301f06690/availability/netflix
2021-08-16 17:14:26 [info]: ::1 (POST) /titles/da9c985110156d0027e6ead301f06690/availability/hulu
2021-08-16 17:14:26 [info]: ::1 (POST) /titles/da9c985110156d0027e6ead301f06690/availability/netflix
2021-08-16 17:14:26 [info]: ::1 (POST) /titles/da9c985110156d0027e6ead301f06690/availability/netflix
2021-08-16 17:14:26 [info]: ::1 (PUT) /titles/da9c985110156d0027e6ead301f06690
2021-08-16 17:14:26 [info]: ::1 (GET) /titles/da9c985110156d0027e6ead301f06690
2021-08-16 17:14:26 [info]: ::1 (GET) /images/
2021-08-16 17:14:28 [info]: ::1 (GET) /titles/9a3c0b20e41f75e837dec0d7fb67d23b
2021-08-16 17:14:28 [info]: ::1 (GET) /images/
2021-08-16 17:14:28 [info]: ::1 (GET) /images/53ed97785447e228a25a61b648a53af5
2021-08-16 17:14:34 [info]: ::1 (GET) /images/
2021-08-16 17:14:34 [info]: ::1 (GET) /titles
2021-08-16 17:14:34 [info]: ::1 (GET) /users/self
2021-08-16 17:14:34 [info]: ::1 (GET) /images/
2021-08-16 17:14:35 [info]: ::1 (GET) /titles/da9c985110156d0027e6ead301f06690
2021-08-16 17:14:35 [info]: ::1 (GET) /images/
2021-08-16 17:14:42 [info]: ::1 (GET) /images/
2021-08-16 17:14:42 [info]: ::1 (GET) /images/
2021-08-16 17:14:42 [info]: ::1 (GET) /titles
2021-08-16 17:14:42 [info]: ::1 (GET) /users/self
2021-08-16 17:14:43 [info]: ::1 (GET) /titles/da9c985110156d0027e6ead301f06690
2021-08-16 17:14:43 [info]: ::1 (GET) /images/
2021-08-16 17:16:12 [info]: ::1 (GET) /titles/da9c985110156d0027e6ead301f06690
2021-08-16 17:16:12 [info]: ::1 (GET) /images/
2021-08-16 17:16:32 [info]: ::1 (GET) /titles/da9c985110156d0027e6ead301f06690
2021-08-16 17:16:32 [info]: ::1 (GET) /images/
2021-08-16 17:16:44 [info]: ::1 (DELETE) /titles/da9c985110156d0027e6ead301f06690
2021-08-16 17:16:44 [info]: ::1 (GET) /titles
2021-08-16 17:16:47 [info]: ::1 (GET) /titles/da9c985110156d0027e6ead301f06690
2021-08-16 17:17:14 [info]: ::1 (POST) /titles/
2021-08-16 17:17:15 [info]: ::1 (GET) /titles
2021-08-16 17:17:16 [info]: ::1 (GET) /titles/15d0d8849fb8216064d1cb5749c53a6f
2021-08-16 17:17:16 [info]: ::1 (GET) /images/
2021-08-16 17:17:16 [info]: ::1 (GET) /images/ed27d06182e97eaf8c6fbeda6b011135
2021-08-16 17:17:22 [info]: ::1 (GET) /titles/f9274566545598cd3dd95540c8a6039d
2021-08-16 17:17:22 [info]: ::1 (GET) /images/
2021-08-16 17:17:36 [info]: ::1 (GET) /titles/f9274566545598cd3dd95540c8a6039d
2021-08-16 17:17:36 [info]: ::1 (GET) /images/
2021-08-16 17:17:53 [info]: ::1 (PUT) /titles/f9274566545598cd3dd95540c8a6039d
2021-08-16 17:17:53 [info]: ::1 (GET) /titles/f9274566545598cd3dd95540c8a6039d
2021-08-16 17:17:53 [info]: ::1 (GET) /images/
2021-08-16 22:32:21 [info]: ::1 (GET) /images/
2021-08-16 22:32:21 [info]: ::1 (GET) /titles
2021-08-16 22:32:21 [info]: ::1 (GET) /users/self
2021-08-16 22:32:21 [info]: ::1 (GET) /images/
2021-08-16 22:32:21 [info]: ::1 (GET) /titles/f9274566545598cd3dd95540c8a6039d
2021-08-16 22:32:21 [info]: ::1 (GET) /images/
2021-08-16 22:34:07 [info]: ::1 (GET) /images/
2021-08-16 22:34:07 [info]: ::1 (GET) /images/
2021-08-16 22:34:07 [info]: ::1 (GET) /titles
2021-08-16 22:34:07 [info]: ::1 (GET) /users/self
2021-08-16 22:34:12 [info]: ::1 (GET) /titles/f9274566545598cd3dd95540c8a6039d
2021-08-16 22:34:12 [info]: ::1 (GET) /images/
2021-08-16 22:34:54 [info]: ::1 (GET) /titles/f9274566545598cd3dd95540c8a6039d
2021-08-16 22:34:54 [info]: ::1 (GET) /images/
2021-08-16 22:35:43 [info]: ::1 (GET) /images/
2021-08-16 22:35:43 [info]: ::1 (GET) /images/
2021-08-16 22:35:44 [info]: ::1 (GET) /images/
2021-08-16 22:35:44 [info]: ::1 (GET) /images/
2021-08-16 22:35:44 [info]: ::1 (GET) /titles
2021-08-16 22:35:44 [info]: ::1 (GET) /users/self
2021-08-16 22:35:44 [info]: ::1 (GET) /titles/f9274566545598cd3dd95540c8a6039d
2021-08-16 22:35:44 [info]: ::1 (GET) /images/
2021-08-16 22:35:56 [info]: ::1 (GET) /images/
2021-08-16 22:35:56 [info]: ::1 (GET) /images/
2021-08-16 22:35:56 [info]: ::1 (GET) /titles
2021-08-16 22:35:56 [info]: ::1 (GET) /users/self
2021-08-16 22:35:56 [info]: ::1 (GET) /titles/f9274566545598cd3dd95540c8a6039d
2021-08-16 22:35:56 [info]: ::1 (GET) /images/
2021-08-16 22:35:58 [info]: ::1 (GET) /images/
2021-08-16 22:35:58 [info]: ::1 (GET) /images/
2021-08-16 22:35:58 [info]: ::1 (GET) /titles
2021-08-16 22:35:58 [info]: ::1 (GET) /users/self
2021-08-16 22:35:58 [info]: ::1 (GET) /titles/f9274566545598cd3dd95540c8a6039d
2021-08-16 22:35:58 [info]: ::1 (GET) /images/
2021-08-16 22:36:33 [info]: ::1 (GET) /images/
2021-08-16 22:36:33 [info]: ::1 (GET) /images/
2021-08-16 22:36:35 [info]: ::1 (GET) /images/
2021-08-16 22:36:35 [info]: ::1 (GET) /images/
2021-08-16 22:36:35 [info]: ::1 (GET) /titles
2021-08-16 22:36:35 [info]: ::1 (GET) /users/self
2021-08-16 22:36:35 [info]: ::1 (GET) /titles/f9274566545598cd3dd95540c8a6039d
2021-08-16 22:36:35 [info]: ::1 (GET) /images/
2021-08-16 22:36:50 [info]: ::1 (GET) /titles/f9274566545598cd3dd95540c8a6039d
2021-08-16 22:36:50 [info]: ::1 (GET) /images/
2021-08-16 22:49:05 [info]: ::1 (GET) /pages/new
2021-08-16 22:49:05 [info]: ::1 (GET) /images/ac46af1810ac97b181daade2bb07a8e1
2021-08-16 22:49:05 [info]: ::1 (GET) /images/5781d7fb63abb5ed2c5aaf46ad9c2876
2021-08-16 22:49:05 [info]: ::1 (GET) /images/04b3db58a9f3d49e12ef2442fb898720
2021-08-16 22:49:05 [info]: ::1 (GET) /images/147f951d2d7a7905d542eb29e21d9985
2021-08-16 22:49:05 [info]: ::1 (GET) /images/1d7510521f38e6f5a7115944a8810d3c
2021-08-16 22:49:05 [info]: ::1 (GET) /images/ba2ee7125905e03394cb74dab2d6bcdc
2021-08-16 22:49:05 [info]: ::1 (GET) /images/53ed97785447e228a25a61b648a53af5
2021-08-16 22:49:05 [info]: ::1 (GET) /images/688df9523df0841a9e2e72880b0a447b
2021-08-16 22:49:05 [info]: ::1 (GET) /images/b45e55914bd6bed65a51fc0c73d56415
2021-08-16 22:49:05 [info]: ::1 (GET) /images/81cf1c59da84db64bce9aa06dab68796
2021-08-16 22:49:17 [info]: ::1 (GET) /pages/new
2021-08-16 22:49:17 [info]: ::1 (GET) /images/147f951d2d7a7905d542eb29e21d9985
2021-08-16 22:49:17 [info]: ::1 (GET) /images/ac46af1810ac97b181daade2bb07a8e1
2021-08-16 22:49:17 [info]: ::1 (GET) /images/5781d7fb63abb5ed2c5aaf46ad9c2876
2021-08-16 22:49:17 [info]: ::1 (GET) /images/04b3db58a9f3d49e12ef2442fb898720
2021-08-16 22:49:17 [info]: ::1 (GET) /images/1d7510521f38e6f5a7115944a8810d3c
2021-08-16 22:49:17 [info]: ::1 (GET) /images/ba2ee7125905e03394cb74dab2d6bcdc
2021-08-16 22:49:17 [info]: ::1 (GET) /images/53ed97785447e228a25a61b648a53af5
2021-08-16 22:49:17 [info]: ::1 (GET) /images/688df9523df0841a9e2e72880b0a447b
2021-08-16 22:49:17 [info]: ::1 (GET) /images/b45e55914bd6bed65a51fc0c73d56415
2021-08-16 22:49:17 [info]: ::1 (GET) /images/81cf1c59da84db64bce9aa06dab68796
2021-08-16 22:49:18 [info]: ::1 (GET) /titles/550e0559bce40144722421e1049afcf9
2021-08-16 22:49:19 [info]: ::1 (GET) /images/5781d7fb63abb5ed2c5aaf46ad9c2876
2021-08-16 22:49:25 [info]: ::1 (GET) /pages/new
2021-08-16 22:49:25 [info]: ::1 (GET) /images/5781d7fb63abb5ed2c5aaf46ad9c2876
2021-08-16 22:49:25 [info]: ::1 (GET) /images/147f951d2d7a7905d542eb29e21d9985
2021-08-16 22:49:25 [info]: ::1 (GET) /images/ac46af1810ac97b181daade2bb07a8e1
2021-08-16 22:49:25 [info]: ::1 (GET) /images/04b3db58a9f3d49e12ef2442fb898720
2021-08-16 22:49:25 [info]: ::1 (GET) /images/1d7510521f38e6f5a7115944a8810d3c
2021-08-16 22:49:25 [info]: ::1 (GET) /images/ba2ee7125905e03394cb74dab2d6bcdc
2021-08-16 22:49:25 [info]: ::1 (GET) /images/53ed97785447e228a25a61b648a53af5
2021-08-16 22:49:25 [info]: ::1 (GET) /images/688df9523df0841a9e2e72880b0a447b
2021-08-16 22:49:25 [info]: ::1 (GET) /images/b45e55914bd6bed65a51fc0c73d56415
2021-08-16 22:49:25 [info]: ::1 (GET) /images/81cf1c59da84db64bce9aa06dab68796
2021-08-16 22:49:28 [info]: ::1 (GET) /titles/331baacfd33575c8ee2d976dc763457e
2021-08-16 22:49:28 [info]: ::1 (GET) /images/ac46af1810ac97b181daade2bb07a8e1
2021-08-16 22:49:59 [info]: ::1 (GET) /auth
2021-08-16 22:49:59 [info]: ::1 (GET) /users/self
2021-08-16 22:49:59 [info]: ::1 (GET) /users/452d341c136763dc/ratings/331baacfd33575c8ee2d976dc763457e
2021-08-16 22:50:12 [info]: ::1 (GET) /pages/new
2021-08-16 22:50:12 [info]: ::1 (GET) /users/self
2021-08-16 22:50:12 [info]: ::1 (GET) /images/ac46af1810ac97b181daade2bb07a8e1
2021-08-16 22:50:12 [info]: ::1 (GET) /images/147f951d2d7a7905d542eb29e21d9985
2021-08-16 22:50:12 [info]: ::1 (GET) /images/5781d7fb63abb5ed2c5aaf46ad9c2876
2021-08-16 22:50:12 [info]: ::1 (GET) /images/04b3db58a9f3d49e12ef2442fb898720
2021-08-16 22:50:12 [info]: ::1 (GET) /images/1d7510521f38e6f5a7115944a8810d3c
2021-08-16 22:50:12 [info]: ::1 (GET) /images/ba2ee7125905e03394cb74dab2d6bcdc
2021-08-16 22:50:12 [info]: ::1 (GET) /images/53ed97785447e228a25a61b648a53af5
2021-08-16 22:50:12 [info]: ::1 (GET) /images/688df9523df0841a9e2e72880b0a447b
2021-08-16 22:50:12 [info]: ::1 (GET) /images/b45e55914bd6bed65a51fc0c73d56415
2021-08-16 22:50:12 [info]: ::1 (GET) /images/81cf1c59da84db64bce9aa06dab68796
2021-08-16 22:50:14 [info]: ::1 (GET) /titles/788cfee107f6642533aa179d27fe2d99
2021-08-16 22:50:14 [info]: ::1 (GET) /users/self
2021-08-16 22:50:14 [info]: ::1 (GET) /images/04b3db58a9f3d49e12ef2442fb898720
2021-08-16 22:50:15 [info]: ::1 (GET) /users/452d341c136763dc/ratings/788cfee107f6642533aa179d27fe2d99
2021-08-16 22:50:16 [info]: ::1 (POST) /users/452d341c136763dc/ratings/788cfee107f6642533aa179d27fe2d99
2021-08-16 22:50:18 [info]: ::1 (GET) /titles/788cfee107f6642533aa179d27fe2d99
2021-08-16 22:50:18 [info]: ::1 (GET) /users/self
2021-08-16 22:50:18 [info]: ::1 (GET) /images/04b3db58a9f3d49e12ef2442fb898720
2021-08-16 22:50:18 [info]: ::1 (GET) /users/452d341c136763dc/ratings/788cfee107f6642533aa179d27fe2d99
2021-08-16 22:50:36 [info]: ::1 (GET) /users/self
2021-08-16 23:28:16 [info]: ::1 (GET) /users/self
2021-08-16 23:33:20 [info]: ::1 (GET) /users/self
2021-08-16 23:35:17 [info]: ::1 (GET) /users/self
2021-08-16 23:35:22 [info]: ::1 (GET) /pages/new
2021-08-16 23:35:22 [info]: ::1 (GET) /users/self
2021-08-16 23:35:23 [info]: ::1 (GET) /images/147f951d2d7a7905d542eb29e21d9985
2021-08-16 23:35:23 [info]: ::1 (GET) /images/ac46af1810ac97b181daade2bb07a8e1
2021-08-16 23:35:23 [info]: ::1 (GET) /images/5781d7fb63abb5ed2c5aaf46ad9c2876
2021-08-16 23:35:23 [info]: ::1 (GET) /images/04b3db58a9f3d49e12ef2442fb898720
2021-08-16 23:35:23 [info]: ::1 (GET) /images/1d7510521f38e6f5a7115944a8810d3c
2021-08-16 23:35:23 [info]: ::1 (GET) /images/ba2ee7125905e03394cb74dab2d6bcdc
2021-08-16 23:35:23 [info]: ::1 (GET) /images/53ed97785447e228a25a61b648a53af5
2021-08-16 23:35:23 [info]: ::1 (GET) /images/688df9523df0841a9e2e72880b0a447b
2021-08-16 23:35:23 [info]: ::1 (GET) /images/b45e55914bd6bed65a51fc0c73d56415
2021-08-16 23:35:23 [info]: ::1 (GET) /images/81cf1c59da84db64bce9aa06dab68796
2021-08-16 23:35:25 [info]: ::1 (GET) /titles/788cfee107f6642533aa179d27fe2d99
2021-08-16 23:35:25 [info]: ::1 (GET) /users/self
2021-08-16 23:35:25 [info]: ::1 (GET) /images/04b3db58a9f3d49e12ef2442fb898720
2021-08-16 23:35:25 [info]: ::1 (GET) /users/452d341c136763dc/ratings/788cfee107f6642533aa179d27fe2d99
2021-08-16 23:35:44 [info]: ::1 (GET) /users/self
2021-08-16 23:36:58 [info]: ::1 (GET) /users/self
2021-08-16 23:36:59 [info]: ::1 (GET) /users/self
2021-08-16 23:37:16 [info]: ::1 (GET) /users/self
2021-08-16 23:43:48 [info]: ::1 (GET) /pages/new
2021-08-16 23:43:48 [info]: ::1 (GET) /users/self
2021-08-16 23:43:48 [info]: ::1 (GET) /images/147f951d2d7a7905d542eb29e21d9985
2021-08-16 23:43:48 [info]: ::1 (GET) /images/ac46af1810ac97b181daade2bb07a8e1
2021-08-16 23:43:48 [info]: ::1 (GET) /images/5781d7fb63abb5ed2c5aaf46ad9c2876
2021-08-16 23:43:48 [info]: ::1 (GET) /images/04b3db58a9f3d49e12ef2442fb898720
2021-08-16 23:43:48 [info]: ::1 (GET) /images/1d7510521f38e6f5a7115944a8810d3c
2021-08-16 23:43:48 [info]: ::1 (GET) /images/ba2ee7125905e03394cb74dab2d6bcdc
2021-08-16 23:43:48 [info]: ::1 (GET) /images/53ed97785447e228a25a61b648a53af5
2021-08-16 23:43:48 [info]: ::1 (GET) /images/688df9523df0841a9e2e72880b0a447b
2021-08-16 23:43:48 [info]: ::1 (GET) /images/b45e55914bd6bed65a51fc0c73d56415
2021-08-16 23:43:48 [info]: ::1 (GET) /images/81cf1c59da84db64bce9aa06dab68796
2021-08-16 23:43:53 [info]: ::1 (GET) /users/self
2021-08-16 23:44:13 [info]: ::1 (GET) /pages/new
2021-08-16 23:44:13 [info]: ::1 (GET) /users/self
2021-08-16 23:44:13 [info]: ::1 (GET) /images/147f951d2d7a7905d542eb29e21d9985
2021-08-16 23:44:13 [info]: ::1 (GET) /images/ac46af1810ac97b181daade2bb07a8e1
2021-08-16 23:44:13 [info]: ::1 (GET) /images/5781d7fb63abb5ed2c5aaf46ad9c2876
2021-08-16 23:44:13 [info]: ::1 (GET) /images/04b3db58a9f3d49e12ef2442fb898720
2021-08-16 23:44:13 [info]: ::1 (GET) /images/1d7510521f38e6f5a7115944a8810d3c
2021-08-16 23:44:13 [info]: ::1 (GET) /images/ba2ee7125905e03394cb74dab2d6bcdc
2021-08-16 23:44:13 [info]: ::1 (GET) /images/53ed97785447e228a25a61b648a53af5
2021-08-16 23:44:13 [info]: ::1 (GET) /images/688df9523df0841a9e2e72880b0a447b
2021-08-16 23:44:13 [info]: ::1 (GET) /images/b45e55914bd6bed65a51fc0c73d56415
2021-08-16 23:44:13 [info]: ::1 (GET) /images/81cf1c59da84db64bce9aa06dab68796
2021-08-16 23:44:18 [info]: ::1 (GET) /titles/f5607848fa8eb02965200564483f2879
2021-08-16 23:44:18 [info]: ::1 (GET) /users/self
2021-08-16 23:44:18 [info]: ::1 (GET) /images/1d7510521f38e6f5a7115944a8810d3c
2021-08-16 23:44:18 [info]: ::1 (GET) /users/452d341c136763dc/ratings/f5607848fa8eb02965200564483f2879
2021-08-16 23:44:25 [info]: ::1 (POST) /users/452d341c136763dc/ratings/f5607848fa8eb02965200564483f2879
2021-08-16 23:44:44 [info]: ::1 (GET) /users/self
2021-08-16 23:44:54 [info]: ::1 (GET) /pages/new
2021-08-16 23:44:54 [info]: ::1 (GET) /users/self
2021-08-16 23:44:54 [info]: ::1 (GET) /images/147f951d2d7a7905d542eb29e21d9985
2021-08-16 23:44:54 [info]: ::1 (GET) /images/ac46af1810ac97b181daade2bb07a8e1
2021-08-16 23:44:54 [info]: ::1 (GET) /images/5781d7fb63abb5ed2c5aaf46ad9c2876
2021-08-16 23:44:54 [info]: ::1 (GET) /images/04b3db58a9f3d49e12ef2442fb898720
2021-08-16 23:44:54 [info]: ::1 (GET) /images/1d7510521f38e6f5a7115944a8810d3c
2021-08-16 23:44:54 [info]: ::1 (GET) /images/ba2ee7125905e03394cb74dab2d6bcdc
2021-08-16 23:44:54 [info]: ::1 (GET) /images/53ed97785447e228a25a61b648a53af5
2021-08-16 23:44:54 [info]: ::1 (GET) /images/688df9523df0841a9e2e72880b0a447b
2021-08-16 23:44:54 [info]: ::1 (GET) /images/b45e55914bd6bed65a51fc0c73d56415
2021-08-16 23:44:54 [info]: ::1 (GET) /images/81cf1c59da84db64bce9aa06dab68796
2021-08-16 23:44:56 [info]: ::1 (GET) /users/self
2021-08-16 23:44:58 [info]: ::1 (GET) /pages/new
2021-08-16 23:44:58 [info]: ::1 (GET) /users/self
2021-08-16 23:44:58 [info]: ::1 (GET) /images/147f951d2d7a7905d542eb29e21d9985
2021-08-16 23:44:58 [info]: ::1 (GET) /images/ac46af1810ac97b181daade2bb07a8e1
2021-08-16 23:44:58 [info]: ::1 (GET) /images/5781d7fb63abb5ed2c5aaf46ad9c2876
2021-08-16 23:44:58 [info]: ::1 (GET) /images/04b3db58a9f3d49e12ef2442fb898720
2021-08-16 23:44:58 [info]: ::1 (GET) /images/1d7510521f38e6f5a7115944a8810d3c
2021-08-16 23:44:58 [info]: ::1 (GET) /images/ba2ee7125905e03394cb74dab2d6bcdc
2021-08-16 23:44:58 [info]: ::1 (GET) /images/53ed97785447e228a25a61b648a53af5
2021-08-16 23:44:58 [info]: ::1 (GET) /images/688df9523df0841a9e2e72880b0a447b
2021-08-16 23:44:58 [info]: ::1 (GET) /images/b45e55914bd6bed65a51fc0c73d56415
2021-08-16 23:44:58 [info]: ::1 (GET) /images/81cf1c59da84db64bce9aa06dab68796
2021-08-16 23:44:59 [info]: ::1 (GET) /titles/331baacfd33575c8ee2d976dc763457e
2021-08-16 23:44:59 [info]: ::1 (GET) /users/self
2021-08-16 23:44:59 [info]: ::1 (GET) /images/ac46af1810ac97b181daade2bb07a8e1
2021-08-16 23:45:00 [info]: ::1 (GET) /users/452d341c136763dc/ratings/331baacfd33575c8ee2d976dc763457e
2021-08-16 23:45:09 [info]: ::1 (GET) /titles/?q=pickle
2021-08-16 23:45:09 [info]: ::1 (GET) /images/
2021-08-16 23:45:11 [info]: ::1 (GET) /titles/f9274566545598cd3dd95540c8a6039d
2021-08-16 23:45:11 [info]: ::1 (GET) /users/self
2021-08-16 23:45:11 [info]: ::1 (GET) /images/
2021-08-16 23:45:11 [info]: ::1 (GET) /users/452d341c136763dc/ratings/f9274566545598cd3dd95540c8a6039d
2021-08-16 23:46:22 [info]: ::1 (GET) /users/self
2021-08-16 23:46:27 [info]: ::1 (GET) /pages/new
2021-08-16 23:46:27 [info]: ::1 (GET) /users/self
2021-08-16 23:46:27 [info]: ::1 (GET) /images/147f951d2d7a7905d542eb29e21d9985
2021-08-16 23:46:27 [info]: ::1 (GET) /images/ac46af1810ac97b181daade2bb07a8e1
2021-08-16 23:46:27 [info]: ::1 (GET) /images/5781d7fb63abb5ed2c5aaf46ad9c2876
2021-08-16 23:46:27 [info]: ::1 (GET) /images/04b3db58a9f3d49e12ef2442fb898720
2021-08-16 23:46:27 [info]: ::1 (GET) /images/1d7510521f38e6f5a7115944a8810d3c
2021-08-16 23:46:27 [info]: ::1 (GET) /images/ba2ee7125905e03394cb74dab2d6bcdc
2021-08-16 23:46:28 [info]: ::1 (GET) /images/53ed97785447e228a25a61b648a53af5
2021-08-16 23:46:28 [info]: ::1 (GET) /images/688df9523df0841a9e2e72880b0a447b
2021-08-16 23:46:28 [info]: ::1 (GET) /images/b45e55914bd6bed65a51fc0c73d56415
2021-08-16 23:46:28 [info]: ::1 (GET) /images/81cf1c59da84db64bce9aa06dab68796
2021-08-16 23:46:33 [info]: ::1 (GET) /titles/273b352a34374b898a850afd13c09b8f
2021-08-16 23:46:33 [info]: ::1 (GET) /users/self
2021-08-16 23:46:34 [info]: ::1 (GET) /images/147f951d2d7a7905d542eb29e21d9985
2021-08-16 23:46:34 [info]: ::1 (GET) /users/452d341c136763dc/ratings/273b352a34374b898a850afd13c09b8f
2021-08-16 23:47:15 [info]: ::1 (GET) /pages/new
2021-08-16 23:47:15 [info]: ::1 (GET) /users/self
2021-08-16 23:47:15 [info]: ::1 (GET) /images/147f951d2d7a7905d542eb29e21d9985
2021-08-16 23:47:15 [info]: ::1 (GET) /images/ac46af1810ac97b181daade2bb07a8e1
2021-08-16 23:47:15 [info]: ::1 (GET) /images/5781d7fb63abb5ed2c5aaf46ad9c2876
2021-08-16 23:47:15 [info]: ::1 (GET) /images/04b3db58a9f3d49e12ef2442fb898720
2021-08-16 23:47:15 [info]: ::1 (GET) /images/1d7510521f38e6f5a7115944a8810d3c
2021-08-16 23:47:15 [info]: ::1 (GET) /images/ba2ee7125905e03394cb74dab2d6bcdc
2021-08-16 23:47:15 [info]: ::1 (GET) /images/53ed97785447e228a25a61b648a53af5
2021-08-16 23:47:15 [info]: ::1 (GET) /images/688df9523df0841a9e2e72880b0a447b
2021-08-16 23:47:15 [info]: ::1 (GET) /images/b45e55914bd6bed65a51fc0c73d56415
2021-08-16 23:47:15 [info]: ::1 (GET) /images/81cf1c59da84db64bce9aa06dab68796
2021-08-16 23:47:17 [info]: ::1 (GET) /titles/550e0559bce40144722421e1049afcf9
2021-08-16 23:47:17 [info]: ::1 (GET) /users/self
2021-08-16 23:47:17 [info]: ::1 (GET) /images/5781d7fb63abb5ed2c5aaf46ad9c2876
2021-08-16 23:47:17 [info]: ::1 (GET) /users/452d341c136763dc/ratings/550e0559bce40144722421e1049afcf9
2021-08-16 23:47:20 [info]: ::1 (GET) /pages/new
2021-08-16 23:47:20 [info]: ::1 (GET) /users/self
2021-08-16 23:47:20 [info]: ::1 (GET) /images/5781d7fb63abb5ed2c5aaf46ad9c2876
2021-08-16 23:47:20 [info]: ::1 (GET) /images/147f951d2d7a7905d542eb29e21d9985
2021-08-16 23:47:20 [info]: ::1 (GET) /images/ac46af1810ac97b181daade2bb07a8e1
2021-08-16 23:47:20 [info]: ::1 (GET) /images/04b3db58a9f3d49e12ef2442fb898720
2021-08-16 23:47:20 [info]: ::1 (GET) /images/1d7510521f38e6f5a7115944a8810d3c
2021-08-16 23:47:20 [info]: ::1 (GET) /images/ba2ee7125905e03394cb74dab2d6bcdc
2021-08-16 23:47:20 [info]: ::1 (GET) /images/53ed97785447e228a25a61b648a53af5
2021-08-16 23:47:20 [info]: ::1 (GET) /images/688df9523df0841a9e2e72880b0a447b
2021-08-16 23:47:20 [info]: ::1 (GET) /images/b45e55914bd6bed65a51fc0c73d56415
2021-08-16 23:47:20 [info]: ::1 (GET) /images/81cf1c59da84db64bce9aa06dab68796
2021-08-16 23:47:23 [info]: ::1 (GET) /titles/5fdfa44d35ff0862c84c411b46dce2df
2021-08-16 23:47:23 [info]: ::1 (GET) /users/self
2021-08-16 23:47:23 [info]: ::1 (GET) /images/ba2ee7125905e03394cb74dab2d6bcdc
2021-08-16 23:47:24 [info]: ::1 (GET) /users/452d341c136763dc/ratings/5fdfa44d35ff0862c84c411b46dce2df
2021-08-16 23:47:26 [info]: ::1 (GET) /pages/new
2021-08-16 23:47:26 [info]: ::1 (GET) /users/self
2021-08-16 23:47:26 [info]: ::1 (GET) /images/ba2ee7125905e03394cb74dab2d6bcdc
2021-08-16 23:47:26 [info]: ::1 (GET) /images/147f951d2d7a7905d542eb29e21d9985
2021-08-16 23:47:26 [info]: ::1 (GET) /images/ac46af1810ac97b181daade2bb07a8e1
2021-08-16 23:47:26 [info]: ::1 (GET) /images/5781d7fb63abb5ed2c5aaf46ad9c2876
2021-08-16 23:47:26 [info]: ::1 (GET) /images/04b3db58a9f3d49e12ef2442fb898720
2021-08-16 23:47:26 [info]: ::1 (GET) /images/1d7510521f38e6f5a7115944a8810d3c
2021-08-16 23:47:26 [info]: ::1 (GET) /images/53ed97785447e228a25a61b648a53af5
2021-08-16 23:47:26 [info]: ::1 (GET) /images/688df9523df0841a9e2e72880b0a447b
2021-08-16 23:47:26 [info]: ::1 (GET) /images/b45e55914bd6bed65a51fc0c73d56415
2021-08-16 23:47:26 [info]: ::1 (GET) /images/81cf1c59da84db64bce9aa06dab68796
2021-08-16 23:47:29 [info]: ::1 (GET) /titles/0fdefb53f61cc388369511d5b927f88b
2021-08-16 23:47:29 [info]: ::1 (GET) /users/self
2021-08-16 23:47:29 [info]: ::1 (GET) /images/688df9523df0841a9e2e72880b0a447b
2021-08-16 23:47:29 [info]: ::1 (GET) /users/452d341c136763dc/ratings/0fdefb53f61cc388369511d5b927f88b
2021-08-16 23:47:31 [info]: ::1 (GET) /pages/new
2021-08-16 23:47:31 [info]: ::1 (GET) /users/self
2021-08-16 23:47:31 [info]: ::1 (GET) /images/688df9523df0841a9e2e72880b0a447b
2021-08-16 23:47:31 [info]: ::1 (GET) /images/147f951d2d7a7905d542eb29e21d9985
2021-08-16 23:47:31 [info]: ::1 (GET) /images/ac46af1810ac97b181daade2bb07a8e1
2021-08-16 23:47:31 [info]: ::1 (GET) /images/5781d7fb63abb5ed2c5aaf46ad9c2876
2021-08-16 23:47:31 [info]: ::1 (GET) /images/04b3db58a9f3d49e12ef2442fb898720
2021-08-16 23:47:31 [info]: ::1 (GET) /images/1d7510521f38e6f5a7115944a8810d3c
2021-08-16 23:47:31 [info]: ::1 (GET) /images/ba2ee7125905e03394cb74dab2d6bcdc
2021-08-16 23:47:31 [info]: ::1 (GET) /images/53ed97785447e228a25a61b648a53af5
2021-08-16 23:47:31 [info]: ::1 (GET) /images/b45e55914bd6bed65a51fc0c73d56415
2021-08-16 23:47:31 [info]: ::1 (GET) /images/81cf1c59da84db64bce9aa06dab68796
2021-08-16 23:47:34 [info]: ::1 (GET) /titles/7489557c0388f05eddf7df15f2fa9a10
2021-08-16 23:47:34 [info]: ::1 (GET) /users/self
2021-08-16 23:47:34 [info]: ::1 (GET) /images/81cf1c59da84db64bce9aa06dab68796
2021-08-16 23:47:35 [info]: ::1 (GET) /users/452d341c136763dc/ratings/7489557c0388f05eddf7df15f2fa9a10
2021-08-16 23:47:49 [info]: ::1 (GET) /users/self
2021-08-16 23:48:48 [info]: ::1 (GET) /users/self
2021-08-16 23:53:18 [info]: ::1 (GET) /pages/new
2021-08-16 23:53:18 [info]: ::1 (GET) /images/147f951d2d7a7905d542eb29e21d9985
2021-08-16 23:53:18 [info]: ::1 (GET) /images/ac46af1810ac97b181daade2bb07a8e1
2021-08-16 23:53:18 [info]: ::1 (GET) /images/5781d7fb63abb5ed2c5aaf46ad9c2876
2021-08-16 23:53:18 [info]: ::1 (GET) /images/04b3db58a9f3d49e12ef2442fb898720
2021-08-16 23:53:18 [info]: ::1 (GET) /images/1d7510521f38e6f5a7115944a8810d3c
2021-08-16 23:53:18 [info]: ::1 (GET) /images/ba2ee7125905e03394cb74dab2d6bcdc
2021-08-16 23:53:18 [info]: ::1 (GET) /images/53ed97785447e228a25a61b648a53af5
2021-08-16 23:53:18 [info]: ::1 (GET) /images/688df9523df0841a9e2e72880b0a447b
2021-08-16 23:53:18 [info]: ::1 (GET) /images/b45e55914bd6bed65a51fc0c73d56415
2021-08-16 23:53:18 [info]: ::1 (GET) /images/81cf1c59da84db64bce9aa06dab68796
2021-08-16 23:53:19 [info]: ::1 (GET) /titles/273b352a34374b898a850afd13c09b8f
2021-08-16 23:53:19 [info]: ::1 (GET) /images/147f951d2d7a7905d542eb29e21d9985
2021-08-16 23:54:37 [info]: ::1 (GET) /pages/new
2021-08-16 23:54:37 [info]: ::1 (GET) /images/147f951d2d7a7905d542eb29e21d9985
2021-08-16 23:54:37 [info]: ::1 (GET) /images/ac46af1810ac97b181daade2bb07a8e1
2021-08-16 23:54:37 [info]: ::1 (GET) /images/5781d7fb63abb5ed2c5aaf46ad9c2876
2021-08-16 23:54:37 [info]: ::1 (GET) /images/04b3db58a9f3d49e12ef2442fb898720
2021-08-16 23:54:37 [info]: ::1 (GET) /images/1d7510521f38e6f5a7115944a8810d3c
2021-08-16 23:54:37 [info]: ::1 (GET) /images/ba2ee7125905e03394cb74dab2d6bcdc
2021-08-16 23:54:37 [info]: ::1 (GET) /images/53ed97785447e228a25a61b648a53af5
2021-08-16 23:54:38 [info]: ::1 (GET) /images/688df9523df0841a9e2e72880b0a447b
2021-08-16 23:54:38 [info]: ::1 (GET) /images/b45e55914bd6bed65a51fc0c73d56415
2021-08-16 23:54:38 [info]: ::1 (GET) /images/81cf1c59da84db64bce9aa06dab68796
2021-08-16 23:54:39 [info]: ::1 (GET) /titles/788cfee107f6642533aa179d27fe2d99
2021-08-16 23:54:39 [info]: ::1 (GET) /images/04b3db58a9f3d49e12ef2442fb898720
2021-08-16 23:56:02 [info]: ::1 (GET) /users
2021-08-16 23:56:02 [info]: ::1 (GET) /users/self
2021-08-16 23:56:03 [info]: ::1 (GET) /images/
2021-08-16 23:56:03 [info]: ::1 (GET) /images/
2021-08-16 23:56:03 [info]: ::1 (GET) /users/self
2021-08-16 23:56:03 [info]: ::1 (GET) /titles
2021-08-16 23:56:12 [info]: ::1 (GET) /pages/new
2021-08-16 23:56:12 [info]: ::1 (GET) /images/ac46af1810ac97b181daade2bb07a8e1
2021-08-16 23:56:12 [info]: ::1 (GET) /images/147f951d2d7a7905d542eb29e21d9985
2021-08-16 23:56:12 [info]: ::1 (GET) /images/5781d7fb63abb5ed2c5aaf46ad9c2876
2021-08-16 23:56:12 [info]: ::1 (GET) /images/ba2ee7125905e03394cb74dab2d6bcdc
2021-08-16 23:56:12 [info]: ::1 (GET) /images/04b3db58a9f3d49e12ef2442fb898720
2021-08-16 23:56:12 [info]: ::1 (GET) /images/1d7510521f38e6f5a7115944a8810d3c
2021-08-16 23:56:12 [info]: ::1 (GET) /images/53ed97785447e228a25a61b648a53af5
2021-08-16 23:56:12 [info]: ::1 (GET) /images/688df9523df0841a9e2e72880b0a447b
2021-08-16 23:56:12 [info]: ::1 (GET) /images/b45e55914bd6bed65a51fc0c73d56415
2021-08-16 23:56:12 [info]: ::1 (GET) /images/81cf1c59da84db64bce9aa06dab68796
2021-08-16 23:56:16 [info]: ::1 (GET) /titles/273b352a34374b898a850afd13c09b8f
2021-08-16 23:56:16 [info]: ::1 (GET) /images/147f951d2d7a7905d542eb29e21d9985
