2021-08-07 00:01:15 [info]: ::1 (GET) /titles
2021-08-07 00:01:15 [info]: ::1 (GET) /users/self
2021-08-07 00:01:15 [info]: ::1 (GET) /titles/da9c985110156d0027e6ead301f06690
2021-08-07 00:01:15 [info]: ::1 (GET) /images/535de9e3ab5cac4969dc78646a6e351b.jpeg
2021-08-07 00:03:44 [info]: ::1 (GET) /titles
2021-08-07 00:03:44 [info]: ::1 (GET) /users/self
2021-08-07 00:03:44 [info]: ::1 (GET) /titles/da9c985110156d0027e6ead301f06690
2021-08-07 00:03:44 [info]: ::1 (GET) /images/535de9e3ab5cac4969dc78646a6e351b.jpeg
2021-08-07 00:04:03 [info]: ::1 (GET) /titles
2021-08-07 00:04:03 [info]: ::1 (GET) /users/self
2021-08-07 00:04:03 [info]: ::1 (GET) /titles/da9c985110156d0027e6ead301f06690
2021-08-07 00:04:03 [info]: ::1 (GET) /images/535de9e3ab5cac4969dc78646a6e351b.jpeg
2021-08-07 00:07:43 [info]: ::1 (GET) /titles
2021-08-07 00:07:43 [info]: ::1 (GET) /users/self
2021-08-07 00:07:43 [info]: ::1 (GET) /titles/da9c985110156d0027e6ead301f06690
2021-08-07 00:07:43 [info]: ::1 (GET) /images/535de9e3ab5cac4969dc78646a6e351b.jpeg
2021-08-07 00:10:36 [info]: ::1 (GET) /titles
2021-08-07 00:10:36 [info]: ::1 (GET) /users/self
2021-08-07 00:10:36 [info]: ::1 (GET) /titles/da9c985110156d0027e6ead301f06690
2021-08-07 00:10:36 [info]: ::1 (GET) /images/535de9e3ab5cac4969dc78646a6e351b.jpeg
2021-08-07 00:20:55 [info]: ::1 (GET) /titles
2021-08-07 00:20:55 [info]: ::1 (GET) /users/self
2021-08-07 00:20:55 [info]: ::1 (GET) /titles/da9c985110156d0027e6ead301f06690
2021-08-07 00:20:55 [info]: ::1 (GET) /images/535de9e3ab5cac4969dc78646a6e351b.jpeg
2021-08-07 00:22:16 [info]: ::1 (GET) /images/535de9e3ab5cac4969dc78646a6e351b.jpeg
2021-08-07 00:24:55 [info]: ::1 (GET) /titles/da9c985110156d0027e6ead301f06690
2021-08-07 00:24:56 [info]: ::1 (GET) /images/535de9e3ab5cac4969dc78646a6e351b.jpeg
2021-08-07 00:25:42 [info]: ::1 (GET) /images/535de9e3ab5cac4969dc78646a6e351b.jpeg
2021-08-07 00:25:45 [info]: ::1 (GET) /titles
2021-08-07 00:25:45 [info]: ::1 (GET) /users/self
2021-08-07 00:25:45 [info]: ::1 (GET) /titles/da9c985110156d0027e6ead301f06690
2021-08-07 00:25:45 [info]: ::1 (GET) /images/535de9e3ab5cac4969dc78646a6e351b.jpeg
2021-08-07 00:27:50 [info]: ::1 (GET) /titles
2021-08-07 00:27:50 [info]: ::1 (GET) /users/self
2021-08-07 00:27:50 [info]: ::1 (GET) /titles/da9c985110156d0027e6ead301f06690
2021-08-07 00:27:50 [info]: ::1 (GET) /images/535de9e3ab5cac4969dc78646a6e351b.jpeg
2021-08-07 00:28:59 [info]: ::1 (GET) /titles
2021-08-07 00:28:59 [info]: ::1 (GET) /users/self
2021-08-07 00:28:59 [info]: ::1 (GET) /titles/da9c985110156d0027e6ead301f06690
2021-08-07 00:29:00 [info]: ::1 (GET) /images/535de9e3ab5cac4969dc78646a6e351b.jpeg
2021-08-07 00:29:14 [info]: ::1 (GET) /titles
2021-08-07 00:29:14 [info]: ::1 (GET) /users/self
2021-08-07 00:29:14 [info]: ::1 (GET) /titles/da9c985110156d0027e6ead301f06690
2021-08-07 00:29:14 [info]: ::1 (GET) /images/535de9e3ab5cac4969dc78646a6e351b.jpeg
2021-08-07 00:29:23 [info]: ::1 (GET) /titles/da9c985110156d0027e6ead301f06690
2021-08-07 00:29:23 [info]: ::1 (GET) /images/535de9e3ab5cac4969dc78646a6e351b.jpeg
2021-08-07 00:29:32 [info]: ::1 (GET) /titles/da9c985110156d0027e6ead301f06690
2021-08-07 00:29:32 [info]: ::1 (GET) /images/535de9e3ab5cac4969dc78646a6e351b.jpeg
2021-08-07 00:29:47 [info]: ::1 (GET) /titles/da9c985110156d0027e6ead301f06690
2021-08-07 00:29:48 [info]: ::1 (GET) /images/535de9e3ab5cac4969dc78646a6e351b.jpeg
2021-08-07 00:30:45 [info]: ::1 (GET) /titles
2021-08-07 00:30:45 [info]: ::1 (GET) /users/self
2021-08-07 00:30:45 [info]: ::1 (GET) /titles/da9c985110156d0027e6ead301f06690
2021-08-07 00:30:45 [info]: ::1 (GET) /images/535de9e3ab5cac4969dc78646a6e351b.jpeg
2021-08-07 00:31:36 [info]: ::1 (GET) /titles
2021-08-07 00:31:36 [info]: ::1 (GET) /users/self
2021-08-07 00:31:36 [info]: ::1 (GET) /titles/da9c985110156d0027e6ead301f06690
2021-08-07 00:31:36 [info]: ::1 (GET) /images/535de9e3ab5cac4969dc78646a6e351b.jpeg
2021-08-07 00:33:41 [info]: ::1 (GET) /titles
2021-08-07 00:33:41 [info]: ::1 (GET) /users/self
2021-08-07 00:33:41 [info]: ::1 (GET) /titles/da9c985110156d0027e6ead301f06690
2021-08-07 00:33:41 [info]: ::1 (GET) /images/535de9e3ab5cac4969dc78646a6e351b.jpeg
2021-08-07 11:22:50 [info]: ::1 (GET) /images
2021-08-07 11:22:50 [info]: ::1 (GET) /users/self
2021-08-07 11:22:50 [info]: ::1 (GET) /images/04b3db58a9f3d49e12ef2442fb898720
2021-08-07 11:22:50 [info]: ::1 (GET) /images/147f951d2d7a7905d542eb29e21d9985
2021-08-07 11:22:50 [info]: ::1 (GET) /images/5b5c4c793735916c3bff4cca323b01d2
2021-08-07 11:22:50 [info]: ::1 (GET) /images/14fe5f41b1c5c552acdd1a1c12680256
2021-08-07 11:22:50 [info]: ::1 (GET) /images/7edda3eb7ab91b2f03d8f2ef336456b9
2021-08-07 11:22:50 [info]: ::1 (GET) /images/b3de2f0ca5ec81aa17c7784b44445f4e
2021-08-07 11:22:52 [info]: ::1 (GET) /images/14fe5f41b1c5c552acdd1a1c12680256/info
2021-08-07 11:22:52 [info]: ::1 (GET) /images/14fe5f41b1c5c552acdd1a1c12680256
2021-08-07 11:23:27 [info]: API listening at http://localhost:9000
2021-08-07 11:23:35 [info]: ::1 (GET) /images/14fe5f41b1c5c552acdd1a1c12680256
2021-08-07 11:23:35 [info]: ::1 (GET) /favicon.ico
2021-08-07 11:23:48 [info]: ::1 (GET) /titles
2021-08-07 11:23:48 [info]: ::1 (GET) /users/self
2021-08-07 11:23:49 [info]: ::1 (GET) /titles/da9c985110156d0027e6ead301f06690
2021-08-07 11:23:49 [info]: ::1 (GET) /images/535de9e3ab5cac4969dc78646a6e351b.jpeg
2021-08-07 11:38:31 [info]: ::1 (GET) /titles
2021-08-07 11:38:31 [info]: ::1 (GET) /users/self
2021-08-07 11:38:31 [info]: ::1 (GET) /titles/da9c985110156d0027e6ead301f06690
2021-08-07 11:38:31 [info]: ::1 (GET) /images/535de9e3ab5cac4969dc78646a6e351b.jpeg
2021-08-07 11:39:16 [info]: ::1 (GET) /images/535de9e3ab5cac4969dc78646a6e351b.jpeg
2021-08-07 11:39:17 [info]: ::1 (GET) /titles
2021-08-07 11:39:17 [info]: ::1 (GET) /users/self
2021-08-07 11:39:17 [info]: ::1 (GET) /titles/da9c985110156d0027e6ead301f06690
2021-08-07 11:39:18 [info]: ::1 (GET) /images/535de9e3ab5cac4969dc78646a6e351b.jpeg
2021-08-07 11:40:27 [info]: ::1 (GET) /images/535de9e3ab5cac4969dc78646a6e351b.jpeg
2021-08-07 11:40:27 [info]: ::1 (GET) /titles
2021-08-07 11:40:27 [info]: ::1 (GET) /users/self
2021-08-07 11:40:27 [info]: ::1 (GET) /titles/da9c985110156d0027e6ead301f06690
2021-08-07 11:40:27 [info]: ::1 (GET) /images/535de9e3ab5cac4969dc78646a6e351b.jpeg
2021-08-07 11:40:37 [info]: ::1 (GET) /titles
2021-08-07 11:40:37 [info]: ::1 (GET) /users/self
2021-08-07 11:40:37 [info]: ::1 (GET) /titles/da9c985110156d0027e6ead301f06690
2021-08-07 11:40:37 [info]: ::1 (GET) /images/535de9e3ab5cac4969dc78646a6e351b.jpeg
2021-08-07 11:47:36 [info]: ::1 (GET) /images/535de9e3ab5cac4969dc78646a6e351b.jpeg
2021-08-07 11:47:37 [info]: ::1 (GET) /titles
2021-08-07 11:47:37 [info]: ::1 (GET) /users/self
2021-08-07 11:47:37 [info]: ::1 (GET) /titles/da9c985110156d0027e6ead301f06690
2021-08-07 11:47:37 [info]: ::1 (GET) /images/535de9e3ab5cac4969dc78646a6e351b.jpeg
2021-08-07 11:48:34 [info]: ::1 (GET) /titles
2021-08-07 11:48:34 [info]: ::1 (GET) /users/self
2021-08-07 11:48:34 [info]: ::1 (GET) /titles/da9c985110156d0027e6ead301f06690
2021-08-07 11:48:34 [info]: ::1 (GET) /images/535de9e3ab5cac4969dc78646a6e351b.jpeg
2021-08-07 11:48:49 [info]: ::1 (GET) /images/535de9e3ab5cac4969dc78646a6e351b.jpe
2021-08-07 11:48:52 [info]: ::1 (GET) /images/535de9e3ab5cac4969dc78646a6e351b.jpeg
2021-08-07 11:50:45 [info]: ::1 (GET) /images/535de9e3ab5cac4969dc78646a6e351b.jpeg
2021-08-07 11:50:54 [info]: ::1 (GET) /titles/da9c985110156d0027e6ead301f06690
2021-08-07 11:50:54 [info]: ::1 (GET) /images/535de9e3ab5cac4969dc78646a6e351b.jpeg
2021-08-07 11:51:40 [info]: ::1 (GET) /titles/c806a0fff00005b96942277995f27a77
2021-08-07 11:51:42 [info]: ::1 (GET) /titles/da9c985110156d0027e6ead301f06690
2021-08-07 11:51:42 [info]: ::1 (GET) /images/535de9e3ab5cac4969dc78646a6e351b.jpeg
2021-08-07 11:56:29 [info]: ::1 (GET) /titles
2021-08-07 11:56:29 [info]: ::1 (GET) /titles/da9c985110156d0027e6ead301f06690
2021-08-07 11:56:30 [info]: ::1 (GET) /images/535de9e3ab5cac4969dc78646a6e351b.jpeg
2021-08-07 12:01:32 [info]: ::1 (GET) /titles
2021-08-07 12:01:32 [info]: ::1 (GET) /users/self
2021-08-07 12:01:32 [info]: ::1 (GET) /titles/da9c985110156d0027e6ead301f06690
2021-08-07 12:01:33 [info]: ::1 (GET) /images/535de9e3ab5cac4969dc78646a6e351b.jpeg
2021-08-07 12:02:30 [info]: ::1 (GET) /titles
2021-08-07 12:02:30 [info]: ::1 (GET) /users/self
2021-08-07 12:02:31 [info]: ::1 (GET) /titles/da9c985110156d0027e6ead301f06690
2021-08-07 12:02:31 [info]: ::1 (GET) /images/535de9e3ab5cac4969dc78646a6e351b.jpeg
2021-08-07 12:17:11 [info]: ::1 (GET) /titles
2021-08-07 12:17:11 [info]: ::1 (GET) /users/self
2021-08-07 12:17:11 [info]: ::1 (GET) /titles/da9c985110156d0027e6ead301f06690
2021-08-07 12:17:12 [info]: ::1 (GET) /images/535de9e3ab5cac4969dc78646a6e351b.jpeg
2021-08-07 12:20:06 [info]: ::1 (GET) /titles
2021-08-07 12:20:06 [info]: ::1 (GET) /users/self
2021-08-07 12:20:07 [info]: ::1 (GET) /titles/da9c985110156d0027e6ead301f06690
2021-08-07 12:20:07 [info]: ::1 (GET) /images/535de9e3ab5cac4969dc78646a6e351b.jpeg
2021-08-07 12:22:16 [info]: ::1 (GET) /titles
2021-08-07 12:22:16 [info]: ::1 (GET) /users/self
2021-08-07 12:22:16 [info]: ::1 (GET) /titles/da9c985110156d0027e6ead301f06690
2021-08-07 12:22:16 [info]: ::1 (GET) /images/535de9e3ab5cac4969dc78646a6e351b.jpeg
2021-08-07 12:22:22 [info]: ::1 (GET) /titles
2021-08-07 12:22:22 [info]: ::1 (GET) /users/self
2021-08-07 12:22:22 [info]: ::1 (GET) /titles/da9c985110156d0027e6ead301f06690
2021-08-07 12:22:22 [info]: ::1 (GET) /images/535de9e3ab5cac4969dc78646a6e351b.jpeg
2021-08-07 12:22:45 [info]: ::1 (GET) /titles
2021-08-07 12:22:45 [info]: ::1 (GET) /users/self
2021-08-07 12:22:45 [info]: ::1 (GET) /titles/da9c985110156d0027e6ead301f06690
2021-08-07 12:22:45 [info]: ::1 (GET) /images/535de9e3ab5cac4969dc78646a6e351b.jpeg
2021-08-07 12:23:43 [info]: ::1 (GET) /titles
2021-08-07 12:23:43 [info]: ::1 (GET) /users/self
2021-08-07 12:23:43 [info]: ::1 (GET) /titles/da9c985110156d0027e6ead301f06690
2021-08-07 12:23:43 [info]: ::1 (GET) /images/535de9e3ab5cac4969dc78646a6e351b.jpeg
2021-08-07 12:25:05 [info]: ::1 (GET) /titles
2021-08-07 12:25:05 [info]: ::1 (GET) /users/self
2021-08-07 12:25:05 [info]: ::1 (GET) /titles/da9c985110156d0027e6ead301f06690
2021-08-07 12:25:05 [info]: ::1 (GET) /images/535de9e3ab5cac4969dc78646a6e351b.jpeg
2021-08-07 12:25:43 [info]: ::1 (GET) /titles
2021-08-07 12:25:43 [info]: ::1 (GET) /users/self
2021-08-07 12:25:43 [info]: ::1 (GET) /titles/da9c985110156d0027e6ead301f06690
2021-08-07 12:25:43 [info]: ::1 (GET) /images/535de9e3ab5cac4969dc78646a6e351b.jpeg
2021-08-07 12:26:14 [info]: ::1 (GET) /titles
2021-08-07 12:26:14 [info]: ::1 (GET) /users/self
2021-08-07 12:26:14 [info]: ::1 (GET) /titles/da9c985110156d0027e6ead301f06690
2021-08-07 12:26:14 [info]: ::1 (GET) /images/535de9e3ab5cac4969dc78646a6e351b.jpeg
2021-08-07 12:27:49 [info]: ::1 (GET) /titles
2021-08-07 12:27:49 [info]: ::1 (GET) /users/self
2021-08-07 12:27:49 [info]: ::1 (GET) /titles/da9c985110156d0027e6ead301f06690
2021-08-07 12:27:50 [info]: ::1 (GET) /images/535de9e3ab5cac4969dc78646a6e351b.jpeg
2021-08-07 12:29:10 [info]: ::1 (GET) /titles
2021-08-07 12:29:10 [info]: ::1 (GET) /users/self
2021-08-07 12:29:10 [info]: ::1 (GET) /titles/da9c985110156d0027e6ead301f06690
2021-08-07 12:29:10 [info]: ::1 (GET) /images/535de9e3ab5cac4969dc78646a6e351b.jpeg
2021-08-07 12:29:35 [info]: ::1 (GET) /titles
2021-08-07 12:29:35 [info]: ::1 (GET) /users/self
2021-08-07 12:29:35 [info]: ::1 (GET) /titles/da9c985110156d0027e6ead301f06690
2021-08-07 12:29:35 [info]: ::1 (GET) /images/535de9e3ab5cac4969dc78646a6e351b.jpeg
2021-08-07 12:35:07 [info]: ::1 (GET) /titles
2021-08-07 12:35:07 [info]: ::1 (GET) /users/self
2021-08-07 12:35:07 [info]: ::1 (GET) /titles/da9c985110156d0027e6ead301f06690
2021-08-07 12:35:07 [info]: ::1 (GET) /images/535de9e3ab5cac4969dc78646a6e351b.jpeg
2021-08-07 12:40:29 [info]: ::1 (GET) /titles
2021-08-07 12:40:29 [info]: ::1 (GET) /users/self
2021-08-07 12:40:29 [info]: ::1 (GET) /titles/da9c985110156d0027e6ead301f06690
2021-08-07 12:40:30 [info]: ::1 (GET) /images/535de9e3ab5cac4969dc78646a6e351b.jpeg
2021-08-07 12:47:01 [info]: ::1 (GET) /users/self
2021-08-07 12:47:01 [info]: ::1 (GET) /titles
2021-08-07 12:47:01 [info]: ::1 (GET) /titles/da9c985110156d0027e6ead301f06690
2021-08-07 12:47:01 [info]: ::1 (GET) /images/535de9e3ab5cac4969dc78646a6e351b.jpeg
2021-08-07 13:51:01 [info]: ::1 (GET) /titles/273b352a34374b898a850afd13c09b8f
2021-08-07 13:51:01 [info]: ::1 (GET) /images/f7dcd2e9b5792057e007e52be6f2def7.jpeg
2021-08-07 13:51:08 [info]: ::1 (GET) /images
2021-08-07 13:51:08 [info]: ::1 (GET) /users/self
2021-08-07 13:51:08 [info]: ::1 (GET) /images/04b3db58a9f3d49e12ef2442fb898720
2021-08-07 13:51:08 [info]: ::1 (GET) /images/14fe5f41b1c5c552acdd1a1c12680256
2021-08-07 13:51:08 [info]: ::1 (GET) /images/5b5c4c793735916c3bff4cca323b01d2
2021-08-07 13:51:08 [info]: ::1 (GET) /images/147f951d2d7a7905d542eb29e21d9985
2021-08-07 13:51:08 [info]: ::1 (GET) /images/7edda3eb7ab91b2f03d8f2ef336456b9
2021-08-07 13:51:08 [info]: ::1 (GET) /images/b3de2f0ca5ec81aa17c7784b44445f4e
2021-08-07 13:51:09 [info]: ::1 (GET) /images/147f951d2d7a7905d542eb29e21d9985/info
2021-08-07 13:51:09 [info]: ::1 (GET) /images/147f951d2d7a7905d542eb29e21d9985
2021-08-07 13:51:12 [info]: ::1 (GET) /titles
2021-08-07 13:51:12 [info]: ::1 (GET) /users/self
2021-08-07 13:51:13 [info]: ::1 (GET) /titles/273b352a34374b898a850afd13c09b8f
2021-08-07 13:51:13 [info]: ::1 (GET) /images/f7dcd2e9b5792057e007e52be6f2def7.jpeg
2021-08-07 13:51:15 [info]: ::1 (GET) /images/147f951d2d7a7905d542eb29e21d9985
2021-08-07 15:00:14 [info]: ::1 (GET) /titles/273b352a34374b898a850afd13c09b8f
2021-08-07 15:00:14 [info]: ::1 (GET) /images/f7dcd2e9b5792057e007e52be6f2def7.jpeg
2021-08-07 15:00:14 [info]: ::1 (GET) /titles/273b352a34374b898a850afd13c09b8f
2021-08-07 15:00:14 [info]: ::1 (GET) /images/f7dcd2e9b5792057e007e52be6f2def7.jpeg
2021-08-07 15:00:16 [info]: ::1 (GET) /titles
2021-08-07 15:00:16 [info]: ::1 (GET) /users/self
2021-08-07 15:00:16 [info]: ::1 (GET) /titles/273b352a34374b898a850afd13c09b8f
2021-08-07 15:00:17 [info]: ::1 (GET) /images/f7dcd2e9b5792057e007e52be6f2def7.jpeg
2021-08-07 15:00:18 [info]: ::1 (GET) /titles/da9c985110156d0027e6ead301f06690
2021-08-07 15:00:18 [info]: ::1 (GET) /images/535de9e3ab5cac4969dc78646a6e351b.jpeg
2021-08-07 15:00:43 [info]: ::1 (GET) /titles/da9c985110156d0027e6ead301f06690
2021-08-07 15:00:44 [info]: ::1 (GET) /images/535de9e3ab5cac4969dc78646a6e351b.jpeg
2021-08-07 15:00:45 [info]: ::1 (GET) /titles
2021-08-07 15:00:45 [info]: ::1 (GET) /users/self
2021-08-07 15:00:45 [info]: ::1 (GET) /titles/da9c985110156d0027e6ead301f06690
2021-08-07 15:00:45 [info]: ::1 (GET) /images/535de9e3ab5cac4969dc78646a6e351b.jpeg
2021-08-07 15:00:57 [info]: ::1 (PUT) /titles/da9c985110156d0027e6ead301f06690/links/amazon_prime
2021-08-07 15:00:57 [info]: ::1 (PUT) /titles/da9c985110156d0027e6ead301f06690/links/netflix
2021-08-07 15:00:57 [info]: ::1 (POST) /titles/da9c985110156d0027e6ead301f06690/availability/amazon_prime
2021-08-07 15:00:57 [info]: ::1 (POST) /titles/da9c985110156d0027e6ead301f06690/availability/netflix
2021-08-07 15:00:57 [info]: ::1 (DELETE) /titles/da9c985110156d0027e6ead301f06690/availability/undefined
2021-08-07 15:00:57 [info]: ::1 (PUT) /titles/da9c985110156d0027e6ead301f06690
2021-08-07 15:03:42 [info]: ::1 (GET) /titles/da9c985110156d0027e6ead301f06690
2021-08-07 15:03:42 [info]: ::1 (GET) /images/535de9e3ab5cac4969dc78646a6e351b.jpeg
2021-08-07 15:03:45 [info]: ::1 (PUT) /titles/da9c985110156d0027e6ead301f06690/links/amazon_prime
2021-08-07 15:03:45 [info]: ::1 (POST) /titles/da9c985110156d0027e6ead301f06690/availability/amazon_prime
2021-08-07 15:03:45 [info]: ::1 (POST) /titles/da9c985110156d0027e6ead301f06690/availability/netflix
2021-08-07 15:03:45 [info]: ::1 (PUT) /titles/da9c985110156d0027e6ead301f06690/links/netflix
2021-08-07 15:03:45 [info]: ::1 (DELETE) /titles/da9c985110156d0027e6ead301f06690/availability/undefined
2021-08-07 15:03:45 [info]: ::1 (PUT) /titles/da9c985110156d0027e6ead301f06690
2021-08-07 15:25:33 [info]: ::1 (GET) /titles/da9c985110156d0027e6ead301f06690
2021-08-07 15:25:33 [info]: ::1 (GET) /images/535de9e3ab5cac4969dc78646a6e351b.jpeg
2021-08-07 15:26:56 [info]: ::1 (GET) /titles
2021-08-07 15:26:56 [info]: ::1 (GET) /users/self
2021-08-07 15:26:56 [info]: ::1 (GET) /titles/da9c985110156d0027e6ead301f06690
2021-08-07 15:26:56 [info]: ::1 (GET) /images/535de9e3ab5cac4969dc78646a6e351b.jpeg
2021-08-07 15:28:47 [info]: ::1 (GET) /titles
2021-08-07 15:28:47 [info]: ::1 (GET) /users/self
2021-08-07 15:28:47 [info]: ::1 (GET) /titles/da9c985110156d0027e6ead301f06690
2021-08-07 15:28:47 [info]: ::1 (GET) /images/535de9e3ab5cac4969dc78646a6e351b.jpeg
2021-08-07 15:29:31 [info]: ::1 (GET) /titles
2021-08-07 15:29:31 [info]: ::1 (GET) /users/self
2021-08-07 15:29:31 [info]: ::1 (GET) /titles/da9c985110156d0027e6ead301f06690
2021-08-07 15:29:31 [info]: ::1 (GET) /images/535de9e3ab5cac4969dc78646a6e351b.jpeg
2021-08-07 15:29:33 [info]: ::1 (GET) /titles
2021-08-07 15:29:33 [info]: ::1 (GET) /users/self
2021-08-07 15:29:33 [info]: ::1 (GET) /titles/da9c985110156d0027e6ead301f06690
2021-08-07 15:29:33 [info]: ::1 (GET) /images/535de9e3ab5cac4969dc78646a6e351b.jpeg
2021-08-07 15:32:32 [info]: ::1 (GET) /titles
2021-08-07 15:32:32 [info]: ::1 (GET) /users/self
2021-08-07 15:32:32 [info]: ::1 (GET) /titles/da9c985110156d0027e6ead301f06690
2021-08-07 15:32:32 [info]: ::1 (GET) /images/535de9e3ab5cac4969dc78646a6e351b.jpeg
2021-08-07 15:33:08 [info]: ::1 (GET) /titles
2021-08-07 15:33:08 [info]: ::1 (GET) /users/self
2021-08-07 15:33:08 [info]: ::1 (GET) /titles/da9c985110156d0027e6ead301f06690
2021-08-07 15:33:08 [info]: ::1 (GET) /images/535de9e3ab5cac4969dc78646a6e351b.jpeg
2021-08-07 15:33:33 [info]: ::1 (GET) /titles
2021-08-07 15:33:33 [info]: ::1 (GET) /users/self
2021-08-07 15:33:33 [info]: ::1 (GET) /titles/da9c985110156d0027e6ead301f06690
2021-08-07 15:33:33 [info]: ::1 (GET) /images/535de9e3ab5cac4969dc78646a6e351b.jpeg
2021-08-07 15:34:57 [info]: ::1 (GET) /titles
2021-08-07 15:34:57 [info]: ::1 (GET) /users/self
2021-08-07 15:34:57 [info]: ::1 (GET) /titles/da9c985110156d0027e6ead301f06690
2021-08-07 15:34:58 [info]: ::1 (GET) /images/535de9e3ab5cac4969dc78646a6e351b.jpeg
2021-08-07 15:35:28 [info]: ::1 (GET) /titles
2021-08-07 15:35:28 [info]: ::1 (GET) /users/self
2021-08-07 15:35:28 [info]: ::1 (GET) /titles/da9c985110156d0027e6ead301f06690
2021-08-07 15:35:28 [info]: ::1 (GET) /images/535de9e3ab5cac4969dc78646a6e351b.jpeg
2021-08-07 15:36:23 [info]: ::1 (GET) /titles
2021-08-07 15:36:23 [info]: ::1 (GET) /users/self
2021-08-07 15:36:23 [info]: ::1 (GET) /titles/da9c985110156d0027e6ead301f06690
2021-08-07 15:36:23 [info]: ::1 (GET) /images/535de9e3ab5cac4969dc78646a6e351b.jpeg
2021-08-07 15:37:41 [info]: ::1 (GET) /titles
2021-08-07 15:37:41 [info]: ::1 (GET) /users/self
2021-08-07 15:37:41 [info]: ::1 (GET) /titles/da9c985110156d0027e6ead301f06690
2021-08-07 15:37:41 [info]: ::1 (GET) /images/535de9e3ab5cac4969dc78646a6e351b.jpeg
2021-08-07 15:38:15 [info]: ::1 (GET) /titles
2021-08-07 15:38:15 [info]: ::1 (GET) /users/self
2021-08-07 15:38:15 [info]: ::1 (GET) /titles/da9c985110156d0027e6ead301f06690
2021-08-07 15:38:15 [info]: ::1 (GET) /images/535de9e3ab5cac4969dc78646a6e351b.jpeg
2021-08-07 15:38:36 [info]: ::1 (GET) /titles
2021-08-07 15:38:36 [info]: ::1 (GET) /users/self
2021-08-07 15:38:36 [info]: ::1 (GET) /titles/da9c985110156d0027e6ead301f06690
2021-08-07 15:38:36 [info]: ::1 (GET) /images/535de9e3ab5cac4969dc78646a6e351b.jpeg
2021-08-07 15:38:56 [info]: ::1 (GET) /titles
2021-08-07 15:38:56 [info]: ::1 (GET) /users/self
2021-08-07 15:38:56 [info]: ::1 (GET) /titles/da9c985110156d0027e6ead301f06690
2021-08-07 15:38:56 [info]: ::1 (GET) /images/535de9e3ab5cac4969dc78646a6e351b.jpeg
2021-08-07 15:39:11 [info]: ::1 (GET) /titles
2021-08-07 15:39:11 [info]: ::1 (GET) /users/self
2021-08-07 15:39:11 [info]: ::1 (GET) /titles/da9c985110156d0027e6ead301f06690
2021-08-07 15:39:11 [info]: ::1 (GET) /images/535de9e3ab5cac4969dc78646a6e351b.jpeg
2021-08-07 15:40:22 [info]: ::1 (GET) /titles
2021-08-07 15:40:22 [info]: ::1 (GET) /users/self
2021-08-07 15:40:22 [info]: ::1 (GET) /titles/da9c985110156d0027e6ead301f06690
2021-08-07 15:40:22 [info]: ::1 (GET) /images/535de9e3ab5cac4969dc78646a6e351b.jpeg
2021-08-07 15:43:48 [info]: ::1 (GET) /titles
2021-08-07 15:43:48 [info]: ::1 (GET) /users/self
2021-08-07 15:43:48 [info]: ::1 (GET) /titles/da9c985110156d0027e6ead301f06690
2021-08-07 15:43:48 [info]: ::1 (GET) /images/535de9e3ab5cac4969dc78646a6e351b.jpeg
2021-08-07 15:44:44 [info]: ::1 (GET) /titles
2021-08-07 15:44:44 [info]: ::1 (GET) /users/self
2021-08-07 15:44:44 [info]: ::1 (GET) /titles/da9c985110156d0027e6ead301f06690
2021-08-07 15:44:44 [info]: ::1 (GET) /images/535de9e3ab5cac4969dc78646a6e351b.jpeg
2021-08-07 15:46:58 [info]: ::1 (GET) /titles
2021-08-07 15:46:58 [info]: ::1 (GET) /users/self
2021-08-07 15:46:58 [info]: ::1 (GET) /titles/da9c985110156d0027e6ead301f06690
2021-08-07 15:46:58 [info]: ::1 (GET) /images/535de9e3ab5cac4969dc78646a6e351b.jpeg
2021-08-07 15:47:35 [info]: ::1 (GET) /titles
2021-08-07 15:47:35 [info]: ::1 (GET) /users/self
2021-08-07 15:47:35 [info]: ::1 (GET) /titles/da9c985110156d0027e6ead301f06690
2021-08-07 15:47:35 [info]: ::1 (GET) /images/535de9e3ab5cac4969dc78646a6e351b.jpeg
2021-08-07 23:08:28 [info]: API listening at http://localhost:9000
2021-08-07 23:13:36 [info]: ::1 (GET) /auth
2021-08-07 23:13:36 [info]: ::1 (GET) /users/self
2021-08-07 23:13:39 [info]: ::1 (GET) /titles
2021-08-07 23:13:39 [info]: ::1 (GET) /users/self
2021-08-07 23:13:40 [info]: ::1 (GET) /titles/da9c985110156d0027e6ead301f06690
2021-08-07 23:13:40 [info]: ::1 (GET) /images/535de9e3ab5cac4969dc78646a6e351b.jpeg
2021-08-07 23:18:53 [info]: ::1 (GET) /titles
2021-08-07 23:18:53 [info]: ::1 (GET) /users/self
2021-08-07 23:18:53 [info]: ::1 (GET) /titles/da9c985110156d0027e6ead301f06690
2021-08-07 23:18:53 [info]: ::1 (GET) /images/535de9e3ab5cac4969dc78646a6e351b.jpeg
2021-08-07 23:19:19 [info]: ::1 (GET) /titles
2021-08-07 23:19:19 [info]: ::1 (GET) /users/self
2021-08-07 23:19:19 [info]: ::1 (GET) /titles/da9c985110156d0027e6ead301f06690
2021-08-07 23:19:19 [info]: ::1 (GET) /images/535de9e3ab5cac4969dc78646a6e351b.jpeg
2021-08-07 23:19:32 [info]: ::1 (GET) /titles
2021-08-07 23:19:32 [info]: ::1 (GET) /users/self
2021-08-07 23:19:32 [info]: ::1 (GET) /titles/da9c985110156d0027e6ead301f06690
2021-08-07 23:19:32 [info]: ::1 (GET) /images/535de9e3ab5cac4969dc78646a6e351b.jpeg
2021-08-07 23:20:16 [info]: ::1 (GET) /titles
2021-08-07 23:20:16 [info]: ::1 (GET) /users/self
2021-08-07 23:20:16 [info]: ::1 (GET) /titles/da9c985110156d0027e6ead301f06690
2021-08-07 23:20:16 [info]: ::1 (GET) /images/535de9e3ab5cac4969dc78646a6e351b.jpeg
2021-08-07 23:20:17 [info]: ::1 (GET) /titles
2021-08-07 23:20:17 [info]: ::1 (GET) /users/self
2021-08-07 23:20:17 [info]: ::1 (GET) /titles/da9c985110156d0027e6ead301f06690
2021-08-07 23:20:17 [info]: ::1 (GET) /images/535de9e3ab5cac4969dc78646a6e351b.jpeg
2021-08-07 23:20:59 [info]: ::1 (GET) /titles
2021-08-07 23:20:59 [info]: ::1 (GET) /users/self
2021-08-07 23:20:59 [info]: ::1 (GET) /titles/da9c985110156d0027e6ead301f06690
2021-08-07 23:20:59 [info]: ::1 (GET) /images/535de9e3ab5cac4969dc78646a6e351b.jpeg
2021-08-07 23:21:00 [info]: ::1 (GET) /titles
2021-08-07 23:21:00 [info]: ::1 (GET) /users/self
2021-08-07 23:21:00 [info]: ::1 (GET) /titles/da9c985110156d0027e6ead301f06690
2021-08-07 23:21:00 [info]: ::1 (GET) /images/535de9e3ab5cac4969dc78646a6e351b.jpeg
2021-08-07 23:21:14 [info]: ::1 (GET) /titles
2021-08-07 23:21:14 [info]: ::1 (GET) /users/self
2021-08-07 23:21:14 [info]: ::1 (GET) /titles/da9c985110156d0027e6ead301f06690
2021-08-07 23:21:14 [info]: ::1 (GET) /images/535de9e3ab5cac4969dc78646a6e351b.jpeg
