2021-08-14 03:09:18 [info]: ::1 (GET) /titles/?q=moana
2021-08-14 03:09:18 [info]: ::1 (GET) /images/147f951d2d7a7905d542eb29e21d9985
2021-08-14 03:09:21 [info]: ::1 (GET) /titles/273b352a34374b898a850afd13c09b8f
2021-08-14 03:09:21 [info]: ::1 (GET) /images/147f951d2d7a7905d542eb29e21d9985
2021-08-14 03:27:51 [info]: ::1 (GET) /titles/?q=lord
2021-08-14 03:27:51 [info]: ::1 (GET) /images/b45e55914bd6bed65a51fc0c73d56415
2021-08-14 03:27:51 [info]: ::1 (GET) /images/d8a4a3e95148d4d86f75aa7e3a060527
2021-08-14 03:27:51 [info]: ::1 (GET) /images/53ed97785447e228a25a61b648a53af5
2021-08-14 14:15:34 [info]: API listening at http://localhost:9000
2021-08-14 14:36:44 [info]: ::1 (GET) /titles/?q=moana
2021-08-14 14:36:44 [info]: ::1 (GET) /images/147f951d2d7a7905d542eb29e21d9985
2021-08-14 14:36:49 [info]: ::1 (GET) /titles/273b352a34374b898a850afd13c09b8f
2021-08-14 14:36:49 [info]: ::1 (GET) /images/147f951d2d7a7905d542eb29e21d9985
2021-08-14 14:38:54 [info]: ::1 (GET) /titles/?q=moana
2021-08-14 14:38:54 [info]: ::1 (GET) /images/147f951d2d7a7905d542eb29e21d9985
2021-08-14 14:38:55 [info]: ::1 (GET) /titles/273b352a34374b898a850afd13c09b8f
2021-08-14 14:38:56 [info]: ::1 (GET) /images/147f951d2d7a7905d542eb29e21d9985
2021-08-14 14:39:41 [info]: ::1 (GET) /titles/273b352a34374b898a850afd13c09b8f
2021-08-14 14:39:41 [info]: ::1 (GET) /images/147f951d2d7a7905d542eb29e21d9985
2021-08-14 14:47:16 [info]: ::1 (GET) /titles/?q=lord
2021-08-14 14:47:16 [info]: ::1 (GET) /images/b45e55914bd6bed65a51fc0c73d56415
2021-08-14 14:47:16 [info]: ::1 (GET) /images/d8a4a3e95148d4d86f75aa7e3a060527
2021-08-14 14:47:16 [info]: ::1 (GET) /images/53ed97785447e228a25a61b648a53af5
2021-08-14 14:47:18 [info]: ::1 (GET) /titles/ff29c71a3f9d11fd25c903a665ea6092
2021-08-14 14:47:18 [info]: ::1 (GET) /images/d8a4a3e95148d4d86f75aa7e3a060527
2021-08-14 14:48:10 [info]: ::1 (GET) /titles/?q=matrix
2021-08-14 14:48:10 [info]: ::1 (GET) /images/1d7510521f38e6f5a7115944a8810d3c
2021-08-14 14:48:15 [info]: ::1 (GET) /titles/f5607848fa8eb02965200564483f2879
2021-08-14 14:48:15 [info]: ::1 (GET) /images/1d7510521f38e6f5a7115944a8810d3c
2021-08-14 14:48:24 [info]: ::1 (GET) /titles/?q=avatar
2021-08-14 14:48:24 [info]: ::1 (GET) /images/7edda3eb7ab91b2f03d8f2ef336456b9
2021-08-14 14:48:25 [info]: ::1 (GET) /titles/4fc63cc45cb72566136015b9dcf1cf46
2021-08-14 14:48:26 [info]: ::1 (GET) /images/7edda3eb7ab91b2f03d8f2ef336456b9
2021-08-14 14:51:50 [info]: ::1 (GET) /titles/?q=rick%20and%20morty
2021-08-14 14:51:50 [info]: ::1 (GET) /images/8051ea4b597d112dbb99cf51569edd85
2021-08-14 14:51:50 [info]: ::1 (GET) /images/5b5c4c793735916c3bff4cca323b01d2
2021-08-14 14:52:00 [info]: ::1 (GET) /titles/459af6b9643c312f5d0ea3cb0b093d82
2021-08-14 14:52:00 [info]: ::1 (GET) /images/8051ea4b597d112dbb99cf51569edd85
2021-08-14 19:52:01 [info]: API listening at http://localhost:9000
2021-08-14 19:53:02 [info]: ::1 (POST) /lists
2021-08-14 19:53:20 [info]: ::1 (POST) /lists
2021-08-14 19:55:29 [info]: API listening at http://localhost:9000
2021-08-14 19:55:32 [info]: ::1 (POST) /lists
2021-08-14 19:55:32 [error]: Error: ER_BAD_FIELD_ERROR: Unknown column 'name' in 'field list'
    at Query.Sequence._packetToError (D:\streamfinder\api\node_modules\mysql\lib\protocol\sequences\Sequence.js:47:14)
    at Query.ErrorPacket (D:\streamfinder\api\node_modules\mysql\lib\protocol\sequences\Query.js:79:18)
    at Protocol._parsePacket (D:\streamfinder\api\node_modules\mysql\lib\protocol\Protocol.js:291:23)
    at Parser._parsePacket (D:\streamfinder\api\node_modules\mysql\lib\protocol\Parser.js:433:10)
    at Parser.write (D:\streamfinder\api\node_modules\mysql\lib\protocol\Parser.js:43:10)
    at Protocol.write (D:\streamfinder\api\node_modules\mysql\lib\protocol\Protocol.js:38:16)
    at Socket.<anonymous> (D:\streamfinder\api\node_modules\mysql\lib\Connection.js:88:28)
    at Socket.<anonymous> (D:\streamfinder\api\node_modules\mysql\lib\Connection.js:526:10)
    at Socket.emit (events.js:200:13)
    at addChunk (_stream_readable.js:294:12)
    --------------------
    at Pool.query (D:\streamfinder\api\node_modules\mysql\lib\Pool.js:199:23)
    at D:\streamfinder\api\util.js:41:18
    at new Promise (<anonymous>)
    at Object.dbPromise (D:\streamfinder\api\util.js:40:16)
    at Object.insertList (D:\streamfinder\api\controllers\list.js:14:21)
    at List.insert (D:\streamfinder\api\models\list.js:59:30)
    at processTicksAndRejections (internal/process/task_queues.js:89:5)
2021-08-14 19:55:54 [info]: ::1 (POST) /lists
2021-08-14 19:55:54 [error]: Error: ER_BAD_NULL_ERROR: Column 'list_id' cannot be null
    at Query.Sequence._packetToError (D:\streamfinder\api\node_modules\mysql\lib\protocol\sequences\Sequence.js:47:14)
    at Query.ErrorPacket (D:\streamfinder\api\node_modules\mysql\lib\protocol\sequences\Query.js:79:18)
    at Protocol._parsePacket (D:\streamfinder\api\node_modules\mysql\lib\protocol\Protocol.js:291:23)
    at Parser._parsePacket (D:\streamfinder\api\node_modules\mysql\lib\protocol\Parser.js:433:10)
    at Parser.write (D:\streamfinder\api\node_modules\mysql\lib\protocol\Parser.js:43:10)
    at Protocol.write (D:\streamfinder\api\node_modules\mysql\lib\protocol\Protocol.js:38:16)
    at Socket.<anonymous> (D:\streamfinder\api\node_modules\mysql\lib\Connection.js:88:28)
    at Socket.<anonymous> (D:\streamfinder\api\node_modules\mysql\lib\Connection.js:526:10)
    at Socket.emit (events.js:200:13)
    at addChunk (_stream_readable.js:294:12)
    --------------------
    at Pool.query (D:\streamfinder\api\node_modules\mysql\lib\Pool.js:199:23)
    at D:\streamfinder\api\util.js:41:18
    at new Promise (<anonymous>)
    at Object.dbPromise (D:\streamfinder\api\util.js:40:16)
    at Object.insertList (D:\streamfinder\api\controllers\list.js:14:21)
    at List.insert (D:\streamfinder\api\models\list.js:59:30)
    at processTicksAndRejections (internal/process/task_queues.js:89:5)
2021-08-14 19:56:26 [info]: API listening at http://localhost:9000
2021-08-14 19:56:28 [info]: ::1 (POST) /lists
2021-08-14 19:57:11 [info]: ::1 (DELETE) /lists/98d26b674317ab1f
2021-08-14 19:58:13 [info]: API listening at http://localhost:9000
2021-08-14 19:58:21 [info]: API listening at http://localhost:9000
2021-08-14 19:58:23 [info]: ::1 (DELETE) /lists/98d26b674317ab1f
2021-08-14 19:58:32 [info]: ::1 (DELETE) /lists/98d26b674317ab1f
2021-08-14 20:00:57 [info]: ::1 (POST) /lists
2021-08-14 20:01:26 [info]: ::1 (GET) /lists/29f7555900c81372c36035ef2d0efbec
2021-08-14 20:01:26 [error]: Error: ER_PARSE_ERROR: You have an error in your SQL syntax; check the manual that corresponds to your MySQL server version for the right syntax to use near 'ASC' at line 1
    at Query.Sequence._packetToError (D:\streamfinder\api\node_modules\mysql\lib\protocol\sequences\Sequence.js:47:14)
    at Query.ErrorPacket (D:\streamfinder\api\node_modules\mysql\lib\protocol\sequences\Query.js:79:18)
    at Protocol._parsePacket (D:\streamfinder\api\node_modules\mysql\lib\protocol\Protocol.js:291:23)
    at Parser._parsePacket (D:\streamfinder\api\node_modules\mysql\lib\protocol\Parser.js:433:10)
    at Parser.write (D:\streamfinder\api\node_modules\mysql\lib\protocol\Parser.js:43:10)
    at Protocol.write (D:\streamfinder\api\node_modules\mysql\lib\protocol\Protocol.js:38:16)
    at Socket.<anonymous> (D:\streamfinder\api\node_modules\mysql\lib\Connection.js:88:28)
    at Socket.<anonymous> (D:\streamfinder\api\node_modules\mysql\lib\Connection.js:526:10)
    at Socket.emit (events.js:200:13)
    at addChunk (_stream_readable.js:294:12)
    --------------------
    at Pool.query (D:\streamfinder\api\node_modules\mysql\lib\Pool.js:199:23)
    at D:\streamfinder\api\util.js:41:18
    at new Promise (<anonymous>)
    at Object.dbPromise (D:\streamfinder\api\util.js:40:16)
    at Object.getListTitles (D:\streamfinder\api\controllers\list.titles.js:6:21)
    at List.init (D:\streamfinder\api\models\list.js:47:51)
    at D:\streamfinder\api\model_functions\list.js:15:25
    at processTicksAndRejections (internal/process/task_queues.js:89:5)
2021-08-14 20:02:16 [info]: API listening at http://localhost:9000
2021-08-14 20:02:18 [info]: ::1 (GET) /lists/29f7555900c81372c36035ef2d0efbec
2021-08-14 20:02:18 [error]: Error: ER_PARSE_ERROR: You have an error in your SQL syntax; check the manual that corresponds to your MySQL server version for the right syntax to use near 'ASC' at line 1
    at Query.Sequence._packetToError (D:\streamfinder\api\node_modules\mysql\lib\protocol\sequences\Sequence.js:47:14)
    at Query.ErrorPacket (D:\streamfinder\api\node_modules\mysql\lib\protocol\sequences\Query.js:79:18)
    at Protocol._parsePacket (D:\streamfinder\api\node_modules\mysql\lib\protocol\Protocol.js:291:23)
    at Parser._parsePacket (D:\streamfinder\api\node_modules\mysql\lib\protocol\Parser.js:433:10)
    at Parser.write (D:\streamfinder\api\node_modules\mysql\lib\protocol\Parser.js:43:10)
    at Protocol.write (D:\streamfinder\api\node_modules\mysql\lib\protocol\Protocol.js:38:16)
    at Socket.<anonymous> (D:\streamfinder\api\node_modules\mysql\lib\Connection.js:88:28)
    at Socket.<anonymous> (D:\streamfinder\api\node_modules\mysql\lib\Connection.js:526:10)
    at Socket.emit (events.js:200:13)
    at addChunk (_stream_readable.js:294:12)
    --------------------
    at Pool.query (D:\streamfinder\api\node_modules\mysql\lib\Pool.js:199:23)
    at D:\streamfinder\api\util.js:41:18
    at new Promise (<anonymous>)
    at Object.dbPromise (D:\streamfinder\api\util.js:40:16)
    at Object.getListTitles (D:\streamfinder\api\controllers\list.titles.js:6:21)
    at List.init (D:\streamfinder\api\models\list.js:47:51)
    at D:\streamfinder\api\model_functions\list.js:15:25
    at processTicksAndRejections (internal/process/task_queues.js:89:5)
2021-08-14 20:10:16 [info]: API listening at http://localhost:9000
2021-08-14 20:10:19 [info]: ::1 (GET) /lists/29f7555900c81372c36035ef2d0efbec
2021-08-14 20:11:01 [info]: API listening at http://localhost:9000
2021-08-14 20:11:03 [info]: ::1 (GET) /lists/29f7555900c81372c36035ef2d0efbec
2021-08-14 20:12:52 [info]: API listening at http://localhost:9000
2021-08-14 20:12:55 [info]: ::1 (GET) /lists/29f7555900c81372c36035ef2d0efbec
2021-08-14 20:14:56 [info]: ::1 (PUT) /lists/29f7555900c81372c36035ef2d0efbec
2021-08-14 20:14:56 [error]: Error: ER_PARSE_ERROR: You have an error in your SQL syntax; check the manual that corresponds to your MySQL server version for the right syntax to use near 'rank) VALUES ('29f7555900c81372c36035ef2d0efbec', '', 0)' at line 1
    at Query.Sequence._packetToError (D:\streamfinder\api\node_modules\mysql\lib\protocol\sequences\Sequence.js:47:14)
    at Query.ErrorPacket (D:\streamfinder\api\node_modules\mysql\lib\protocol\sequences\Query.js:79:18)
    at Protocol._parsePacket (D:\streamfinder\api\node_modules\mysql\lib\protocol\Protocol.js:291:23)
    at Parser._parsePacket (D:\streamfinder\api\node_modules\mysql\lib\protocol\Parser.js:433:10)
    at Parser.write (D:\streamfinder\api\node_modules\mysql\lib\protocol\Parser.js:43:10)
    at Protocol.write (D:\streamfinder\api\node_modules\mysql\lib\protocol\Protocol.js:38:16)
    at Socket.<anonymous> (D:\streamfinder\api\node_modules\mysql\lib\Connection.js:88:28)
    at Socket.<anonymous> (D:\streamfinder\api\node_modules\mysql\lib\Connection.js:526:10)
    at Socket.emit (events.js:200:13)
    at addChunk (_stream_readable.js:294:12)
    --------------------
    at Pool.query (D:\streamfinder\api\node_modules\mysql\lib\Pool.js:199:23)
    at D:\streamfinder\api\util.js:41:18
    at new Promise (<anonymous>)
    at Object.dbPromise (D:\streamfinder\api\util.js:40:16)
    at Object.insertListTitle (D:\streamfinder\api\controllers\list.titles.js:14:21)
    at List.save (D:\streamfinder\api\models\list.js:70:40)
    at processTicksAndRejections (internal/process/task_queues.js:89:5)
2021-08-14 20:15:31 [info]: API listening at http://localhost:9000
2021-08-14 20:15:33 [info]: ::1 (PUT) /lists/29f7555900c81372c36035ef2d0efbec
2021-08-14 20:15:33 [error]: Error: ER_PARSE_ERROR: You have an error in your SQL syntax; check the manual that corresponds to your MySQL server version for the right syntax to use near 'rank) VALUES ('29f7555900c81372c36035ef2d0efbec', '', 0)' at line 1
    at Query.Sequence._packetToError (D:\streamfinder\api\node_modules\mysql\lib\protocol\sequences\Sequence.js:47:14)
    at Query.ErrorPacket (D:\streamfinder\api\node_modules\mysql\lib\protocol\sequences\Query.js:79:18)
    at Protocol._parsePacket (D:\streamfinder\api\node_modules\mysql\lib\protocol\Protocol.js:291:23)
    at Parser._parsePacket (D:\streamfinder\api\node_modules\mysql\lib\protocol\Parser.js:433:10)
    at Parser.write (D:\streamfinder\api\node_modules\mysql\lib\protocol\Parser.js:43:10)
    at Protocol.write (D:\streamfinder\api\node_modules\mysql\lib\protocol\Protocol.js:38:16)
    at Socket.<anonymous> (D:\streamfinder\api\node_modules\mysql\lib\Connection.js:88:28)
    at Socket.<anonymous> (D:\streamfinder\api\node_modules\mysql\lib\Connection.js:526:10)
    at Socket.emit (events.js:200:13)
    at addChunk (_stream_readable.js:294:12)
    --------------------
    at Pool.query (D:\streamfinder\api\node_modules\mysql\lib\Pool.js:199:23)
    at D:\streamfinder\api\util.js:41:18
    at new Promise (<anonymous>)
    at Object.dbPromise (D:\streamfinder\api\util.js:40:16)
    at Object.insertListTitle (D:\streamfinder\api\controllers\list.titles.js:14:21)
    at List.save (D:\streamfinder\api\models\list.js:70:40)
    at processTicksAndRejections (internal/process/task_queues.js:89:5)
2021-08-14 20:15:45 [info]: API listening at http://localhost:9000
2021-08-14 20:15:47 [info]: ::1 (PUT) /lists/29f7555900c81372c36035ef2d0efbec
2021-08-14 20:15:47 [error]: Error: ER_PARSE_ERROR: You have an error in your SQL syntax; check the manual that corresponds to your MySQL server version for the right syntax to use near ''rank') VALUES ('29f7555900c81372c36035ef2d0efbec', '', 0)' at line 1
    at Query.Sequence._packetToError (D:\streamfinder\api\node_modules\mysql\lib\protocol\sequences\Sequence.js:47:14)
    at Query.ErrorPacket (D:\streamfinder\api\node_modules\mysql\lib\protocol\sequences\Query.js:79:18)
    at Protocol._parsePacket (D:\streamfinder\api\node_modules\mysql\lib\protocol\Protocol.js:291:23)
    at Parser._parsePacket (D:\streamfinder\api\node_modules\mysql\lib\protocol\Parser.js:433:10)
    at Parser.write (D:\streamfinder\api\node_modules\mysql\lib\protocol\Parser.js:43:10)
    at Protocol.write (D:\streamfinder\api\node_modules\mysql\lib\protocol\Protocol.js:38:16)
    at Socket.<anonymous> (D:\streamfinder\api\node_modules\mysql\lib\Connection.js:88:28)
    at Socket.<anonymous> (D:\streamfinder\api\node_modules\mysql\lib\Connection.js:526:10)
    at Socket.emit (events.js:200:13)
    at addChunk (_stream_readable.js:294:12)
    --------------------
    at Pool.query (D:\streamfinder\api\node_modules\mysql\lib\Pool.js:199:23)
    at D:\streamfinder\api\util.js:41:18
    at new Promise (<anonymous>)
    at Object.dbPromise (D:\streamfinder\api\util.js:40:16)
    at Object.insertListTitle (D:\streamfinder\api\controllers\list.titles.js:14:21)
    at List.save (D:\streamfinder\api\models\list.js:70:40)
    at processTicksAndRejections (internal/process/task_queues.js:89:5)
2021-08-14 20:20:03 [info]: API listening at http://localhost:9000
2021-08-14 20:20:05 [info]: ::1 (PUT) /lists/29f7555900c81372c36035ef2d0efbec
2021-08-14 20:20:09 [info]: ::1 (GET) /lists/29f7555900c81372c36035ef2d0efbec
2021-08-14 20:20:09 [error]: ReferenceError: TitleLink is not defined
    at List.init (D:\streamfinder\api\models\list.js:49:29)
    at processTicksAndRejections (internal/process/task_queues.js:89:5)
2021-08-14 20:21:01 [info]: API listening at http://localhost:9000
2021-08-14 20:21:04 [info]: ::1 (GET) /lists/29f7555900c81372c36035ef2d0efbec
2021-08-14 20:21:15 [info]: ::1 (DELETE) /lists/29f7555900c81372c36035ef2d0efbec
2021-08-14 20:21:47 [info]: ::1 (POST) /lists
2021-08-14 20:21:53 [info]: ::1 (GET) /lists/0008e7863d3608c12f33f39d60d77e3e
2021-08-14 20:21:59 [info]: ::1 (PUT) /lists/0008e7863d3608c12f33f39d60d77e3e
2021-08-14 20:22:01 [info]: ::1 (GET) /lists/0008e7863d3608c12f33f39d60d77e3e
2021-08-14 20:23:12 [info]: API listening at http://localhost:9000
2021-08-14 20:23:16 [info]: ::1 (PUT) /lists/0008e7863d3608c12f33f39d60d77e3e
2021-08-14 20:23:18 [info]: ::1 (GET) /lists/0008e7863d3608c12f33f39d60d77e3e
2021-08-14 20:24:33 [info]: ::1 (PUT) /lists/0008e7863d3608c12f33f39d60d77e3e
2021-08-14 20:24:40 [info]: ::1 (GET) /lists/0008e7863d3608c12f33f39d60d77e3e
2021-08-14 20:24:51 [info]: ::1 (PUT) /lists/0008e7863d3608c12f33f39d60d77e3e
2021-08-14 20:24:53 [info]: ::1 (GET) /lists/0008e7863d3608c12f33f39d60d77e3e
2021-08-14 20:27:21 [info]: API listening at http://localhost:9000
2021-08-14 20:27:27 [info]: ::1 (PUT) /lists/0008e7863d3608c12f33f39d60d77e3e
2021-08-14 20:27:29 [info]: ::1 (GET) /lists/0008e7863d3608c12f33f39d60d77e3e
2021-08-14 20:27:34 [info]: ::1 (PUT) /lists/0008e7863d3608c12f33f39d60d77e3e
2021-08-14 20:27:36 [info]: ::1 (GET) /lists/0008e7863d3608c12f33f39d60d77e3e
2021-08-14 20:28:01 [info]: ::1 (PUT) /lists/0008e7863d3608c12f33f39d60d77e3e
2021-08-14 20:28:03 [info]: ::1 (GET) /lists/0008e7863d3608c12f33f39d60d77e3e
2021-08-14 20:29:10 [info]: ::1 (GET) /pages/new
2021-08-14 20:39:23 [info]: ::1 (GET) /auth
2021-08-14 20:39:23 [info]: ::1 (GET) /users/self
2021-08-14 20:39:30 [info]: ::1 (GET) /images/
2021-08-14 20:39:30 [info]: ::1 (GET) /titles
2021-08-14 20:39:30 [info]: ::1 (GET) /images/
2021-08-14 20:39:30 [info]: ::1 (GET) /users/self
2021-08-14 20:39:35 [info]: ::1 (GET) /titles/0fdefb53f61cc388369511d5b927f88b
2021-08-14 20:39:35 [info]: ::1 (GET) /images/
2021-08-14 20:39:35 [info]: ::1 (GET) /images/688df9523df0841a9e2e72880b0a447b
2021-08-14 20:39:38 [info]: ::1 (GET) /titles/273b352a34374b898a850afd13c09b8f
2021-08-14 20:39:38 [info]: ::1 (GET) /images/
2021-08-14 20:39:38 [info]: ::1 (GET) /images/147f951d2d7a7905d542eb29e21d9985
2021-08-14 20:40:21 [info]: ::1 (GET) /titles/331baacfd33575c8ee2d976dc763457e
2021-08-14 20:40:21 [info]: ::1 (GET) /images/
2021-08-14 20:40:21 [info]: ::1 (GET) /images/ac46af1810ac97b181daade2bb07a8e1
2021-08-14 20:40:28 [info]: ::1 (GET) /titles/550e0559bce40144722421e1049afcf9
2021-08-14 20:40:28 [info]: ::1 (GET) /images/
2021-08-14 20:40:28 [info]: ::1 (GET) /images/5781d7fb63abb5ed2c5aaf46ad9c2876
2021-08-14 20:40:34 [info]: ::1 (GET) /titles/788cfee107f6642533aa179d27fe2d99
2021-08-14 20:40:34 [info]: ::1 (GET) /images/
2021-08-14 20:40:34 [info]: ::1 (GET) /images/04b3db58a9f3d49e12ef2442fb898720
2021-08-14 20:40:40 [info]: ::1 (GET) /titles/f5607848fa8eb02965200564483f2879
2021-08-14 20:40:40 [info]: ::1 (GET) /images/
2021-08-14 20:40:40 [info]: ::1 (GET) /images/1d7510521f38e6f5a7115944a8810d3c
2021-08-14 20:40:45 [info]: ::1 (GET) /titles/5fdfa44d35ff0862c84c411b46dce2df
2021-08-14 20:40:45 [info]: ::1 (GET) /images/
2021-08-14 20:40:45 [info]: ::1 (GET) /images/ba2ee7125905e03394cb74dab2d6bcdc
2021-08-14 20:40:49 [info]: ::1 (GET) /titles/9a3c0b20e41f75e837dec0d7fb67d23b
2021-08-14 20:40:49 [info]: ::1 (GET) /images/
2021-08-14 20:40:49 [info]: ::1 (GET) /images/53ed97785447e228a25a61b648a53af5
2021-08-14 20:40:58 [info]: ::1 (GET) /titles/0fdefb53f61cc388369511d5b927f88b
2021-08-14 20:40:58 [info]: ::1 (GET) /images/
2021-08-14 20:40:58 [info]: ::1 (GET) /images/688df9523df0841a9e2e72880b0a447b
2021-08-14 20:41:03 [info]: ::1 (GET) /titles/40b4e4d30e54201a5f7865d267707d42
2021-08-14 20:41:03 [info]: ::1 (GET) /images/
2021-08-14 20:41:03 [info]: ::1 (GET) /images/b45e55914bd6bed65a51fc0c73d56415
2021-08-14 20:41:10 [info]: ::1 (GET) /titles/7489557c0388f05eddf7df15f2fa9a10
2021-08-14 20:41:10 [info]: ::1 (GET) /images/
2021-08-14 20:41:10 [info]: ::1 (GET) /images/81cf1c59da84db64bce9aa06dab68796
2021-08-14 20:41:19 [info]: ::1 (POST) /lists
2021-08-14 20:41:30 [info]: ::1 (GET) /lists/bf7541f56e4eef5476d5564bf7e92ca8
2021-08-14 20:41:41 [info]: ::1 (GET) /pages/new
2021-08-14 20:55:37 [info]: API listening at http://localhost:9000
2021-08-14 20:55:40 [info]: ::1 (GET) /pages/new
2021-08-14 20:56:31 [info]: API listening at http://localhost:9000
2021-08-14 20:56:33 [info]: ::1 (GET) /pages/new
2021-08-14 20:57:25 [info]: API listening at http://localhost:9000
2021-08-14 20:57:27 [info]: ::1 (GET) /pages/new
2021-08-14 20:58:43 [info]: API listening at http://localhost:9000
2021-08-14 20:58:45 [info]: ::1 (GET) /pages/new
2021-08-14 21:03:57 [info]: API listening at http://localhost:9000
2021-08-14 21:03:59 [info]: ::1 (GET) /pages/new
2021-08-14 21:04:13 [info]: API listening at http://localhost:9000
2021-08-14 21:04:14 [info]: ::1 (GET) /pages/new
2021-08-14 21:04:31 [info]: API listening at http://localhost:9000
2021-08-14 21:04:33 [info]: ::1 (GET) /pages/new
2021-08-14 21:05:07 [info]: API listening at http://localhost:9000
2021-08-14 21:05:08 [info]: ::1 (GET) /pages/new
2021-08-14 21:05:33 [info]: API listening at http://localhost:9000
2021-08-14 21:05:34 [info]: ::1 (GET) /pages/new
2021-08-14 21:06:49 [info]: API listening at http://localhost:9000
2021-08-14 21:06:50 [info]: ::1 (GET) /pages/new
2021-08-14 21:06:50 [error]: TypeError: attr is not iterable
    at new Title (D:\streamfinder\api\models\title.js:89:12)
    at D:\streamfinder\api\model_functions\page.js:57:29
    at processTicksAndRejections (internal/process/task_queues.js:89:5)
    at async Promise.all (index 0)
    at async Promise.all (index 0)
2021-08-14 21:09:18 [info]: API listening at http://localhost:9000
2021-08-14 21:09:20 [info]: ::1 (GET) /pages/new
2021-08-14 21:09:20 [error]: TypeError: attr is not iterable
    at new Title (D:\streamfinder\api\models\title.js:89:12)
    at D:\streamfinder\api\model_functions\page.js:57:25
    at processTicksAndRejections (internal/process/task_queues.js:89:5)
    at async Promise.all (index 0)
    at async Promise.all (index 0)
2021-08-14 21:09:49 [info]: API listening at http://localhost:9000
2021-08-14 21:09:53 [info]: ::1 (GET) /pages/new
2021-08-14 21:13:54 [info]: API listening at http://localhost:9000
2021-08-14 21:24:14 [info]: ::1 (GET) /pages/new
2021-08-14 21:25:19 [info]: ::1 (GET) /pages/new
2021-08-14 21:28:17 [info]: ::1 (GET) /pages/new
2021-08-14 21:28:31 [info]: ::1 (GET) /pages/new
2021-08-14 21:30:12 [info]: ::1 (GET) /images/147f951d2d7a7905d542eb29e21d9985
2021-08-14 21:30:12 [info]: ::1 (GET) /images/ac46af1810ac97b181daade2bb07a8e1
2021-08-14 21:30:12 [info]: ::1 (GET) /images/5781d7fb63abb5ed2c5aaf46ad9c2876
2021-08-14 21:30:12 [info]: ::1 (GET) /images/04b3db58a9f3d49e12ef2442fb898720
2021-08-14 21:30:12 [info]: ::1 (GET) /images/1d7510521f38e6f5a7115944a8810d3c
2021-08-14 21:30:12 [info]: ::1 (GET) /images/ba2ee7125905e03394cb74dab2d6bcdc
2021-08-14 21:30:12 [info]: ::1 (GET) /images/53ed97785447e228a25a61b648a53af5
2021-08-14 21:30:12 [info]: ::1 (GET) /images/688df9523df0841a9e2e72880b0a447b
2021-08-14 21:30:12 [info]: ::1 (GET) /images/b45e55914bd6bed65a51fc0c73d56415
2021-08-14 21:30:12 [info]: ::1 (GET) /images/81cf1c59da84db64bce9aa06dab68796
2021-08-14 21:31:14 [info]: ::1 (GET) /pages/new
2021-08-14 21:31:27 [info]: ::1 (GET) /pages/new
2021-08-14 21:35:21 [info]: ::1 (GET) /pages/new
2021-08-14 21:35:21 [info]: ::1 (GET) /images/147f951d2d7a7905d542eb29e21d9985
2021-08-14 21:35:21 [info]: ::1 (GET) /images/ac46af1810ac97b181daade2bb07a8e1
2021-08-14 21:35:21 [info]: ::1 (GET) /images/5781d7fb63abb5ed2c5aaf46ad9c2876
2021-08-14 21:35:21 [info]: ::1 (GET) /images/04b3db58a9f3d49e12ef2442fb898720
2021-08-14 21:35:21 [info]: ::1 (GET) /images/1d7510521f38e6f5a7115944a8810d3c
2021-08-14 21:35:21 [info]: ::1 (GET) /images/ba2ee7125905e03394cb74dab2d6bcdc
2021-08-14 21:35:21 [info]: ::1 (GET) /images/81cf1c59da84db64bce9aa06dab68796
2021-08-14 21:35:21 [info]: ::1 (GET) /images/b45e55914bd6bed65a51fc0c73d56415
2021-08-14 21:35:21 [info]: ::1 (GET) /images/53ed97785447e228a25a61b648a53af5
2021-08-14 21:35:21 [info]: ::1 (GET) /images/688df9523df0841a9e2e72880b0a447b
2021-08-14 21:37:15 [info]: ::1 (GET) /titles/331baacfd33575c8ee2d976dc763457e
2021-08-14 21:37:15 [info]: ::1 (GET) /images/ac46af1810ac97b181daade2bb07a8e1
2021-08-14 21:37:22 [info]: ::1 (GET) /pages/new
2021-08-14 21:37:22 [info]: ::1 (GET) /images/ac46af1810ac97b181daade2bb07a8e1
2021-08-14 21:37:22 [info]: ::1 (GET) /images/147f951d2d7a7905d542eb29e21d9985
2021-08-14 21:37:22 [info]: ::1 (GET) /images/5781d7fb63abb5ed2c5aaf46ad9c2876
2021-08-14 21:37:22 [info]: ::1 (GET) /images/04b3db58a9f3d49e12ef2442fb898720
2021-08-14 21:37:22 [info]: ::1 (GET) /images/1d7510521f38e6f5a7115944a8810d3c
2021-08-14 21:37:22 [info]: ::1 (GET) /images/ba2ee7125905e03394cb74dab2d6bcdc
2021-08-14 21:37:22 [info]: ::1 (GET) /images/53ed97785447e228a25a61b648a53af5
2021-08-14 21:37:22 [info]: ::1 (GET) /images/688df9523df0841a9e2e72880b0a447b
2021-08-14 21:37:22 [info]: ::1 (GET) /images/81cf1c59da84db64bce9aa06dab68796
2021-08-14 21:37:22 [info]: ::1 (GET) /images/b45e55914bd6bed65a51fc0c73d56415
2021-08-14 21:47:56 [info]: ::1 (GET) /pages/new
2021-08-14 21:47:56 [info]: ::1 (GET) /images/147f951d2d7a7905d542eb29e21d9985
2021-08-14 21:47:56 [info]: ::1 (GET) /images/ac46af1810ac97b181daade2bb07a8e1
2021-08-14 21:47:56 [info]: ::1 (GET) /images/04b3db58a9f3d49e12ef2442fb898720
2021-08-14 21:47:56 [info]: ::1 (GET) /images/1d7510521f38e6f5a7115944a8810d3c
2021-08-14 21:47:56 [info]: ::1 (GET) /images/ba2ee7125905e03394cb74dab2d6bcdc
2021-08-14 21:47:56 [info]: ::1 (GET) /images/5781d7fb63abb5ed2c5aaf46ad9c2876
2021-08-14 21:47:56 [info]: ::1 (GET) /images/53ed97785447e228a25a61b648a53af5
2021-08-14 21:47:56 [info]: ::1 (GET) /images/688df9523df0841a9e2e72880b0a447b
2021-08-14 21:47:56 [info]: ::1 (GET) /images/b45e55914bd6bed65a51fc0c73d56415
2021-08-14 21:47:56 [info]: ::1 (GET) /images/81cf1c59da84db64bce9aa06dab68796
2021-08-14 21:51:05 [info]: ::1 (GET) /pages/new
2021-08-14 21:51:05 [info]: ::1 (GET) /images/147f951d2d7a7905d542eb29e21d9985
2021-08-14 21:51:05 [info]: ::1 (GET) /images/ac46af1810ac97b181daade2bb07a8e1
2021-08-14 21:51:05 [info]: ::1 (GET) /images/5781d7fb63abb5ed2c5aaf46ad9c2876
2021-08-14 21:51:05 [info]: ::1 (GET) /images/1d7510521f38e6f5a7115944a8810d3c
2021-08-14 21:51:05 [info]: ::1 (GET) /images/ba2ee7125905e03394cb74dab2d6bcdc
2021-08-14 21:51:05 [info]: ::1 (GET) /images/04b3db58a9f3d49e12ef2442fb898720
2021-08-14 21:51:05 [info]: ::1 (GET) /images/53ed97785447e228a25a61b648a53af5
2021-08-14 21:51:05 [info]: ::1 (GET) /images/688df9523df0841a9e2e72880b0a447b
2021-08-14 21:51:05 [info]: ::1 (GET) /images/b45e55914bd6bed65a51fc0c73d56415
2021-08-14 21:51:05 [info]: ::1 (GET) /images/81cf1c59da84db64bce9aa06dab68796
2021-08-14 21:51:09 [info]: ::1 (GET) /pages/new
2021-08-14 21:51:09 [info]: ::1 (GET) /images/147f951d2d7a7905d542eb29e21d9985
2021-08-14 21:51:09 [info]: ::1 (GET) /images/ac46af1810ac97b181daade2bb07a8e1
2021-08-14 21:51:09 [info]: ::1 (GET) /images/5781d7fb63abb5ed2c5aaf46ad9c2876
2021-08-14 21:51:09 [info]: ::1 (GET) /images/04b3db58a9f3d49e12ef2442fb898720
2021-08-14 21:51:09 [info]: ::1 (GET) /images/1d7510521f38e6f5a7115944a8810d3c
2021-08-14 21:51:09 [info]: ::1 (GET) /images/ba2ee7125905e03394cb74dab2d6bcdc
2021-08-14 21:51:09 [info]: ::1 (GET) /images/688df9523df0841a9e2e72880b0a447b
2021-08-14 21:51:09 [info]: ::1 (GET) /images/81cf1c59da84db64bce9aa06dab68796
2021-08-14 21:51:09 [info]: ::1 (GET) /images/53ed97785447e228a25a61b648a53af5
2021-08-14 21:51:09 [info]: ::1 (GET) /images/b45e55914bd6bed65a51fc0c73d56415
2021-08-14 21:57:27 [info]: ::1 (GET) /pages/new
2021-08-14 21:57:36 [info]: ::1 (GET) /pages/new
2021-08-14 21:59:05 [info]: ::1 (GET) /pages/new
2021-08-14 21:59:05 [info]: ::1 (GET) /images/147f951d2d7a7905d542eb29e21d9985
2021-08-14 21:59:05 [info]: ::1 (GET) /images/ac46af1810ac97b181daade2bb07a8e1
2021-08-14 21:59:05 [info]: ::1 (GET) /images/5781d7fb63abb5ed2c5aaf46ad9c2876
2021-08-14 21:59:05 [info]: ::1 (GET) /images/04b3db58a9f3d49e12ef2442fb898720
2021-08-14 21:59:05 [info]: ::1 (GET) /images/1d7510521f38e6f5a7115944a8810d3c
2021-08-14 21:59:05 [info]: ::1 (GET) /images/ba2ee7125905e03394cb74dab2d6bcdc
2021-08-14 21:59:05 [info]: ::1 (GET) /images/53ed97785447e228a25a61b648a53af5
2021-08-14 21:59:05 [info]: ::1 (GET) /images/688df9523df0841a9e2e72880b0a447b
2021-08-14 21:59:05 [info]: ::1 (GET) /images/b45e55914bd6bed65a51fc0c73d56415
2021-08-14 21:59:05 [info]: ::1 (GET) /images/81cf1c59da84db64bce9aa06dab68796
2021-08-14 21:59:07 [info]: ::1 (GET) /pages/new
2021-08-14 21:59:08 [info]: ::1 (GET) /images/147f951d2d7a7905d542eb29e21d9985
2021-08-14 21:59:08 [info]: ::1 (GET) /images/ac46af1810ac97b181daade2bb07a8e1
2021-08-14 21:59:08 [info]: ::1 (GET) /images/5781d7fb63abb5ed2c5aaf46ad9c2876
2021-08-14 21:59:08 [info]: ::1 (GET) /images/04b3db58a9f3d49e12ef2442fb898720
2021-08-14 21:59:08 [info]: ::1 (GET) /images/1d7510521f38e6f5a7115944a8810d3c
2021-08-14 21:59:08 [info]: ::1 (GET) /images/ba2ee7125905e03394cb74dab2d6bcdc
2021-08-14 21:59:08 [info]: ::1 (GET) /images/53ed97785447e228a25a61b648a53af5
2021-08-14 21:59:08 [info]: ::1 (GET) /images/688df9523df0841a9e2e72880b0a447b
2021-08-14 21:59:08 [info]: ::1 (GET) /images/b45e55914bd6bed65a51fc0c73d56415
2021-08-14 21:59:08 [info]: ::1 (GET) /images/81cf1c59da84db64bce9aa06dab68796
2021-08-14 21:59:22 [info]: ::1 (GET) /pages/new
2021-08-14 21:59:22 [info]: ::1 (GET) /images/147f951d2d7a7905d542eb29e21d9985
2021-08-14 21:59:22 [info]: ::1 (GET) /images/ac46af1810ac97b181daade2bb07a8e1
2021-08-14 21:59:22 [info]: ::1 (GET) /images/5781d7fb63abb5ed2c5aaf46ad9c2876
2021-08-14 21:59:22 [info]: ::1 (GET) /images/04b3db58a9f3d49e12ef2442fb898720
2021-08-14 21:59:22 [info]: ::1 (GET) /images/1d7510521f38e6f5a7115944a8810d3c
2021-08-14 21:59:22 [info]: ::1 (GET) /images/ba2ee7125905e03394cb74dab2d6bcdc
2021-08-14 21:59:22 [info]: ::1 (GET) /images/53ed97785447e228a25a61b648a53af5
2021-08-14 21:59:22 [info]: ::1 (GET) /images/688df9523df0841a9e2e72880b0a447b
2021-08-14 21:59:22 [info]: ::1 (GET) /images/b45e55914bd6bed65a51fc0c73d56415
2021-08-14 21:59:22 [info]: ::1 (GET) /images/81cf1c59da84db64bce9aa06dab68796
2021-08-14 22:01:38 [info]: ::1 (GET) /pages/new
2021-08-14 22:03:59 [info]: ::1 (GET) /pages/new
2021-08-14 22:03:59 [info]: ::1 (GET) /images/147f951d2d7a7905d542eb29e21d9985
2021-08-14 22:03:59 [info]: ::1 (GET) /images/ac46af1810ac97b181daade2bb07a8e1
2021-08-14 22:03:59 [info]: ::1 (GET) /images/5781d7fb63abb5ed2c5aaf46ad9c2876
2021-08-14 22:03:59 [info]: ::1 (GET) /images/04b3db58a9f3d49e12ef2442fb898720
2021-08-14 22:03:59 [info]: ::1 (GET) /images/1d7510521f38e6f5a7115944a8810d3c
2021-08-14 22:03:59 [info]: ::1 (GET) /images/ba2ee7125905e03394cb74dab2d6bcdc
2021-08-14 22:03:59 [info]: ::1 (GET) /images/53ed97785447e228a25a61b648a53af5
2021-08-14 22:03:59 [info]: ::1 (GET) /images/688df9523df0841a9e2e72880b0a447b
2021-08-14 22:03:59 [info]: ::1 (GET) /images/b45e55914bd6bed65a51fc0c73d56415
2021-08-14 22:03:59 [info]: ::1 (GET) /images/81cf1c59da84db64bce9aa06dab68796
2021-08-14 22:04:02 [info]: ::1 (GET) /titles/273b352a34374b898a850afd13c09b8f
2021-08-14 22:04:02 [info]: ::1 (GET) /images/147f951d2d7a7905d542eb29e21d9985
2021-08-14 23:00:31 [info]: ::1 (GET) /pages/new
2021-08-14 23:00:31 [info]: ::1 (GET) /images/147f951d2d7a7905d542eb29e21d9985
2021-08-14 23:00:31 [info]: ::1 (GET) /images/ac46af1810ac97b181daade2bb07a8e1
2021-08-14 23:00:31 [info]: ::1 (GET) /images/5781d7fb63abb5ed2c5aaf46ad9c2876
2021-08-14 23:00:31 [info]: ::1 (GET) /images/04b3db58a9f3d49e12ef2442fb898720
2021-08-14 23:00:31 [info]: ::1 (GET) /images/1d7510521f38e6f5a7115944a8810d3c
2021-08-14 23:00:31 [info]: ::1 (GET) /images/ba2ee7125905e03394cb74dab2d6bcdc
2021-08-14 23:00:31 [info]: ::1 (GET) /images/53ed97785447e228a25a61b648a53af5
2021-08-14 23:00:31 [info]: ::1 (GET) /images/81cf1c59da84db64bce9aa06dab68796
2021-08-14 23:00:31 [info]: ::1 (GET) /images/688df9523df0841a9e2e72880b0a447b
2021-08-14 23:00:31 [info]: ::1 (GET) /images/b45e55914bd6bed65a51fc0c73d56415
2021-08-14 23:10:12 [info]: ::1 (GET) /pages/new
2021-08-14 23:10:12 [info]: ::1 (GET) /images/147f951d2d7a7905d542eb29e21d9985
2021-08-14 23:10:12 [info]: ::1 (GET) /images/ac46af1810ac97b181daade2bb07a8e1
2021-08-14 23:10:12 [info]: ::1 (GET) /images/5781d7fb63abb5ed2c5aaf46ad9c2876
2021-08-14 23:10:12 [info]: ::1 (GET) /images/04b3db58a9f3d49e12ef2442fb898720
2021-08-14 23:10:12 [info]: ::1 (GET) /images/1d7510521f38e6f5a7115944a8810d3c
2021-08-14 23:10:12 [info]: ::1 (GET) /images/ba2ee7125905e03394cb74dab2d6bcdc
2021-08-14 23:10:12 [info]: ::1 (GET) /images/53ed97785447e228a25a61b648a53af5
2021-08-14 23:10:12 [info]: ::1 (GET) /images/688df9523df0841a9e2e72880b0a447b
2021-08-14 23:10:12 [info]: ::1 (GET) /images/b45e55914bd6bed65a51fc0c73d56415
2021-08-14 23:10:12 [info]: ::1 (GET) /images/81cf1c59da84db64bce9aa06dab68796
2021-08-14 23:13:49 [info]: ::1 (GET) /pages/new
2021-08-14 23:13:49 [info]: ::1 (GET) /images/147f951d2d7a7905d542eb29e21d9985
2021-08-14 23:13:49 [info]: ::1 (GET) /images/ac46af1810ac97b181daade2bb07a8e1
2021-08-14 23:13:49 [info]: ::1 (GET) /images/5781d7fb63abb5ed2c5aaf46ad9c2876
2021-08-14 23:13:49 [info]: ::1 (GET) /images/04b3db58a9f3d49e12ef2442fb898720
2021-08-14 23:13:49 [info]: ::1 (GET) /images/1d7510521f38e6f5a7115944a8810d3c
2021-08-14 23:13:49 [info]: ::1 (GET) /images/ba2ee7125905e03394cb74dab2d6bcdc
2021-08-14 23:13:49 [info]: ::1 (GET) /images/53ed97785447e228a25a61b648a53af5
2021-08-14 23:13:49 [info]: ::1 (GET) /images/688df9523df0841a9e2e72880b0a447b
2021-08-14 23:13:49 [info]: ::1 (GET) /images/b45e55914bd6bed65a51fc0c73d56415
2021-08-14 23:13:49 [info]: ::1 (GET) /images/81cf1c59da84db64bce9aa06dab68796
2021-08-14 23:14:14 [info]: ::1 (GET) /titles/331baacfd33575c8ee2d976dc763457e
2021-08-14 23:14:14 [info]: ::1 (GET) /images/ac46af1810ac97b181daade2bb07a8e1
2021-08-14 23:14:39 [info]: ::1 (GET) /pages/new
2021-08-14 23:14:39 [info]: ::1 (GET) /images/ac46af1810ac97b181daade2bb07a8e1
2021-08-14 23:14:39 [info]: ::1 (GET) /images/147f951d2d7a7905d542eb29e21d9985
2021-08-14 23:14:39 [info]: ::1 (GET) /images/ba2ee7125905e03394cb74dab2d6bcdc
2021-08-14 23:14:39 [info]: ::1 (GET) /images/53ed97785447e228a25a61b648a53af5
2021-08-14 23:14:39 [info]: ::1 (GET) /images/5781d7fb63abb5ed2c5aaf46ad9c2876
2021-08-14 23:14:39 [info]: ::1 (GET) /images/04b3db58a9f3d49e12ef2442fb898720
2021-08-14 23:14:39 [info]: ::1 (GET) /images/1d7510521f38e6f5a7115944a8810d3c
2021-08-14 23:14:39 [info]: ::1 (GET) /images/b45e55914bd6bed65a51fc0c73d56415
2021-08-14 23:14:39 [info]: ::1 (GET) /images/81cf1c59da84db64bce9aa06dab68796
2021-08-14 23:14:39 [info]: ::1 (GET) /images/688df9523df0841a9e2e72880b0a447b
2021-08-14 23:14:41 [info]: ::1 (GET) /titles/f5607848fa8eb02965200564483f2879
2021-08-14 23:14:41 [info]: ::1 (GET) /images/1d7510521f38e6f5a7115944a8810d3c
2021-08-14 23:14:43 [info]: ::1 (GET) /pages/new
2021-08-14 23:14:43 [info]: ::1 (GET) /images/1d7510521f38e6f5a7115944a8810d3c
2021-08-14 23:14:43 [info]: ::1 (GET) /images/147f951d2d7a7905d542eb29e21d9985
2021-08-14 23:14:43 [info]: ::1 (GET) /images/ac46af1810ac97b181daade2bb07a8e1
2021-08-14 23:14:43 [info]: ::1 (GET) /images/5781d7fb63abb5ed2c5aaf46ad9c2876
2021-08-14 23:14:43 [info]: ::1 (GET) /images/04b3db58a9f3d49e12ef2442fb898720
2021-08-14 23:14:43 [info]: ::1 (GET) /images/ba2ee7125905e03394cb74dab2d6bcdc
2021-08-14 23:14:43 [info]: ::1 (GET) /images/53ed97785447e228a25a61b648a53af5
2021-08-14 23:14:43 [info]: ::1 (GET) /images/b45e55914bd6bed65a51fc0c73d56415
2021-08-14 23:14:43 [info]: ::1 (GET) /images/688df9523df0841a9e2e72880b0a447b
2021-08-14 23:14:43 [info]: ::1 (GET) /images/81cf1c59da84db64bce9aa06dab68796
2021-08-14 23:14:47 [info]: ::1 (GET) /images
2021-08-14 23:14:47 [info]: ::1 (GET) /users/self
2021-08-14 23:14:47 [info]: ::1 (GET) /images/04b3db58a9f3d49e12ef2442fb898720
2021-08-14 23:14:47 [info]: ::1 (GET) /images/147f951d2d7a7905d542eb29e21d9985
2021-08-14 23:14:47 [info]: ::1 (GET) /images/14fe5f41b1c5c552acdd1a1c12680256
2021-08-14 23:14:47 [info]: ::1 (GET) /images/1d7510521f38e6f5a7115944a8810d3c
2021-08-14 23:14:47 [info]: ::1 (GET) /images/3519ec5ace533a0077874246cbf50422
2021-08-14 23:14:47 [info]: ::1 (GET) /images/3bdfcd9ffb7f6374a85ee68bd4e088e4
2021-08-14 23:14:47 [info]: ::1 (GET) /images/53ed97785447e228a25a61b648a53af5
2021-08-14 23:14:47 [info]: ::1 (GET) /images/5781d7fb63abb5ed2c5aaf46ad9c2876
2021-08-14 23:14:47 [info]: ::1 (GET) /images/5b5c4c793735916c3bff4cca323b01d2
2021-08-14 23:14:47 [info]: ::1 (GET) /images/688df9523df0841a9e2e72880b0a447b
2021-08-14 23:14:47 [info]: ::1 (GET) /images/7d5c01a742c21d28267e79074e484bf2
2021-08-14 23:14:47 [info]: ::1 (GET) /images/7edda3eb7ab91b2f03d8f2ef336456b9
2021-08-14 23:14:47 [info]: ::1 (GET) /images/8051ea4b597d112dbb99cf51569edd85
2021-08-14 23:14:47 [info]: ::1 (GET) /images/81cf1c59da84db64bce9aa06dab68796
2021-08-14 23:14:47 [info]: ::1 (GET) /images/8be026fe3ac9eac8de8243427a958456
2021-08-14 23:14:47 [info]: ::1 (GET) /images/ac46af1810ac97b181daade2bb07a8e1
2021-08-14 23:14:47 [info]: ::1 (GET) /images/b3de2f0ca5ec81aa17c7784b44445f4e
2021-08-14 23:14:47 [info]: ::1 (GET) /images/b45e55914bd6bed65a51fc0c73d56415
2021-08-14 23:14:47 [info]: ::1 (GET) /images/ba2ee7125905e03394cb74dab2d6bcdc
2021-08-14 23:14:47 [info]: ::1 (GET) /images/c7f0d044767263bf8a995b0d0b5a9518
2021-08-14 23:14:47 [info]: ::1 (GET) /images/d8a4a3e95148d4d86f75aa7e3a060527
2021-08-14 23:14:48 [info]: ::1 (GET) /images/ed27d06182e97eaf8c6fbeda6b011135
2021-08-14 23:14:48 [info]: ::1 (GET) /images/f6d53846c200fbeabb57c32db70f25ef
2021-08-14 23:14:52 [info]: ::1 (GET) /images/ac46af1810ac97b181daade2bb07a8e1/info
2021-08-14 23:14:52 [info]: ::1 (GET) /images/ac46af1810ac97b181daade2bb07a8e1
2021-08-14 23:14:56 [info]: ::1 (GET) /images/c7f0d044767263bf8a995b0d0b5a9518/info
2021-08-14 23:14:56 [info]: ::1 (GET) /images/c7f0d044767263bf8a995b0d0b5a9518
2021-08-14 23:14:59 [info]: ::1 (GET) /images/
2021-08-14 23:14:59 [info]: ::1 (GET) /images/
2021-08-14 23:14:59 [info]: ::1 (GET) /titles
2021-08-14 23:14:59 [info]: ::1 (GET) /users/self
2021-08-14 23:15:05 [info]: ::1 (GET) /titles/5fdfa44d35ff0862c84c411b46dce2df
2021-08-14 23:15:06 [info]: ::1 (GET) /images/ba2ee7125905e03394cb74dab2d6bcdc
