2021-07-30 22:58:01 [info]: API listening at http://localhost:9000
2021-07-30 22:58:20 [info]: ::1 (GET) /images/92df8d932511f92361e9e258d8d2d7ba.jpeg
2021-07-30 22:59:34 [info]: ::1 (POST) /images
2021-07-30 23:01:14 [info]: API listening at http://localhost:9000
2021-07-30 23:01:18 [info]: ::1 (POST) /images
2021-07-30 23:01:18 [error]: TypeError: Cannot read property 'mimetype' of undefined
    at D:\streamfinder\api\model_functions\image.js:44:58
    at new Promise (<anonymous>)
    at D:\streamfinder\api\model_functions\image.js:43:20
    at processTicksAndRejections (internal/process/task_queues.js:89:5)
2021-07-30 23:02:28 [info]: API listening at http://localhost:9000
2021-07-30 23:02:30 [info]: ::1 (POST) /images
2021-07-30 23:02:30 [error]: TypeError: Cannot read property 'filename' of undefined
    at D:\streamfinder\api\model_functions\image.js:49:38
    at multerMiddleware (D:\streamfinder\api\node_modules\multer\lib\make-middleware.js:18:41)
    at D:\streamfinder\api\model_functions\image.js:45:17
    at new Promise (<anonymous>)
    at D:\streamfinder\api\model_functions\image.js:43:20
    at processTicksAndRejections (internal/process/task_queues.js:89:5)
2021-07-30 23:02:56 [info]: API listening at http://localhost:9000
2021-07-30 23:02:58 [info]: ::1 (POST) /images
2021-07-30 23:03:37 [info]: API listening at http://localhost:9000
2021-07-30 23:03:39 [info]: ::1 (POST) /images
2021-07-30 23:07:39 [info]: API listening at http://localhost:9000
2021-07-30 23:07:42 [info]: ::1 (POST) /images
2021-07-30 23:07:42 [error]: TypeError: Converting circular structure to JSON
    --> starting at object with constructor 'Socket'
    |     property 'parser' -> object with constructor 'HTTPParser'
    --- property 'socket' closes the circle
    at JSON.stringify (<anonymous>)
    at D:\streamfinder\api\model_functions\image.js:49:38
    at multerMiddleware (D:\streamfinder\api\node_modules\multer\lib\make-middleware.js:18:41)
    at D:\streamfinder\api\model_functions\image.js:45:17
    at new Promise (<anonymous>)
    at D:\streamfinder\api\model_functions\image.js:43:20
    at processTicksAndRejections (internal/process/task_queues.js:89:5)
2021-07-30 23:08:02 [info]: API listening at http://localhost:9000
2021-07-30 23:08:04 [info]: ::1 (POST) /images
2021-07-30 23:09:08 [info]: API listening at http://localhost:9000
2021-07-30 23:09:10 [info]: ::1 (POST) /images
2021-07-30 23:09:42 [info]: API listening at http://localhost:9000
2021-07-30 23:09:44 [info]: ::1 (POST) /images
2021-07-30 23:09:44 [error]: TypeError: Cannot read property 'filename' of undefined
    at D:\streamfinder\api\model_functions\image.js:49:38
    at multerMiddleware (D:\streamfinder\api\node_modules\multer\lib\make-middleware.js:18:41)
    at D:\streamfinder\api\model_functions\image.js:45:17
    at new Promise (<anonymous>)
    at D:\streamfinder\api\model_functions\image.js:43:20
    at processTicksAndRejections (internal/process/task_queues.js:89:5)
2021-07-30 23:12:35 [info]: API listening at http://localhost:9000
2021-07-30 23:12:37 [info]: ::1 (POST) /images
2021-07-30 23:12:37 [error]: TypeError: Cannot read property 'filename' of undefined
    at D:\streamfinder\api\model_functions\image.js:50:38
    at multerMiddleware (D:\streamfinder\api\node_modules\multer\lib\make-middleware.js:18:41)
    at D:\streamfinder\api\model_functions\image.js:45:17
    at new Promise (<anonymous>)
    at D:\streamfinder\api\model_functions\image.js:43:20
    at processTicksAndRejections (internal/process/task_queues.js:89:5)
2021-07-30 23:22:18 [info]: API listening at http://localhost:9000
2021-07-30 23:22:21 [info]: ::1 (POST) /images
2021-07-30 23:22:21 [error]: TypeError: Cannot read property 'filename' of undefined
    at D:\streamfinder\api\model_functions\image.js:51:38
    at multerMiddleware (D:\streamfinder\api\node_modules\multer\lib\make-middleware.js:18:41)
    at D:\streamfinder\api\model_functions\image.js:46:17
    at new Promise (<anonymous>)
    at D:\streamfinder\api\model_functions\image.js:44:20
    at processTicksAndRejections (internal/process/task_queues.js:89:5)
2021-07-30 23:22:38 [info]: API listening at http://localhost:9000
2021-07-30 23:22:41 [info]: ::1 (POST) /images
2021-07-30 23:24:09 [info]: API listening at http://localhost:9000
2021-07-30 23:24:11 [info]: ::1 (POST) /images
2021-07-30 23:24:25 [info]: API listening at http://localhost:9000
2021-07-30 23:24:27 [info]: ::1 (POST) /images
2021-07-30 23:27:28 [info]: API listening at http://localhost:9000
2021-07-30 23:27:31 [info]: ::1 (POST) /images
2021-07-30 23:28:06 [info]: API listening at http://localhost:9000
2021-07-30 23:28:08 [info]: ::1 (POST) /images
2021-07-30 23:28:37 [info]: API listening at http://localhost:9000
2021-07-30 23:28:39 [info]: ::1 (POST) /images
2021-07-30 23:29:50 [info]: API listening at http://localhost:9000
2021-07-30 23:29:52 [info]: ::1 (POST) /images
