2021-08-04 00:01:46 [info]: ::1 (GET) /users
2021-08-04 00:01:46 [info]: ::1 (GET) /users/self
2021-08-04 00:01:48 [info]: ::1 (GET) /handle/d
2021-08-04 00:01:52 [info]: ::1 (GET) /images
2021-08-04 00:01:52 [info]: ::1 (GET) /users/self
2021-08-04 00:01:52 [info]: ::1 (GET) /images/21da9a6de7e50907b6a2abcf1e300d83
2021-08-04 00:01:52 [info]: ::1 (GET) /images/230bd9514898e45a270b693604a87e54
2021-08-04 00:01:52 [info]: ::1 (GET) /images/533ace15a7999978086f25940f35ec0d
2021-08-04 00:01:52 [info]: ::1 (GET) /images/5f7f7bc6de9842fa7e3ab0cc8c83ac91
2021-08-04 00:07:18 [info]: ::1 (GET) /images
2021-08-04 00:07:18 [info]: ::1 (GET) /users/self
2021-08-04 00:07:18 [info]: ::1 (GET) /images/21da9a6de7e50907b6a2abcf1e300d83
2021-08-04 00:07:18 [info]: ::1 (GET) /images/230bd9514898e45a270b693604a87e54
2021-08-04 00:07:18 [info]: ::1 (GET) /images/533ace15a7999978086f25940f35ec0d
2021-08-04 00:07:18 [info]: ::1 (GET) /images/5f7f7bc6de9842fa7e3ab0cc8c83ac91
2021-08-04 00:07:19 [info]: ::1 (GET) /images
2021-08-04 00:07:19 [info]: ::1 (GET) /users/self
2021-08-04 00:07:20 [info]: ::1 (GET) /images/21da9a6de7e50907b6a2abcf1e300d83
2021-08-04 00:07:20 [info]: ::1 (GET) /images/230bd9514898e45a270b693604a87e54
2021-08-04 00:07:20 [info]: ::1 (GET) /images/533ace15a7999978086f25940f35ec0d
2021-08-04 00:07:20 [info]: ::1 (GET) /images/5f7f7bc6de9842fa7e3ab0cc8c83ac91
2021-08-04 00:08:03 [info]: ::1 (GET) /images
2021-08-04 00:08:03 [info]: ::1 (GET) /users/self
2021-08-04 00:08:03 [info]: ::1 (GET) /images/21da9a6de7e50907b6a2abcf1e300d83
2021-08-04 00:08:03 [info]: ::1 (GET) /images/230bd9514898e45a270b693604a87e54
2021-08-04 00:08:03 [info]: ::1 (GET) /images/533ace15a7999978086f25940f35ec0d
2021-08-04 00:08:03 [info]: ::1 (GET) /images/5f7f7bc6de9842fa7e3ab0cc8c83ac91
2021-08-04 00:11:22 [info]: ::1 (GET) /images
2021-08-04 00:11:22 [info]: ::1 (GET) /users/self
2021-08-04 00:11:22 [info]: ::1 (GET) /images/21da9a6de7e50907b6a2abcf1e300d83
2021-08-04 00:11:22 [info]: ::1 (GET) /images/230bd9514898e45a270b693604a87e54
2021-08-04 00:11:22 [info]: ::1 (GET) /images/533ace15a7999978086f25940f35ec0d
2021-08-04 00:11:22 [info]: ::1 (GET) /images/5f7f7bc6de9842fa7e3ab0cc8c83ac91
2021-08-04 00:12:35 [info]: ::1 (GET) /images
2021-08-04 00:12:35 [info]: ::1 (GET) /users/self
2021-08-04 00:12:35 [info]: ::1 (GET) /images/21da9a6de7e50907b6a2abcf1e300d83
2021-08-04 00:12:35 [info]: ::1 (GET) /images/230bd9514898e45a270b693604a87e54
2021-08-04 00:12:35 [info]: ::1 (GET) /images/533ace15a7999978086f25940f35ec0d
2021-08-04 00:12:35 [info]: ::1 (GET) /images/5f7f7bc6de9842fa7e3ab0cc8c83ac91
2021-08-04 00:12:36 [info]: ::1 (GET) /images/5f7f7bc6de9842fa7e3ab0cc8c83ac91/info
2021-08-04 00:12:36 [info]: ::1 (GET) /images/5f7f7bc6de9842fa7e3ab0cc8c83ac91
2021-08-04 00:15:33 [info]: ::1 (GET) /images/5f7f7bc6de9842fa7e3ab0cc8c83ac91/info
2021-08-04 00:15:33 [info]: ::1 (GET) /images/5f7f7bc6de9842fa7e3ab0cc8c83ac91
2021-08-04 00:15:34 [info]: ::1 (GET) /images
2021-08-04 00:15:34 [info]: ::1 (GET) /users/self
2021-08-04 00:15:34 [info]: ::1 (GET) /images/21da9a6de7e50907b6a2abcf1e300d83
2021-08-04 00:15:34 [info]: ::1 (GET) /images/230bd9514898e45a270b693604a87e54
2021-08-04 00:15:34 [info]: ::1 (GET) /images/533ace15a7999978086f25940f35ec0d
2021-08-04 00:15:34 [info]: ::1 (GET) /images/5f7f7bc6de9842fa7e3ab0cc8c83ac91
2021-08-04 00:15:35 [info]: ::1 (GET) /images/5f7f7bc6de9842fa7e3ab0cc8c83ac91/info
2021-08-04 00:15:35 [info]: ::1 (GET) /images/5f7f7bc6de9842fa7e3ab0cc8c83ac91
2021-08-04 00:15:59 [info]: ::1 (GET) /images/5f7f7bc6de9842fa7e3ab0cc8c83ac91/info
2021-08-04 00:15:59 [info]: ::1 (GET) /images/5f7f7bc6de9842fa7e3ab0cc8c83ac91
2021-08-04 00:16:01 [info]: ::1 (GET) /images
2021-08-04 00:16:01 [info]: ::1 (GET) /users/self
2021-08-04 00:16:02 [info]: ::1 (GET) /images/21da9a6de7e50907b6a2abcf1e300d83
2021-08-04 00:16:02 [info]: ::1 (GET) /images/230bd9514898e45a270b693604a87e54
2021-08-04 00:16:02 [info]: ::1 (GET) /images/533ace15a7999978086f25940f35ec0d
2021-08-04 00:16:02 [info]: ::1 (GET) /images/5f7f7bc6de9842fa7e3ab0cc8c83ac91
2021-08-04 00:16:02 [info]: ::1 (GET) /images/533ace15a7999978086f25940f35ec0d/info
2021-08-04 00:16:02 [info]: ::1 (GET) /images/533ace15a7999978086f25940f35ec0d
2021-08-04 00:16:04 [info]: ::1 (GET) /images/5f7f7bc6de9842fa7e3ab0cc8c83ac91/info
2021-08-04 00:16:04 [info]: ::1 (GET) /images/5f7f7bc6de9842fa7e3ab0cc8c83ac91
2021-08-04 00:16:13 [info]: ::1 (GET) /images/533ace15a7999978086f25940f35ec0d/info
2021-08-04 00:16:13 [info]: ::1 (GET) /images/533ace15a7999978086f25940f35ec0d
2021-08-04 00:17:34 [info]: ::1 (GET) /images/533ace15a7999978086f25940f35ec0d/info
2021-08-04 00:17:34 [info]: ::1 (GET) /images/533ace15a7999978086f25940f35ec0d
2021-08-04 00:17:37 [info]: ::1 (GET) /images
2021-08-04 00:17:37 [info]: ::1 (GET) /users/self
2021-08-04 00:17:37 [info]: ::1 (GET) /images/21da9a6de7e50907b6a2abcf1e300d83
2021-08-04 00:17:37 [info]: ::1 (GET) /images/230bd9514898e45a270b693604a87e54
2021-08-04 00:17:37 [info]: ::1 (GET) /images/533ace15a7999978086f25940f35ec0d
2021-08-04 00:17:37 [info]: ::1 (GET) /images/5f7f7bc6de9842fa7e3ab0cc8c83ac91
2021-08-04 00:17:37 [info]: ::1 (GET) /images/5f7f7bc6de9842fa7e3ab0cc8c83ac91/info
2021-08-04 00:17:37 [info]: ::1 (GET) /images/5f7f7bc6de9842fa7e3ab0cc8c83ac91
2021-08-04 00:19:48 [info]: ::1 (GET) /images/5f7f7bc6de9842fa7e3ab0cc8c83ac91/info
2021-08-04 00:19:48 [info]: ::1 (GET) /images/5f7f7bc6de9842fa7e3ab0cc8c83ac91
2021-08-04 00:19:50 [info]: ::1 (GET) /images
2021-08-04 00:19:50 [info]: ::1 (GET) /users/self
2021-08-04 00:19:50 [info]: ::1 (GET) /images/5f7f7bc6de9842fa7e3ab0cc8c83ac91/info
2021-08-04 00:19:50 [info]: ::1 (GET) /images/21da9a6de7e50907b6a2abcf1e300d83
2021-08-04 00:19:50 [info]: ::1 (GET) /images/230bd9514898e45a270b693604a87e54
2021-08-04 00:19:50 [info]: ::1 (GET) /images/533ace15a7999978086f25940f35ec0d
2021-08-04 00:19:50 [info]: ::1 (GET) /images/5f7f7bc6de9842fa7e3ab0cc8c83ac91
2021-08-04 00:19:50 [info]: ::1 (GET) /images/5f7f7bc6de9842fa7e3ab0cc8c83ac91
2021-08-04 00:19:55 [info]: ::1 (PUT) /images/5f7f7bc6de9842fa7e3ab0cc8c83ac91
2021-08-04 00:19:55 [info]: ::1 (GET) /images
2021-08-04 00:19:55 [info]: ::1 (GET) /images/5f7f7bc6de9842fa7e3ab0cc8c83ac91/info
2021-08-04 00:19:55 [info]: ::1 (GET) /images/5f7f7bc6de9842fa7e3ab0cc8c83ac91
2021-08-04 00:19:55 [info]: ::1 (GET) /images/21da9a6de7e50907b6a2abcf1e300d83
2021-08-04 00:19:55 [info]: ::1 (GET) /images/230bd9514898e45a270b693604a87e54
2021-08-04 00:19:55 [info]: ::1 (GET) /images/533ace15a7999978086f25940f35ec0d
2021-08-04 00:19:55 [info]: ::1 (GET) /images/5f7f7bc6de9842fa7e3ab0cc8c83ac91
2021-08-04 00:20:09 [info]: ::1 (GET) /images
2021-08-04 00:20:09 [info]: ::1 (GET) /users/self
2021-08-04 00:20:09 [info]: ::1 (GET) /images/21da9a6de7e50907b6a2abcf1e300d83
2021-08-04 00:20:09 [info]: ::1 (GET) /images/230bd9514898e45a270b693604a87e54
2021-08-04 00:20:09 [info]: ::1 (GET) /images/533ace15a7999978086f25940f35ec0d
2021-08-04 00:20:09 [info]: ::1 (GET) /images/5f7f7bc6de9842fa7e3ab0cc8c83ac91
2021-08-04 00:20:10 [info]: ::1 (GET) /images/5f7f7bc6de9842fa7e3ab0cc8c83ac91/info
2021-08-04 00:20:10 [info]: ::1 (GET) /images/5f7f7bc6de9842fa7e3ab0cc8c83ac91
2021-08-04 00:22:01 [info]: ::1 (GET) /images/5f7f7bc6de9842fa7e3ab0cc8c83ac91/info
2021-08-04 00:22:01 [info]: ::1 (GET) /images/5f7f7bc6de9842fa7e3ab0cc8c83ac91
2021-08-04 00:22:04 [info]: ::1 (GET) /images
2021-08-04 00:22:04 [info]: ::1 (GET) /users/self
2021-08-04 00:22:04 [info]: ::1 (GET) /images/5f7f7bc6de9842fa7e3ab0cc8c83ac91/info
2021-08-04 00:22:04 [info]: ::1 (GET) /images/5f7f7bc6de9842fa7e3ab0cc8c83ac91
2021-08-04 00:22:04 [info]: ::1 (GET) /images/21da9a6de7e50907b6a2abcf1e300d83
2021-08-04 00:22:04 [info]: ::1 (GET) /images/230bd9514898e45a270b693604a87e54
2021-08-04 00:22:04 [info]: ::1 (GET) /images/533ace15a7999978086f25940f35ec0d
2021-08-04 00:22:04 [info]: ::1 (GET) /images/5f7f7bc6de9842fa7e3ab0cc8c83ac91
2021-08-04 00:22:22 [info]: ::1 (GET) /images/5f7f7bc6de9842fa7e3ab0cc8c83ac91/info
2021-08-04 00:22:22 [info]: ::1 (GET) /images/5f7f7bc6de9842fa7e3ab0cc8c83ac91
2021-08-04 00:22:27 [info]: ::1 (PUT) /images/5f7f7bc6de9842fa7e3ab0cc8c83ac91
2021-08-04 00:22:27 [info]: ::1 (GET) /images
2021-08-04 00:22:27 [info]: ::1 (GET) /images/5f7f7bc6de9842fa7e3ab0cc8c83ac91/info
2021-08-04 00:22:27 [info]: ::1 (GET) /images/21da9a6de7e50907b6a2abcf1e300d83
2021-08-04 00:22:27 [info]: ::1 (GET) /images/5f7f7bc6de9842fa7e3ab0cc8c83ac91
2021-08-04 00:22:27 [info]: ::1 (GET) /images/230bd9514898e45a270b693604a87e54
2021-08-04 00:22:27 [info]: ::1 (GET) /images/533ace15a7999978086f25940f35ec0d
2021-08-04 00:22:27 [info]: ::1 (GET) /images/5f7f7bc6de9842fa7e3ab0cc8c83ac91
2021-08-04 00:23:02 [info]: ::1 (GET) /images
2021-08-04 00:23:02 [info]: ::1 (GET) /users/self
2021-08-04 00:23:02 [info]: ::1 (GET) /images/21da9a6de7e50907b6a2abcf1e300d83
2021-08-04 00:23:02 [info]: ::1 (GET) /images/230bd9514898e45a270b693604a87e54
2021-08-04 00:23:02 [info]: ::1 (GET) /images/533ace15a7999978086f25940f35ec0d
2021-08-04 00:23:02 [info]: ::1 (GET) /images/5f7f7bc6de9842fa7e3ab0cc8c83ac91
2021-08-04 00:23:04 [info]: ::1 (GET) /images/533ace15a7999978086f25940f35ec0d/info
2021-08-04 00:23:04 [info]: ::1 (GET) /images/533ace15a7999978086f25940f35ec0d
2021-08-04 00:23:07 [info]: ::1 (PUT) /images/533ace15a7999978086f25940f35ec0d
2021-08-04 00:23:07 [info]: ::1 (GET) /images/533ace15a7999978086f25940f35ec0d/info
2021-08-04 00:23:07 [info]: ::1 (GET) /images
2021-08-04 00:23:07 [info]: ::1 (GET) /images/533ace15a7999978086f25940f35ec0d
2021-08-04 00:23:07 [info]: ::1 (GET) /images/21da9a6de7e50907b6a2abcf1e300d83
2021-08-04 00:23:07 [info]: ::1 (GET) /images/230bd9514898e45a270b693604a87e54
2021-08-04 00:23:07 [info]: ::1 (GET) /images/5f7f7bc6de9842fa7e3ab0cc8c83ac91
2021-08-04 00:23:07 [info]: ::1 (GET) /images/533ace15a7999978086f25940f35ec0d
2021-08-04 00:24:19 [info]: ::1 (GET) /images/533ace15a7999978086f25940f35ec0d/info
2021-08-04 00:24:19 [info]: ::1 (GET) /images/533ace15a7999978086f25940f35ec0d
2021-08-04 00:24:20 [info]: ::1 (GET) /images
2021-08-04 00:24:20 [info]: ::1 (GET) /users/self
2021-08-04 00:24:20 [info]: ::1 (GET) /images/533ace15a7999978086f25940f35ec0d/info
2021-08-04 00:24:20 [info]: ::1 (GET) /images/21da9a6de7e50907b6a2abcf1e300d83
2021-08-04 00:24:20 [info]: ::1 (GET) /images/230bd9514898e45a270b693604a87e54
2021-08-04 00:24:20 [info]: ::1 (GET) /images/533ace15a7999978086f25940f35ec0d
2021-08-04 00:24:20 [info]: ::1 (GET) /images/5f7f7bc6de9842fa7e3ab0cc8c83ac91
2021-08-04 00:24:20 [info]: ::1 (GET) /images/533ace15a7999978086f25940f35ec0d
2021-08-04 00:24:25 [info]: ::1 (PUT) /images/533ace15a7999978086f25940f35ec0d
2021-08-04 00:24:25 [info]: ::1 (GET) /images
2021-08-04 00:24:25 [info]: ::1 (GET) /images/533ace15a7999978086f25940f35ec0d/info
2021-08-04 00:24:25 [info]: ::1 (GET) /images/21da9a6de7e50907b6a2abcf1e300d83
2021-08-04 00:24:25 [info]: ::1 (GET) /images/230bd9514898e45a270b693604a87e54
2021-08-04 00:24:25 [info]: ::1 (GET) /images/533ace15a7999978086f25940f35ec0d
2021-08-04 00:24:25 [info]: ::1 (GET) /images/5f7f7bc6de9842fa7e3ab0cc8c83ac91
2021-08-04 00:24:25 [info]: ::1 (GET) /images/533ace15a7999978086f25940f35ec0d
2021-08-04 00:25:25 [info]: ::1 (GET) /images/533ace15a7999978086f25940f35ec0d/info
2021-08-04 00:25:25 [info]: ::1 (GET) /images/533ace15a7999978086f25940f35ec0d
2021-08-04 00:25:26 [info]: ::1 (GET) /images
2021-08-04 00:25:26 [info]: ::1 (GET) /users/self
2021-08-04 00:25:26 [info]: ::1 (GET) /images/533ace15a7999978086f25940f35ec0d/info
2021-08-04 00:25:26 [info]: ::1 (GET) /images/21da9a6de7e50907b6a2abcf1e300d83
2021-08-04 00:25:26 [info]: ::1 (GET) /images/533ace15a7999978086f25940f35ec0d
2021-08-04 00:25:26 [info]: ::1 (GET) /images/230bd9514898e45a270b693604a87e54
2021-08-04 00:25:26 [info]: ::1 (GET) /images/5f7f7bc6de9842fa7e3ab0cc8c83ac91
2021-08-04 00:25:26 [info]: ::1 (GET) /images/533ace15a7999978086f25940f35ec0d
2021-08-04 00:25:30 [info]: ::1 (PUT) /images/533ace15a7999978086f25940f35ec0d
2021-08-04 00:25:30 [info]: ::1 (GET) /images
2021-08-04 00:25:30 [info]: ::1 (GET) /images/533ace15a7999978086f25940f35ec0d/info
2021-08-04 00:25:30 [info]: ::1 (GET) /images/21da9a6de7e50907b6a2abcf1e300d83
2021-08-04 00:25:30 [info]: ::1 (GET) /images/230bd9514898e45a270b693604a87e54
2021-08-04 00:25:30 [info]: ::1 (GET) /images/533ace15a7999978086f25940f35ec0d
2021-08-04 00:25:30 [info]: ::1 (GET) /images/5f7f7bc6de9842fa7e3ab0cc8c83ac91
2021-08-04 00:25:30 [info]: ::1 (GET) /images/533ace15a7999978086f25940f35ec0d
2021-08-04 00:28:04 [info]: ::1 (GET) /images/533ace15a7999978086f25940f35ec0d/info
2021-08-04 00:28:04 [info]: ::1 (GET) /images/533ace15a7999978086f25940f35ec0d
2021-08-04 00:28:06 [info]: ::1 (GET) /images
2021-08-04 00:28:06 [info]: ::1 (GET) /users/self
2021-08-04 00:28:06 [info]: ::1 (GET) /images/21da9a6de7e50907b6a2abcf1e300d83
2021-08-04 00:28:06 [info]: ::1 (GET) /images/230bd9514898e45a270b693604a87e54
2021-08-04 00:28:06 [info]: ::1 (GET) /images/533ace15a7999978086f25940f35ec0d
2021-08-04 00:28:06 [info]: ::1 (GET) /images/5f7f7bc6de9842fa7e3ab0cc8c83ac91
2021-08-04 00:28:08 [info]: ::1 (GET) /images/5f7f7bc6de9842fa7e3ab0cc8c83ac91/info
2021-08-04 00:28:08 [info]: ::1 (GET) /images/5f7f7bc6de9842fa7e3ab0cc8c83ac91
2021-08-04 00:28:11 [info]: ::1 (GET) /images/533ace15a7999978086f25940f35ec0d/info
2021-08-04 00:28:11 [info]: ::1 (GET) /images/533ace15a7999978086f25940f35ec0d
2021-08-04 00:28:17 [info]: ::1 (PUT) /images/533ace15a7999978086f25940f35ec0d
2021-08-04 00:28:17 [info]: ::1 (GET) /images
2021-08-04 00:28:17 [info]: ::1 (GET) /images/533ace15a7999978086f25940f35ec0d/info
2021-08-04 00:28:17 [info]: ::1 (GET) /images/21da9a6de7e50907b6a2abcf1e300d83
2021-08-04 00:28:17 [info]: ::1 (GET) /images/230bd9514898e45a270b693604a87e54
2021-08-04 00:28:17 [info]: ::1 (GET) /images/533ace15a7999978086f25940f35ec0d
2021-08-04 00:28:17 [info]: ::1 (GET) /images/5f7f7bc6de9842fa7e3ab0cc8c83ac91
2021-08-04 00:28:17 [info]: ::1 (GET) /images/533ace15a7999978086f25940f35ec0d
2021-08-04 00:28:24 [info]: ::1 (GET) /images/21da9a6de7e50907b6a2abcf1e300d83/info
2021-08-04 00:28:24 [info]: ::1 (GET) /images/21da9a6de7e50907b6a2abcf1e300d83
2021-08-04 00:32:12 [info]: ::1 (PUT) /images/21da9a6de7e50907b6a2abcf1e300d83
2021-08-04 00:32:12 [info]: ::1 (GET) /images
2021-08-04 00:32:12 [info]: ::1 (GET) /images/21da9a6de7e50907b6a2abcf1e300d83/info
2021-08-04 00:32:12 [info]: ::1 (GET) /images/21da9a6de7e50907b6a2abcf1e300d83
2021-08-04 00:32:12 [info]: ::1 (GET) /images/230bd9514898e45a270b693604a87e54
2021-08-04 00:32:12 [info]: ::1 (GET) /images/533ace15a7999978086f25940f35ec0d
2021-08-04 00:32:12 [info]: ::1 (GET) /images/5f7f7bc6de9842fa7e3ab0cc8c83ac91
2021-08-04 00:32:12 [info]: ::1 (GET) /images/21da9a6de7e50907b6a2abcf1e300d83
2021-08-04 00:33:38 [info]: ::1 (GET) /images/21da9a6de7e50907b6a2abcf1e300d83/info
2021-08-04 00:33:39 [info]: ::1 (GET) /images/21da9a6de7e50907b6a2abcf1e300d83
2021-08-04 00:36:41 [info]: ::1 (GET) /images/21da9a6de7e50907b6a2abcf1e300d83/info
2021-08-04 00:36:41 [info]: ::1 (GET) /images/21da9a6de7e50907b6a2abcf1e300d83
2021-08-04 00:36:53 [info]: ::1 (PUT) /images/21da9a6de7e50907b6a2abcf1e300d83
2021-08-04 00:36:53 [info]: ::1 (GET) /images
2021-08-04 00:36:53 [info]: ::1 (GET) /images/21da9a6de7e50907b6a2abcf1e300d83/info
2021-08-04 00:36:53 [info]: ::1 (GET) /images/21da9a6de7e50907b6a2abcf1e300d83
2021-08-04 00:36:53 [info]: ::1 (GET) /images/230bd9514898e45a270b693604a87e54
2021-08-04 00:36:53 [info]: ::1 (GET) /images/533ace15a7999978086f25940f35ec0d
2021-08-04 00:36:53 [info]: ::1 (GET) /images/5f7f7bc6de9842fa7e3ab0cc8c83ac91
2021-08-04 00:36:53 [info]: ::1 (GET) /images/21da9a6de7e50907b6a2abcf1e300d83
2021-08-04 00:37:03 [info]: ::1 (GET) /images/21da9a6de7e50907b6a2abcf1e300d83/info
2021-08-04 00:37:03 [info]: ::1 (GET) /images/21da9a6de7e50907b6a2abcf1e300d83
2021-08-04 10:56:34 [info]: ::1 (GET) /users/self
2021-08-04 10:56:34 [info]: ::1 (GET) /images
2021-08-04 10:56:34 [info]: ::1 (GET) /images/21da9a6de7e50907b6a2abcf1e300d83/info
2021-08-04 10:56:34 [info]: ::1 (GET) /images/230bd9514898e45a270b693604a87e54
2021-08-04 10:56:34 [info]: ::1 (GET) /images/21da9a6de7e50907b6a2abcf1e300d83
2021-08-04 10:56:34 [info]: ::1 (GET) /images/533ace15a7999978086f25940f35ec0d
2021-08-04 10:56:34 [info]: ::1 (GET) /images/21da9a6de7e50907b6a2abcf1e300d83
2021-08-04 10:56:34 [info]: ::1 (GET) /images/5f7f7bc6de9842fa7e3ab0cc8c83ac91
2021-08-04 10:56:46 [info]: ::1 (GET) /images/21da9a6de7e50907b6a2abcf1e300d83/info
2021-08-04 10:56:46 [info]: ::1 (GET) /images/21da9a6de7e50907b6a2abcf1e300d83
2021-08-04 11:25:30 [info]: ::1 (GET) /images/21da9a6de7e50907b6a2abcf1e300d83/info
2021-08-04 11:25:30 [info]: ::1 (GET) /images/21da9a6de7e50907b6a2abcf1e300d83
2021-08-04 11:27:52 [info]: ::1 (GET) /images/21da9a6de7e50907b6a2abcf1e300d83/info
2021-08-04 11:27:52 [info]: ::1 (GET) /images/21da9a6de7e50907b6a2abcf1e300d83
2021-08-04 11:45:10 [info]: ::1 (GET) /images
2021-08-04 11:45:10 [info]: ::1 (GET) /users/self
2021-08-04 11:45:10 [info]: ::1 (GET) /images/21da9a6de7e50907b6a2abcf1e300d83
2021-08-04 11:45:10 [info]: ::1 (GET) /images/230bd9514898e45a270b693604a87e54
2021-08-04 11:45:10 [info]: ::1 (GET) /images/533ace15a7999978086f25940f35ec0d
2021-08-04 11:45:10 [info]: ::1 (GET) /images/5f7f7bc6de9842fa7e3ab0cc8c83ac91
2021-08-04 11:45:30 [info]: ::1 (GET) /images/5f7f7bc6de9842fa7e3ab0cc8c83ac91/info
2021-08-04 11:45:30 [info]: ::1 (GET) /images/5f7f7bc6de9842fa7e3ab0cc8c83ac91
2021-08-04 11:47:43 [info]: ::1 (GET) /images/5f7f7bc6de9842fa7e3ab0cc8c83ac91/info
2021-08-04 11:47:43 [info]: ::1 (GET) /images/5f7f7bc6de9842fa7e3ab0cc8c83ac91
2021-08-04 11:47:52 [info]: ::1 (GET) /images/5f7f7bc6de9842fa7e3ab0cc8c83ac91/info
2021-08-04 11:47:52 [info]: ::1 (GET) /images/5f7f7bc6de9842fa7e3ab0cc8c83ac91
2021-08-04 11:48:41 [info]: ::1 (GET) /images/5f7f7bc6de9842fa7e3ab0cc8c83ac91/info
2021-08-04 11:48:41 [info]: ::1 (GET) /images/5f7f7bc6de9842fa7e3ab0cc8c83ac91
2021-08-04 11:49:37 [info]: ::1 (GET) /images
2021-08-04 11:49:37 [info]: ::1 (GET) /users/self
2021-08-04 11:49:37 [info]: ::1 (GET) /images/5f7f7bc6de9842fa7e3ab0cc8c83ac91/info
2021-08-04 11:49:37 [info]: ::1 (GET) /images/21da9a6de7e50907b6a2abcf1e300d83
2021-08-04 11:49:37 [info]: ::1 (GET) /images/230bd9514898e45a270b693604a87e54
2021-08-04 11:49:37 [info]: ::1 (GET) /images/533ace15a7999978086f25940f35ec0d
2021-08-04 11:49:37 [info]: ::1 (GET) /images/5f7f7bc6de9842fa7e3ab0cc8c83ac91
2021-08-04 11:49:37 [info]: ::1 (GET) /images/5f7f7bc6de9842fa7e3ab0cc8c83ac91
2021-08-04 11:51:52 [info]: ::1 (GET) /images/21da9a6de7e50907b6a2abcf1e300d83/info
2021-08-04 11:51:52 [info]: ::1 (GET) /images/21da9a6de7e50907b6a2abcf1e300d83
2021-08-04 11:52:00 [info]: ::1 (GET) /images/5f7f7bc6de9842fa7e3ab0cc8c83ac91/info
2021-08-04 11:52:00 [info]: ::1 (GET) /images/5f7f7bc6de9842fa7e3ab0cc8c83ac91
2021-08-04 11:52:09 [info]: ::1 (GET) /images/21da9a6de7e50907b6a2abcf1e300d83/info
2021-08-04 11:52:09 [info]: ::1 (GET) /images/21da9a6de7e50907b6a2abcf1e300d83
2021-08-04 12:24:05 [info]: ::1 (GET) /images
2021-08-04 12:24:05 [info]: ::1 (GET) /users/self
2021-08-04 12:24:05 [info]: ::1 (GET) /images/21da9a6de7e50907b6a2abcf1e300d83
2021-08-04 12:24:05 [info]: ::1 (GET) /images/230bd9514898e45a270b693604a87e54
2021-08-04 12:24:05 [info]: ::1 (GET) /images/533ace15a7999978086f25940f35ec0d
2021-08-04 12:24:05 [info]: ::1 (GET) /images/5f7f7bc6de9842fa7e3ab0cc8c83ac91
2021-08-04 12:26:03 [info]: ::1 (GET) /images
2021-08-04 12:26:03 [info]: ::1 (GET) /users/self
2021-08-04 12:26:04 [info]: ::1 (GET) /images/21da9a6de7e50907b6a2abcf1e300d83
2021-08-04 12:26:04 [info]: ::1 (GET) /images/230bd9514898e45a270b693604a87e54
2021-08-04 12:26:04 [info]: ::1 (GET) /images/533ace15a7999978086f25940f35ec0d
2021-08-04 12:26:04 [info]: ::1 (GET) /images/5f7f7bc6de9842fa7e3ab0cc8c83ac91
2021-08-04 12:26:05 [info]: ::1 (GET) /images
2021-08-04 12:26:05 [info]: ::1 (GET) /users/self
2021-08-04 12:26:05 [info]: ::1 (GET) /images/21da9a6de7e50907b6a2abcf1e300d83
2021-08-04 12:26:05 [info]: ::1 (GET) /images/230bd9514898e45a270b693604a87e54
2021-08-04 12:26:05 [info]: ::1 (GET) /images/533ace15a7999978086f25940f35ec0d
2021-08-04 12:26:05 [info]: ::1 (GET) /images/5f7f7bc6de9842fa7e3ab0cc8c83ac91
2021-08-04 12:26:48 [info]: ::1 (GET) /images
2021-08-04 12:26:48 [info]: ::1 (GET) /images/21da9a6de7e50907b6a2abcf1e300d83
2021-08-04 12:26:48 [info]: ::1 (GET) /images/230bd9514898e45a270b693604a87e54
2021-08-04 12:26:48 [info]: ::1 (GET) /images/533ace15a7999978086f25940f35ec0d
2021-08-04 12:26:48 [info]: ::1 (GET) /images/5f7f7bc6de9842fa7e3ab0cc8c83ac91
2021-08-04 12:26:49 [info]: ::1 (GET) /images
2021-08-04 12:26:49 [info]: ::1 (GET) /users/self
2021-08-04 12:26:49 [info]: ::1 (GET) /images/21da9a6de7e50907b6a2abcf1e300d83
2021-08-04 12:26:49 [info]: ::1 (GET) /images/230bd9514898e45a270b693604a87e54
2021-08-04 12:26:49 [info]: ::1 (GET) /images/533ace15a7999978086f25940f35ec0d
2021-08-04 12:26:49 [info]: ::1 (GET) /images/5f7f7bc6de9842fa7e3ab0cc8c83ac91
2021-08-04 12:27:21 [info]: ::1 (GET) /images
2021-08-04 12:27:21 [info]: ::1 (GET) /images/21da9a6de7e50907b6a2abcf1e300d83
2021-08-04 12:27:21 [info]: ::1 (GET) /images/230bd9514898e45a270b693604a87e54
2021-08-04 12:27:21 [info]: ::1 (GET) /images/533ace15a7999978086f25940f35ec0d
2021-08-04 12:27:21 [info]: ::1 (GET) /images/5f7f7bc6de9842fa7e3ab0cc8c83ac91
2021-08-04 12:29:19 [info]: ::1 (GET) /images
2021-08-04 12:29:19 [info]: ::1 (GET) /users/self
2021-08-04 12:29:20 [info]: ::1 (GET) /images/21da9a6de7e50907b6a2abcf1e300d83
2021-08-04 12:29:20 [info]: ::1 (GET) /images/230bd9514898e45a270b693604a87e54
2021-08-04 12:29:20 [info]: ::1 (GET) /images/533ace15a7999978086f25940f35ec0d
2021-08-04 12:29:20 [info]: ::1 (GET) /images/5f7f7bc6de9842fa7e3ab0cc8c83ac91
2021-08-04 12:30:10 [info]: ::1 (GET) /images
2021-08-04 12:30:10 [info]: ::1 (GET) /users/self
2021-08-04 12:30:10 [info]: ::1 (GET) /images/21da9a6de7e50907b6a2abcf1e300d83
2021-08-04 12:30:10 [info]: ::1 (GET) /images/230bd9514898e45a270b693604a87e54
2021-08-04 12:30:10 [info]: ::1 (GET) /images/5f7f7bc6de9842fa7e3ab0cc8c83ac91
2021-08-04 12:30:10 [info]: ::1 (GET) /images/533ace15a7999978086f25940f35ec0d
2021-08-04 12:31:38 [info]: ::1 (GET) /images
2021-08-04 12:31:38 [info]: ::1 (GET) /users/self
2021-08-04 12:31:38 [info]: ::1 (GET) /images/21da9a6de7e50907b6a2abcf1e300d83
2021-08-04 12:31:38 [info]: ::1 (GET) /images/230bd9514898e45a270b693604a87e54
2021-08-04 12:31:38 [info]: ::1 (GET) /images/533ace15a7999978086f25940f35ec0d
2021-08-04 12:31:38 [info]: ::1 (GET) /images/5f7f7bc6de9842fa7e3ab0cc8c83ac91
2021-08-04 12:32:13 [info]: ::1 (GET) /images
2021-08-04 12:32:13 [info]: ::1 (GET) /users/self
2021-08-04 12:32:13 [info]: ::1 (GET) /images/21da9a6de7e50907b6a2abcf1e300d83
2021-08-04 12:32:13 [info]: ::1 (GET) /images/230bd9514898e45a270b693604a87e54
2021-08-04 12:32:13 [info]: ::1 (GET) /images/533ace15a7999978086f25940f35ec0d
2021-08-04 12:32:13 [info]: ::1 (GET) /images/5f7f7bc6de9842fa7e3ab0cc8c83ac91
2021-08-04 12:32:15 [info]: ::1 (GET) /images
2021-08-04 12:32:15 [info]: ::1 (GET) /users/self
2021-08-04 12:32:15 [info]: ::1 (GET) /images/21da9a6de7e50907b6a2abcf1e300d83
2021-08-04 12:32:15 [info]: ::1 (GET) /images/230bd9514898e45a270b693604a87e54
2021-08-04 12:32:15 [info]: ::1 (GET) /images/533ace15a7999978086f25940f35ec0d
2021-08-04 12:32:15 [info]: ::1 (GET) /images/5f7f7bc6de9842fa7e3ab0cc8c83ac91
2021-08-04 12:32:54 [info]: ::1 (GET) /images
2021-08-04 12:32:54 [info]: ::1 (GET) /users/self
2021-08-04 12:32:54 [info]: ::1 (GET) /images/21da9a6de7e50907b6a2abcf1e300d83
2021-08-04 12:32:54 [info]: ::1 (GET) /images/230bd9514898e45a270b693604a87e54
2021-08-04 12:32:54 [info]: ::1 (GET) /images/533ace15a7999978086f25940f35ec0d
2021-08-04 12:32:54 [info]: ::1 (GET) /images/5f7f7bc6de9842fa7e3ab0cc8c83ac91
2021-08-04 12:36:19 [info]: ::1 (GET) /images
2021-08-04 12:36:19 [info]: ::1 (GET) /users/self
2021-08-04 12:36:19 [info]: ::1 (GET) /images/21da9a6de7e50907b6a2abcf1e300d83
2021-08-04 12:36:19 [info]: ::1 (GET) /images/230bd9514898e45a270b693604a87e54
2021-08-04 12:36:19 [info]: ::1 (GET) /images/533ace15a7999978086f25940f35ec0d
2021-08-04 12:36:19 [info]: ::1 (GET) /images/5f7f7bc6de9842fa7e3ab0cc8c83ac91
2021-08-04 12:37:08 [info]: ::1 (GET) /images
2021-08-04 12:37:08 [info]: ::1 (GET) /users/self
2021-08-04 12:37:08 [info]: ::1 (GET) /images/21da9a6de7e50907b6a2abcf1e300d83
2021-08-04 12:37:08 [info]: ::1 (GET) /images/230bd9514898e45a270b693604a87e54
2021-08-04 12:37:08 [info]: ::1 (GET) /images/533ace15a7999978086f25940f35ec0d
2021-08-04 12:37:08 [info]: ::1 (GET) /images/5f7f7bc6de9842fa7e3ab0cc8c83ac91
2021-08-04 12:38:02 [info]: ::1 (GET) /images
2021-08-04 12:38:02 [info]: ::1 (GET) /users/self
2021-08-04 12:38:02 [info]: ::1 (GET) /images/21da9a6de7e50907b6a2abcf1e300d83
2021-08-04 12:38:02 [info]: ::1 (GET) /images/230bd9514898e45a270b693604a87e54
2021-08-04 12:38:02 [info]: ::1 (GET) /images/5f7f7bc6de9842fa7e3ab0cc8c83ac91
2021-08-04 12:38:02 [info]: ::1 (GET) /images/533ace15a7999978086f25940f35ec0d
2021-08-04 12:40:02 [info]: ::1 (GET) /users/self
2021-08-04 12:40:02 [info]: ::1 (GET) /images
2021-08-04 12:40:02 [info]: ::1 (GET) /images/21da9a6de7e50907b6a2abcf1e300d83
2021-08-04 12:40:02 [info]: ::1 (GET) /images/230bd9514898e45a270b693604a87e54
2021-08-04 12:40:02 [info]: ::1 (GET) /images/533ace15a7999978086f25940f35ec0d
2021-08-04 12:40:02 [info]: ::1 (GET) /images/5f7f7bc6de9842fa7e3ab0cc8c83ac91
2021-08-04 12:40:10 [info]: ::1 (GET) /images
2021-08-04 12:40:10 [info]: ::1 (GET) /users/self
2021-08-04 12:40:10 [info]: ::1 (GET) /images/21da9a6de7e50907b6a2abcf1e300d83
2021-08-04 12:40:10 [info]: ::1 (GET) /images/230bd9514898e45a270b693604a87e54
2021-08-04 12:40:10 [info]: ::1 (GET) /images/5f7f7bc6de9842fa7e3ab0cc8c83ac91
2021-08-04 12:40:10 [info]: ::1 (GET) /images/533ace15a7999978086f25940f35ec0d
2021-08-04 12:40:58 [info]: ::1 (GET) /images
2021-08-04 12:40:58 [info]: ::1 (GET) /users/self
2021-08-04 12:40:58 [info]: ::1 (GET) /images/21da9a6de7e50907b6a2abcf1e300d83
2021-08-04 12:40:58 [info]: ::1 (GET) /images/230bd9514898e45a270b693604a87e54
2021-08-04 12:40:58 [info]: ::1 (GET) /images/5f7f7bc6de9842fa7e3ab0cc8c83ac91
2021-08-04 12:40:58 [info]: ::1 (GET) /images/533ace15a7999978086f25940f35ec0d
2021-08-04 12:41:54 [info]: ::1 (GET) /images
2021-08-04 12:41:54 [info]: ::1 (GET) /users/self
2021-08-04 12:41:54 [info]: ::1 (GET) /images/21da9a6de7e50907b6a2abcf1e300d83
2021-08-04 12:41:54 [info]: ::1 (GET) /images/230bd9514898e45a270b693604a87e54
2021-08-04 12:41:54 [info]: ::1 (GET) /images/533ace15a7999978086f25940f35ec0d
2021-08-04 12:41:54 [info]: ::1 (GET) /images/5f7f7bc6de9842fa7e3ab0cc8c83ac91
2021-08-04 12:42:18 [info]: ::1 (GET) /images
2021-08-04 12:42:18 [info]: ::1 (GET) /users/self
2021-08-04 12:42:18 [info]: ::1 (GET) /images/21da9a6de7e50907b6a2abcf1e300d83
2021-08-04 12:42:18 [info]: ::1 (GET) /images/230bd9514898e45a270b693604a87e54
2021-08-04 12:42:18 [info]: ::1 (GET) /images/533ace15a7999978086f25940f35ec0d
2021-08-04 12:42:18 [info]: ::1 (GET) /images/5f7f7bc6de9842fa7e3ab0cc8c83ac91
2021-08-04 12:44:10 [info]: ::1 (GET) /images
2021-08-04 12:44:10 [info]: ::1 (GET) /images/21da9a6de7e50907b6a2abcf1e300d83
2021-08-04 12:44:10 [info]: ::1 (GET) /images/230bd9514898e45a270b693604a87e54
2021-08-04 12:44:10 [info]: ::1 (GET) /images/533ace15a7999978086f25940f35ec0d
2021-08-04 12:44:10 [info]: ::1 (GET) /images/5f7f7bc6de9842fa7e3ab0cc8c83ac91
2021-08-04 12:44:41 [info]: ::1 (GET) /images
2021-08-04 12:44:44 [info]: ::1 (GET) /images
2021-08-04 12:44:44 [info]: ::1 (GET) /users/self
2021-08-04 12:45:31 [info]: ::1 (GET) /images
2021-08-04 12:45:31 [info]: ::1 (GET) /users/self
2021-08-04 12:46:16 [info]: ::1 (GET) /images
2021-08-04 12:46:16 [info]: ::1 (GET) /users/self
2021-08-04 12:46:18 [info]: ::1 (GET) /images
2021-08-04 12:46:18 [info]: ::1 (GET) /users/self
2021-08-04 12:47:42 [info]: ::1 (GET) /users/self
2021-08-04 12:47:42 [info]: ::1 (GET) /images
2021-08-04 12:47:42 [info]: ::1 (GET) /images/21da9a6de7e50907b6a2abcf1e300d83
2021-08-04 12:47:42 [info]: ::1 (GET) /images/230bd9514898e45a270b693604a87e54
2021-08-04 12:47:42 [info]: ::1 (GET) /images/533ace15a7999978086f25940f35ec0d
2021-08-04 12:47:42 [info]: ::1 (GET) /images/5f7f7bc6de9842fa7e3ab0cc8c83ac91
2021-08-04 12:52:08 [info]: ::1 (GET) /images
2021-08-04 12:52:09 [info]: ::1 (GET) /images/21da9a6de7e50907b6a2abcf1e300d83
2021-08-04 12:52:09 [info]: ::1 (GET) /images/533ace15a7999978086f25940f35ec0d
2021-08-04 12:52:09 [info]: ::1 (GET) /images/230bd9514898e45a270b693604a87e54
2021-08-04 12:52:09 [info]: ::1 (GET) /images/5f7f7bc6de9842fa7e3ab0cc8c83ac91
2021-08-04 12:52:13 [info]: ::1 (GET) /images
2021-08-04 12:52:13 [info]: ::1 (GET) /users/self
2021-08-04 12:52:13 [info]: ::1 (GET) /images/21da9a6de7e50907b6a2abcf1e300d83
2021-08-04 12:52:13 [info]: ::1 (GET) /images/230bd9514898e45a270b693604a87e54
2021-08-04 12:52:13 [info]: ::1 (GET) /images/533ace15a7999978086f25940f35ec0d
2021-08-04 12:52:13 [info]: ::1 (GET) /images/5f7f7bc6de9842fa7e3ab0cc8c83ac91
2021-08-04 12:52:26 [info]: ::1 (GET) /images
2021-08-04 12:52:26 [info]: ::1 (GET) /images/21da9a6de7e50907b6a2abcf1e300d83
2021-08-04 12:52:26 [info]: ::1 (GET) /images/230bd9514898e45a270b693604a87e54
2021-08-04 12:52:26 [info]: ::1 (GET) /images/533ace15a7999978086f25940f35ec0d
2021-08-04 12:52:26 [info]: ::1 (GET) /images/5f7f7bc6de9842fa7e3ab0cc8c83ac91
2021-08-04 12:52:32 [info]: ::1 (GET) /images
2021-08-04 12:52:32 [info]: ::1 (GET) /images/21da9a6de7e50907b6a2abcf1e300d83
2021-08-04 12:52:32 [info]: ::1 (GET) /images/230bd9514898e45a270b693604a87e54
2021-08-04 12:52:32 [info]: ::1 (GET) /images/533ace15a7999978086f25940f35ec0d
2021-08-04 12:52:32 [info]: ::1 (GET) /images/5f7f7bc6de9842fa7e3ab0cc8c83ac91
2021-08-04 12:52:41 [info]: ::1 (GET) /images
2021-08-04 12:52:41 [info]: ::1 (GET) /images/21da9a6de7e50907b6a2abcf1e300d83
2021-08-04 12:52:41 [info]: ::1 (GET) /images/5f7f7bc6de9842fa7e3ab0cc8c83ac91
2021-08-04 12:52:41 [info]: ::1 (GET) /images/230bd9514898e45a270b693604a87e54
2021-08-04 12:52:41 [info]: ::1 (GET) /images/533ace15a7999978086f25940f35ec0d
2021-08-04 12:52:49 [info]: ::1 (GET) /images
2021-08-04 12:52:50 [info]: ::1 (GET) /images/21da9a6de7e50907b6a2abcf1e300d83
2021-08-04 12:52:50 [info]: ::1 (GET) /images/230bd9514898e45a270b693604a87e54
2021-08-04 12:52:50 [info]: ::1 (GET) /images/533ace15a7999978086f25940f35ec0d
2021-08-04 12:52:50 [info]: ::1 (GET) /images/5f7f7bc6de9842fa7e3ab0cc8c83ac91
2021-08-04 12:58:12 [info]: ::1 (GET) /images
2021-08-04 12:58:12 [info]: ::1 (GET) /images/21da9a6de7e50907b6a2abcf1e300d83
2021-08-04 12:58:12 [info]: ::1 (GET) /images/230bd9514898e45a270b693604a87e54
2021-08-04 12:58:12 [info]: ::1 (GET) /images/533ace15a7999978086f25940f35ec0d
2021-08-04 12:58:12 [info]: ::1 (GET) /images/5f7f7bc6de9842fa7e3ab0cc8c83ac91
2021-08-04 12:58:20 [info]: ::1 (GET) /images
2021-08-04 12:58:20 [info]: ::1 (GET) /images/21da9a6de7e50907b6a2abcf1e300d83
2021-08-04 12:58:20 [info]: ::1 (GET) /images/230bd9514898e45a270b693604a87e54
2021-08-04 12:58:20 [info]: ::1 (GET) /images/533ace15a7999978086f25940f35ec0d
2021-08-04 12:58:20 [info]: ::1 (GET) /images/5f7f7bc6de9842fa7e3ab0cc8c83ac91
2021-08-04 12:58:31 [info]: ::1 (GET) /images
2021-08-04 12:58:31 [info]: ::1 (GET) /users/self
2021-08-04 12:58:31 [info]: ::1 (GET) /images/21da9a6de7e50907b6a2abcf1e300d83
2021-08-04 12:58:31 [info]: ::1 (GET) /images/230bd9514898e45a270b693604a87e54
2021-08-04 12:58:31 [info]: ::1 (GET) /images/533ace15a7999978086f25940f35ec0d
2021-08-04 12:58:31 [info]: ::1 (GET) /images/5f7f7bc6de9842fa7e3ab0cc8c83ac91
2021-08-04 12:58:50 [info]: ::1 (GET) /images
2021-08-04 12:58:50 [info]: ::1 (GET) /users/self
2021-08-04 12:58:50 [info]: ::1 (GET) /images/21da9a6de7e50907b6a2abcf1e300d83
2021-08-04 12:58:50 [info]: ::1 (GET) /images/230bd9514898e45a270b693604a87e54
2021-08-04 12:58:50 [info]: ::1 (GET) /images/533ace15a7999978086f25940f35ec0d
2021-08-04 12:58:50 [info]: ::1 (GET) /images/5f7f7bc6de9842fa7e3ab0cc8c83ac91
2021-08-04 12:58:56 [info]: ::1 (GET) /images
2021-08-04 12:58:56 [info]: ::1 (GET) /users/self
2021-08-04 12:58:56 [info]: ::1 (GET) /images/21da9a6de7e50907b6a2abcf1e300d83
2021-08-04 12:58:56 [info]: ::1 (GET) /images/230bd9514898e45a270b693604a87e54
2021-08-04 12:58:56 [info]: ::1 (GET) /images/533ace15a7999978086f25940f35ec0d
2021-08-04 12:58:56 [info]: ::1 (GET) /images/5f7f7bc6de9842fa7e3ab0cc8c83ac91
2021-08-04 12:59:05 [info]: ::1 (GET) /images
2021-08-04 12:59:05 [info]: ::1 (GET) /users/self
2021-08-04 12:59:05 [info]: ::1 (GET) /images/21da9a6de7e50907b6a2abcf1e300d83
2021-08-04 12:59:05 [info]: ::1 (GET) /images/230bd9514898e45a270b693604a87e54
2021-08-04 12:59:05 [info]: ::1 (GET) /images/533ace15a7999978086f25940f35ec0d
2021-08-04 12:59:05 [info]: ::1 (GET) /images/5f7f7bc6de9842fa7e3ab0cc8c83ac91
2021-08-04 12:59:15 [info]: ::1 (GET) /images
2021-08-04 12:59:15 [info]: ::1 (GET) /users/self
2021-08-04 12:59:15 [info]: ::1 (GET) /images/21da9a6de7e50907b6a2abcf1e300d83
2021-08-04 12:59:15 [info]: ::1 (GET) /images/230bd9514898e45a270b693604a87e54
2021-08-04 12:59:15 [info]: ::1 (GET) /images/533ace15a7999978086f25940f35ec0d
2021-08-04 12:59:15 [info]: ::1 (GET) /images/5f7f7bc6de9842fa7e3ab0cc8c83ac91
2021-08-04 13:00:01 [info]: ::1 (GET) /images
2021-08-04 13:00:01 [info]: ::1 (GET) /images/21da9a6de7e50907b6a2abcf1e300d83
2021-08-04 13:00:01 [info]: ::1 (GET) /images/230bd9514898e45a270b693604a87e54
2021-08-04 13:00:01 [info]: ::1 (GET) /images/533ace15a7999978086f25940f35ec0d
2021-08-04 13:00:01 [info]: ::1 (GET) /images/5f7f7bc6de9842fa7e3ab0cc8c83ac91
2021-08-04 13:00:05 [info]: ::1 (GET) /images
2021-08-04 13:00:05 [info]: ::1 (GET) /images/21da9a6de7e50907b6a2abcf1e300d83
2021-08-04 13:00:05 [info]: ::1 (GET) /images/230bd9514898e45a270b693604a87e54
2021-08-04 13:00:05 [info]: ::1 (GET) /images/533ace15a7999978086f25940f35ec0d
2021-08-04 13:00:05 [info]: ::1 (GET) /images/5f7f7bc6de9842fa7e3ab0cc8c83ac91
2021-08-04 13:00:33 [info]: ::1 (GET) /images
2021-08-04 13:00:33 [info]: ::1 (GET) /users/self
2021-08-04 13:00:33 [info]: ::1 (GET) /images/21da9a6de7e50907b6a2abcf1e300d83
2021-08-04 13:00:33 [info]: ::1 (GET) /images/230bd9514898e45a270b693604a87e54
2021-08-04 13:00:33 [info]: ::1 (GET) /images/533ace15a7999978086f25940f35ec0d
2021-08-04 13:00:33 [info]: ::1 (GET) /images/5f7f7bc6de9842fa7e3ab0cc8c83ac91
2021-08-04 13:00:48 [info]: ::1 (GET) /images
2021-08-04 13:00:48 [info]: ::1 (GET) /images/21da9a6de7e50907b6a2abcf1e300d83
2021-08-04 13:00:48 [info]: ::1 (GET) /images/230bd9514898e45a270b693604a87e54
2021-08-04 13:00:48 [info]: ::1 (GET) /images/533ace15a7999978086f25940f35ec0d
2021-08-04 13:00:48 [info]: ::1 (GET) /images/5f7f7bc6de9842fa7e3ab0cc8c83ac91
2021-08-04 13:01:02 [info]: ::1 (GET) /images
2021-08-04 13:01:02 [info]: ::1 (GET) /images/21da9a6de7e50907b6a2abcf1e300d83
2021-08-04 13:01:02 [info]: ::1 (GET) /images/230bd9514898e45a270b693604a87e54
2021-08-04 13:01:02 [info]: ::1 (GET) /images/533ace15a7999978086f25940f35ec0d
2021-08-04 13:01:02 [info]: ::1 (GET) /images/5f7f7bc6de9842fa7e3ab0cc8c83ac91
2021-08-04 13:05:50 [info]: ::1 (GET) /images
2021-08-04 13:05:50 [info]: ::1 (GET) /images/21da9a6de7e50907b6a2abcf1e300d83
2021-08-04 13:05:50 [info]: ::1 (GET) /images/230bd9514898e45a270b693604a87e54
2021-08-04 13:05:50 [info]: ::1 (GET) /images/533ace15a7999978086f25940f35ec0d
2021-08-04 13:05:50 [info]: ::1 (GET) /images/5f7f7bc6de9842fa7e3ab0cc8c83ac91
2021-08-04 13:08:10 [info]: ::1 (GET) /images/21da9a6de7e50907b6a2abcf1e300d83/info
2021-08-04 13:08:10 [info]: ::1 (GET) /images/21da9a6de7e50907b6a2abcf1e300d83
2021-08-04 13:08:14 [info]: ::1 (PUT) /images/21da9a6de7e50907b6a2abcf1e300d83
2021-08-04 13:08:15 [info]: ::1 (GET) /images
2021-08-04 13:08:15 [info]: ::1 (GET) /images/21da9a6de7e50907b6a2abcf1e300d83
2021-08-04 13:08:15 [info]: ::1 (GET) /images/230bd9514898e45a270b693604a87e54
2021-08-04 13:08:15 [info]: ::1 (GET) /images/533ace15a7999978086f25940f35ec0d
2021-08-04 13:08:15 [info]: ::1 (GET) /images/5f7f7bc6de9842fa7e3ab0cc8c83ac91
2021-08-04 13:08:32 [info]: ::1 (GET) /images/230bd9514898e45a270b693604a87e54/info
2021-08-04 13:08:32 [info]: ::1 (GET) /images/230bd9514898e45a270b693604a87e54
2021-08-04 13:08:33 [info]: ::1 (GET) /images/21da9a6de7e50907b6a2abcf1e300d83/info
2021-08-04 13:08:33 [info]: ::1 (GET) /images/21da9a6de7e50907b6a2abcf1e300d83
2021-08-04 13:08:40 [info]: ::1 (PUT) /images/21da9a6de7e50907b6a2abcf1e300d83
2021-08-04 13:08:40 [info]: ::1 (GET) /images
2021-08-04 13:08:40 [info]: ::1 (GET) /images/21da9a6de7e50907b6a2abcf1e300d83
2021-08-04 13:08:40 [info]: ::1 (GET) /images/230bd9514898e45a270b693604a87e54
2021-08-04 13:08:40 [info]: ::1 (GET) /images/533ace15a7999978086f25940f35ec0d
2021-08-04 13:08:40 [info]: ::1 (GET) /images/5f7f7bc6de9842fa7e3ab0cc8c83ac91
2021-08-04 13:09:30 [info]: ::1 (GET) /images/21da9a6de7e50907b6a2abcf1e300d83/info
2021-08-04 13:09:30 [info]: ::1 (GET) /images/21da9a6de7e50907b6a2abcf1e300d83
2021-08-04 13:09:32 [info]: ::1 (GET) /images
2021-08-04 13:09:32 [info]: ::1 (GET) /users/self
2021-08-04 13:09:32 [info]: ::1 (GET) /images/21da9a6de7e50907b6a2abcf1e300d83
2021-08-04 13:09:32 [info]: ::1 (GET) /images/230bd9514898e45a270b693604a87e54
2021-08-04 13:09:32 [info]: ::1 (GET) /images/5f7f7bc6de9842fa7e3ab0cc8c83ac91
2021-08-04 13:09:32 [info]: ::1 (GET) /images/533ace15a7999978086f25940f35ec0d
2021-08-04 13:09:33 [info]: ::1 (GET) /images/21da9a6de7e50907b6a2abcf1e300d83/info
2021-08-04 13:09:33 [info]: ::1 (GET) /images/21da9a6de7e50907b6a2abcf1e300d83
2021-08-04 13:09:36 [info]: ::1 (PUT) /images/21da9a6de7e50907b6a2abcf1e300d83
2021-08-04 13:09:36 [info]: ::1 (GET) /images
2021-08-04 13:09:36 [info]: ::1 (GET) /images/21da9a6de7e50907b6a2abcf1e300d83/info
2021-08-04 13:09:36 [info]: ::1 (GET) /images/21da9a6de7e50907b6a2abcf1e300d83
2021-08-04 13:09:36 [info]: ::1 (GET) /images/230bd9514898e45a270b693604a87e54
2021-08-04 13:09:36 [info]: ::1 (GET) /images/533ace15a7999978086f25940f35ec0d
2021-08-04 13:09:36 [info]: ::1 (GET) /images/5f7f7bc6de9842fa7e3ab0cc8c83ac91
2021-08-04 13:09:36 [info]: ::1 (GET) /images/21da9a6de7e50907b6a2abcf1e300d83
2021-08-04 13:09:44 [info]: ::1 (PUT) /images/21da9a6de7e50907b6a2abcf1e300d83
2021-08-04 13:09:44 [info]: ::1 (GET) /images
2021-08-04 13:09:44 [info]: ::1 (GET) /images/21da9a6de7e50907b6a2abcf1e300d83/info
2021-08-04 13:09:44 [info]: ::1 (GET) /images/21da9a6de7e50907b6a2abcf1e300d83
2021-08-04 13:09:44 [info]: ::1 (GET) /images/230bd9514898e45a270b693604a87e54
2021-08-04 13:09:44 [info]: ::1 (GET) /images/533ace15a7999978086f25940f35ec0d
2021-08-04 13:09:44 [info]: ::1 (GET) /images/5f7f7bc6de9842fa7e3ab0cc8c83ac91
2021-08-04 13:09:44 [info]: ::1 (GET) /images/21da9a6de7e50907b6a2abcf1e300d83
2021-08-04 13:11:10 [info]: ::1 (GET) /images/21da9a6de7e50907b6a2abcf1e300d83/info
2021-08-04 13:11:10 [info]: ::1 (GET) /images/21da9a6de7e50907b6a2abcf1e300d83
2021-08-04 13:11:12 [info]: ::1 (GET) /images
2021-08-04 13:11:12 [info]: ::1 (GET) /users/self
2021-08-04 13:11:12 [info]: ::1 (GET) /images/21da9a6de7e50907b6a2abcf1e300d83
2021-08-04 13:11:12 [info]: ::1 (GET) /images/230bd9514898e45a270b693604a87e54
2021-08-04 13:11:12 [info]: ::1 (GET) /images/533ace15a7999978086f25940f35ec0d
2021-08-04 13:11:12 [info]: ::1 (GET) /images/5f7f7bc6de9842fa7e3ab0cc8c83ac91
2021-08-04 13:11:13 [info]: ::1 (GET) /images/21da9a6de7e50907b6a2abcf1e300d83/info
2021-08-04 13:11:13 [info]: ::1 (GET) /images/21da9a6de7e50907b6a2abcf1e300d83
2021-08-04 13:11:15 [info]: ::1 (PUT) /images/21da9a6de7e50907b6a2abcf1e300d83
2021-08-04 13:11:15 [info]: ::1 (GET) /images
2021-08-04 13:11:15 [info]: ::1 (GET) /images/21da9a6de7e50907b6a2abcf1e300d83/info
2021-08-04 13:11:15 [info]: ::1 (GET) /images/21da9a6de7e50907b6a2abcf1e300d83
2021-08-04 13:11:15 [info]: ::1 (GET) /images/230bd9514898e45a270b693604a87e54
2021-08-04 13:11:15 [info]: ::1 (GET) /images/533ace15a7999978086f25940f35ec0d
2021-08-04 13:11:15 [info]: ::1 (GET) /images/5f7f7bc6de9842fa7e3ab0cc8c83ac91
2021-08-04 13:11:15 [info]: ::1 (GET) /images/21da9a6de7e50907b6a2abcf1e300d83
2021-08-04 13:11:31 [info]: ::1 (PUT) /images/21da9a6de7e50907b6a2abcf1e300d83
2021-08-04 13:11:31 [info]: ::1 (GET) /images
2021-08-04 13:11:31 [info]: ::1 (GET) /images/21da9a6de7e50907b6a2abcf1e300d83/info
2021-08-04 13:11:31 [info]: ::1 (GET) /images/21da9a6de7e50907b6a2abcf1e300d83
2021-08-04 13:11:31 [info]: ::1 (GET) /images/230bd9514898e45a270b693604a87e54
2021-08-04 13:11:31 [info]: ::1 (GET) /images/533ace15a7999978086f25940f35ec0d
2021-08-04 13:11:31 [info]: ::1 (GET) /images/5f7f7bc6de9842fa7e3ab0cc8c83ac91
2021-08-04 13:11:31 [info]: ::1 (GET) /images/21da9a6de7e50907b6a2abcf1e300d83
2021-08-04 13:15:14 [info]: ::1 (GET) /images
2021-08-04 13:15:14 [info]: ::1 (GET) /users/self
2021-08-04 13:15:14 [info]: ::1 (GET) /images/21da9a6de7e50907b6a2abcf1e300d83
2021-08-04 13:15:14 [info]: ::1 (GET) /images/230bd9514898e45a270b693604a87e54
2021-08-04 13:15:14 [info]: ::1 (GET) /images/533ace15a7999978086f25940f35ec0d
2021-08-04 13:15:14 [info]: ::1 (GET) /images/5f7f7bc6de9842fa7e3ab0cc8c83ac91
2021-08-04 13:18:51 [info]: ::1 (GET) /images/21da9a6de7e50907b6a2abcf1e300d83/info
2021-08-04 13:18:51 [info]: ::1 (GET) /images/21da9a6de7e50907b6a2abcf1e300d83
2021-08-04 13:18:54 [info]: ::1 (PUT) /images/21da9a6de7e50907b6a2abcf1e300d83
2021-08-04 13:18:54 [info]: ::1 (GET) /images
2021-08-04 13:18:54 [info]: ::1 (GET) /images/21da9a6de7e50907b6a2abcf1e300d83/info
2021-08-04 13:18:54 [info]: ::1 (GET) /images/21da9a6de7e50907b6a2abcf1e300d83
2021-08-04 13:18:54 [info]: ::1 (GET) /images/230bd9514898e45a270b693604a87e54
2021-08-04 13:18:54 [info]: ::1 (GET) /images/533ace15a7999978086f25940f35ec0d
2021-08-04 13:18:54 [info]: ::1 (GET) /images/5f7f7bc6de9842fa7e3ab0cc8c83ac91
2021-08-04 13:18:55 [info]: ::1 (GET) /images/21da9a6de7e50907b6a2abcf1e300d83
2021-08-04 13:19:03 [info]: ::1 (GET) /images
2021-08-04 13:19:03 [info]: ::1 (GET) /images/21da9a6de7e50907b6a2abcf1e300d83
2021-08-04 13:19:03 [info]: ::1 (GET) /images/230bd9514898e45a270b693604a87e54
2021-08-04 13:19:03 [info]: ::1 (GET) /images/533ace15a7999978086f25940f35ec0d
2021-08-04 13:19:03 [info]: ::1 (GET) /images/5f7f7bc6de9842fa7e3ab0cc8c83ac91
2021-08-04 13:19:04 [info]: ::1 (GET) /images
2021-08-04 13:19:04 [info]: ::1 (GET) /users/self
2021-08-04 13:19:04 [info]: ::1 (GET) /images/21da9a6de7e50907b6a2abcf1e300d83
2021-08-04 13:19:04 [info]: ::1 (GET) /images/230bd9514898e45a270b693604a87e54
2021-08-04 13:19:04 [info]: ::1 (GET) /images/533ace15a7999978086f25940f35ec0d
2021-08-04 13:19:04 [info]: ::1 (GET) /images/5f7f7bc6de9842fa7e3ab0cc8c83ac91
2021-08-04 13:19:05 [info]: ::1 (GET) /images/21da9a6de7e50907b6a2abcf1e300d83/info
2021-08-04 13:19:05 [info]: ::1 (GET) /images/21da9a6de7e50907b6a2abcf1e300d83
2021-08-04 13:19:09 [info]: ::1 (PUT) /images/21da9a6de7e50907b6a2abcf1e300d83
2021-08-04 13:19:09 [info]: ::1 (GET) /images
2021-08-04 13:19:09 [info]: ::1 (GET) /images/21da9a6de7e50907b6a2abcf1e300d83/info
2021-08-04 13:19:09 [info]: ::1 (GET) /images/21da9a6de7e50907b6a2abcf1e300d83
2021-08-04 13:19:09 [info]: ::1 (GET) /images/230bd9514898e45a270b693604a87e54
2021-08-04 13:19:09 [info]: ::1 (GET) /images/533ace15a7999978086f25940f35ec0d
2021-08-04 13:19:09 [info]: ::1 (GET) /images/5f7f7bc6de9842fa7e3ab0cc8c83ac91
2021-08-04 13:19:09 [info]: ::1 (GET) /images/21da9a6de7e50907b6a2abcf1e300d83
2021-08-04 13:19:44 [info]: ::1 (GET) /images
2021-08-04 13:19:44 [info]: ::1 (GET) /images/21da9a6de7e50907b6a2abcf1e300d83
2021-08-04 13:19:44 [info]: ::1 (GET) /images/533ace15a7999978086f25940f35ec0d
2021-08-04 13:19:44 [info]: ::1 (GET) /images/230bd9514898e45a270b693604a87e54
2021-08-04 13:19:44 [info]: ::1 (GET) /images/5f7f7bc6de9842fa7e3ab0cc8c83ac91
2021-08-04 13:19:45 [info]: ::1 (GET) /images/21da9a6de7e50907b6a2abcf1e300d83/info
2021-08-04 13:19:45 [info]: ::1 (GET) /images/21da9a6de7e50907b6a2abcf1e300d83
2021-08-04 13:19:47 [info]: ::1 (PUT) /images/21da9a6de7e50907b6a2abcf1e300d83
2021-08-04 13:19:47 [info]: ::1 (GET) /images
2021-08-04 13:19:47 [info]: ::1 (GET) /images/21da9a6de7e50907b6a2abcf1e300d83/info
2021-08-04 13:19:48 [info]: ::1 (GET) /images/21da9a6de7e50907b6a2abcf1e300d83
2021-08-04 13:19:48 [info]: ::1 (GET) /images/230bd9514898e45a270b693604a87e54
2021-08-04 13:19:48 [info]: ::1 (GET) /images/533ace15a7999978086f25940f35ec0d
2021-08-04 13:19:48 [info]: ::1 (GET) /images/5f7f7bc6de9842fa7e3ab0cc8c83ac91
2021-08-04 13:19:48 [info]: ::1 (GET) /images/21da9a6de7e50907b6a2abcf1e300d83
2021-08-04 13:19:52 [info]: ::1 (PUT) /images/21da9a6de7e50907b6a2abcf1e300d83
2021-08-04 13:19:52 [info]: ::1 (GET) /images
2021-08-04 13:19:52 [info]: ::1 (GET) /images/21da9a6de7e50907b6a2abcf1e300d83/info
2021-08-04 13:19:52 [info]: ::1 (GET) /images/21da9a6de7e50907b6a2abcf1e300d83
2021-08-04 13:19:52 [info]: ::1 (GET) /images/230bd9514898e45a270b693604a87e54
2021-08-04 13:19:52 [info]: ::1 (GET) /images/533ace15a7999978086f25940f35ec0d
2021-08-04 13:19:52 [info]: ::1 (GET) /images/5f7f7bc6de9842fa7e3ab0cc8c83ac91
2021-08-04 13:19:52 [info]: ::1 (GET) /images/21da9a6de7e50907b6a2abcf1e300d83
2021-08-04 13:21:30 [info]: ::1 (GET) /images/21da9a6de7e50907b6a2abcf1e300d83/info
2021-08-04 13:21:31 [info]: ::1 (GET) /images/21da9a6de7e50907b6a2abcf1e300d83
2021-08-04 13:21:32 [info]: ::1 (GET) /images
2021-08-04 13:21:32 [info]: ::1 (GET) /users/self
2021-08-04 13:21:32 [info]: ::1 (GET) /images/21da9a6de7e50907b6a2abcf1e300d83
2021-08-04 13:21:32 [info]: ::1 (GET) /images/230bd9514898e45a270b693604a87e54
2021-08-04 13:21:32 [info]: ::1 (GET) /images/533ace15a7999978086f25940f35ec0d
2021-08-04 13:21:32 [info]: ::1 (GET) /images/5f7f7bc6de9842fa7e3ab0cc8c83ac91
2021-08-04 13:21:33 [info]: ::1 (GET) /images/21da9a6de7e50907b6a2abcf1e300d83/info
2021-08-04 13:21:33 [info]: ::1 (GET) /images/21da9a6de7e50907b6a2abcf1e300d83
2021-08-04 13:21:35 [info]: ::1 (PUT) /images/21da9a6de7e50907b6a2abcf1e300d83
2021-08-04 13:21:35 [info]: ::1 (GET) /images
2021-08-04 13:21:35 [info]: ::1 (GET) /images/21da9a6de7e50907b6a2abcf1e300d83
2021-08-04 13:21:35 [info]: ::1 (GET) /images/230bd9514898e45a270b693604a87e54
2021-08-04 13:21:35 [info]: ::1 (GET) /images/533ace15a7999978086f25940f35ec0d
2021-08-04 13:21:35 [info]: ::1 (GET) /images/5f7f7bc6de9842fa7e3ab0cc8c83ac91
2021-08-04 13:21:54 [info]: ::1 (GET) /images/21da9a6de7e50907b6a2abcf1e300d83/info
2021-08-04 13:21:54 [info]: ::1 (GET) /images/21da9a6de7e50907b6a2abcf1e300d83
2021-08-04 13:21:55 [info]: ::1 (GET) /images
2021-08-04 13:21:55 [info]: ::1 (GET) /users/self
2021-08-04 13:21:55 [info]: ::1 (GET) /images/21da9a6de7e50907b6a2abcf1e300d83
2021-08-04 13:21:55 [info]: ::1 (GET) /images/230bd9514898e45a270b693604a87e54
2021-08-04 13:21:55 [info]: ::1 (GET) /images/533ace15a7999978086f25940f35ec0d
2021-08-04 13:21:55 [info]: ::1 (GET) /images/5f7f7bc6de9842fa7e3ab0cc8c83ac91
2021-08-04 13:21:56 [info]: ::1 (GET) /images/21da9a6de7e50907b6a2abcf1e300d83/info
2021-08-04 13:21:56 [info]: ::1 (GET) /images/21da9a6de7e50907b6a2abcf1e300d83
2021-08-04 13:21:58 [info]: ::1 (PUT) /images/21da9a6de7e50907b6a2abcf1e300d83
2021-08-04 13:21:58 [info]: ::1 (GET) /images
2021-08-04 13:21:58 [info]: ::1 (GET) /images/21da9a6de7e50907b6a2abcf1e300d83
2021-08-04 13:21:58 [info]: ::1 (GET) /images/230bd9514898e45a270b693604a87e54
2021-08-04 13:21:58 [info]: ::1 (GET) /images/533ace15a7999978086f25940f35ec0d
2021-08-04 13:21:58 [info]: ::1 (GET) /images/5f7f7bc6de9842fa7e3ab0cc8c83ac91
2021-08-04 13:22:14 [info]: ::1 (GET) /images/21da9a6de7e50907b6a2abcf1e300d83/info
2021-08-04 13:22:14 [info]: ::1 (GET) /images/21da9a6de7e50907b6a2abcf1e300d83
2021-08-04 13:22:15 [info]: ::1 (GET) /images
2021-08-04 13:22:15 [info]: ::1 (GET) /users/self
2021-08-04 13:22:15 [info]: ::1 (GET) /images/21da9a6de7e50907b6a2abcf1e300d83
2021-08-04 13:22:15 [info]: ::1 (GET) /images/230bd9514898e45a270b693604a87e54
2021-08-04 13:22:15 [info]: ::1 (GET) /images/533ace15a7999978086f25940f35ec0d
2021-08-04 13:22:15 [info]: ::1 (GET) /images/5f7f7bc6de9842fa7e3ab0cc8c83ac91
2021-08-04 13:22:16 [info]: ::1 (GET) /images/21da9a6de7e50907b6a2abcf1e300d83/info
2021-08-04 13:22:16 [info]: ::1 (GET) /images/21da9a6de7e50907b6a2abcf1e300d83
2021-08-04 13:22:19 [info]: ::1 (PUT) /images/21da9a6de7e50907b6a2abcf1e300d83
2021-08-04 13:22:26 [info]: ::1 (PUT) /images/undefined
2021-08-04 13:23:11 [info]: ::1 (GET) /images/21da9a6de7e50907b6a2abcf1e300d83/info
2021-08-04 13:23:11 [info]: ::1 (GET) /images/21da9a6de7e50907b6a2abcf1e300d83
2021-08-04 13:23:13 [info]: ::1 (GET) /images
2021-08-04 13:23:13 [info]: ::1 (GET) /users/self
2021-08-04 13:23:13 [info]: ::1 (GET) /images/21da9a6de7e50907b6a2abcf1e300d83/info
2021-08-04 13:23:13 [info]: ::1 (GET) /images/21da9a6de7e50907b6a2abcf1e300d83
2021-08-04 13:23:13 [info]: ::1 (GET) /images/230bd9514898e45a270b693604a87e54
2021-08-04 13:23:13 [info]: ::1 (GET) /images/533ace15a7999978086f25940f35ec0d
2021-08-04 13:23:13 [info]: ::1 (GET) /images/5f7f7bc6de9842fa7e3ab0cc8c83ac91
2021-08-04 13:23:13 [info]: ::1 (GET) /images/21da9a6de7e50907b6a2abcf1e300d83
2021-08-04 13:23:17 [info]: ::1 (PUT) /images/21da9a6de7e50907b6a2abcf1e300d83
2021-08-04 13:23:23 [info]: ::1 (PUT) /images/21da9a6de7e50907b6a2abcf1e300d83
2021-08-04 13:23:27 [info]: ::1 (PUT) /images/21da9a6de7e50907b6a2abcf1e300d83
2021-08-04 13:23:43 [info]: ::1 (GET) /images
2021-08-04 13:23:43 [info]: ::1 (GET) /users/self
2021-08-04 13:23:43 [info]: ::1 (GET) /images/21da9a6de7e50907b6a2abcf1e300d83
2021-08-04 13:23:43 [info]: ::1 (GET) /images/230bd9514898e45a270b693604a87e54
2021-08-04 13:23:43 [info]: ::1 (GET) /images/533ace15a7999978086f25940f35ec0d
2021-08-04 13:23:43 [info]: ::1 (GET) /images/5f7f7bc6de9842fa7e3ab0cc8c83ac91
2021-08-04 13:23:45 [info]: ::1 (GET) /images/21da9a6de7e50907b6a2abcf1e300d83/info
2021-08-04 13:23:45 [info]: ::1 (GET) /images/21da9a6de7e50907b6a2abcf1e300d83
2021-08-04 13:23:51 [info]: ::1 (PUT) /images/21da9a6de7e50907b6a2abcf1e300d83
2021-08-04 13:25:34 [info]: ::1 (PUT) /images/21da9a6de7e50907b6a2abcf1e300d83
2021-08-04 13:25:53 [info]: ::1 (PUT) /images/21da9a6de7e50907b6a2abcf1e300d83
2021-08-04 13:26:17 [info]: ::1 (GET) /images
2021-08-04 13:26:17 [info]: ::1 (GET) /users/self
2021-08-04 13:26:17 [info]: ::1 (GET) /images/21da9a6de7e50907b6a2abcf1e300d83
2021-08-04 13:26:17 [info]: ::1 (GET) /images/230bd9514898e45a270b693604a87e54
2021-08-04 13:26:17 [info]: ::1 (GET) /images/533ace15a7999978086f25940f35ec0d
2021-08-04 13:26:17 [info]: ::1 (GET) /images/5f7f7bc6de9842fa7e3ab0cc8c83ac91
2021-08-04 13:26:18 [info]: ::1 (GET) /images/21da9a6de7e50907b6a2abcf1e300d83/info
2021-08-04 13:26:18 [info]: ::1 (GET) /images/21da9a6de7e50907b6a2abcf1e300d83
2021-08-04 13:26:21 [info]: ::1 (PUT) /images/21da9a6de7e50907b6a2abcf1e300d83
2021-08-04 13:28:54 [info]: ::1 (PUT) /images/21da9a6de7e50907b6a2abcf1e300d83
2021-08-04 13:33:54 [info]: ::1 (PUT) /images/21da9a6de7e50907b6a2abcf1e300d83
2021-08-04 13:34:54 [info]: ::1 (GET) /images
2021-08-04 13:34:54 [info]: ::1 (GET) /images/21da9a6de7e50907b6a2abcf1e300d83
2021-08-04 13:34:54 [info]: ::1 (GET) /images/230bd9514898e45a270b693604a87e54
2021-08-04 13:34:54 [info]: ::1 (GET) /images/533ace15a7999978086f25940f35ec0d
2021-08-04 13:34:54 [info]: ::1 (GET) /images/5f7f7bc6de9842fa7e3ab0cc8c83ac91
2021-08-04 13:34:55 [info]: ::1 (GET) /images
2021-08-04 13:34:55 [info]: ::1 (GET) /users/self
2021-08-04 13:34:55 [info]: ::1 (GET) /images/21da9a6de7e50907b6a2abcf1e300d83
2021-08-04 13:34:55 [info]: ::1 (GET) /images/230bd9514898e45a270b693604a87e54
2021-08-04 13:34:55 [info]: ::1 (GET) /images/533ace15a7999978086f25940f35ec0d
2021-08-04 13:34:55 [info]: ::1 (GET) /images/5f7f7bc6de9842fa7e3ab0cc8c83ac91
2021-08-04 13:34:56 [info]: ::1 (GET) /images/21da9a6de7e50907b6a2abcf1e300d83/info
2021-08-04 13:34:56 [info]: ::1 (GET) /images/21da9a6de7e50907b6a2abcf1e300d83
2021-08-04 13:34:59 [info]: ::1 (PUT) /images/21da9a6de7e50907b6a2abcf1e300d83
2021-08-04 13:36:02 [info]: ::1 (GET) /images/21da9a6de7e50907b6a2abcf1e300d83/info
2021-08-04 13:36:03 [info]: ::1 (GET) /images/21da9a6de7e50907b6a2abcf1e300d83
2021-08-04 13:36:04 [info]: ::1 (GET) /images
2021-08-04 13:36:04 [info]: ::1 (GET) /users/self
2021-08-04 13:36:04 [info]: ::1 (GET) /images/21da9a6de7e50907b6a2abcf1e300d83/info
2021-08-04 13:36:04 [info]: ::1 (GET) /images/21da9a6de7e50907b6a2abcf1e300d83
2021-08-04 13:36:04 [info]: ::1 (GET) /images/230bd9514898e45a270b693604a87e54
2021-08-04 13:36:04 [info]: ::1 (GET) /images/533ace15a7999978086f25940f35ec0d
2021-08-04 13:36:04 [info]: ::1 (GET) /images/5f7f7bc6de9842fa7e3ab0cc8c83ac91
2021-08-04 13:36:04 [info]: ::1 (GET) /images/21da9a6de7e50907b6a2abcf1e300d83
2021-08-04 13:36:32 [info]: ::1 (PUT) /images/21da9a6de7e50907b6a2abcf1e300d83
2021-08-04 13:36:55 [info]: ::1 (GET) /images/230bd9514898e45a270b693604a87e54/info
2021-08-04 13:36:57 [info]: ::1 (GET) /images/230bd9514898e45a270b693604a87e54
2021-08-04 13:37:05 [info]: ::1 (GET) /images/5f7f7bc6de9842fa7e3ab0cc8c83ac91/info
2021-08-04 13:37:07 [info]: ::1 (GET) /images/5f7f7bc6de9842fa7e3ab0cc8c83ac91
2021-08-04 13:37:49 [info]: ::1 (GET) /images/21da9a6de7e50907b6a2abcf1e300d83/info
2021-08-04 13:37:51 [info]: ::1 (GET) /images/21da9a6de7e50907b6a2abcf1e300d83
2021-08-04 13:39:01 [info]: ::1 (GET) /images/21da9a6de7e50907b6a2abcf1e300d83/info
2021-08-04 13:39:07 [info]: ::1 (GET) /images
2021-08-04 13:39:07 [info]: ::1 (GET) /users/self
2021-08-04 13:39:07 [info]: ::1 (GET) /images/21da9a6de7e50907b6a2abcf1e300d83/info
2021-08-04 13:39:09 [info]: ::1 (GET) /images/21da9a6de7e50907b6a2abcf1e300d83
2021-08-04 13:39:09 [info]: ::1 (GET) /images/230bd9514898e45a270b693604a87e54
2021-08-04 13:39:09 [info]: ::1 (GET) /images/533ace15a7999978086f25940f35ec0d
2021-08-04 13:39:09 [info]: ::1 (GET) /images/5f7f7bc6de9842fa7e3ab0cc8c83ac91
2021-08-04 13:39:11 [info]: ::1 (GET) /images/21da9a6de7e50907b6a2abcf1e300d83
2021-08-04 13:39:17 [info]: ::1 (GET) /images/230bd9514898e45a270b693604a87e54/info
2021-08-04 13:39:19 [info]: ::1 (GET) /images/230bd9514898e45a270b693604a87e54
2021-08-04 13:39:29 [info]: ::1 (GET) /images/5f7f7bc6de9842fa7e3ab0cc8c83ac91/info
2021-08-04 13:39:31 [info]: ::1 (GET) /images/5f7f7bc6de9842fa7e3ab0cc8c83ac91
2021-08-04 13:39:44 [info]: ::1 (GET) /images/533ace15a7999978086f25940f35ec0d/info
2021-08-04 13:39:46 [info]: ::1 (GET) /images/533ace15a7999978086f25940f35ec0d
2021-08-04 13:40:00 [info]: ::1 (GET) /images/21da9a6de7e50907b6a2abcf1e300d83/info
2021-08-04 13:40:02 [info]: ::1 (GET) /images/21da9a6de7e50907b6a2abcf1e300d83
2021-08-04 13:40:08 [info]: ::1 (PUT) /images/21da9a6de7e50907b6a2abcf1e300d83
2021-08-04 13:40:42 [info]: ::1 (GET) /images
2021-08-04 13:40:42 [info]: ::1 (GET) /users/self
2021-08-04 13:40:44 [info]: ::1 (GET) /images/21da9a6de7e50907b6a2abcf1e300d83
2021-08-04 13:40:44 [info]: ::1 (GET) /images/230bd9514898e45a270b693604a87e54
2021-08-04 13:40:44 [info]: ::1 (GET) /images/533ace15a7999978086f25940f35ec0d
2021-08-04 13:40:44 [info]: ::1 (GET) /images/5f7f7bc6de9842fa7e3ab0cc8c83ac91
2021-08-04 13:41:26 [info]: ::1 (GET) /images
2021-08-04 13:41:26 [info]: ::1 (GET) /users/self
2021-08-04 13:41:28 [info]: ::1 (GET) /images/21da9a6de7e50907b6a2abcf1e300d83
2021-08-04 13:41:28 [info]: ::1 (GET) /images/230bd9514898e45a270b693604a87e54
2021-08-04 13:41:28 [info]: ::1 (GET) /images/533ace15a7999978086f25940f35ec0d
2021-08-04 13:41:28 [info]: ::1 (GET) /images/5f7f7bc6de9842fa7e3ab0cc8c83ac91
2021-08-04 13:41:32 [info]: ::1 (GET) /images/5f7f7bc6de9842fa7e3ab0cc8c83ac91/info
2021-08-04 13:41:34 [info]: ::1 (GET) /images/5f7f7bc6de9842fa7e3ab0cc8c83ac91
2021-08-04 13:42:35 [info]: ::1 (GET) /users
2021-08-04 13:42:35 [info]: ::1 (GET) /users/self
2021-08-04 13:42:46 [info]: ::1 (GET) /images
2021-08-04 13:42:46 [info]: ::1 (GET) /users/self
2021-08-04 13:42:48 [info]: ::1 (GET) /images/21da9a6de7e50907b6a2abcf1e300d83
2021-08-04 13:42:48 [info]: ::1 (GET) /images/230bd9514898e45a270b693604a87e54
2021-08-04 13:42:48 [info]: ::1 (GET) /images/533ace15a7999978086f25940f35ec0d
2021-08-04 13:42:48 [info]: ::1 (GET) /images/5f7f7bc6de9842fa7e3ab0cc8c83ac91
2021-08-04 13:43:04 [info]: ::1 (GET) /titles
2021-08-04 13:43:04 [info]: ::1 (GET) /users/self
2021-08-04 13:43:09 [info]: ::1 (GET) /titles/273b352a34374b898a850afd13c09b8f
2021-08-04 13:43:24 [info]: ::1 (GET) /users
2021-08-04 13:43:24 [info]: ::1 (GET) /users/self
2021-08-04 13:43:28 [info]: ::1 (GET) /users
2021-08-04 13:43:28 [info]: ::1 (GET) /users/self
2021-08-04 13:43:31 [info]: ::1 (GET) /users/451827b3cd687515
2021-08-04 13:43:52 [info]: ::1 (GET) /images
2021-08-04 13:43:52 [info]: ::1 (GET) /users/self
2021-08-04 13:43:53 [info]: ::1 (GET) /images/21da9a6de7e50907b6a2abcf1e300d83
2021-08-04 13:43:53 [info]: ::1 (GET) /images/230bd9514898e45a270b693604a87e54
2021-08-04 13:43:53 [info]: ::1 (GET) /images/533ace15a7999978086f25940f35ec0d
2021-08-04 13:43:53 [info]: ::1 (GET) /images/5f7f7bc6de9842fa7e3ab0cc8c83ac91
2021-08-04 13:43:54 [info]: ::1 (GET) /images/5f7f7bc6de9842fa7e3ab0cc8c83ac91/info
2021-08-04 13:43:55 [info]: ::1 (GET) /images/5f7f7bc6de9842fa7e3ab0cc8c83ac91
2021-08-04 13:45:57 [info]: ::1 (GET) /images/533ace15a7999978086f25940f35ec0d/info
2021-08-04 13:45:57 [info]: ::1 (GET) /images/533ace15a7999978086f25940f35ec0d
2021-08-04 13:49:36 [info]: ::1 (GET) /images/21da9a6de7e50907b6a2abcf1e300d83/info
2021-08-04 13:49:36 [info]: ::1 (GET) /images/21da9a6de7e50907b6a2abcf1e300d83
2021-08-04 13:50:03 [info]: ::1 (PUT) /images/21da9a6de7e50907b6a2abcf1e300d83
2021-08-04 13:51:20 [info]: ::1 (GET) /images/230bd9514898e45a270b693604a87e54/info
2021-08-04 13:51:20 [info]: ::1 (GET) /images/230bd9514898e45a270b693604a87e54
2021-08-04 13:51:27 [info]: ::1 (PUT) /images/230bd9514898e45a270b693604a87e54
2021-08-04 14:00:35 [info]: ::1 (GET) /images
2021-08-04 14:00:35 [info]: ::1 (GET) /users/self
2021-08-04 14:00:44 [info]: ::1 (GET) /images
2021-08-04 14:00:44 [info]: ::1 (GET) /users/self
2021-08-04 14:01:00 [info]: ::1 (GET) /images
2021-08-04 14:01:00 [info]: ::1 (GET) /users/self
2021-08-04 14:01:00 [info]: ::1 (GET) /images/21da9a6de7e50907b6a2abcf1e300d83
2021-08-04 14:01:01 [info]: ::1 (GET) /images/230bd9514898e45a270b693604a87e54
2021-08-04 14:01:01 [info]: ::1 (GET) /images/533ace15a7999978086f25940f35ec0d
2021-08-04 14:01:01 [info]: ::1 (GET) /images/5f7f7bc6de9842fa7e3ab0cc8c83ac91
2021-08-04 14:01:02 [info]: ::1 (GET) /images/21da9a6de7e50907b6a2abcf1e300d83/info
2021-08-04 14:01:02 [info]: ::1 (GET) /images/21da9a6de7e50907b6a2abcf1e300d83
2021-08-04 14:06:23 [info]: ::1 (GET) /images
2021-08-04 14:06:23 [info]: ::1 (GET) /users/self
2021-08-04 14:06:23 [info]: ::1 (GET) /images/21da9a6de7e50907b6a2abcf1e300d83/info
2021-08-04 14:06:24 [info]: ::1 (GET) /images/21da9a6de7e50907b6a2abcf1e300d83
2021-08-04 14:06:24 [info]: ::1 (GET) /images/230bd9514898e45a270b693604a87e54
2021-08-04 14:06:24 [info]: ::1 (GET) /images/533ace15a7999978086f25940f35ec0d
2021-08-04 14:06:24 [info]: ::1 (GET) /images/5f7f7bc6de9842fa7e3ab0cc8c83ac91
2021-08-04 14:06:24 [info]: ::1 (GET) /images/21da9a6de7e50907b6a2abcf1e300d83
2021-08-04 14:06:26 [info]: ::1 (GET) /images
2021-08-04 14:06:26 [info]: ::1 (GET) /users/self
2021-08-04 14:06:27 [info]: ::1 (GET) /images/21da9a6de7e50907b6a2abcf1e300d83/info
2021-08-04 14:06:27 [info]: ::1 (GET) /images/21da9a6de7e50907b6a2abcf1e300d83
2021-08-04 14:06:27 [info]: ::1 (GET) /images/230bd9514898e45a270b693604a87e54
2021-08-04 14:06:27 [info]: ::1 (GET) /images/533ace15a7999978086f25940f35ec0d
2021-08-04 14:06:27 [info]: ::1 (GET) /images/5f7f7bc6de9842fa7e3ab0cc8c83ac91
2021-08-04 14:06:27 [info]: ::1 (GET) /images/21da9a6de7e50907b6a2abcf1e300d83
2021-08-04 14:06:53 [info]: ::1 (GET) /images/21da9a6de7e50907b6a2abcf1e300d83/info
2021-08-04 14:06:54 [info]: ::1 (GET) /images/21da9a6de7e50907b6a2abcf1e300d83
2021-08-04 14:06:54 [info]: ::1 (GET) /images/21da9a6de7e50907b6a2abcf1e300d83/info
2021-08-04 14:06:56 [info]: ::1 (GET) /images
2021-08-04 14:06:56 [info]: ::1 (GET) /users/self
2021-08-04 14:06:57 [info]: ::1 (GET) /images/21da9a6de7e50907b6a2abcf1e300d83
2021-08-04 14:06:57 [info]: ::1 (GET) /images/230bd9514898e45a270b693604a87e54
2021-08-04 14:06:57 [info]: ::1 (GET) /images/533ace15a7999978086f25940f35ec0d
2021-08-04 14:06:57 [info]: ::1 (GET) /images/5f7f7bc6de9842fa7e3ab0cc8c83ac91
2021-08-04 14:06:58 [info]: ::1 (GET) /images/21da9a6de7e50907b6a2abcf1e300d83/info
2021-08-04 14:06:59 [info]: ::1 (GET) /images/21da9a6de7e50907b6a2abcf1e300d83
2021-08-04 14:08:05 [info]: ::1 (GET) /images/21da9a6de7e50907b6a2abcf1e300d83/info
2021-08-04 14:08:06 [info]: ::1 (GET) /images/21da9a6de7e50907b6a2abcf1e300d83
2021-08-04 14:08:07 [info]: ::1 (DELETE) /images/21da9a6de7e50907b6a2abcf1e300d83
2021-08-04 14:08:07 [info]: ::1 (GET) /images
2021-08-04 14:08:08 [info]: ::1 (GET) /images/230bd9514898e45a270b693604a87e54
2021-08-04 14:08:08 [info]: ::1 (GET) /images/533ace15a7999978086f25940f35ec0d
2021-08-04 14:08:08 [info]: ::1 (GET) /images/5f7f7bc6de9842fa7e3ab0cc8c83ac91
2021-08-04 14:08:11 [info]: ::1 (GET) /images
2021-08-04 14:08:11 [info]: ::1 (GET) /users/self
2021-08-04 14:08:12 [info]: ::1 (GET) /images/230bd9514898e45a270b693604a87e54
2021-08-04 14:08:12 [info]: ::1 (GET) /images/533ace15a7999978086f25940f35ec0d
2021-08-04 14:08:12 [info]: ::1 (GET) /images/5f7f7bc6de9842fa7e3ab0cc8c83ac91
2021-08-04 14:08:40 [info]: ::1 (GET) /images
2021-08-04 14:08:40 [info]: ::1 (GET) /users/self
2021-08-04 14:08:41 [info]: ::1 (GET) /images/230bd9514898e45a270b693604a87e54
2021-08-04 14:08:41 [info]: ::1 (GET) /images/533ace15a7999978086f25940f35ec0d
2021-08-04 14:08:41 [info]: ::1 (GET) /images/5f7f7bc6de9842fa7e3ab0cc8c83ac91
2021-08-04 14:09:40 [info]: API listening at http://localhost:9000
2021-08-04 14:09:58 [info]: ::1 (POST) /images/
2021-08-04 14:09:58 [info]: ::1 (GET) /images
2021-08-04 14:09:59 [info]: ::1 (GET) /images/230bd9514898e45a270b693604a87e54
2021-08-04 14:09:59 [info]: ::1 (GET) /images/533ace15a7999978086f25940f35ec0d
2021-08-04 14:09:59 [info]: ::1 (GET) /images/5f7f7bc6de9842fa7e3ab0cc8c83ac91
2021-08-04 14:09:59 [info]: ::1 (GET) /images/7b267f8f81dd81517bc2132a32c339d4
2021-08-04 14:10:00 [info]: ::1 (GET) /images/7b267f8f81dd81517bc2132a32c339d4/info
2021-08-04 14:10:01 [info]: ::1 (GET) /images/7b267f8f81dd81517bc2132a32c339d4
2021-08-04 14:10:02 [info]: ::1 (DELETE) /images/7b267f8f81dd81517bc2132a32c339d4
2021-08-04 14:10:02 [info]: ::1 (GET) /images
2021-08-04 14:10:02 [info]: ::1 (GET) /images/230bd9514898e45a270b693604a87e54
2021-08-04 14:10:02 [info]: ::1 (GET) /images/533ace15a7999978086f25940f35ec0d
2021-08-04 14:10:02 [info]: ::1 (GET) /images/5f7f7bc6de9842fa7e3ab0cc8c83ac91
2021-08-04 14:10:47 [info]: ::1 (GET) /images/7b267f8f81dd81517bc2132a32c339d4/info
2021-08-04 14:10:51 [info]: ::1 (GET) /images
2021-08-04 14:10:51 [info]: ::1 (GET) /users/self
2021-08-04 14:10:52 [info]: ::1 (GET) /images/230bd9514898e45a270b693604a87e54
2021-08-04 14:10:52 [info]: ::1 (GET) /images/533ace15a7999978086f25940f35ec0d
2021-08-04 14:10:52 [info]: ::1 (GET) /images/5f7f7bc6de9842fa7e3ab0cc8c83ac91
2021-08-04 14:10:53 [info]: ::1 (GET) /images/230bd9514898e45a270b693604a87e54/info
2021-08-04 14:10:53 [info]: ::1 (GET) /images/230bd9514898e45a270b693604a87e54
2021-08-04 14:11:21 [info]: ::1 (GET) /images
2021-08-04 14:11:21 [info]: ::1 (GET) /users/self
2021-08-04 14:11:22 [info]: ::1 (GET) /images/230bd9514898e45a270b693604a87e54
2021-08-04 14:11:22 [info]: ::1 (GET) /images/533ace15a7999978086f25940f35ec0d
2021-08-04 14:11:22 [info]: ::1 (GET) /images/5f7f7bc6de9842fa7e3ab0cc8c83ac91
2021-08-04 14:11:34 [info]: ::1 (GET) /images/230bd9514898e45a270b693604a87e54/info
2021-08-04 14:11:34 [info]: ::1 (GET) /images/230bd9514898e45a270b693604a87e54
2021-08-04 14:11:42 [info]: ::1 (PUT) /images/230bd9514898e45a270b693604a87e54
2021-08-04 14:12:26 [info]: ::1 (GET) /images
2021-08-04 14:12:26 [info]: ::1 (GET) /images/230bd9514898e45a270b693604a87e54
2021-08-04 14:12:26 [info]: ::1 (GET) /images/533ace15a7999978086f25940f35ec0d
2021-08-04 14:12:26 [info]: ::1 (GET) /images/5f7f7bc6de9842fa7e3ab0cc8c83ac91
2021-08-04 14:13:20 [info]: ::1 (GET) /images
2021-08-04 14:13:21 [info]: ::1 (GET) /images/230bd9514898e45a270b693604a87e54
2021-08-04 14:13:21 [info]: ::1 (GET) /images/533ace15a7999978086f25940f35ec0d
2021-08-04 14:13:21 [info]: ::1 (GET) /images/5f7f7bc6de9842fa7e3ab0cc8c83ac91
2021-08-04 14:13:24 [info]: ::1 (GET) /images?q=frozen
2021-08-04 14:13:24 [info]: ::1 (GET) /images/5f7f7bc6de9842fa7e3ab0cc8c83ac91
2021-08-04 14:13:27 [info]: ::1 (GET) /images/5f7f7bc6de9842fa7e3ab0cc8c83ac91/info
2021-08-04 14:13:27 [info]: ::1 (GET) /images/5f7f7bc6de9842fa7e3ab0cc8c83ac91
2021-08-04 14:13:34 [info]: ::1 (GET) /images
2021-08-04 14:13:34 [info]: ::1 (GET) /images/230bd9514898e45a270b693604a87e54
2021-08-04 14:13:34 [info]: ::1 (GET) /images/533ace15a7999978086f25940f35ec0d
2021-08-04 14:13:34 [info]: ::1 (GET) /images/5f7f7bc6de9842fa7e3ab0cc8c83ac91
2021-08-04 14:13:35 [info]: ::1 (GET) /images/230bd9514898e45a270b693604a87e54/info
2021-08-04 14:13:36 [info]: ::1 (GET) /images/230bd9514898e45a270b693604a87e54
2021-08-04 14:13:42 [info]: ::1 (GET) /images?q=230bd9514898e45a270b693604a87e54
2021-08-04 14:13:42 [info]: ::1 (GET) /images/230bd9514898e45a270b693604a87e54
2021-08-04 14:13:52 [info]: ::1 (GET) /images
2021-08-04 14:13:52 [info]: ::1 (GET) /images/230bd9514898e45a270b693604a87e54
2021-08-04 14:13:52 [info]: ::1 (GET) /images/533ace15a7999978086f25940f35ec0d
2021-08-04 14:13:52 [info]: ::1 (GET) /images/5f7f7bc6de9842fa7e3ab0cc8c83ac91
2021-08-04 14:14:04 [info]: ::1 (DELETE) /images/230bd9514898e45a270b693604a87e54
2021-08-04 14:14:04 [info]: ::1 (GET) /images
2021-08-04 14:14:04 [info]: ::1 (GET) /images/533ace15a7999978086f25940f35ec0d
2021-08-04 14:14:04 [info]: ::1 (GET) /images/5f7f7bc6de9842fa7e3ab0cc8c83ac91
2021-08-04 14:14:14 [info]: ::1 (GET) /images/533ace15a7999978086f25940f35ec0d/info
2021-08-04 14:14:14 [info]: ::1 (GET) /images/533ace15a7999978086f25940f35ec0d
2021-08-04 14:15:59 [info]: ::1 (GET) /images/533ace15a7999978086f25940f35ec0d/info
2021-08-04 14:16:00 [info]: ::1 (GET) /images/533ace15a7999978086f25940f35ec0d
2021-08-04 14:16:03 [info]: ::1 (GET) /images
2021-08-04 14:16:03 [info]: ::1 (GET) /users/self
2021-08-04 14:16:03 [info]: ::1 (GET) /images/533ace15a7999978086f25940f35ec0d/info
2021-08-04 14:16:04 [info]: ::1 (GET) /images/533ace15a7999978086f25940f35ec0d
2021-08-04 14:16:04 [info]: ::1 (GET) /images/5f7f7bc6de9842fa7e3ab0cc8c83ac91
2021-08-04 14:16:04 [info]: ::1 (GET) /images/533ace15a7999978086f25940f35ec0d
2021-08-04 14:16:07 [info]: ::1 (DELETE) /images/533ace15a7999978086f25940f35ec0d
2021-08-04 14:16:07 [info]: ::1 (GET) /images
2021-08-04 14:16:07 [info]: ::1 (GET) /images/5f7f7bc6de9842fa7e3ab0cc8c83ac91
2021-08-04 14:16:09 [info]: ::1 (GET) /images/5f7f7bc6de9842fa7e3ab0cc8c83ac91/info
2021-08-04 14:16:09 [info]: ::1 (GET) /images/5f7f7bc6de9842fa7e3ab0cc8c83ac91
2021-08-04 14:16:12 [info]: ::1 (DELETE) /images/5f7f7bc6de9842fa7e3ab0cc8c83ac91
2021-08-04 14:16:12 [info]: ::1 (GET) /images
2021-08-04 14:16:30 [info]: ::1 (POST) /images/
2021-08-04 14:16:30 [info]: ::1 (GET) /images
2021-08-04 14:16:30 [info]: ::1 (GET) /images/7edda3eb7ab91b2f03d8f2ef336456b9
2021-08-04 14:16:36 [info]: ::1 (POST) /images/
2021-08-04 14:16:36 [info]: ::1 (GET) /images
2021-08-04 14:16:36 [info]: ::1 (GET) /images/04b3db58a9f3d49e12ef2442fb898720
2021-08-04 14:16:36 [info]: ::1 (GET) /images/7edda3eb7ab91b2f03d8f2ef336456b9
2021-08-04 14:16:42 [info]: ::1 (POST) /images/
2021-08-04 14:16:42 [info]: ::1 (GET) /images
2021-08-04 14:16:42 [info]: ::1 (GET) /images/04b3db58a9f3d49e12ef2442fb898720
2021-08-04 14:16:42 [info]: ::1 (GET) /images/7edda3eb7ab91b2f03d8f2ef336456b9
2021-08-04 14:16:42 [info]: ::1 (GET) /images/b3de2f0ca5ec81aa17c7784b44445f4e
2021-08-04 14:16:49 [info]: ::1 (POST) /images/
2021-08-04 14:16:49 [info]: ::1 (GET) /images
2021-08-04 14:16:49 [info]: ::1 (GET) /images/04b3db58a9f3d49e12ef2442fb898720
2021-08-04 14:16:49 [info]: ::1 (GET) /images/147f951d2d7a7905d542eb29e21d9985
2021-08-04 14:16:49 [info]: ::1 (GET) /images/7edda3eb7ab91b2f03d8f2ef336456b9
2021-08-04 14:16:49 [info]: ::1 (GET) /images/b3de2f0ca5ec81aa17c7784b44445f4e
2021-08-04 14:17:00 [info]: ::1 (POST) /images/
2021-08-04 14:17:00 [info]: ::1 (GET) /images
2021-08-04 14:17:00 [info]: ::1 (GET) /images/04b3db58a9f3d49e12ef2442fb898720
2021-08-04 14:17:00 [info]: ::1 (GET) /images/147f951d2d7a7905d542eb29e21d9985
2021-08-04 14:17:00 [info]: ::1 (GET) /images/14fe5f41b1c5c552acdd1a1c12680256
2021-08-04 14:17:00 [info]: ::1 (GET) /images/7edda3eb7ab91b2f03d8f2ef336456b9
2021-08-04 14:17:00 [info]: ::1 (GET) /images/b3de2f0ca5ec81aa17c7784b44445f4e
2021-08-04 14:17:02 [info]: ::1 (GET) /images/04b3db58a9f3d49e12ef2442fb898720/info
2021-08-04 14:17:02 [info]: ::1 (GET) /images/04b3db58a9f3d49e12ef2442fb898720
2021-08-04 14:17:09 [info]: ::1 (PUT) /images/04b3db58a9f3d49e12ef2442fb898720
2021-08-04 14:17:10 [info]: ::1 (GET) /images/147f951d2d7a7905d542eb29e21d9985/info
2021-08-04 14:17:10 [info]: ::1 (GET) /images/147f951d2d7a7905d542eb29e21d9985
2021-08-04 14:17:15 [info]: ::1 (PUT) /images/147f951d2d7a7905d542eb29e21d9985
2021-08-04 14:17:16 [info]: ::1 (GET) /images/14fe5f41b1c5c552acdd1a1c12680256/info
2021-08-04 14:17:16 [info]: ::1 (GET) /images/14fe5f41b1c5c552acdd1a1c12680256
2021-08-04 14:17:22 [info]: ::1 (PUT) /images/14fe5f41b1c5c552acdd1a1c12680256
2021-08-04 14:17:23 [info]: ::1 (GET) /images/7edda3eb7ab91b2f03d8f2ef336456b9/info
2021-08-04 14:17:23 [info]: ::1 (GET) /images/7edda3eb7ab91b2f03d8f2ef336456b9
2021-08-04 14:17:29 [info]: ::1 (PUT) /images/7edda3eb7ab91b2f03d8f2ef336456b9
2021-08-04 14:17:30 [info]: ::1 (GET) /images/b3de2f0ca5ec81aa17c7784b44445f4e/info
2021-08-04 14:17:30 [info]: ::1 (GET) /images/b3de2f0ca5ec81aa17c7784b44445f4e
2021-08-04 14:17:38 [info]: ::1 (PUT) /images/b3de2f0ca5ec81aa17c7784b44445f4e
2021-08-04 14:17:43 [info]: ::1 (GET) /images?q=frozen2
2021-08-04 14:17:43 [info]: ::1 (GET) /images/b3de2f0ca5ec81aa17c7784b44445f4e
2021-08-04 14:18:07 [info]: ::1 (GET) /images
2021-08-04 14:18:07 [info]: ::1 (GET) /images/04b3db58a9f3d49e12ef2442fb898720
2021-08-04 14:18:07 [info]: ::1 (GET) /images/147f951d2d7a7905d542eb29e21d9985
2021-08-04 14:18:07 [info]: ::1 (GET) /images/14fe5f41b1c5c552acdd1a1c12680256
2021-08-04 14:18:07 [info]: ::1 (GET) /images/7edda3eb7ab91b2f03d8f2ef336456b9
2021-08-04 14:18:07 [info]: ::1 (GET) /images/b3de2f0ca5ec81aa17c7784b44445f4e
2021-08-04 14:18:38 [info]: ::1 (GET) /titles
2021-08-04 14:18:38 [info]: ::1 (GET) /users/self
2021-08-04 14:18:45 [info]: ::1 (GET) /titles/273b352a34374b898a850afd13c09b8f
2021-08-04 14:18:50 [info]: ::1 (GET) /users
2021-08-04 14:18:50 [info]: ::1 (GET) /users/self
2021-08-04 14:19:35 [info]: ::1 (GET) /users/451827b3cd687515
2021-08-04 14:20:50 [info]: ::1 (GET) /users/9878805eca43f6dd
2021-08-04 14:21:20 [info]: ::1 (GET) /images
2021-08-04 14:21:20 [info]: ::1 (GET) /users/self
2021-08-04 14:21:21 [info]: ::1 (GET) /images/04b3db58a9f3d49e12ef2442fb898720
2021-08-04 14:21:21 [info]: ::1 (GET) /images/147f951d2d7a7905d542eb29e21d9985
2021-08-04 14:21:21 [info]: ::1 (GET) /images/14fe5f41b1c5c552acdd1a1c12680256
2021-08-04 14:21:21 [info]: ::1 (GET) /images/7edda3eb7ab91b2f03d8f2ef336456b9
2021-08-04 14:21:21 [info]: ::1 (GET) /images/b3de2f0ca5ec81aa17c7784b44445f4e
2021-08-04 14:21:23 [info]: ::1 (GET) /images/7edda3eb7ab91b2f03d8f2ef336456b9/info
2021-08-04 14:21:23 [info]: ::1 (GET) /images/7edda3eb7ab91b2f03d8f2ef336456b9
2021-08-04 14:21:33 [info]: ::1 (GET) /titles
2021-08-04 14:21:33 [info]: ::1 (GET) /users/self
2021-08-04 14:21:35 [info]: ::1 (GET) /titles/273b352a34374b898a850afd13c09b8f
2021-08-04 16:47:04 [info]: ::1 (GET) /images
2021-08-04 16:47:04 [info]: ::1 (GET) /users/self
2021-08-04 16:47:05 [info]: ::1 (GET) /images/04b3db58a9f3d49e12ef2442fb898720
2021-08-04 16:47:05 [info]: ::1 (GET) /images/147f951d2d7a7905d542eb29e21d9985
2021-08-04 16:47:05 [info]: ::1 (GET) /images/14fe5f41b1c5c552acdd1a1c12680256
2021-08-04 16:47:05 [info]: ::1 (GET) /images/7edda3eb7ab91b2f03d8f2ef336456b9
2021-08-04 16:47:05 [info]: ::1 (GET) /images/b3de2f0ca5ec81aa17c7784b44445f4e
2021-08-04 16:47:28 [info]: ::1 (GET) /images/b3de2f0ca5ec81aa17c7784b44445f4e/info
2021-08-04 16:47:28 [info]: ::1 (GET) /images/b3de2f0ca5ec81aa17c7784b44445f4e
2021-08-04 16:47:36 [info]: ::1 (GET) /images?q=frozen
2021-08-04 16:47:36 [info]: ::1 (GET) /images/04b3db58a9f3d49e12ef2442fb898720
2021-08-04 16:47:36 [info]: ::1 (GET) /images/b3de2f0ca5ec81aa17c7784b44445f4e
2021-08-04 16:47:42 [info]: ::1 (GET) /titles
2021-08-04 16:47:42 [info]: ::1 (GET) /users/self
2021-08-04 16:47:46 [info]: ::1 (GET) /titles/273b352a34374b898a850afd13c09b8f
2021-08-04 22:26:46 [info]: ::1 (GET) /titles
2021-08-04 22:26:46 [info]: ::1 (GET) /users/self
2021-08-04 22:26:46 [info]: ::1 (GET) /titles/273b352a34374b898a850afd13c09b8f
2021-08-04 22:33:31 [info]: ::1 (GET) /titles/273b352a34374b898a850afd13c09b8f
2021-08-04 22:33:43 [info]: ::1 (GET) /titles/273b352a34374b898a850afd13c09b8f
2021-08-04 22:37:07 [info]: ::1 (GET) /titles/273b352a34374b898a850afd13c09b8f
2021-08-04 22:37:08 [info]: ::1 (GET) /titles
2021-08-04 22:37:08 [info]: ::1 (GET) /users/self
2021-08-04 22:37:08 [info]: ::1 (GET) /titles/273b352a34374b898a850afd13c09b8f
2021-08-04 22:44:02 [info]: ::1 (GET) /titles
2021-08-04 22:44:02 [info]: ::1 (GET) /users/self
2021-08-04 22:44:02 [info]: ::1 (GET) /titles/273b352a34374b898a850afd13c09b8f
2021-08-04 22:45:41 [info]: ::1 (GET) /titles/273b352a34374b898a850afd13c09b8f
2021-08-04 22:46:38 [info]: ::1 (GET) /titles
2021-08-04 22:46:38 [info]: ::1 (GET) /users/self
2021-08-04 22:46:40 [info]: ::1 (GET) /images
2021-08-04 22:46:40 [info]: ::1 (GET) /users/self
2021-08-04 22:46:40 [info]: ::1 (GET) /images/147f951d2d7a7905d542eb29e21d9985
2021-08-04 22:46:40 [info]: ::1 (GET) /images/14fe5f41b1c5c552acdd1a1c12680256
2021-08-04 22:46:40 [info]: ::1 (GET) /images/7edda3eb7ab91b2f03d8f2ef336456b9
2021-08-04 22:46:40 [info]: ::1 (GET) /images/04b3db58a9f3d49e12ef2442fb898720
2021-08-04 22:46:40 [info]: ::1 (GET) /images/b3de2f0ca5ec81aa17c7784b44445f4e
2021-08-04 22:46:43 [info]: ::1 (GET) /images/147f951d2d7a7905d542eb29e21d9985/info
2021-08-04 22:46:43 [info]: ::1 (GET) /images/147f951d2d7a7905d542eb29e21d9985
2021-08-04 22:46:50 [info]: ::1 (GET) /titles
2021-08-04 22:46:50 [info]: ::1 (GET) /users/self
2021-08-04 22:46:51 [info]: ::1 (GET) /titles/273b352a34374b898a850afd13c09b8f
2021-08-04 22:56:28 [info]: ::1 (GET) /titles
2021-08-04 22:56:28 [info]: ::1 (GET) /titles/273b352a34374b898a850afd13c09b8f
2021-08-04 22:56:32 [info]: ::1 (GET) /titles
2021-08-04 22:56:32 [info]: ::1 (GET) /users/self
2021-08-04 22:56:34 [info]: ::1 (GET) /titles/c806a0fff00005b96942277995f27a77
2021-08-04 22:56:41 [info]: ::1 (GET) /titles/4fc63cc45cb72566136015b9dcf1cf46
2021-08-04 22:56:42 [info]: ::1 (GET) /titles/273b352a34374b898a850afd13c09b8f
2021-08-04 22:56:44 [info]: ::1 (GET) /titles/807adc6de64d53e84837aa7383e90a6c
2021-08-04 22:56:45 [info]: ::1 (GET) /titles/bf037dbe11036e31af77a267082a82f7
2021-08-04 22:56:50 [info]: ::1 (GET) /titles/78139ee3a77a51ed6978220888edd098
2021-08-04 22:57:21 [info]: ::1 (GET) /titles/78139ee3a77a51ed6978220888edd098
2021-08-04 22:57:23 [info]: ::1 (GET) /titles
2021-08-04 22:57:23 [info]: ::1 (GET) /users/self
2021-08-04 22:57:25 [info]: ::1 (GET) /titles/bf037dbe11036e31af77a267082a82f7
2021-08-04 22:57:47 [info]: ::1 (GET) /titles/78139ee3a77a51ed6978220888edd098
2021-08-04 22:57:50 [info]: ::1 (GET) /titles/da9c985110156d0027e6ead301f06690
2021-08-04 22:58:47 [info]: ::1 (POST) /titles
2021-08-04 22:58:51 [info]: ::1 (GET) /titles
2021-08-04 22:58:51 [info]: ::1 (GET) /users/self
2021-08-04 22:58:52 [info]: ::1 (GET) /titles/5faa39df19cc7333c68e58d8be58b393
2021-08-04 22:58:55 [info]: ::1 (DELETE) /titles/undefined
2021-08-04 22:59:15 [info]: ::1 (GET) /titles/5faa39df19cc7333c68e58d8be58b393
2021-08-04 22:59:17 [info]: ::1 (GET) /titles
2021-08-04 22:59:17 [info]: ::1 (GET) /users/self
2021-08-04 22:59:18 [info]: ::1 (GET) /titles/5faa39df19cc7333c68e58d8be58b393
2021-08-04 22:59:21 [info]: ::1 (DELETE) /titles/undefined
2021-08-04 23:01:48 [info]: ::1 (GET) /titles
2021-08-04 23:01:48 [info]: ::1 (GET) /users/self
2021-08-04 23:01:48 [info]: ::1 (GET) /titles/5faa39df19cc7333c68e58d8be58b393
2021-08-04 23:04:28 [info]: ::1 (DELETE) /titles/undefined
2021-08-04 23:04:35 [info]: ::1 (GET) /titles/5faa39df19cc7333c68e58d8be58b393
2021-08-04 23:04:38 [info]: ::1 (GET) /titles
2021-08-04 23:04:38 [info]: ::1 (GET) /users/self
2021-08-04 23:04:39 [info]: ::1 (GET) /titles/5faa39df19cc7333c68e58d8be58b393
2021-08-04 23:04:41 [info]: ::1 (DELETE) /titles/5faa39df19cc7333c68e58d8be58b393
2021-08-04 23:04:42 [info]: ::1 (GET) /titles
