2021-08-08 15:18:21 [info]: ::1 (GET) /auth
2021-08-08 15:18:21 [info]: ::1 (GET) /users/self
2021-08-08 15:18:27 [info]: ::1 (GET) /titles
2021-08-08 15:18:27 [info]: ::1 (GET) /users/self
2021-08-08 15:18:29 [info]: ::1 (GET) /titles/da9c985110156d0027e6ead301f06690
2021-08-08 15:18:29 [info]: ::1 (GET) /images/535de9e3ab5cac4969dc78646a6e351b.jpeg
2021-08-08 21:38:05 [info]: ::1 (GET) /titles/273b352a34374b898a850afd13c09b8f
2021-08-08 21:38:05 [info]: ::1 (GET) /images/f7dcd2e9b5792057e007e52be6f2def7.jpeg
2021-08-08 22:58:09 [info]: ::1 (GET) /images
2021-08-08 22:58:09 [info]: ::1 (GET) /users/self
2021-08-08 22:58:09 [info]: ::1 (GET) /images/04b3db58a9f3d49e12ef2442fb898720
2021-08-08 22:58:09 [info]: ::1 (GET) /images/147f951d2d7a7905d542eb29e21d9985
2021-08-08 22:58:09 [info]: ::1 (GET) /images/14fe5f41b1c5c552acdd1a1c12680256
2021-08-08 22:58:09 [info]: ::1 (GET) /images/5b5c4c793735916c3bff4cca323b01d2
2021-08-08 22:58:09 [info]: ::1 (GET) /images/7edda3eb7ab91b2f03d8f2ef336456b9
2021-08-08 22:58:09 [info]: ::1 (GET) /images/b3de2f0ca5ec81aa17c7784b44445f4e
2021-08-08 22:58:18 [info]: ::1 (GET) /images/04b3db58a9f3d49e12ef2442fb898720/info
2021-08-08 22:58:18 [info]: ::1 (GET) /images/04b3db58a9f3d49e12ef2442fb898720
2021-08-08 22:58:34 [info]: ::1 (GET) /titles
2021-08-08 22:58:34 [info]: ::1 (GET) /users/self
2021-08-08 22:59:05 [info]: ::1 (GET) /titles/da9c985110156d0027e6ead301f06690
2021-08-08 22:59:05 [info]: ::1 (GET) /images/535de9e3ab5cac4969dc78646a6e351b.jpeg
2021-08-08 23:53:59 [info]: ::1 (GET) /titles/da9c985110156d0027e6ead301f06690
2021-08-08 23:53:59 [info]: ::1 (GET) /images/535de9e3ab5cac4969dc78646a6e351b.jpeg
2021-08-08 23:54:02 [info]: ::1 (GET) /titles
2021-08-08 23:54:02 [info]: ::1 (GET) /users/self
2021-08-08 23:54:02 [info]: ::1 (GET) /titles/da9c985110156d0027e6ead301f06690
2021-08-08 23:54:02 [info]: ::1 (GET) /images/535de9e3ab5cac4969dc78646a6e351b.jpeg
2021-08-08 23:54:14 [info]: ::1 (POST) /titles/da9c985110156d0027e6ead301f06690/availability/amazon_prime
2021-08-08 23:54:14 [info]: ::1 (POST) /titles/da9c985110156d0027e6ead301f06690/availability/amazon_prime
2021-08-08 23:54:14 [info]: ::1 (POST) /titles/da9c985110156d0027e6ead301f06690/availability/amazon_prime
2021-08-08 23:54:14 [info]: ::1 (POST) /titles/da9c985110156d0027e6ead301f06690/availability/netflix
2021-08-08 23:54:14 [info]: ::1 (POST) /titles/da9c985110156d0027e6ead301f06690/availability/amazon_prime
2021-08-08 23:54:14 [info]: ::1 (POST) /titles/da9c985110156d0027e6ead301f06690/availability/netflix
2021-08-08 23:54:14 [info]: ::1 (POST) /titles/da9c985110156d0027e6ead301f06690/availability/netflix
2021-08-08 23:54:14 [info]: ::1 (PUT) /titles/da9c985110156d0027e6ead301f06690
2021-08-08 23:54:32 [info]: ::1 (GET) /titles
2021-08-08 23:54:32 [info]: ::1 (GET) /users/self
2021-08-08 23:54:34 [info]: ::1 (GET) /titles/da9c985110156d0027e6ead301f06690
2021-08-08 23:54:34 [info]: ::1 (GET) /images/535de9e3ab5cac4969dc78646a6e351b.jpeg
2021-08-08 23:54:36 [info]: ::1 (POST) /titles/da9c985110156d0027e6ead301f06690/availability/amazon_prime
2021-08-08 23:54:36 [info]: ::1 (POST) /titles/da9c985110156d0027e6ead301f06690/availability/amazon_prime
2021-08-08 23:54:36 [info]: ::1 (POST) /titles/da9c985110156d0027e6ead301f06690/availability/netflix
2021-08-08 23:54:36 [info]: ::1 (POST) /titles/da9c985110156d0027e6ead301f06690/availability/netflix
2021-08-08 23:54:36 [info]: ::1 (PUT) /titles/da9c985110156d0027e6ead301f06690
2021-08-08 23:57:12 [info]: ::1 (GET) /titles/da9c985110156d0027e6ead301f06690
2021-08-08 23:57:12 [info]: ::1 (GET) /images/535de9e3ab5cac4969dc78646a6e351b.jpeg
2021-08-08 23:57:13 [info]: ::1 (GET) /titles
2021-08-08 23:57:13 [info]: ::1 (GET) /users/self
2021-08-08 23:57:14 [info]: ::1 (GET) /titles/da9c985110156d0027e6ead301f06690
2021-08-08 23:57:14 [info]: ::1 (GET) /images/535de9e3ab5cac4969dc78646a6e351b.jpeg
2021-08-08 23:57:17 [info]: ::1 (PUT) /titles/da9c985110156d0027e6ead301f06690
2021-08-08 23:57:22 [info]: ::1 (GET) /titles
2021-08-08 23:57:22 [info]: ::1 (GET) /users/self
2021-08-08 23:57:22 [info]: ::1 (GET) /titles/da9c985110156d0027e6ead301f06690
2021-08-08 23:57:22 [info]: ::1 (GET) /images/535de9e3ab5cac4969dc78646a6e351b.jpeg
2021-08-08 23:57:33 [info]: ::1 (PUT) /titles/da9c985110156d0027e6ead301f06690
2021-08-08 23:58:58 [info]: ::1 (GET) /titles/da9c985110156d0027e6ead301f06690
2021-08-08 23:58:58 [info]: ::1 (GET) /images/535de9e3ab5cac4969dc78646a6e351b.jpeg
2021-08-08 23:59:00 [info]: ::1 (GET) /titles
2021-08-08 23:59:00 [info]: ::1 (GET) /users/self
2021-08-08 23:59:01 [info]: ::1 (GET) /titles/da9c985110156d0027e6ead301f06690
2021-08-08 23:59:01 [info]: ::1 (GET) /images/535de9e3ab5cac4969dc78646a6e351b.jpeg
