2021-07-25 00:01:03 [info]: ::1 (GET) /users
2021-07-25 00:01:03 [info]: ::1 (GET) /users/self
2021-07-25 00:01:03 [info]: ::1 (GET) /users/e99a6d3ae00294b5
2021-07-25 00:01:04 [info]: ::1 (GET) /handle/username12345
2021-07-25 00:01:05 [info]: ::1 (GET) /handle/username123456
2021-07-25 00:01:06 [info]: ::1 (GET) /handle/username12345
2021-07-25 00:01:09 [info]: ::1 (GET) /handle/use
2021-07-25 00:01:11 [info]: ::1 (GET) /handle/use4
2021-07-25 00:01:13 [info]: ::1 (GET) /handle/use
2021-07-25 00:01:22 [info]: ::1 (GET) /handle/
2021-07-25 00:01:54 [info]: ::1 (GET) /handle/us
2021-07-25 00:01:56 [info]: ::1 (GET) /handle/u
2021-07-25 00:02:12 [info]: ::1 (GET) /handle/d
2021-07-25 00:02:12 [info]: ::1 (GET) /handle/da
2021-07-25 00:02:12 [info]: ::1 (GET) /handle/das
2021-07-25 00:02:13 [info]: ::1 (GET) /handle/dasd
2021-07-25 00:02:13 [info]: ::1 (GET) /handle/dasda
2021-07-25 00:02:13 [info]: ::1 (GET) /handle/dasdad
2021-07-25 00:02:13 [info]: ::1 (GET) /handle/dasdadw
2021-07-25 00:02:13 [info]: ::1 (GET) /handle/dasdadwa
2021-07-25 00:02:13 [info]: ::1 (GET) /handle/dasdadwas
2021-07-25 00:02:13 [info]: ::1 (GET) /handle/dasdadwasd
2021-07-25 00:04:25 [info]: ::1 (GET) /users
2021-07-25 00:04:25 [info]: ::1 (GET) /users/self
2021-07-25 00:04:34 [info]: ::1 (GET) /users
2021-07-25 00:04:34 [info]: ::1 (GET) /users/self
2021-07-25 00:04:37 [info]: ::1 (GET) /handle/d
2021-07-25 00:05:07 [info]: ::1 (GET) /handle/t
2021-07-25 00:05:07 [info]: ::1 (GET) /handle/te
2021-07-25 00:05:07 [info]: ::1 (GET) /handle/tes
2021-07-25 00:05:07 [info]: ::1 (GET) /handle/test
2021-07-25 00:05:07 [info]: ::1 (GET) /handle/testa
2021-07-25 00:05:08 [info]: ::1 (GET) /handle/testac
2021-07-25 00:05:08 [info]: ::1 (GET) /handle/testacc
2021-07-25 00:05:08 [info]: ::1 (GET) /handle/testacco
2021-07-25 00:05:09 [info]: ::1 (GET) /handle/testaccou
2021-07-25 00:05:09 [info]: ::1 (GET) /handle/testaccoun
2021-07-25 00:05:09 [info]: ::1 (GET) /handle/testaccount
2021-07-25 00:05:09 [info]: ::1 (GET) /handle/testaccount1
2021-07-25 00:05:09 [info]: ::1 (GET) /handle/testaccount12
2021-07-25 00:05:09 [info]: ::1 (GET) /handle/testaccount123
2021-07-25 00:05:20 [info]: ::1 (POST) /users
2021-07-25 00:05:20 [info]: ::1 (GET) /users
2021-07-25 00:05:23 [info]: ::1 (GET) /users
2021-07-25 00:05:23 [info]: ::1 (GET) /users/self
2021-07-25 00:05:25 [info]: ::1 (GET) /handle/w
2021-07-25 00:05:25 [info]: ::1 (GET) /handle/ww
2021-07-25 00:07:04 [info]: ::1 (GET) /users
2021-07-25 00:07:04 [info]: ::1 (GET) /users/self
2021-07-25 00:08:09 [info]: ::1 (GET) /users
2021-07-25 00:08:09 [info]: ::1 (GET) /users/self
2021-07-25 00:08:10 [info]: ::1 (GET) /users
2021-07-25 00:08:10 [info]: ::1 (GET) /users/self
2021-07-25 00:08:23 [info]: ::1 (GET) /users
2021-07-25 00:08:23 [info]: ::1 (GET) /users/self
2021-07-25 00:08:32 [info]: ::1 (GET) /users
2021-07-25 00:08:32 [info]: ::1 (GET) /users/self
2021-07-25 00:09:35 [info]: ::1 (GET) /users
2021-07-25 00:09:35 [info]: ::1 (GET) /users/self
2021-07-25 00:10:37 [info]: ::1 (GET) /users
2021-07-25 00:10:37 [info]: ::1 (GET) /users/self
2021-07-25 00:10:38 [info]: ::1 (GET) /users
2021-07-25 00:10:38 [info]: ::1 (GET) /users/self
2021-07-25 00:10:40 [info]: ::1 (GET) /handle/2
2021-07-25 00:10:50 [info]: ::1 (GET) /users/f6805e986d978ac0
2021-07-25 00:10:58 [info]: ::1 (GET) /users/452d341c136763dc
2021-07-25 00:11:09 [info]: ::1 (GET) /users/452d341c136763dc
2021-07-25 00:11:12 [info]: ::1 (GET) /users
2021-07-25 00:11:12 [info]: ::1 (GET) /users/self
2021-07-25 00:11:12 [info]: ::1 (GET) /users/452d341c136763dc
2021-07-25 00:11:15 [info]: ::1 (GET) /users/f6805e986d978ac0
2021-07-25 00:11:50 [info]: ::1 (GET) /users/f6805e986d978ac0
2021-07-25 00:11:51 [info]: ::1 (GET) /users
2021-07-25 00:11:51 [info]: ::1 (GET) /users/self
2021-07-25 00:11:51 [info]: ::1 (GET) /users/f6805e986d978ac0
2021-07-25 00:12:36 [info]: ::1 (GET) /users/f6805e986d978ac0
2021-07-25 00:12:38 [info]: ::1 (GET) /users
2021-07-25 00:12:38 [info]: ::1 (GET) /users/self
2021-07-25 00:12:38 [info]: ::1 (GET) /users/f6805e986d978ac0
2021-07-25 00:12:51 [info]: ::1 (GET) /users
2021-07-25 00:12:51 [info]: ::1 (GET) /users/self
2021-07-25 00:12:51 [info]: ::1 (GET) /users/f6805e986d978ac0
2021-07-25 02:08:40 [info]: ::1 (GET) /users
2021-07-25 02:08:40 [info]: ::1 (GET) /users/self
2021-07-25 02:08:40 [info]: ::1 (GET) /users/f6805e986d978ac0
2021-07-25 02:11:55 [info]: ::1 (GET) /users/f6805e986d978ac0
2021-07-25 02:12:05 [info]: ::1 (GET) /users/f6805e986d978ac0
2021-07-25 02:12:15 [info]: ::1 (GET) /users/f6805e986d978ac0
2021-07-25 02:12:20 [info]: ::1 (GET) /users/f6805e986d978ac0
2021-07-25 02:14:01 [info]: ::1 (GET) /users/f6805e986d978ac0
2021-07-25 02:14:03 [info]: ::1 (GET) /users
2021-07-25 02:14:03 [info]: ::1 (GET) /users/self
2021-07-25 02:14:03 [info]: ::1 (GET) /users/f6805e986d978ac0
2021-07-25 02:14:27 [info]: ::1 (GET) /users/f6805e986d978ac0
2021-07-25 02:16:02 [info]: ::1 (GET) /users/f6805e986d978ac0
2021-07-25 02:16:38 [info]: ::1 (GET) /users/f6805e986d978ac0
2021-07-25 02:16:51 [info]: ::1 (GET) /users/f6805e986d978ac0
2021-07-25 02:17:32 [info]: ::1 (GET) /users/f6805e986d978ac0
2021-07-25 02:17:34 [info]: ::1 (GET) /users
2021-07-25 02:17:34 [info]: ::1 (GET) /users/self
2021-07-25 02:17:34 [info]: ::1 (GET) /users/f6805e986d978ac0
2021-07-25 02:17:39 [info]: ::1 (GET) /users/e9a236da82541fbf
2021-07-25 02:17:42 [info]: ::1 (PUT) /users
2021-07-25 02:18:04 [info]: ::1 (GET) /users/e9a236da82541fbf
2021-07-25 02:18:06 [info]: ::1 (GET) /users
2021-07-25 02:18:06 [info]: ::1 (GET) /users/self
2021-07-25 02:18:06 [info]: ::1 (GET) /users/e9a236da82541fbf
2021-07-25 02:18:09 [info]: ::1 (PUT) /users
2021-07-25 02:18:43 [info]: ::1 (GET) /users/e9a236da82541fbf
2021-07-25 02:19:00 [info]: ::1 (GET) /users
2021-07-25 02:19:00 [info]: ::1 (GET) /users/self
2021-07-25 02:19:00 [info]: ::1 (GET) /users/e9a236da82541fbf
2021-07-25 02:19:02 [info]: ::1 (PUT) /users
2021-07-25 02:19:20 [info]: ::1 (GET) /users/e9a236da82541fbf
2021-07-25 02:19:23 [info]: ::1 (PUT) /users
2021-07-25 02:19:40 [info]: ::1 (GET) /users/e9a236da82541fbf
2021-07-25 02:19:42 [info]: ::1 (PUT) /users
2021-07-25 02:19:44 [info]: ::1 (GET) /users
2021-07-25 02:19:44 [info]: ::1 (GET) /users/self
2021-07-25 02:19:46 [info]: ::1 (GET) /users/e9a236da82541fbf
2021-07-25 02:19:47 [info]: ::1 (PUT) /users
2021-07-25 02:19:52 [info]: ::1 (GET) /users/f6805e986d978ac0
2021-07-25 02:19:55 [info]: ::1 (GET) /users/e9a236da82541fbf
2021-07-25 02:20:50 [info]: ::1 (GET) /users/e9a236da82541fbf
2021-07-25 02:20:51 [info]: ::1 (GET) /users
2021-07-25 02:20:51 [info]: ::1 (GET) /users/self
2021-07-25 02:20:51 [info]: ::1 (GET) /users/e9a236da82541fbf
2021-07-25 02:20:54 [info]: ::1 (PUT) /users
2021-07-25 02:21:29 [info]: ::1 (GET) /users/e9a236da82541fbf
2021-07-25 02:21:30 [info]: ::1 (GET) /users
2021-07-25 02:21:30 [info]: ::1 (GET) /users/self
2021-07-25 02:21:30 [info]: ::1 (GET) /users/e9a236da82541fbf
2021-07-25 02:21:32 [info]: ::1 (PUT) /users/e9a236da82541fbf
2021-07-25 02:21:49 [info]: ::1 (GET) /users/f6805e986d978ac0
2021-07-25 02:21:55 [info]: ::1 (PUT) /users/f6805e986d978ac0
2021-07-25 02:22:57 [info]: ::1 (GET) /auth
2021-07-25 02:22:57 [info]: ::1 (GET) /users/self
2021-07-25 02:22:58 [info]: ::1 (GET) /users
2021-07-25 02:22:58 [info]: ::1 (GET) /users/self
2021-07-25 02:22:59 [info]: ::1 (GET) /users/e9a236da82541fbf
2021-07-25 02:23:02 [info]: ::1 (PUT) /users/e9a236da82541fbf
2021-07-25 02:23:36 [info]: ::1 (GET) /users/e9a236da82541fbf
2021-07-25 02:23:37 [info]: ::1 (GET) /users
2021-07-25 02:23:37 [info]: ::1 (GET) /users/self
2021-07-25 02:23:37 [info]: ::1 (GET) /users/e9a236da82541fbf
2021-07-25 02:23:42 [info]: ::1 (PUT) /users/e9a236da82541fbf
2021-07-25 02:23:42 [info]: ::1 (GET) /users
2021-07-25 02:23:46 [info]: ::1 (GET) /users
2021-07-25 02:23:46 [info]: ::1 (GET) /users/self
2021-07-25 02:23:47 [info]: ::1 (GET) /users/e9a236da82541fbf
2021-07-25 02:23:59 [info]: ::1 (PUT) /users/e9a236da82541fbf
2021-07-25 02:23:59 [info]: ::1 (GET) /users
2021-07-25 02:24:01 [info]: ::1 (GET) /users
2021-07-25 02:24:01 [info]: ::1 (GET) /users/self
2021-07-25 02:24:02 [info]: ::1 (GET) /users/e9a236da82541fbf
2021-07-25 02:24:29 [info]: ::1 (GET) /users/d190ef1ef58cb303
2021-07-25 02:24:35 [info]: ::1 (GET) /users/e1704f75a02e617d
2021-07-25 02:24:42 [info]: ::1 (GET) /users/e9a236da82541fbf
2021-07-25 02:25:21 [info]: ::1 (GET) /users/self
2021-07-25 02:26:21 [info]: ::1 (GET) /titles/?q=moana
2021-07-25 02:26:25 [info]: ::1 (GET) /titles/273b352a34374b898a850afd13c09b8f
2021-07-25 02:26:58 [info]: ::1 (GET) /titles/?q=avatar
2021-07-25 02:26:59 [info]: ::1 (GET) /titles/4fc63cc45cb72566136015b9dcf1cf46
2021-07-25 02:27:17 [info]: ::1 (GET) /users
2021-07-25 02:27:17 [info]: ::1 (GET) /users/self
2021-07-25 02:27:24 [info]: ::1 (GET) /users/452d341c136763dc
2021-07-25 02:28:16 [info]: ::1 (GET) /users/bbaec00747b8de13
2021-07-25 02:29:08 [info]: ::1 (GET) /users/e1704f75a02e617d
2021-07-25 02:29:21 [info]: ::1 (PUT) /users/e1704f75a02e617d
2021-07-25 02:29:21 [info]: ::1 (GET) /users
2021-07-25 02:30:09 [info]: ::1 (GET) /users/e1704f75a02e617d
2021-07-25 02:30:29 [info]: ::1 (GET) /users
2021-07-25 02:30:29 [info]: ::1 (GET) /users/self
2021-07-25 02:30:31 [info]: ::1 (GET) /users
2021-07-25 02:30:31 [info]: ::1 (GET) /users/self
2021-07-25 02:30:33 [info]: ::1 (GET) /users/451827b3cd687515
2021-07-25 02:30:40 [info]: ::1 (PUT) /users/451827b3cd687515
2021-07-25 02:30:40 [info]: ::1 (GET) /users
2021-07-25 02:34:44 [info]: ::1 (GET) /users
2021-07-25 02:35:17 [info]: ::1 (GET) /users
2021-07-25 02:35:22 [info]: ::1 (GET) /users?q=test
2021-07-25 02:35:22 [error]: Error: ER_FT_MATCHING_KEY_NOT_FOUND: Can't find FULLTEXT index matching the column list
    at Query.Sequence._packetToError (D:\streamfinder\api\node_modules\mysql\lib\protocol\sequences\Sequence.js:47:14)
    at Query.ErrorPacket (D:\streamfinder\api\node_modules\mysql\lib\protocol\sequences\Query.js:79:18)
    at Protocol._parsePacket (D:\streamfinder\api\node_modules\mysql\lib\protocol\Protocol.js:291:23)
    at Parser._parsePacket (D:\streamfinder\api\node_modules\mysql\lib\protocol\Parser.js:433:10)
    at Parser.write (D:\streamfinder\api\node_modules\mysql\lib\protocol\Parser.js:43:10)
    at Protocol.write (D:\streamfinder\api\node_modules\mysql\lib\protocol\Protocol.js:38:16)
    at Socket.<anonymous> (D:\streamfinder\api\node_modules\mysql\lib\Connection.js:88:28)
    at Socket.<anonymous> (D:\streamfinder\api\node_modules\mysql\lib\Connection.js:526:10)
    at Socket.emit (events.js:200:13)
    at addChunk (_stream_readable.js:294:12)
    --------------------
    at Pool.query (D:\streamfinder\api\node_modules\mysql\lib\Pool.js:199:23)
    at D:\streamfinder\api\util.js:41:18
    at new Promise (<anonymous>)
    at Object.dbPromise (D:\streamfinder\api\util.js:40:16)
    at Object.searchAllUsers (D:\streamfinder\api\controllers\user.js:27:21)
    at Object.getUsers (D:\streamfinder\api\model_functions\user.js:29:37)
    at D:\streamfinder\api\routes\users.js:16:17
    at Layer.handle [as handle_request] (D:\streamfinder\api\node_modules\express\lib\router\layer.js:95:5)
    at next (D:\streamfinder\api\node_modules\express\lib\router\route.js:137:13)
    at Route.dispatch (D:\streamfinder\api\node_modules\express\lib\router\route.js:112:3)
2021-07-25 02:37:42 [info]: ::1 (GET) /users?q=test
2021-07-25 02:37:42 [error]: Error: ER_FT_MATCHING_KEY_NOT_FOUND: Can't find FULLTEXT index matching the column list
    at Query.Sequence._packetToError (D:\streamfinder\api\node_modules\mysql\lib\protocol\sequences\Sequence.js:47:14)
    at Query.ErrorPacket (D:\streamfinder\api\node_modules\mysql\lib\protocol\sequences\Query.js:79:18)
    at Protocol._parsePacket (D:\streamfinder\api\node_modules\mysql\lib\protocol\Protocol.js:291:23)
    at Parser._parsePacket (D:\streamfinder\api\node_modules\mysql\lib\protocol\Parser.js:433:10)
    at Parser.write (D:\streamfinder\api\node_modules\mysql\lib\protocol\Parser.js:43:10)
    at Protocol.write (D:\streamfinder\api\node_modules\mysql\lib\protocol\Protocol.js:38:16)
    at Socket.<anonymous> (D:\streamfinder\api\node_modules\mysql\lib\Connection.js:88:28)
    at Socket.<anonymous> (D:\streamfinder\api\node_modules\mysql\lib\Connection.js:526:10)
    at Socket.emit (events.js:200:13)
    at addChunk (_stream_readable.js:294:12)
    --------------------
    at Pool.query (D:\streamfinder\api\node_modules\mysql\lib\Pool.js:199:23)
    at D:\streamfinder\api\util.js:41:18
    at new Promise (<anonymous>)
    at Object.dbPromise (D:\streamfinder\api\util.js:40:16)
    at Object.searchAllUsers (D:\streamfinder\api\controllers\user.js:27:21)
    at Object.getUsers (D:\streamfinder\api\model_functions\user.js:29:37)
    at D:\streamfinder\api\routes\users.js:16:17
    at Layer.handle [as handle_request] (D:\streamfinder\api\node_modules\express\lib\router\layer.js:95:5)
    at next (D:\streamfinder\api\node_modules\express\lib\router\route.js:137:13)
    at Route.dispatch (D:\streamfinder\api\node_modules\express\lib\router\route.js:112:3)
2021-07-25 02:41:47 [info]: API listening at http://localhost:9000
2021-07-25 02:41:50 [info]: ::1 (GET) /users?q=test
2021-07-25 02:41:50 [error]: Error: ER_FT_MATCHING_KEY_NOT_FOUND: Can't find FULLTEXT index matching the column list
    at Query.Sequence._packetToError (D:\streamfinder\api\node_modules\mysql\lib\protocol\sequences\Sequence.js:47:14)
    at Query.ErrorPacket (D:\streamfinder\api\node_modules\mysql\lib\protocol\sequences\Query.js:79:18)
    at Protocol._parsePacket (D:\streamfinder\api\node_modules\mysql\lib\protocol\Protocol.js:291:23)
    at Parser._parsePacket (D:\streamfinder\api\node_modules\mysql\lib\protocol\Parser.js:433:10)
    at Parser.write (D:\streamfinder\api\node_modules\mysql\lib\protocol\Parser.js:43:10)
    at Protocol.write (D:\streamfinder\api\node_modules\mysql\lib\protocol\Protocol.js:38:16)
    at Socket.<anonymous> (D:\streamfinder\api\node_modules\mysql\lib\Connection.js:88:28)
    at Socket.<anonymous> (D:\streamfinder\api\node_modules\mysql\lib\Connection.js:526:10)
    at Socket.emit (events.js:200:13)
    at addChunk (_stream_readable.js:294:12)
    --------------------
    at Pool.query (D:\streamfinder\api\node_modules\mysql\lib\Pool.js:199:23)
    at D:\streamfinder\api\util.js:41:18
    at new Promise (<anonymous>)
    at Object.dbPromise (D:\streamfinder\api\util.js:40:16)
    at Object.searchAllUsers (D:\streamfinder\api\controllers\user.js:27:21)
    at Object.getUsers (D:\streamfinder\api\model_functions\user.js:29:37)
    at D:\streamfinder\api\routes\users.js:16:17
    at Layer.handle [as handle_request] (D:\streamfinder\api\node_modules\express\lib\router\layer.js:95:5)
    at next (D:\streamfinder\api\node_modules\express\lib\router\route.js:137:13)
    at Route.dispatch (D:\streamfinder\api\node_modules\express\lib\router\route.js:112:3)
2021-07-25 02:44:24 [info]: API listening at http://localhost:9000
2021-07-25 02:44:28 [info]: ::1 (GET) /users?q=test
2021-07-25 02:44:28 [error]: Error: ER_FT_MATCHING_KEY_NOT_FOUND: Can't find FULLTEXT index matching the column list
    at Query.Sequence._packetToError (D:\streamfinder\api\node_modules\mysql\lib\protocol\sequences\Sequence.js:47:14)
    at Query.ErrorPacket (D:\streamfinder\api\node_modules\mysql\lib\protocol\sequences\Query.js:79:18)
    at Protocol._parsePacket (D:\streamfinder\api\node_modules\mysql\lib\protocol\Protocol.js:291:23)
    at Parser._parsePacket (D:\streamfinder\api\node_modules\mysql\lib\protocol\Parser.js:433:10)
    at Parser.write (D:\streamfinder\api\node_modules\mysql\lib\protocol\Parser.js:43:10)
    at Protocol.write (D:\streamfinder\api\node_modules\mysql\lib\protocol\Protocol.js:38:16)
    at Socket.<anonymous> (D:\streamfinder\api\node_modules\mysql\lib\Connection.js:88:28)
    at Socket.<anonymous> (D:\streamfinder\api\node_modules\mysql\lib\Connection.js:526:10)
    at Socket.emit (events.js:200:13)
    at addChunk (_stream_readable.js:294:12)
    --------------------
    at Pool.query (D:\streamfinder\api\node_modules\mysql\lib\Pool.js:199:23)
    at D:\streamfinder\api\util.js:41:18
    at new Promise (<anonymous>)
    at Object.dbPromise (D:\streamfinder\api\util.js:40:16)
    at Object.searchAllUsers (D:\streamfinder\api\controllers\user.js:27:21)
    at Object.getUsers (D:\streamfinder\api\model_functions\user.js:29:37)
    at D:\streamfinder\api\routes\users.js:16:17
    at Layer.handle [as handle_request] (D:\streamfinder\api\node_modules\express\lib\router\layer.js:95:5)
    at next (D:\streamfinder\api\node_modules\express\lib\router\route.js:137:13)
    at Route.dispatch (D:\streamfinder\api\node_modules\express\lib\router\route.js:112:3)
2021-07-25 02:45:38 [info]: ::1 (GET) /users?q=test
2021-07-25 02:45:38 [error]: Error: ER_FT_MATCHING_KEY_NOT_FOUND: Can't find FULLTEXT index matching the column list
    at Query.Sequence._packetToError (D:\streamfinder\api\node_modules\mysql\lib\protocol\sequences\Sequence.js:47:14)
    at Query.ErrorPacket (D:\streamfinder\api\node_modules\mysql\lib\protocol\sequences\Query.js:79:18)
    at Protocol._parsePacket (D:\streamfinder\api\node_modules\mysql\lib\protocol\Protocol.js:291:23)
    at Parser._parsePacket (D:\streamfinder\api\node_modules\mysql\lib\protocol\Parser.js:433:10)
    at Parser.write (D:\streamfinder\api\node_modules\mysql\lib\protocol\Parser.js:43:10)
    at Protocol.write (D:\streamfinder\api\node_modules\mysql\lib\protocol\Protocol.js:38:16)
    at Socket.<anonymous> (D:\streamfinder\api\node_modules\mysql\lib\Connection.js:88:28)
    at Socket.<anonymous> (D:\streamfinder\api\node_modules\mysql\lib\Connection.js:526:10)
    at Socket.emit (events.js:200:13)
    at addChunk (_stream_readable.js:294:12)
    --------------------
    at Pool.query (D:\streamfinder\api\node_modules\mysql\lib\Pool.js:199:23)
    at D:\streamfinder\api\util.js:41:18
    at new Promise (<anonymous>)
    at Object.dbPromise (D:\streamfinder\api\util.js:40:16)
    at Object.searchAllUsers (D:\streamfinder\api\controllers\user.js:27:21)
    at Object.getUsers (D:\streamfinder\api\model_functions\user.js:29:37)
    at D:\streamfinder\api\routes\users.js:16:17
    at Layer.handle [as handle_request] (D:\streamfinder\api\node_modules\express\lib\router\layer.js:95:5)
    at next (D:\streamfinder\api\node_modules\express\lib\router\route.js:137:13)
    at Route.dispatch (D:\streamfinder\api\node_modules\express\lib\router\route.js:112:3)
2021-07-25 02:50:01 [info]: API listening at http://localhost:9000
2021-07-25 02:50:05 [info]: ::1 (GET) /users?q=test
2021-07-25 02:50:05 [error]: Error: ER_BAD_FIELD_ERROR: Unknown column 'user' in 'where clause'
    at Query.Sequence._packetToError (D:\streamfinder\api\node_modules\mysql\lib\protocol\sequences\Sequence.js:47:14)
    at Query.ErrorPacket (D:\streamfinder\api\node_modules\mysql\lib\protocol\sequences\Query.js:79:18)
    at Protocol._parsePacket (D:\streamfinder\api\node_modules\mysql\lib\protocol\Protocol.js:291:23)
    at Parser._parsePacket (D:\streamfinder\api\node_modules\mysql\lib\protocol\Parser.js:433:10)
    at Parser.write (D:\streamfinder\api\node_modules\mysql\lib\protocol\Parser.js:43:10)
    at Protocol.write (D:\streamfinder\api\node_modules\mysql\lib\protocol\Protocol.js:38:16)
    at Socket.<anonymous> (D:\streamfinder\api\node_modules\mysql\lib\Connection.js:88:28)
    at Socket.<anonymous> (D:\streamfinder\api\node_modules\mysql\lib\Connection.js:526:10)
    at Socket.emit (events.js:200:13)
    at addChunk (_stream_readable.js:294:12)
    --------------------
    at Pool.query (D:\streamfinder\api\node_modules\mysql\lib\Pool.js:199:23)
    at D:\streamfinder\api\util.js:41:18
    at new Promise (<anonymous>)
    at Object.dbPromise (D:\streamfinder\api\util.js:40:16)
    at Object.searchAllUsers (D:\streamfinder\api\controllers\user.js:27:21)
    at Object.getUsers (D:\streamfinder\api\model_functions\user.js:29:37)
    at D:\streamfinder\api\routes\users.js:16:17
    at Layer.handle [as handle_request] (D:\streamfinder\api\node_modules\express\lib\router\layer.js:95:5)
    at next (D:\streamfinder\api\node_modules\express\lib\router\route.js:137:13)
    at Route.dispatch (D:\streamfinder\api\node_modules\express\lib\router\route.js:112:3)
2021-07-25 02:54:15 [info]: API listening at http://localhost:9000
2021-07-25 02:54:20 [info]: ::1 (GET) /users?q=test
2021-07-25 02:54:32 [info]: ::1 (GET) /users?q=
2021-07-25 02:54:42 [info]: ::1 (GET) /users
2021-07-25 02:54:42 [info]: ::1 (GET) /users/self
2021-07-25 02:54:47 [info]: ::1 (GET) /users?q=username
2021-07-25 02:54:52 [info]: ::1 (GET) /users
2021-07-25 02:54:52 [info]: ::1 (GET) /users/self
2021-07-25 02:54:58 [info]: ::1 (GET) /users?q=user
2021-07-25 02:55:00 [info]: ::1 (GET) /users?q=user3
2021-07-25 02:55:27 [info]: API listening at http://localhost:9000
2021-07-25 02:55:30 [info]: ::1 (GET) /users
2021-07-25 02:55:30 [info]: ::1 (GET) /users/self
2021-07-25 02:55:33 [info]: ::1 (GET) /users?q=user
2021-07-25 02:55:34 [info]: ::1 (GET) /users?q=user3
2021-07-25 02:55:58 [info]: ::1 (GET) /titles/?q=ava
2021-07-25 02:56:45 [info]: API listening at http://localhost:9000
2021-07-25 02:56:50 [info]: ::1 (GET) /users?q=user
2021-07-25 02:56:54 [info]: ::1 (GET) /users?q=test
2021-07-25 02:56:58 [info]: ::1 (GET) /users?q=user
2021-07-25 14:20:45 [info]: API listening at http://localhost:9000
2021-07-25 14:20:52 [info]: ::1 (GET) /users?q=user
2021-07-25 14:22:58 [info]: ::1 (GET) /users?q=
2021-07-25 14:22:58 [error]: Error: ER_PARSE_ERROR: syntax error, unexpected $end, expecting FTS_TERM or FTS_NUMB or '*'
    at Query.Sequence._packetToError (D:\streamfinder\api\node_modules\mysql\lib\protocol\sequences\Sequence.js:47:14)
    at Query.ErrorPacket (D:\streamfinder\api\node_modules\mysql\lib\protocol\sequences\Query.js:79:18)
    at Protocol._parsePacket (D:\streamfinder\api\node_modules\mysql\lib\protocol\Protocol.js:291:23)
    at Parser._parsePacket (D:\streamfinder\api\node_modules\mysql\lib\protocol\Parser.js:433:10)
    at Parser.write (D:\streamfinder\api\node_modules\mysql\lib\protocol\Parser.js:43:10)
    at Protocol.write (D:\streamfinder\api\node_modules\mysql\lib\protocol\Protocol.js:38:16)
    at Socket.<anonymous> (D:\streamfinder\api\node_modules\mysql\lib\Connection.js:88:28)
    at Socket.<anonymous> (D:\streamfinder\api\node_modules\mysql\lib\Connection.js:526:10)
    at Socket.emit (events.js:200:13)
    at addChunk (_stream_readable.js:294:12)
    --------------------
    at Pool.query (D:\streamfinder\api\node_modules\mysql\lib\Pool.js:199:23)
    at D:\streamfinder\api\util.js:41:18
    at new Promise (<anonymous>)
    at Object.dbPromise (D:\streamfinder\api\util.js:40:16)
    at Object.searchAllUsers (D:\streamfinder\api\controllers\user.js:27:21)
    at Object.getUsers (D:\streamfinder\api\model_functions\user.js:29:37)
    at D:\streamfinder\api\routes\users.js:16:17
    at Layer.handle [as handle_request] (D:\streamfinder\api\node_modules\express\lib\router\layer.js:95:5)
    at next (D:\streamfinder\api\node_modules\express\lib\router\route.js:137:13)
    at Route.dispatch (D:\streamfinder\api\node_modules\express\lib\router\route.js:112:3)
2021-07-25 14:23:40 [info]: API listening at http://localhost:9000
2021-07-25 14:23:44 [info]: ::1 (GET) /users
2021-07-25 14:23:44 [info]: ::1 (GET) /users/self
2021-07-25 14:23:49 [info]: ::1 (GET) /users?q=123
2021-07-25 14:24:02 [info]: API listening at http://localhost:9000
2021-07-25 14:24:04 [info]: ::1 (GET) /users?q=123
2021-07-25 14:24:10 [info]: ::1 (GET) /users?q=user
2021-07-25 14:24:13 [info]: ::1 (GET) /users?q=1
2021-07-25 14:24:16 [info]: ::1 (GET) /users?q=1234
2021-07-25 14:24:17 [info]: ::1 (GET) /users?q=12345
2021-07-25 14:28:13 [info]: ::1 (GET) /users?q=l.arthur
2021-07-25 14:28:16 [info]: ::1 (GET) /users/d190ef1ef58cb303
2021-07-25 16:15:07 [info]: API listening at http://localhost:9000
2021-07-25 16:15:14 [info]: ::1 (GET) /users
2021-07-25 16:15:14 [info]: ::1 (GET) /users/self
2021-07-25 16:15:19 [info]: ::1 (GET) /users?q=abc
2021-07-25 16:15:31 [info]: ::1 (GET) /users/451827b3cd687515
2021-07-25 16:15:49 [info]: ::1 (GET) /users?q=123
2021-07-25 16:16:23 [info]: ::1 (GET) /users?q=abc1
2021-07-25 16:16:28 [info]: ::1 (GET) /users?q=c123
2021-07-25 16:16:31 [info]: ::1 (GET) /users?q=c1
2021-07-25 16:16:33 [info]: ::1 (GET) /users?q=c2
2021-07-25 16:16:38 [info]: ::1 (GET) /users?q=ab
2021-07-25 16:16:42 [info]: ::1 (GET) /users?q=a
2021-07-25 16:16:44 [info]: ::1 (GET) /users?q=te
2021-07-25 16:17:43 [info]: ::1 (GET) /users?q=te%20s
2021-07-25 16:31:09 [info]: ::1 (GET) /users?q=te%20s%20t
2021-07-25 16:31:23 [info]: ::1 (GET) /users?q=451827b3cd687515
2021-07-25 16:31:41 [info]: ::1 (GET) /users
2021-07-25 16:31:41 [info]: ::1 (GET) /users/self
2021-07-25 16:31:44 [info]: ::1 (GET) /users/self
2021-07-25 16:31:45 [info]: ::1 (GET) /users
2021-07-25 16:31:45 [info]: ::1 (GET) /users/self
2021-07-25 16:31:47 [info]: ::1 (GET) /users/self
2021-07-25 16:31:48 [info]: ::1 (GET) /users
2021-07-25 16:31:48 [info]: ::1 (GET) /users/self
2021-07-25 16:31:49 [info]: ::1 (GET) /users/451827b3cd687515
2021-07-25 16:31:55 [info]: ::1 (GET) /users/e1704f75a02e617d
2021-07-25 16:31:57 [info]: ::1 (PUT) /users/e1704f75a02e617d
2021-07-25 16:31:57 [info]: ::1 (GET) /users
2021-07-25 16:32:17 [info]: ::1 (GET) /users
2021-07-25 16:32:17 [info]: ::1 (GET) /users/self
2021-07-25 16:32:18 [info]: ::1 (GET) /users/e1704f75a02e617d
2021-07-25 16:32:21 [info]: ::1 (GET) /users/e9a236da82541fbf
2021-07-25 16:32:23 [info]: ::1 (GET) /users/e99a6d3ae00294b5
2021-07-25 16:32:27 [info]: ::1 (GET) /users/e1704f75a02e617d
2021-07-25 16:32:29 [info]: ::1 (PUT) /users/e1704f75a02e617d
2021-07-25 16:32:29 [info]: ::1 (GET) /users
2021-07-25 16:33:01 [info]: ::1 (GET) /users/e1704f75a02e617d
2021-07-25 16:33:03 [info]: ::1 (GET) /users
2021-07-25 16:33:03 [info]: ::1 (GET) /users/self
2021-07-25 16:33:03 [info]: ::1 (GET) /users/e1704f75a02e617d
2021-07-25 16:33:05 [info]: ::1 (PUT) /users/e1704f75a02e617d
2021-07-25 16:33:05 [info]: ::1 (GET) /users
2021-07-25 16:33:05 [info]: ::1 (GET) /users/e1704f75a02e617d
2021-07-25 16:33:10 [info]: ::1 (PUT) /users/e1704f75a02e617d
2021-07-25 16:33:10 [info]: ::1 (GET) /users/e1704f75a02e617d
2021-07-25 16:33:10 [info]: ::1 (GET) /users
2021-07-25 16:40:26 [info]: ::1 (GET) /users/e1704f75a02e617d
2021-07-25 16:40:28 [info]: ::1 (GET) /users
2021-07-25 16:40:28 [info]: ::1 (GET) /users/self
2021-07-25 16:40:28 [info]: ::1 (GET) /users/e1704f75a02e617d
2021-07-25 16:40:30 [info]: ::1 (PUT) /users/e1704f75a02e617d
2021-07-25 16:40:30 [info]: ::1 (GET) /users
2021-07-25 16:40:44 [info]: ::1 (GET) /users
2021-07-25 16:40:44 [info]: ::1 (GET) /users/self
2021-07-25 16:40:44 [info]: ::1 (GET) /users/e1704f75a02e617d
2021-07-25 16:41:07 [info]: ::1 (GET) /users/e1704f75a02e617d
2021-07-25 16:41:10 [info]: ::1 (PUT) /users/e1704f75a02e617d
2021-07-25 16:41:10 [info]: ::1 (GET) /users
2021-07-25 16:41:10 [info]: ::1 (GET) /users/e1704f75a02e617d
2021-07-25 16:41:19 [info]: ::1 (PUT) /users/e1704f75a02e617d
2021-07-25 16:41:19 [info]: ::1 (GET) /users
2021-07-25 16:41:19 [info]: ::1 (GET) /users/e1704f75a02e617d
2021-07-25 16:43:26 [info]: ::1 (GET) /users/e1704f75a02e617d
2021-07-25 16:43:27 [info]: ::1 (GET) /users
2021-07-25 16:43:27 [info]: ::1 (GET) /users/self
2021-07-25 16:43:27 [info]: ::1 (GET) /users/e1704f75a02e617d
2021-07-25 16:43:29 [info]: ::1 (PUT) /users/e1704f75a02e617d
2021-07-25 16:43:29 [info]: ::1 (GET) /users/e1704f75a02e617d
2021-07-25 16:43:29 [info]: ::1 (GET) /users
2021-07-25 16:43:34 [info]: ::1 (PUT) /users/e1704f75a02e617d
2021-07-25 16:43:34 [info]: ::1 (GET) /users/e1704f75a02e617d
2021-07-25 16:43:34 [info]: ::1 (GET) /users
2021-07-25 16:43:39 [info]: ::1 (GET) /users
2021-07-25 16:43:39 [info]: ::1 (GET) /users/self
2021-07-25 16:43:49 [info]: ::1 (GET) /users/d190ef1ef58cb303
2021-07-25 16:43:56 [info]: ::1 (GET) /users/452d341c136763dc
2021-07-25 20:57:30 [info]: ::1 (GET) /users?q=user
2021-07-25 20:57:31 [info]: ::1 (GET) /users/4a7caa83a6bbfa57
2021-07-25 20:57:34 [info]: ::1 (PUT) /users/4a7caa83a6bbfa57
2021-07-25 20:57:35 [info]: ::1 (GET) /users/4a7caa83a6bbfa57
2021-07-25 20:57:35 [info]: ::1 (GET) /users
