2021-04-20 13:44:36 [info]: API listening at http://localhost:9000
2021-04-20 13:46:53 [info]: ::1 (GET) /title/1238910
2021-04-20 13:47:51 [info]: ::1 (GET) /title/m7e3ff9765e6310664a1e983bc454589cc577bd3230e95f5e511c274b50c49c2e
2021-04-20 13:50:27 [info]: ::1 (GET) /title/m7e3ff9765e6310664a1e983bc454589cc577bd3230e95f5e511c274b50c49c2e
2021-04-20 13:51:26 [info]: ::1 (GET) /auth
2021-04-20 14:49:22 [info]: ::1 (GET) /auth
2021-04-20 14:49:22 [info]: ::1 (GET) /self
2021-04-20 21:03:35 [info]: ::1 (GET) /auth
2021-04-20 21:03:35 [info]: ::1 (GET) /self
2021-04-20 21:39:38 [info]: ::1 (GET) /auth
2021-04-20 21:41:19 [info]: ::1 (GET) /auth
2021-04-20 21:46:08 [info]: ::1 (GET) /auth
2021-04-20 21:47:16 [info]: ::1 (GET) /auth
2021-04-20 21:51:46 [info]: ::1 (GET) /auth
2021-04-20 21:51:46 [info]: ::1 (GET) /self
2021-04-20 21:53:18 [info]: ::1 (GET) /auth
2021-04-20 21:53:18 [info]: ::1 (GET) /self
2021-04-20 21:54:09 [info]: ::1 (GET) /auth
2021-04-20 21:54:09 [info]: ::1 (GET) /self
2021-04-20 21:54:41 [info]: ::1 (GET) /auth
2021-04-20 21:54:41 [info]: ::1 (GET) /self
2021-04-20 21:55:07 [info]: ::1 (GET) /title/1238910
2021-04-20 21:55:47 [info]: ::1 (GET) /title/1238910
2021-04-20 21:57:22 [info]: ::1 (GET) /title/1238910
2021-04-20 21:57:28 [info]: ::1 (GET) /title/1238910
2021-04-20 21:59:19 [info]: ::1 (GET) /title/1238910
2021-04-20 21:59:28 [info]: ::1 (GET) /auth
2021-04-20 21:59:28 [info]: ::1 (GET) /self
2021-04-20 21:59:40 [info]: ::1 (GET) /title/1238910
2021-04-20 21:59:45 [info]: ::1 (GET) /title/1238910
2021-04-20 22:00:06 [info]: ::1 (GET) /title/1238910
2021-04-20 22:00:20 [info]: ::1 (GET) /title/1238910
2021-04-20 22:00:23 [info]: ::1 (GET) /title/1238910
2021-04-20 22:00:40 [info]: ::1 (GET) /title/1238910
2021-04-20 22:07:55 [info]: ::1 (GET) /title/1238910
2021-04-20 22:08:11 [info]: ::1 (GET) /auth
2021-04-20 22:08:11 [info]: ::1 (GET) /self
2021-04-20 22:08:26 [info]: ::1 (GET) /auth
2021-04-20 22:08:26 [info]: ::1 (GET) /self
2021-04-20 22:08:34 [info]: ::1 (GET) /title/1238910
2021-04-20 22:10:13 [info]: ::1 (GET) /auth
2021-04-20 22:10:13 [info]: ::1 (GET) /self
2021-04-20 22:10:19 [info]: ::1 (GET) /title/1238910
