2021-07-13 22:20:09 [info]: API listening at http://localhost:9000
2021-07-13 22:20:23 [info]: ::1 (GET) /auth
2021-07-13 22:22:11 [info]: ::1 (GET) /users/self
2021-07-13 22:22:46 [info]: ::1 (POST) /users
2021-07-13 22:23:42 [info]: ::1 (DELETE) /users/19ab7602a6aae166
2021-07-13 22:24:28 [info]: ::1 (PUT) /users/452d341c136763dc
2021-07-13 22:24:36 [info]: ::1 (GET) /users/452d341c136763dc
2021-07-13 22:24:58 [info]: ::1 (GET) /users
2021-07-13 22:26:09 [info]: ::1 (POST) /titles
2021-07-13 22:26:18 [info]: ::1 (POST) /titles
2021-07-13 22:28:34 [info]: ::1 (GET) /users/452d341c136763dc5
2021-07-13 22:30:29 [info]: API listening at http://localhost:9000
2021-07-13 22:30:33 [info]: ::1 (GET) /users/452d341c136763dc5
2021-07-13 22:31:40 [info]: API listening at http://localhost:9000
2021-07-13 22:31:42 [info]: ::1 (GET) /users/452d341c136763dc5
2021-07-13 22:32:05 [info]: API listening at http://localhost:9000
2021-07-13 22:32:08 [info]: ::1 (GET) /users/452d341c136763dc5
2021-07-13 22:32:56 [info]: API listening at http://localhost:9000
2021-07-13 22:32:58 [info]: ::1 (GET) /users/452d341c136763dc5
2021-07-13 22:35:47 [info]: API listening at http://localhost:9000
2021-07-13 22:35:49 [info]: ::1 (GET) /users/452d341c136763dc5
2021-07-13 22:36:30 [info]: API listening at http://localhost:9000
2021-07-13 22:36:32 [info]: ::1 (GET) /users/452d341c136763dc5
2021-07-13 22:36:43 [info]: API listening at http://localhost:9000
2021-07-13 22:36:45 [info]: ::1 (GET) /users/452d341c136763dc5
2021-07-13 22:36:59 [info]: API listening at http://localhost:9000
2021-07-13 22:37:02 [info]: ::1 (GET) /users/452d341c136763dc5
2021-07-13 22:38:26 [info]: API listening at http://localhost:9000
2021-07-13 22:40:54 [info]: ::1 (POST) /titles
2021-07-13 22:41:36 [info]: API listening at http://localhost:9000
2021-07-13 22:41:38 [info]: ::1 (POST) /titles
2021-07-13 22:41:51 [info]: ::1 (POST) /titles
2021-07-13 22:42:27 [info]: API listening at http://localhost:9000
2021-07-13 22:42:32 [info]: ::1 (POST) /titles
2021-07-13 22:42:45 [info]: API listening at http://localhost:9000
2021-07-13 22:42:48 [info]: ::1 (POST) /titles
2021-07-13 22:42:48 [error]: Error: ER_BAD_FIELD_ERROR: Unknown column 'imdb_link' in 'field list'
    at Query.Sequence._packetToError (D:\streamfinder\api\node_modules\mysql\lib\protocol\sequences\Sequence.js:47:14)
    at Query.ErrorPacket (D:\streamfinder\api\node_modules\mysql\lib\protocol\sequences\Query.js:79:18)
    at Protocol._parsePacket (D:\streamfinder\api\node_modules\mysql\lib\protocol\Protocol.js:291:23)
    at Parser._parsePacket (D:\streamfinder\api\node_modules\mysql\lib\protocol\Parser.js:433:10)
    at Parser.write (D:\streamfinder\api\node_modules\mysql\lib\protocol\Parser.js:43:10)
    at Protocol.write (D:\streamfinder\api\node_modules\mysql\lib\protocol\Protocol.js:38:16)
    at Socket.<anonymous> (D:\streamfinder\api\node_modules\mysql\lib\Connection.js:88:28)
    at Socket.<anonymous> (D:\streamfinder\api\node_modules\mysql\lib\Connection.js:526:10)
    at Socket.emit (events.js:200:13)
    at addChunk (_stream_readable.js:294:12)
    --------------------
    at Pool.query (D:\streamfinder\api\node_modules\mysql\lib\Pool.js:199:23)
    at D:\streamfinder\api\util.js:41:18
    at new Promise (<anonymous>)
    at Object.dbPromise (D:\streamfinder\api\util.js:40:16)
    at Object.insertTitle (D:\streamfinder\api\controllers\title.js:19:21)
    at Movie.insert (D:\streamfinder\api\models\title.js:109:31)
    at processTicksAndRejections (internal/process/task_queues.js:89:5)
    at async Movie.insert (D:\streamfinder\api\models\movie.js:51:9)
2021-07-13 22:45:51 [info]: ::1 (POST) /titles
2021-07-13 22:46:34 [info]: ::1 (GET) /titles
2021-07-13 22:47:06 [info]: ::1 (GET) /titles/63bc7340e5b5e0ff971ac68e4dc98365
2021-07-13 22:48:41 [info]: ::1 (PUT) /titles/63bc7340e5b5e0ff971ac68e4dc98365
2021-07-13 22:48:57 [info]: ::1 (PUT) /titles/63bc7340e5b5e0ff971ac68e4dc98365
2021-07-13 22:49:01 [info]: ::1 (GET) /titles/63bc7340e5b5e0ff971ac68e4dc98365
2021-07-13 22:49:18 [info]: ::1 (PUT) /titles/63bc7340e5b5e0ff971ac68e4dc98365
2021-07-13 22:49:20 [info]: ::1 (GET) /titles/63bc7340e5b5e0ff971ac68e4dc98365
2021-07-13 22:49:37 [info]: ::1 (PUT) /titles/63bc7340e5b5e0ff971ac68e4dc98365
2021-07-13 22:49:40 [info]: ::1 (GET) /titles/63bc7340e5b5e0ff971ac68e4dc98365
2021-07-13 22:51:13 [info]: API listening at http://localhost:9000
2021-07-13 22:51:19 [info]: ::1 (PUT) /titles/63bc7340e5b5e0ff971ac68e4dc98365
2021-07-13 22:51:19 [error]: Error: ER_TRUNCATED_WRONG_VALUE: Incorrect date value: '12-3-2021' for column 'rel_date' at row 1
    at Query.Sequence._packetToError (D:\streamfinder\api\node_modules\mysql\lib\protocol\sequences\Sequence.js:47:14)
    at Query.ErrorPacket (D:\streamfinder\api\node_modules\mysql\lib\protocol\sequences\Query.js:79:18)
    at Protocol._parsePacket (D:\streamfinder\api\node_modules\mysql\lib\protocol\Protocol.js:291:23)
    at Parser._parsePacket (D:\streamfinder\api\node_modules\mysql\lib\protocol\Parser.js:433:10)
    at Parser.write (D:\streamfinder\api\node_modules\mysql\lib\protocol\Parser.js:43:10)
    at Protocol.write (D:\streamfinder\api\node_modules\mysql\lib\protocol\Protocol.js:38:16)
    at Socket.<anonymous> (D:\streamfinder\api\node_modules\mysql\lib\Connection.js:88:28)
    at Socket.<anonymous> (D:\streamfinder\api\node_modules\mysql\lib\Connection.js:526:10)
    at Socket.emit (events.js:200:13)
    at addChunk (_stream_readable.js:294:12)
    --------------------
    at Pool.query (D:\streamfinder\api\node_modules\mysql\lib\Pool.js:199:23)
    at D:\streamfinder\api\util.js:41:18
    at new Promise (<anonymous>)
    at Object.dbPromise (D:\streamfinder\api\util.js:40:16)
    at Object.updateMovie (D:\streamfinder\api\controllers\movie.js:14:21)
    at Movie.save (D:\streamfinder\api\models\movie.js:59:31)
    at processTicksAndRejections (internal/process/task_queues.js:89:5)
2021-07-13 22:52:57 [info]: ::1 (PUT) /titles/63bc7340e5b5e0ff971ac68e4dc98365
2021-07-13 22:53:02 [info]: ::1 (GET) /titles/63bc7340e5b5e0ff971ac68e4dc98365
2021-07-13 22:54:12 [info]: API listening at http://localhost:9000
2021-07-13 22:54:16 [info]: ::1 (GET) /titles/63bc7340e5b5e0ff971ac68e4dc98365
2021-07-13 22:54:16 [error]: TypeError: Cannot read property 'getYear' of null
    at DateAttribute.getValue (D:\streamfinder\api\models\model.js:137:27)
    at Movie.get (D:\streamfinder\api\models\model.js:54:39)
    at Movie.init (D:\streamfinder\api\models\title.js:92:66)
    at Movie.init (D:\streamfinder\api\models\movie.js:45:21)
    at D:\streamfinder\api\model_functions\title.js:90:30
    at processTicksAndRejections (internal/process/task_queues.js:89:5)
2021-07-13 22:55:53 [info]: ::1 (GET) /titles/63bc7340e5b5e0ff971ac68e4dc98365
2021-07-13 22:55:53 [error]: TypeError: Cannot read property 'getYear' of null
    at DateAttribute.getValue (D:\streamfinder\api\models\model.js:137:27)
    at Movie.get (D:\streamfinder\api\models\model.js:54:39)
    at Movie.init (D:\streamfinder\api\models\title.js:92:66)
    at Movie.init (D:\streamfinder\api\models\movie.js:45:21)
    at D:\streamfinder\api\model_functions\title.js:90:30
    at processTicksAndRejections (internal/process/task_queues.js:89:5)
2021-07-13 22:55:58 [info]: API listening at http://localhost:9000
2021-07-13 22:55:59 [info]: ::1 (GET) /titles/63bc7340e5b5e0ff971ac68e4dc98365
2021-07-13 22:55:59 [error]: TypeError: Cannot read property 'getFullYear' of null
    at DateAttribute.getValue (D:\streamfinder\api\models\model.js:138:18)
    at Movie.get (D:\streamfinder\api\models\model.js:54:39)
    at Movie.init (D:\streamfinder\api\models\title.js:92:66)
    at Movie.init (D:\streamfinder\api\models\movie.js:45:21)
    at D:\streamfinder\api\model_functions\title.js:90:30
    at processTicksAndRejections (internal/process/task_queues.js:89:5)
2021-07-13 23:50:07 [info]: API listening at http://localhost:9000
2021-07-13 23:50:19 [info]: ::1 (PUT) /titles/63bc7340e5b5e0ff971ac68e4dc98365
2021-07-13 23:50:19 [error]: TypeError: Cannot read property 'getFullYear' of null
    at DateAttribute.getValue (D:\streamfinder\api\models\model.js:139:18)
    at Movie.get (D:\streamfinder\api\models\model.js:55:39)
    at Movie.init (D:\streamfinder\api\models\title.js:92:66)
    at Movie.init (D:\streamfinder\api\models\movie.js:45:21)
    at D:\streamfinder\api\model_functions\title.js:62:30
    at processTicksAndRejections (internal/process/task_queues.js:89:5)
2021-07-13 23:50:48 [info]: API listening at http://localhost:9000
2021-07-13 23:50:53 [info]: ::1 (PUT) /titles/63bc7340e5b5e0ff971ac68e4dc98365
