2021-07-28 13:07:05 [info]: ::1 (GET) /titles/371a9967d4d7f5438447eb450ccf1834
2021-07-28 13:18:49 [info]: ::1 (GET) /titles
2021-07-28 13:18:49 [info]: ::1 (GET) /users/self
2021-07-28 13:18:49 [info]: ::1 (GET) /titles/371a9967d4d7f5438447eb450ccf1834
2021-07-28 13:18:57 [info]: ::1 (GET) /titles
2021-07-28 13:18:57 [info]: ::1 (GET) /users/self
2021-07-28 13:18:57 [info]: ::1 (GET) /titles/371a9967d4d7f5438447eb450ccf1834
2021-07-28 13:18:58 [info]: ::1 (GET) /titles
2021-07-28 13:18:58 [info]: ::1 (GET) /users/self
2021-07-28 13:18:58 [info]: ::1 (GET) /titles/371a9967d4d7f5438447eb450ccf1834
2021-07-28 13:19:12 [info]: ::1 (GET) /titles
2021-07-28 13:19:12 [info]: ::1 (GET) /users/self
2021-07-28 13:19:12 [info]: ::1 (GET) /titles/371a9967d4d7f5438447eb450ccf1834
2021-07-28 13:19:14 [info]: ::1 (GET) /titles
2021-07-28 13:19:14 [info]: ::1 (GET) /users/self
2021-07-28 13:19:14 [info]: ::1 (GET) /titles/371a9967d4d7f5438447eb450ccf1834
2021-07-28 13:20:00 [info]: ::1 (GET) /titles
2021-07-28 13:20:00 [info]: ::1 (GET) /users/self
2021-07-28 13:20:00 [info]: ::1 (GET) /titles/371a9967d4d7f5438447eb450ccf1834
2021-07-28 13:20:51 [info]: ::1 (GET) /titles/371a9967d4d7f5438447eb450ccf1834
2021-07-28 13:21:08 [info]: ::1 (GET) /titles
2021-07-28 13:21:08 [info]: ::1 (GET) /users/self
2021-07-28 13:21:08 [info]: ::1 (GET) /titles/371a9967d4d7f5438447eb450ccf1834
2021-07-28 13:21:32 [info]: ::1 (GET) /titles/371a9967d4d7f5438447eb450ccf1834
2021-07-28 13:21:38 [info]: ::1 (GET) /titles
2021-07-28 13:21:38 [info]: ::1 (GET) /users/self
2021-07-28 13:21:39 [info]: ::1 (GET) /titles/273b352a34374b898a850afd13c09b8f
2021-07-28 13:26:32 [info]: ::1 (GET) /titles
2021-07-28 13:26:32 [info]: ::1 (GET) /users/self
2021-07-28 13:26:32 [info]: ::1 (GET) /titles/273b352a34374b898a850afd13c09b8f
2021-07-28 14:54:16 [info]: ::1 (GET) /titles/4fc63cc45cb72566136015b9dcf1cf46
2021-07-28 14:55:45 [info]: ::1 (GET) /titles/273b352a34374b898a850afd13c09b8f
2021-07-28 14:57:28 [info]: ::1 (GET) /titles
2021-07-28 14:57:28 [info]: ::1 (GET) /users/self
2021-07-28 14:57:28 [info]: ::1 (GET) /titles/273b352a34374b898a850afd13c09b8f
2021-07-28 14:58:57 [info]: ::1 (GET) /titles
2021-07-28 14:58:57 [info]: ::1 (GET) /users/self
2021-07-28 14:58:57 [info]: ::1 (GET) /titles/273b352a34374b898a850afd13c09b8f
2021-07-28 20:49:40 [info]: ::1 (GET) /images/92df8d932511f92361e9e258d8d2d7ba6.jpeg
2021-07-28 20:50:12 [info]: ::1 (GET) /images/
2021-07-28 20:50:58 [info]: ::1 (GET) /titles/371a9967d4d7f5438447eb450ccf1834
2021-07-28 20:51:04 [info]: ::1 (GET) /titles/4fc63cc45cb72566136015b9dcf1cf46
