2021-08-15 01:17:29 [info]: ::1 (GET) /pages/new
2021-08-15 01:17:29 [info]: ::1 (GET) /images/147f951d2d7a7905d542eb29e21d9985
2021-08-15 01:17:29 [info]: ::1 (GET) /images/ac46af1810ac97b181daade2bb07a8e1
2021-08-15 01:17:29 [info]: ::1 (GET) /images/5781d7fb63abb5ed2c5aaf46ad9c2876
2021-08-15 01:17:29 [info]: ::1 (GET) /images/04b3db58a9f3d49e12ef2442fb898720
2021-08-15 01:17:29 [info]: ::1 (GET) /images/1d7510521f38e6f5a7115944a8810d3c
2021-08-15 01:17:29 [info]: ::1 (GET) /images/ba2ee7125905e03394cb74dab2d6bcdc
2021-08-15 01:17:29 [info]: ::1 (GET) /images/53ed97785447e228a25a61b648a53af5
2021-08-15 01:17:29 [info]: ::1 (GET) /images/688df9523df0841a9e2e72880b0a447b
2021-08-15 01:17:29 [info]: ::1 (GET) /images/81cf1c59da84db64bce9aa06dab68796
2021-08-15 01:17:29 [info]: ::1 (GET) /images/b45e55914bd6bed65a51fc0c73d56415
2021-08-15 01:17:34 [info]: ::1 (GET) /titles/273b352a34374b898a850afd13c09b8f
2021-08-15 01:17:34 [info]: ::1 (GET) /images/147f951d2d7a7905d542eb29e21d9985
2021-08-15 01:17:56 [info]: ::1 (GET) /auth
2021-08-15 01:17:56 [info]: ::1 (GET) /users/self
2021-08-15 01:18:21 [info]: ::1 (GET) /pages/new
2021-08-15 01:18:21 [info]: ::1 (GET) /users/self
2021-08-15 01:18:21 [info]: ::1 (GET) /images/147f951d2d7a7905d542eb29e21d9985
2021-08-15 01:18:21 [info]: ::1 (GET) /images/ac46af1810ac97b181daade2bb07a8e1
2021-08-15 01:18:21 [info]: ::1 (GET) /images/5781d7fb63abb5ed2c5aaf46ad9c2876
2021-08-15 01:18:21 [info]: ::1 (GET) /images/04b3db58a9f3d49e12ef2442fb898720
2021-08-15 01:18:21 [info]: ::1 (GET) /images/1d7510521f38e6f5a7115944a8810d3c
2021-08-15 01:18:21 [info]: ::1 (GET) /images/ba2ee7125905e03394cb74dab2d6bcdc
2021-08-15 01:18:21 [info]: ::1 (GET) /images/53ed97785447e228a25a61b648a53af5
2021-08-15 01:18:21 [info]: ::1 (GET) /images/688df9523df0841a9e2e72880b0a447b
2021-08-15 01:18:21 [info]: ::1 (GET) /images/b45e55914bd6bed65a51fc0c73d56415
2021-08-15 01:18:21 [info]: ::1 (GET) /images/81cf1c59da84db64bce9aa06dab68796
2021-08-15 01:41:57 [info]: ::1 (GET) /titles/?q=pickle
2021-08-15 01:41:57 [info]: ::1 (GET) /images/5b5c4c793735916c3bff4cca323b01d2
2021-08-15 01:42:00 [info]: ::1 (GET) /titles/da9c985110156d0027e6ead301f06690
2021-08-15 01:42:00 [info]: ::1 (GET) /users/self
2021-08-15 01:42:01 [info]: ::1 (GET) /images/5b5c4c793735916c3bff4cca323b01d2
2021-08-15 01:42:20 [info]: ::1 (GET) /users/self
2021-08-15 01:42:41 [info]: ::1 (GET) /pages/new
2021-08-15 01:42:41 [info]: ::1 (GET) /users/self
2021-08-15 01:42:41 [info]: ::1 (GET) /images/1d7510521f38e6f5a7115944a8810d3c
2021-08-15 01:42:41 [info]: ::1 (GET) /images/ba2ee7125905e03394cb74dab2d6bcdc
2021-08-15 01:42:41 [info]: ::1 (GET) /images/147f951d2d7a7905d542eb29e21d9985
2021-08-15 01:42:41 [info]: ::1 (GET) /images/ac46af1810ac97b181daade2bb07a8e1
2021-08-15 01:42:41 [info]: ::1 (GET) /images/5781d7fb63abb5ed2c5aaf46ad9c2876
2021-08-15 01:42:41 [info]: ::1 (GET) /images/04b3db58a9f3d49e12ef2442fb898720
2021-08-15 01:42:41 [info]: ::1 (GET) /images/53ed97785447e228a25a61b648a53af5
2021-08-15 01:42:41 [info]: ::1 (GET) /images/688df9523df0841a9e2e72880b0a447b
2021-08-15 01:42:41 [info]: ::1 (GET) /images/b45e55914bd6bed65a51fc0c73d56415
2021-08-15 01:42:41 [info]: ::1 (GET) /images/81cf1c59da84db64bce9aa06dab68796
2021-08-15 01:43:10 [info]: ::1 (GET) /pages/new
2021-08-15 01:43:10 [info]: ::1 (GET) /users/self
2021-08-15 01:43:10 [info]: ::1 (GET) /images/147f951d2d7a7905d542eb29e21d9985
2021-08-15 01:43:10 [info]: ::1 (GET) /images/ac46af1810ac97b181daade2bb07a8e1
2021-08-15 01:43:10 [info]: ::1 (GET) /images/5781d7fb63abb5ed2c5aaf46ad9c2876
2021-08-15 01:43:10 [info]: ::1 (GET) /images/04b3db58a9f3d49e12ef2442fb898720
2021-08-15 01:43:10 [info]: ::1 (GET) /images/1d7510521f38e6f5a7115944a8810d3c
2021-08-15 01:43:10 [info]: ::1 (GET) /images/ba2ee7125905e03394cb74dab2d6bcdc
2021-08-15 01:43:10 [info]: ::1 (GET) /images/53ed97785447e228a25a61b648a53af5
2021-08-15 01:43:10 [info]: ::1 (GET) /images/688df9523df0841a9e2e72880b0a447b
2021-08-15 01:43:10 [info]: ::1 (GET) /images/b45e55914bd6bed65a51fc0c73d56415
2021-08-15 01:43:10 [info]: ::1 (GET) /images/81cf1c59da84db64bce9aa06dab68796
2021-08-15 01:43:16 [info]: ::1 (GET) /users/self
2021-08-15 01:43:20 [info]: ::1 (GET) /pages/new
2021-08-15 01:43:20 [info]: ::1 (GET) /users/self
2021-08-15 01:43:20 [info]: ::1 (GET) /images/147f951d2d7a7905d542eb29e21d9985
2021-08-15 01:43:20 [info]: ::1 (GET) /images/ac46af1810ac97b181daade2bb07a8e1
2021-08-15 01:43:20 [info]: ::1 (GET) /images/5781d7fb63abb5ed2c5aaf46ad9c2876
2021-08-15 01:43:20 [info]: ::1 (GET) /images/04b3db58a9f3d49e12ef2442fb898720
2021-08-15 01:43:20 [info]: ::1 (GET) /images/1d7510521f38e6f5a7115944a8810d3c
2021-08-15 01:43:20 [info]: ::1 (GET) /images/ba2ee7125905e03394cb74dab2d6bcdc
2021-08-15 01:43:20 [info]: ::1 (GET) /images/53ed97785447e228a25a61b648a53af5
2021-08-15 01:43:20 [info]: ::1 (GET) /images/688df9523df0841a9e2e72880b0a447b
2021-08-15 01:43:20 [info]: ::1 (GET) /images/b45e55914bd6bed65a51fc0c73d56415
2021-08-15 01:43:20 [info]: ::1 (GET) /images/81cf1c59da84db64bce9aa06dab68796
2021-08-15 01:45:40 [info]: ::1 (GET) /images/147f951d2d7a7905d542eb29e21d9985
2021-08-15 01:45:40 [info]: ::1 (GET) /images/ac46af1810ac97b181daade2bb07a8e1
2021-08-15 01:45:40 [info]: ::1 (GET) /images/5781d7fb63abb5ed2c5aaf46ad9c2876
2021-08-15 01:45:40 [info]: ::1 (GET) /images/04b3db58a9f3d49e12ef2442fb898720
2021-08-15 01:45:40 [info]: ::1 (GET) /images/1d7510521f38e6f5a7115944a8810d3c
2021-08-15 01:45:40 [info]: ::1 (GET) /images/ba2ee7125905e03394cb74dab2d6bcdc
2021-08-15 01:45:40 [info]: ::1 (GET) /images/688df9523df0841a9e2e72880b0a447b
2021-08-15 01:45:40 [info]: ::1 (GET) /images/81cf1c59da84db64bce9aa06dab68796
2021-08-15 01:45:40 [info]: ::1 (GET) /images/b45e55914bd6bed65a51fc0c73d56415
2021-08-15 01:45:40 [info]: ::1 (GET) /images/53ed97785447e228a25a61b648a53af5
2021-08-15 01:54:36 [info]: ::1 (GET) /users/self
2021-08-15 01:56:53 [info]: ::1 (GET) /pages/new
2021-08-15 01:56:53 [info]: ::1 (GET) /users/self
2021-08-15 01:56:53 [info]: ::1 (GET) /images/ac46af1810ac97b181daade2bb07a8e1
2021-08-15 01:56:53 [info]: ::1 (GET) /images/5781d7fb63abb5ed2c5aaf46ad9c2876
2021-08-15 01:56:53 [info]: ::1 (GET) /images/04b3db58a9f3d49e12ef2442fb898720
2021-08-15 01:56:53 [info]: ::1 (GET) /images/1d7510521f38e6f5a7115944a8810d3c
2021-08-15 01:56:53 [info]: ::1 (GET) /images/ba2ee7125905e03394cb74dab2d6bcdc
2021-08-15 01:56:53 [info]: ::1 (GET) /images/147f951d2d7a7905d542eb29e21d9985
2021-08-15 01:56:53 [info]: ::1 (GET) /images/53ed97785447e228a25a61b648a53af5
2021-08-15 01:56:53 [info]: ::1 (GET) /images/688df9523df0841a9e2e72880b0a447b
2021-08-15 01:56:53 [info]: ::1 (GET) /images/b45e55914bd6bed65a51fc0c73d56415
2021-08-15 01:56:53 [info]: ::1 (GET) /images/81cf1c59da84db64bce9aa06dab68796
2021-08-15 01:58:52 [info]: ::1 (GET) /users/self
2021-08-15 02:05:14 [info]: ::1 (GET) /users/self
2021-08-15 02:05:16 [info]: ::1 (GET) /users/self
2021-08-15 02:05:34 [info]: ::1 (GET) /users/self
2021-08-15 02:06:23 [info]: ::1 (GET) /pages/new
2021-08-15 02:06:23 [info]: ::1 (GET) /users/self
2021-08-15 02:06:23 [info]: ::1 (GET) /images/147f951d2d7a7905d542eb29e21d9985
2021-08-15 02:06:23 [info]: ::1 (GET) /images/ac46af1810ac97b181daade2bb07a8e1
2021-08-15 02:06:23 [info]: ::1 (GET) /images/5781d7fb63abb5ed2c5aaf46ad9c2876
2021-08-15 02:06:23 [info]: ::1 (GET) /images/04b3db58a9f3d49e12ef2442fb898720
2021-08-15 02:06:23 [info]: ::1 (GET) /images/1d7510521f38e6f5a7115944a8810d3c
2021-08-15 02:06:23 [info]: ::1 (GET) /images/ba2ee7125905e03394cb74dab2d6bcdc
2021-08-15 02:06:23 [info]: ::1 (GET) /images/53ed97785447e228a25a61b648a53af5
2021-08-15 02:06:24 [info]: ::1 (GET) /images/688df9523df0841a9e2e72880b0a447b
2021-08-15 02:06:24 [info]: ::1 (GET) /images/b45e55914bd6bed65a51fc0c73d56415
2021-08-15 02:06:24 [info]: ::1 (GET) /images/81cf1c59da84db64bce9aa06dab68796
2021-08-15 02:06:27 [info]: ::1 (GET) /users/self
2021-08-15 02:10:02 [info]: ::1 (GET) /users/self
2021-08-15 02:11:22 [info]: ::1 (GET) /users/self
2021-08-15 02:12:04 [info]: ::1 (GET) /users/self
2021-08-15 02:12:51 [info]: ::1 (GET) /users/self
2021-08-15 02:12:53 [info]: ::1 (GET) /users/self
2021-08-15 02:13:24 [info]: ::1 (GET) /users/self
2021-08-15 02:13:27 [info]: ::1 (GET) /pages/new
2021-08-15 02:13:27 [info]: ::1 (GET) /users/self
2021-08-15 02:13:27 [info]: ::1 (GET) /images/147f951d2d7a7905d542eb29e21d9985
2021-08-15 02:13:27 [info]: ::1 (GET) /images/ac46af1810ac97b181daade2bb07a8e1
2021-08-15 02:13:27 [info]: ::1 (GET) /images/5781d7fb63abb5ed2c5aaf46ad9c2876
2021-08-15 02:13:27 [info]: ::1 (GET) /images/04b3db58a9f3d49e12ef2442fb898720
2021-08-15 02:13:27 [info]: ::1 (GET) /images/1d7510521f38e6f5a7115944a8810d3c
2021-08-15 02:13:27 [info]: ::1 (GET) /images/ba2ee7125905e03394cb74dab2d6bcdc
2021-08-15 02:13:27 [info]: ::1 (GET) /images/b45e55914bd6bed65a51fc0c73d56415
2021-08-15 02:13:27 [info]: ::1 (GET) /images/53ed97785447e228a25a61b648a53af5
2021-08-15 02:13:27 [info]: ::1 (GET) /images/81cf1c59da84db64bce9aa06dab68796
2021-08-15 02:13:27 [info]: ::1 (GET) /images/688df9523df0841a9e2e72880b0a447b
2021-08-15 02:13:34 [info]: ::1 (GET) /titles/788cfee107f6642533aa179d27fe2d99
2021-08-15 02:13:34 [info]: ::1 (GET) /users/self
2021-08-15 02:13:34 [info]: ::1 (GET) /images/04b3db58a9f3d49e12ef2442fb898720
2021-08-15 02:13:44 [info]: ::1 (GET) /users/self
2021-08-15 02:14:34 [info]: ::1 (GET) /titles/?q=moana
2021-08-15 02:14:34 [info]: ::1 (GET) /images/147f951d2d7a7905d542eb29e21d9985
2021-08-15 02:14:37 [info]: ::1 (GET) /titles/273b352a34374b898a850afd13c09b8f
2021-08-15 02:14:37 [info]: ::1 (GET) /users/self
2021-08-15 02:14:37 [info]: ::1 (GET) /images/147f951d2d7a7905d542eb29e21d9985
2021-08-15 02:15:18 [info]: ::1 (GET) /users/self
2021-08-15 02:45:31 [info]: ::1 (GET) /pages/new
2021-08-15 02:45:31 [info]: ::1 (GET) /users/self
2021-08-15 02:45:31 [info]: ::1 (GET) /images/147f951d2d7a7905d542eb29e21d9985
2021-08-15 02:45:31 [info]: ::1 (GET) /images/ac46af1810ac97b181daade2bb07a8e1
2021-08-15 02:45:31 [info]: ::1 (GET) /images/5781d7fb63abb5ed2c5aaf46ad9c2876
2021-08-15 02:45:31 [info]: ::1 (GET) /images/04b3db58a9f3d49e12ef2442fb898720
2021-08-15 02:45:31 [info]: ::1 (GET) /images/1d7510521f38e6f5a7115944a8810d3c
2021-08-15 02:45:31 [info]: ::1 (GET) /images/ba2ee7125905e03394cb74dab2d6bcdc
2021-08-15 02:45:31 [info]: ::1 (GET) /images/b45e55914bd6bed65a51fc0c73d56415
2021-08-15 02:45:31 [info]: ::1 (GET) /images/53ed97785447e228a25a61b648a53af5
2021-08-15 02:45:31 [info]: ::1 (GET) /images/688df9523df0841a9e2e72880b0a447b
2021-08-15 02:45:31 [info]: ::1 (GET) /images/81cf1c59da84db64bce9aa06dab68796
2021-08-15 03:11:14 [info]: ::1 (GET) /users/self
2021-08-15 03:11:20 [info]: ::1 (GET) /users/self
2021-08-15 03:11:22 [info]: ::1 (GET) /pages/new
2021-08-15 03:11:22 [info]: ::1 (GET) /users/self
2021-08-15 03:11:22 [info]: ::1 (GET) /images/147f951d2d7a7905d542eb29e21d9985
2021-08-15 03:11:22 [info]: ::1 (GET) /images/ac46af1810ac97b181daade2bb07a8e1
2021-08-15 03:11:22 [info]: ::1 (GET) /images/5781d7fb63abb5ed2c5aaf46ad9c2876
2021-08-15 03:11:22 [info]: ::1 (GET) /images/04b3db58a9f3d49e12ef2442fb898720
2021-08-15 03:11:22 [info]: ::1 (GET) /images/1d7510521f38e6f5a7115944a8810d3c
2021-08-15 03:11:22 [info]: ::1 (GET) /images/ba2ee7125905e03394cb74dab2d6bcdc
2021-08-15 03:11:22 [info]: ::1 (GET) /images/53ed97785447e228a25a61b648a53af5
2021-08-15 03:11:22 [info]: ::1 (GET) /images/688df9523df0841a9e2e72880b0a447b
2021-08-15 03:11:22 [info]: ::1 (GET) /images/b45e55914bd6bed65a51fc0c73d56415
2021-08-15 03:11:22 [info]: ::1 (GET) /images/81cf1c59da84db64bce9aa06dab68796
2021-08-15 03:11:34 [info]: ::1 (GET) /titles/?q=lord
2021-08-15 03:11:34 [info]: ::1 (GET) /images/d8a4a3e95148d4d86f75aa7e3a060527
2021-08-15 03:11:42 [info]: ::1 (GET) /titles/9a3c0b20e41f75e837dec0d7fb67d23b
2021-08-15 03:11:42 [info]: ::1 (GET) /users/self
2021-08-15 03:11:42 [info]: ::1 (GET) /images/53ed97785447e228a25a61b648a53af5
2021-08-15 03:11:42 [info]: ::1 (GET) /users/452d341c136763dc/ratings/9a3c0b20e41f75e837dec0d7fb67d23b
2021-08-15 03:13:27 [info]: ::1 (GET) /users/self
2021-08-15 03:13:33 [info]: ::1 (GET) /users/self
2021-08-15 03:14:23 [info]: ::1 (GET) /titles/?q=moana
2021-08-15 03:14:23 [info]: ::1 (GET) /images/147f951d2d7a7905d542eb29e21d9985
2021-08-15 03:14:25 [info]: ::1 (GET) /titles/273b352a34374b898a850afd13c09b8f
2021-08-15 03:14:25 [info]: ::1 (GET) /users/self
2021-08-15 03:14:25 [info]: ::1 (GET) /images/147f951d2d7a7905d542eb29e21d9985
2021-08-15 03:14:32 [info]: ::1 (GET) /titles/?q=avatar
2021-08-15 03:14:32 [info]: ::1 (GET) /images/7edda3eb7ab91b2f03d8f2ef336456b9
2021-08-15 03:14:33 [info]: ::1 (GET) /titles/4fc63cc45cb72566136015b9dcf1cf46
2021-08-15 03:14:33 [info]: ::1 (GET) /users/self
2021-08-15 03:14:34 [info]: ::1 (GET) /images/7edda3eb7ab91b2f03d8f2ef336456b9
2021-08-15 03:14:34 [info]: ::1 (GET) /users/452d341c136763dc/ratings/4fc63cc45cb72566136015b9dcf1cf46
2021-08-15 03:17:37 [info]: ::1 (GET) /titles/331baacfd33575c8ee2d976dc763457e
2021-08-15 03:17:37 [info]: ::1 (GET) /images/
2021-08-15 03:17:37 [info]: ::1 (GET) /images/ac46af1810ac97b181daade2bb07a8e1
2021-08-15 03:17:48 [info]: ::1 (POST) /titles/331baacfd33575c8ee2d976dc763457e/links/netflix
2021-08-15 03:17:48 [info]: ::1 (POST) /titles/331baacfd33575c8ee2d976dc763457e/availability/netflix
2021-08-15 03:17:48 [info]: ::1 (GET) /titles/331baacfd33575c8ee2d976dc763457e
2021-08-15 03:17:48 [info]: ::1 (GET) /images/
2021-08-15 03:17:48 [info]: ::1 (GET) /images/ac46af1810ac97b181daade2bb07a8e1
2021-08-15 03:18:51 [info]: ::1 (GET) /users/self
2021-08-15 03:21:38 [info]: ::1 (POST) /titles/331baacfd33575c8ee2d976dc763457e/availability/hbo_max
2021-08-15 03:21:38 [info]: ::1 (POST) /titles/331baacfd33575c8ee2d976dc763457e/links/hbo_max
2021-08-15 03:21:38 [info]: ::1 (GET) /titles/331baacfd33575c8ee2d976dc763457e
2021-08-15 03:21:38 [info]: ::1 (GET) /images/
2021-08-15 03:21:38 [info]: ::1 (GET) /images/ac46af1810ac97b181daade2bb07a8e1
2021-08-15 03:21:41 [info]: ::1 (GET) /titles/?q=inception
2021-08-15 03:21:41 [info]: ::1 (GET) /images/ac46af1810ac97b181daade2bb07a8e1
2021-08-15 03:21:43 [info]: ::1 (GET) /titles/331baacfd33575c8ee2d976dc763457e
2021-08-15 03:21:43 [info]: ::1 (GET) /users/self
2021-08-15 03:21:43 [info]: ::1 (GET) /images/ac46af1810ac97b181daade2bb07a8e1
2021-08-15 03:21:56 [info]: ::1 (GET) /titles/788cfee107f6642533aa179d27fe2d99
2021-08-15 03:21:56 [info]: ::1 (GET) /images/
2021-08-15 03:21:56 [info]: ::1 (GET) /images/04b3db58a9f3d49e12ef2442fb898720
2021-08-15 03:23:49 [info]: ::1 (POST) /titles/788cfee107f6642533aa179d27fe2d99/links/disney_plus
2021-08-15 03:23:49 [info]: ::1 (POST) /titles/788cfee107f6642533aa179d27fe2d99/availability/disney_plus
2021-08-15 03:23:49 [info]: ::1 (GET) /titles/788cfee107f6642533aa179d27fe2d99
2021-08-15 03:23:50 [info]: ::1 (GET) /images/
2021-08-15 03:23:50 [info]: ::1 (GET) /images/04b3db58a9f3d49e12ef2442fb898720
2021-08-15 03:23:54 [info]: ::1 (GET) /titles/?q=frozen
2021-08-15 03:23:54 [info]: ::1 (GET) /images/04b3db58a9f3d49e12ef2442fb898720
2021-08-15 03:23:56 [info]: ::1 (GET) /titles/788cfee107f6642533aa179d27fe2d99
2021-08-15 03:23:56 [info]: ::1 (GET) /users/self
2021-08-15 03:23:56 [info]: ::1 (GET) /images/04b3db58a9f3d49e12ef2442fb898720
2021-08-15 03:24:28 [info]: ::1 (PUT) /titles/788cfee107f6642533aa179d27fe2d99
2021-08-15 03:24:28 [info]: ::1 (GET) /titles/788cfee107f6642533aa179d27fe2d99
2021-08-15 03:24:28 [info]: ::1 (GET) /images/
2021-08-15 03:24:28 [info]: ::1 (GET) /images/04b3db58a9f3d49e12ef2442fb898720
2021-08-15 03:24:59 [info]: ::1 (GET) /titles/a4a0c964a377113e4010570038d68ffc
2021-08-15 03:24:59 [info]: ::1 (GET) /images/
2021-08-15 03:24:59 [info]: ::1 (GET) /images/3519ec5ace533a0077874246cbf50422
2021-08-15 03:25:14 [info]: ::1 (POST) /titles/a4a0c964a377113e4010570038d68ffc/links/hbo_max
2021-08-15 03:25:14 [info]: ::1 (POST) /titles/a4a0c964a377113e4010570038d68ffc/availability/hbo_max
2021-08-15 03:25:14 [info]: ::1 (GET) /titles/a4a0c964a377113e4010570038d68ffc
2021-08-15 03:25:14 [info]: ::1 (GET) /images/
2021-08-15 03:25:14 [info]: ::1 (GET) /images/3519ec5ace533a0077874246cbf50422
2021-08-15 03:25:19 [info]: ::1 (GET) /titles/?q=dark%20knight
2021-08-15 03:25:19 [info]: ::1 (GET) /images/3519ec5ace533a0077874246cbf50422
2021-08-15 03:25:20 [info]: ::1 (GET) /titles/a4a0c964a377113e4010570038d68ffc
2021-08-15 03:25:20 [info]: ::1 (GET) /users/self
2021-08-15 03:25:21 [info]: ::1 (GET) /images/3519ec5ace533a0077874246cbf50422
2021-08-15 03:25:55 [info]: ::1 (GET) /pages/new
2021-08-15 03:25:55 [info]: ::1 (GET) /users/self
2021-08-15 03:25:55 [info]: ::1 (GET) /images/147f951d2d7a7905d542eb29e21d9985
2021-08-15 03:25:55 [info]: ::1 (GET) /images/ac46af1810ac97b181daade2bb07a8e1
2021-08-15 03:25:55 [info]: ::1 (GET) /images/5781d7fb63abb5ed2c5aaf46ad9c2876
2021-08-15 03:25:55 [info]: ::1 (GET) /images/04b3db58a9f3d49e12ef2442fb898720
2021-08-15 03:25:55 [info]: ::1 (GET) /images/1d7510521f38e6f5a7115944a8810d3c
2021-08-15 03:25:55 [info]: ::1 (GET) /images/ba2ee7125905e03394cb74dab2d6bcdc
2021-08-15 03:25:55 [info]: ::1 (GET) /images/53ed97785447e228a25a61b648a53af5
2021-08-15 03:25:55 [info]: ::1 (GET) /images/b45e55914bd6bed65a51fc0c73d56415
2021-08-15 03:25:55 [info]: ::1 (GET) /images/81cf1c59da84db64bce9aa06dab68796
2021-08-15 03:25:55 [info]: ::1 (GET) /images/688df9523df0841a9e2e72880b0a447b
2021-08-15 14:19:15 [info]: API listening at http://localhost:9000
2021-08-15 14:24:44 [info]: ::1 (GET) /pages/new
2021-08-15 14:24:44 [info]: ::1 (GET) /images/04b3db58a9f3d49e12ef2442fb898720
2021-08-15 14:24:44 [info]: ::1 (GET) /images/147f951d2d7a7905d542eb29e21d9985
2021-08-15 14:24:44 [info]: ::1 (GET) /images/ac46af1810ac97b181daade2bb07a8e1
2021-08-15 14:24:44 [info]: ::1 (GET) /images/5781d7fb63abb5ed2c5aaf46ad9c2876
2021-08-15 14:24:44 [info]: ::1 (GET) /images/1d7510521f38e6f5a7115944a8810d3c
2021-08-15 14:24:44 [info]: ::1 (GET) /images/ba2ee7125905e03394cb74dab2d6bcdc
2021-08-15 14:24:44 [info]: ::1 (GET) /images/81cf1c59da84db64bce9aa06dab68796
2021-08-15 14:24:44 [info]: ::1 (GET) /images/688df9523df0841a9e2e72880b0a447b
2021-08-15 14:24:44 [info]: ::1 (GET) /images/53ed97785447e228a25a61b648a53af5
2021-08-15 14:24:44 [info]: ::1 (GET) /images/b45e55914bd6bed65a51fc0c73d56415
2021-08-15 14:25:21 [info]: API listening at http://localhost:9000
2021-08-15 14:26:58 [info]: ::1 (GET) /pages/new
2021-08-15 14:26:59 [info]: ::1 (GET) /images/147f951d2d7a7905d542eb29e21d9985
2021-08-15 14:26:59 [info]: ::1 (GET) /images/ac46af1810ac97b181daade2bb07a8e1
2021-08-15 14:26:59 [info]: ::1 (GET) /images/5781d7fb63abb5ed2c5aaf46ad9c2876
2021-08-15 14:26:59 [info]: ::1 (GET) /images/04b3db58a9f3d49e12ef2442fb898720
2021-08-15 14:26:59 [info]: ::1 (GET) /images/1d7510521f38e6f5a7115944a8810d3c
2021-08-15 14:26:59 [info]: ::1 (GET) /images/ba2ee7125905e03394cb74dab2d6bcdc
2021-08-15 14:26:59 [info]: ::1 (GET) /images/53ed97785447e228a25a61b648a53af5
2021-08-15 14:26:59 [info]: ::1 (GET) /images/688df9523df0841a9e2e72880b0a447b
2021-08-15 14:26:59 [info]: ::1 (GET) /images/b45e55914bd6bed65a51fc0c73d56415
2021-08-15 14:26:59 [info]: ::1 (GET) /images/81cf1c59da84db64bce9aa06dab68796
2021-08-15 14:27:18 [info]: ::1 (GET) /titles/550e0559bce40144722421e1049afcf9
2021-08-15 14:27:18 [info]: ::1 (GET) /images/5781d7fb63abb5ed2c5aaf46ad9c2876
2021-08-15 14:27:40 [info]: ::1 (GET) /pages/new
2021-08-15 14:27:40 [info]: ::1 (GET) /images/5781d7fb63abb5ed2c5aaf46ad9c2876
2021-08-15 14:27:40 [info]: ::1 (GET) /images/147f951d2d7a7905d542eb29e21d9985
2021-08-15 14:27:40 [info]: ::1 (GET) /images/ac46af1810ac97b181daade2bb07a8e1
2021-08-15 14:27:40 [info]: ::1 (GET) /images/04b3db58a9f3d49e12ef2442fb898720
2021-08-15 14:27:40 [info]: ::1 (GET) /images/1d7510521f38e6f5a7115944a8810d3c
2021-08-15 14:27:40 [info]: ::1 (GET) /images/53ed97785447e228a25a61b648a53af5
2021-08-15 14:27:40 [info]: ::1 (GET) /images/ba2ee7125905e03394cb74dab2d6bcdc
2021-08-15 14:27:40 [info]: ::1 (GET) /images/688df9523df0841a9e2e72880b0a447b
2021-08-15 14:27:40 [info]: ::1 (GET) /images/b45e55914bd6bed65a51fc0c73d56415
2021-08-15 14:27:40 [info]: ::1 (GET) /images/81cf1c59da84db64bce9aa06dab68796
2021-08-15 14:33:09 [info]: ::1 (GET) /auth
2021-08-15 14:33:09 [info]: ::1 (GET) /users/self
2021-08-15 14:33:13 [info]: ::1 (GET) /users/self
2021-08-15 14:33:13 [info]: ::1 (GET) /titles/273b352a34374b898a850afd13c09b8f
2021-08-15 14:33:13 [info]: ::1 (GET) /images/147f951d2d7a7905d542eb29e21d9985
2021-08-15 14:33:15 [info]: ::1 (POST) /users/452d341c136763dc/ratings/273b352a34374b898a850afd13c09b8f
2021-08-15 14:34:23 [info]: ::1 (POST) /users/452d341c136763dc/ratings/273b352a34374b898a850afd13c09b8f
2021-08-15 14:34:29 [info]: ::1 (POST) /users/452d341c136763dc/ratings/273b352a34374b898a850afd13c09b8f
2021-08-15 14:35:12 [info]: ::1 (GET) /titles/273b352a34374b898a850afd13c09b8f
2021-08-15 14:35:12 [info]: ::1 (GET) /users/self
2021-08-15 14:35:12 [info]: ::1 (GET) /images/147f951d2d7a7905d542eb29e21d9985
2021-08-15 14:35:44 [info]: ::1 (GET) /titles/273b352a34374b898a850afd13c09b8f
2021-08-15 14:35:44 [info]: ::1 (GET) /users/452d341c136763dc/ratings/273b352a34374b898a850afd13c09b8f
2021-08-15 14:35:54 [info]: ::1 (GET) /titles/273b352a34374b898a850afd13c09b8f
2021-08-15 14:35:54 [info]: ::1 (GET) /users/self
2021-08-15 14:35:54 [info]: ::1 (GET) /images/147f951d2d7a7905d542eb29e21d9985
2021-08-15 14:39:44 [info]: ::1 (GET) /titles/273b352a34374b898a850afd13c09b8f
2021-08-15 14:39:44 [info]: ::1 (GET) /users/452d341c136763dc/ratings/273b352a34374b898a850afd13c09b8f
2021-08-15 14:40:00 [info]: ::1 (GET) /titles/273b352a34374b898a850afd13c09b8f
2021-08-15 14:40:00 [info]: ::1 (GET) /users/452d341c136763dc/ratings/273b352a34374b898a850afd13c09b8f
2021-08-15 14:40:02 [info]: ::1 (PUT) /users/452d341c136763dc/ratings/273b352a34374b898a850afd13c09b8f
2021-08-15 14:40:04 [info]: ::1 (DELETE) /users/452d341c136763dc/ratings/273b352a34374b898a850afd13c09b8f
2021-08-15 14:40:09 [info]: ::1 (POST) /users/452d341c136763dc/ratings/273b352a34374b898a850afd13c09b8f
2021-08-15 14:40:13 [info]: ::1 (GET) /titles/273b352a34374b898a850afd13c09b8f
2021-08-15 14:40:13 [info]: ::1 (GET) /users/self
2021-08-15 14:40:13 [info]: ::1 (GET) /images/147f951d2d7a7905d542eb29e21d9985
2021-08-15 14:40:14 [info]: ::1 (GET) /users/452d341c136763dc/ratings/273b352a34374b898a850afd13c09b8f
2021-08-15 15:03:29 [info]: API listening at http://localhost:9000
2021-08-15 15:03:35 [info]: ::1 (GET) /titles/273b352a34374b898a850afd13c09b8f
2021-08-15 15:03:35 [info]: ::1 (GET) /users/self
2021-08-15 15:03:35 [info]: ::1 (GET) /images/147f951d2d7a7905d542eb29e21d9985
2021-08-15 15:03:35 [info]: ::1 (GET) /users/452d341c136763dc/ratings/273b352a34374b898a850afd13c09b8f
2021-08-15 15:04:52 [info]: API listening at http://localhost:9000
2021-08-15 15:04:54 [info]: ::1 (GET) /titles/273b352a34374b898a850afd13c09b8f
2021-08-15 15:04:54 [info]: ::1 (GET) /users/self
2021-08-15 15:04:54 [info]: ::1 (GET) /images/147f951d2d7a7905d542eb29e21d9985
2021-08-15 15:04:54 [info]: ::1 (GET) /users/452d341c136763dc/ratings/273b352a34374b898a850afd13c09b8f
2021-08-15 15:05:21 [info]: ::1 (GET) /titles/273b352a34374b898a850afd13c09b8f
2021-08-15 15:05:21 [info]: ::1 (GET) /users/self
2021-08-15 15:05:21 [info]: ::1 (GET) /images/147f951d2d7a7905d542eb29e21d9985
2021-08-15 15:05:22 [info]: ::1 (GET) /users/452d341c136763dc/ratings/273b352a34374b898a850afd13c09b8f
2021-08-15 15:07:28 [info]: ::1 (POST) /users/452d341c136763dc/ratings/273b352a34374b898a850afd13c09b8f
2021-08-15 15:07:29 [info]: ::1 (GET) /titles/273b352a34374b898a850afd13c09b8f
2021-08-15 15:07:29 [info]: ::1 (GET) /users/self
2021-08-15 15:07:29 [info]: ::1 (GET) /images/147f951d2d7a7905d542eb29e21d9985
2021-08-15 15:07:30 [info]: ::1 (GET) /users/452d341c136763dc/ratings/273b352a34374b898a850afd13c09b8f
2021-08-15 17:21:11 [info]: ::1 (GET) /pages/new
2021-08-15 17:21:11 [info]: ::1 (GET) /users/self
2021-08-15 17:21:11 [info]: ::1 (GET) /images/147f951d2d7a7905d542eb29e21d9985
2021-08-15 17:21:11 [info]: ::1 (GET) /images/ac46af1810ac97b181daade2bb07a8e1
2021-08-15 17:21:11 [info]: ::1 (GET) /images/5781d7fb63abb5ed2c5aaf46ad9c2876
2021-08-15 17:21:11 [info]: ::1 (GET) /images/04b3db58a9f3d49e12ef2442fb898720
2021-08-15 17:21:11 [info]: ::1 (GET) /images/1d7510521f38e6f5a7115944a8810d3c
2021-08-15 17:21:11 [info]: ::1 (GET) /images/ba2ee7125905e03394cb74dab2d6bcdc
2021-08-15 17:21:11 [info]: ::1 (GET) /images/53ed97785447e228a25a61b648a53af5
2021-08-15 17:21:11 [info]: ::1 (GET) /images/688df9523df0841a9e2e72880b0a447b
2021-08-15 17:21:11 [info]: ::1 (GET) /images/b45e55914bd6bed65a51fc0c73d56415
2021-08-15 17:21:11 [info]: ::1 (GET) /images/81cf1c59da84db64bce9aa06dab68796
2021-08-15 17:21:13 [info]: ::1 (GET) /titles/331baacfd33575c8ee2d976dc763457e
2021-08-15 17:21:13 [info]: ::1 (GET) /users/self
2021-08-15 17:21:13 [info]: ::1 (GET) /images/ac46af1810ac97b181daade2bb07a8e1
2021-08-15 17:21:13 [info]: ::1 (GET) /users/452d341c136763dc/ratings/331baacfd33575c8ee2d976dc763457e
2021-08-15 17:23:14 [info]: ::1 (GET) /titles/331baacfd33575c8ee2d976dc763457e
2021-08-15 17:23:14 [info]: ::1 (GET) /users/self
2021-08-15 17:23:14 [info]: ::1 (GET) /images/ac46af1810ac97b181daade2bb07a8e1
2021-08-15 17:23:14 [info]: ::1 (GET) /users/452d341c136763dc/ratings/331baacfd33575c8ee2d976dc763457e
2021-08-15 17:24:04 [info]: ::1 (POST) /users/452d341c136763dc/ratings/331baacfd33575c8ee2d976dc763457e
2021-08-15 17:24:04 [error]: Error: ER_DUP_ENTRY: Duplicate entry '452d341c136763dc' for key 'ratings.PRIMARY'
    at Query.Sequence._packetToError (D:\streamfinder\api\node_modules\mysql\lib\protocol\sequences\Sequence.js:47:14)
    at Query.ErrorPacket (D:\streamfinder\api\node_modules\mysql\lib\protocol\sequences\Query.js:79:18)
    at Protocol._parsePacket (D:\streamfinder\api\node_modules\mysql\lib\protocol\Protocol.js:291:23)
    at Parser._parsePacket (D:\streamfinder\api\node_modules\mysql\lib\protocol\Parser.js:433:10)
    at Parser.write (D:\streamfinder\api\node_modules\mysql\lib\protocol\Parser.js:43:10)
    at Protocol.write (D:\streamfinder\api\node_modules\mysql\lib\protocol\Protocol.js:38:16)
    at Socket.<anonymous> (D:\streamfinder\api\node_modules\mysql\lib\Connection.js:88:28)
    at Socket.<anonymous> (D:\streamfinder\api\node_modules\mysql\lib\Connection.js:526:10)
    at Socket.emit (events.js:200:13)
    at addChunk (_stream_readable.js:294:12)
    --------------------
    at Pool.query (D:\streamfinder\api\node_modules\mysql\lib\Pool.js:199:23)
    at D:\streamfinder\api\util.js:41:18
    at new Promise (<anonymous>)
    at Object.dbPromise (D:\streamfinder\api\util.js:40:16)
    at Object.insertUserRating (D:\streamfinder\api\controllers\user.rating.js:19:21)
    at Rating.insert (D:\streamfinder\api\models\rating.js:36:32)
    at D:\streamfinder\api\model_functions\user.js:183:27
    at processTicksAndRejections (internal/process/task_queues.js:89:5)
2021-08-15 17:24:07 [info]: ::1 (GET) /titles/331baacfd33575c8ee2d976dc763457e
2021-08-15 17:24:07 [info]: ::1 (GET) /users/self
2021-08-15 17:24:07 [info]: ::1 (GET) /images/ac46af1810ac97b181daade2bb07a8e1
2021-08-15 17:24:07 [info]: ::1 (GET) /users/452d341c136763dc/ratings/331baacfd33575c8ee2d976dc763457e
2021-08-15 17:24:09 [info]: ::1 (POST) /users/452d341c136763dc/ratings/331baacfd33575c8ee2d976dc763457e
2021-08-15 17:24:09 [error]: Error: ER_DUP_ENTRY: Duplicate entry '452d341c136763dc' for key 'ratings.PRIMARY'
    at Query.Sequence._packetToError (D:\streamfinder\api\node_modules\mysql\lib\protocol\sequences\Sequence.js:47:14)
    at Query.ErrorPacket (D:\streamfinder\api\node_modules\mysql\lib\protocol\sequences\Query.js:79:18)
    at Protocol._parsePacket (D:\streamfinder\api\node_modules\mysql\lib\protocol\Protocol.js:291:23)
    at Parser._parsePacket (D:\streamfinder\api\node_modules\mysql\lib\protocol\Parser.js:433:10)
    at Parser.write (D:\streamfinder\api\node_modules\mysql\lib\protocol\Parser.js:43:10)
    at Protocol.write (D:\streamfinder\api\node_modules\mysql\lib\protocol\Protocol.js:38:16)
    at Socket.<anonymous> (D:\streamfinder\api\node_modules\mysql\lib\Connection.js:88:28)
    at Socket.<anonymous> (D:\streamfinder\api\node_modules\mysql\lib\Connection.js:526:10)
    at Socket.emit (events.js:200:13)
    at addChunk (_stream_readable.js:294:12)
    --------------------
    at Pool.query (D:\streamfinder\api\node_modules\mysql\lib\Pool.js:199:23)
    at D:\streamfinder\api\util.js:41:18
    at new Promise (<anonymous>)
    at Object.dbPromise (D:\streamfinder\api\util.js:40:16)
    at Object.insertUserRating (D:\streamfinder\api\controllers\user.rating.js:19:21)
    at Rating.insert (D:\streamfinder\api\models\rating.js:36:32)
    at D:\streamfinder\api\model_functions\user.js:183:27
    at processTicksAndRejections (internal/process/task_queues.js:89:5)
2021-08-15 17:24:49 [info]: ::1 (GET) /titles/331baacfd33575c8ee2d976dc763457e
2021-08-15 17:24:49 [info]: ::1 (GET) /users/self
2021-08-15 17:24:49 [info]: ::1 (GET) /images/ac46af1810ac97b181daade2bb07a8e1
2021-08-15 17:24:50 [info]: ::1 (GET) /users/452d341c136763dc/ratings/331baacfd33575c8ee2d976dc763457e
2021-08-15 17:24:50 [info]: ::1 (POST) /users/452d341c136763dc/ratings/331baacfd33575c8ee2d976dc763457e
2021-08-15 17:24:53 [info]: ::1 (GET) /titles/331baacfd33575c8ee2d976dc763457e
2021-08-15 17:24:53 [info]: ::1 (GET) /users/self
2021-08-15 17:24:53 [info]: ::1 (GET) /images/ac46af1810ac97b181daade2bb07a8e1
2021-08-15 17:24:53 [info]: ::1 (GET) /users/452d341c136763dc/ratings/331baacfd33575c8ee2d976dc763457e
2021-08-15 17:25:06 [info]: ::1 (GET) /pages/new
2021-08-15 17:25:06 [info]: ::1 (GET) /users/self
2021-08-15 17:25:06 [info]: ::1 (GET) /images/ac46af1810ac97b181daade2bb07a8e1
2021-08-15 17:25:06 [info]: ::1 (GET) /images/147f951d2d7a7905d542eb29e21d9985
2021-08-15 17:25:06 [info]: ::1 (GET) /images/5781d7fb63abb5ed2c5aaf46ad9c2876
2021-08-15 17:25:06 [info]: ::1 (GET) /images/04b3db58a9f3d49e12ef2442fb898720
2021-08-15 17:25:06 [info]: ::1 (GET) /images/1d7510521f38e6f5a7115944a8810d3c
2021-08-15 17:25:06 [info]: ::1 (GET) /images/ba2ee7125905e03394cb74dab2d6bcdc
2021-08-15 17:25:06 [info]: ::1 (GET) /images/53ed97785447e228a25a61b648a53af5
2021-08-15 17:25:06 [info]: ::1 (GET) /images/688df9523df0841a9e2e72880b0a447b
2021-08-15 17:25:06 [info]: ::1 (GET) /images/b45e55914bd6bed65a51fc0c73d56415
2021-08-15 17:25:06 [info]: ::1 (GET) /images/81cf1c59da84db64bce9aa06dab68796
2021-08-15 17:25:17 [info]: ::1 (GET) /titles/7489557c0388f05eddf7df15f2fa9a10
2021-08-15 17:25:17 [info]: ::1 (GET) /users/self
2021-08-15 17:25:17 [info]: ::1 (GET) /images/81cf1c59da84db64bce9aa06dab68796
2021-08-15 17:25:17 [info]: ::1 (GET) /users/452d341c136763dc/ratings/7489557c0388f05eddf7df15f2fa9a10
2021-08-15 17:25:18 [info]: ::1 (POST) /users/452d341c136763dc/ratings/7489557c0388f05eddf7df15f2fa9a10
2021-08-15 17:25:20 [info]: ::1 (GET) /titles/7489557c0388f05eddf7df15f2fa9a10
2021-08-15 17:25:20 [info]: ::1 (GET) /users/self
2021-08-15 17:25:20 [info]: ::1 (GET) /images/81cf1c59da84db64bce9aa06dab68796
2021-08-15 17:25:20 [info]: ::1 (GET) /users/452d341c136763dc/ratings/7489557c0388f05eddf7df15f2fa9a10
2021-08-15 17:27:52 [info]: ::1 (GET) /auth
2021-08-15 17:27:52 [info]: ::1 (GET) /users/self
2021-08-15 17:27:54 [info]: ::1 (GET) /users/self
2021-08-15 17:27:54 [info]: ::1 (GET) /users
2021-08-15 17:28:07 [info]: ::1 (GET) /auth
2021-08-15 17:28:07 [error]: Error: Email/Username or password incorrect.
    at D:\streamfinder\api\models\token.js:43:27
    at processTicksAndRejections (internal/process/task_queues.js:89:5)
2021-08-15 17:28:16 [info]: ::1 (GET) /auth
2021-08-15 17:28:16 [error]: Error: Email/Username or password incorrect.
    at D:\streamfinder\api\models\token.js:43:27
    at processTicksAndRejections (internal/process/task_queues.js:89:5)
2021-08-15 17:28:32 [info]: ::1 (GET) /auth
2021-08-15 17:28:32 [error]: Error: Email/Username or password incorrect.
    at D:\streamfinder\api\models\token.js:43:27
    at processTicksAndRejections (internal/process/task_queues.js:89:5)
2021-08-15 17:28:44 [info]: ::1 (GET) /auth
2021-08-15 17:28:44 [error]: Error: Email/Username or password incorrect.
    at D:\streamfinder\api\models\token.js:43:27
    at processTicksAndRejections (internal/process/task_queues.js:89:5)
2021-08-15 17:29:01 [info]: ::1 (GET) /auth
2021-08-15 17:29:01 [info]: ::1 (GET) /users/self
2021-08-15 17:29:01 [info]: ::1 (GET) /users/e1704f75a02e617d/ratings/7489557c0388f05eddf7df15f2fa9a10
2021-08-15 17:29:06 [info]: ::1 (GET) /titles/7489557c0388f05eddf7df15f2fa9a10
2021-08-15 17:29:06 [info]: ::1 (GET) /users/self
2021-08-15 17:29:07 [info]: ::1 (GET) /images/81cf1c59da84db64bce9aa06dab68796
2021-08-15 17:29:07 [info]: ::1 (GET) /users/e1704f75a02e617d/ratings/7489557c0388f05eddf7df15f2fa9a10
2021-08-15 17:29:09 [info]: ::1 (POST) /users/e1704f75a02e617d/ratings/7489557c0388f05eddf7df15f2fa9a10
2021-08-15 17:29:11 [info]: ::1 (POST) /users/e1704f75a02e617d/ratings/7489557c0388f05eddf7df15f2fa9a10
2021-08-15 17:29:12 [info]: ::1 (GET) /titles/7489557c0388f05eddf7df15f2fa9a10
2021-08-15 17:29:12 [info]: ::1 (GET) /users/self
2021-08-15 17:29:12 [info]: ::1 (GET) /images/81cf1c59da84db64bce9aa06dab68796
2021-08-15 17:29:13 [info]: ::1 (GET) /users/e1704f75a02e617d/ratings/7489557c0388f05eddf7df15f2fa9a10
2021-08-15 17:29:14 [info]: ::1 (POST) /users/e1704f75a02e617d/ratings/7489557c0388f05eddf7df15f2fa9a10
2021-08-15 17:29:25 [info]: ::1 (GET) /users/self
2021-08-15 17:29:26 [info]: ::1 (GET) /pages/new
2021-08-15 17:29:26 [info]: ::1 (GET) /users/self
2021-08-15 17:29:26 [info]: ::1 (GET) /images/147f951d2d7a7905d542eb29e21d9985
2021-08-15 17:29:26 [info]: ::1 (GET) /images/ac46af1810ac97b181daade2bb07a8e1
2021-08-15 17:29:26 [info]: ::1 (GET) /images/5781d7fb63abb5ed2c5aaf46ad9c2876
2021-08-15 17:29:26 [info]: ::1 (GET) /images/04b3db58a9f3d49e12ef2442fb898720
2021-08-15 17:29:26 [info]: ::1 (GET) /images/1d7510521f38e6f5a7115944a8810d3c
2021-08-15 17:29:26 [info]: ::1 (GET) /images/ba2ee7125905e03394cb74dab2d6bcdc
2021-08-15 17:29:26 [info]: ::1 (GET) /images/53ed97785447e228a25a61b648a53af5
2021-08-15 17:29:26 [info]: ::1 (GET) /images/688df9523df0841a9e2e72880b0a447b
2021-08-15 17:29:26 [info]: ::1 (GET) /images/b45e55914bd6bed65a51fc0c73d56415
2021-08-15 17:29:26 [info]: ::1 (GET) /images/81cf1c59da84db64bce9aa06dab68796
2021-08-15 17:29:28 [info]: ::1 (GET) /titles/273b352a34374b898a850afd13c09b8f
2021-08-15 17:29:28 [info]: ::1 (GET) /users/self
2021-08-15 17:29:28 [info]: ::1 (GET) /images/147f951d2d7a7905d542eb29e21d9985
2021-08-15 17:29:28 [info]: ::1 (GET) /users/e1704f75a02e617d/ratings/273b352a34374b898a850afd13c09b8f
2021-08-15 17:29:31 [info]: ::1 (POST) /users/e1704f75a02e617d/ratings/273b352a34374b898a850afd13c09b8f
2021-08-15 17:29:36 [info]: ::1 (GET) /titles/273b352a34374b898a850afd13c09b8f
2021-08-15 17:29:36 [info]: ::1 (GET) /users/self
2021-08-15 17:29:36 [info]: ::1 (GET) /images/147f951d2d7a7905d542eb29e21d9985
2021-08-15 17:29:37 [info]: ::1 (GET) /users/e1704f75a02e617d/ratings/273b352a34374b898a850afd13c09b8f
2021-08-15 17:29:37 [info]: ::1 (POST) /users/e1704f75a02e617d/ratings/273b352a34374b898a850afd13c09b8f
2021-08-15 17:30:21 [info]: ::1 (POST) /users/e1704f75a02e617d/ratings/273b352a34374b898a850afd13c09b8f
2021-08-15 17:30:49 [info]: ::1 (POST) /users/e1704f75a02e617d/ratings/273b352a34374b898a850afd13c09b8f
2021-08-15 17:30:54 [info]: ::1 (POST) /users/e1704f75a02e617d/ratings/273b352a34374b898a850afd13c09b8f
2021-08-15 17:33:42 [info]: ::1 (POST) /users/e1704f75a02e617d/ratings/273b352a34374b898a850afd13c09b8f
2021-08-15 17:46:08 [info]: ::1 (POST) /users/e1704f75a02e617d/ratings/273b352a34374b898a850afd13c09b8f
2021-08-15 17:47:59 [info]: API listening at http://localhost:9000
2021-08-15 17:48:13 [info]: ::1 (POST) /users/e1704f75a02e617d/ratings/273b352a34374b898a850afd13c09b8f
2021-08-15 17:50:13 [info]: API listening at http://localhost:9000
2021-08-15 17:50:38 [info]: ::1 (POST) /users/e1704f75a02e617d/ratings/273b352a34374b898a850afd13c09b8f
2021-08-15 17:50:58 [info]: API listening at http://localhost:9000
2021-08-15 17:51:19 [info]: ::1 (POST) /users/e1704f75a02e617d/ratings/273b352a34374b898a850afd13c09b8f
2021-08-15 17:52:14 [info]: API listening at http://localhost:9000
2021-08-15 17:52:17 [info]: ::1 (POST) /users/e1704f75a02e617d/ratings/273b352a34374b898a850afd13c09b8f
2021-08-15 17:52:19 [info]: ::1 (GET) /titles/273b352a34374b898a850afd13c09b8f
2021-08-15 17:52:19 [info]: ::1 (GET) /users/self
2021-08-15 17:52:19 [info]: ::1 (GET) /images/147f951d2d7a7905d542eb29e21d9985
2021-08-15 17:52:19 [info]: ::1 (GET) /users/e1704f75a02e617d/ratings/273b352a34374b898a850afd13c09b8f
2021-08-15 17:52:21 [info]: ::1 (GET) /pages/new
2021-08-15 17:52:21 [info]: ::1 (GET) /users/self
2021-08-15 17:52:22 [info]: ::1 (GET) /images/147f951d2d7a7905d542eb29e21d9985
2021-08-15 17:52:22 [info]: ::1 (GET) /images/ac46af1810ac97b181daade2bb07a8e1
2021-08-15 17:52:22 [info]: ::1 (GET) /images/5781d7fb63abb5ed2c5aaf46ad9c2876
2021-08-15 17:52:22 [info]: ::1 (GET) /images/04b3db58a9f3d49e12ef2442fb898720
2021-08-15 17:52:22 [info]: ::1 (GET) /images/53ed97785447e228a25a61b648a53af5
2021-08-15 17:52:22 [info]: ::1 (GET) /images/1d7510521f38e6f5a7115944a8810d3c
2021-08-15 17:52:22 [info]: ::1 (GET) /images/ba2ee7125905e03394cb74dab2d6bcdc
2021-08-15 17:52:22 [info]: ::1 (GET) /images/b45e55914bd6bed65a51fc0c73d56415
2021-08-15 17:52:22 [info]: ::1 (GET) /images/688df9523df0841a9e2e72880b0a447b
2021-08-15 17:52:22 [info]: ::1 (GET) /images/81cf1c59da84db64bce9aa06dab68796
2021-08-15 17:52:22 [info]: ::1 (GET) /images/04b3db58a9f3d49e12ef2442fb898720
2021-08-15 17:52:25 [info]: ::1 (GET) /users/self
2021-08-15 17:52:25 [info]: ::1 (GET) /titles/7489557c0388f05eddf7df15f2fa9a10
2021-08-15 17:52:25 [info]: ::1 (GET) /images/81cf1c59da84db64bce9aa06dab68796
2021-08-15 17:52:26 [info]: ::1 (GET) /users/e1704f75a02e617d/ratings/7489557c0388f05eddf7df15f2fa9a10
2021-08-15 17:52:27 [info]: ::1 (POST) /users/e1704f75a02e617d/ratings/7489557c0388f05eddf7df15f2fa9a10
2021-08-15 17:52:28 [info]: ::1 (GET) /titles/7489557c0388f05eddf7df15f2fa9a10
2021-08-15 17:52:28 [info]: ::1 (GET) /users/self
2021-08-15 17:52:28 [info]: ::1 (GET) /images/81cf1c59da84db64bce9aa06dab68796
2021-08-15 17:52:28 [info]: ::1 (GET) /users/e1704f75a02e617d/ratings/7489557c0388f05eddf7df15f2fa9a10
2021-08-15 17:52:41 [info]: ::1 (GET) /pages/new
2021-08-15 17:52:41 [info]: ::1 (GET) /users/self
2021-08-15 17:52:41 [info]: ::1 (GET) /images/81cf1c59da84db64bce9aa06dab68796
2021-08-15 17:52:41 [info]: ::1 (GET) /images/147f951d2d7a7905d542eb29e21d9985
2021-08-15 17:52:41 [info]: ::1 (GET) /images/ac46af1810ac97b181daade2bb07a8e1
2021-08-15 17:52:41 [info]: ::1 (GET) /images/5781d7fb63abb5ed2c5aaf46ad9c2876
2021-08-15 17:52:41 [info]: ::1 (GET) /images/04b3db58a9f3d49e12ef2442fb898720
2021-08-15 17:52:41 [info]: ::1 (GET) /images/1d7510521f38e6f5a7115944a8810d3c
2021-08-15 17:52:41 [info]: ::1 (GET) /images/ba2ee7125905e03394cb74dab2d6bcdc
2021-08-15 17:52:41 [info]: ::1 (GET) /images/53ed97785447e228a25a61b648a53af5
2021-08-15 17:52:41 [info]: ::1 (GET) /images/688df9523df0841a9e2e72880b0a447b
2021-08-15 17:52:41 [info]: ::1 (GET) /images/b45e55914bd6bed65a51fc0c73d56415
2021-08-15 17:52:43 [info]: ::1 (GET) /titles/550e0559bce40144722421e1049afcf9
2021-08-15 17:52:43 [info]: ::1 (GET) /users/self
2021-08-15 17:52:43 [info]: ::1 (GET) /images/5781d7fb63abb5ed2c5aaf46ad9c2876
2021-08-15 17:52:43 [info]: ::1 (GET) /users/e1704f75a02e617d/ratings/550e0559bce40144722421e1049afcf9
2021-08-15 17:52:44 [info]: ::1 (GET) /pages/new
2021-08-15 17:52:44 [info]: ::1 (GET) /users/self
2021-08-15 17:52:45 [info]: ::1 (GET) /images/5781d7fb63abb5ed2c5aaf46ad9c2876
2021-08-15 17:52:45 [info]: ::1 (GET) /images/147f951d2d7a7905d542eb29e21d9985
2021-08-15 17:52:45 [info]: ::1 (GET) /images/ac46af1810ac97b181daade2bb07a8e1
2021-08-15 17:52:45 [info]: ::1 (GET) /images/04b3db58a9f3d49e12ef2442fb898720
2021-08-15 17:52:45 [info]: ::1 (GET) /images/1d7510521f38e6f5a7115944a8810d3c
2021-08-15 17:52:45 [info]: ::1 (GET) /images/ba2ee7125905e03394cb74dab2d6bcdc
2021-08-15 17:52:45 [info]: ::1 (GET) /images/53ed97785447e228a25a61b648a53af5
2021-08-15 17:52:45 [info]: ::1 (GET) /images/81cf1c59da84db64bce9aa06dab68796
2021-08-15 17:52:45 [info]: ::1 (GET) /images/688df9523df0841a9e2e72880b0a447b
2021-08-15 17:52:45 [info]: ::1 (GET) /images/b45e55914bd6bed65a51fc0c73d56415
2021-08-15 17:52:46 [info]: ::1 (GET) /users/self
2021-08-15 17:52:46 [info]: ::1 (GET) /titles/f5607848fa8eb02965200564483f2879
2021-08-15 17:52:46 [info]: ::1 (GET) /images/1d7510521f38e6f5a7115944a8810d3c
2021-08-15 17:52:46 [info]: ::1 (GET) /users/e1704f75a02e617d/ratings/f5607848fa8eb02965200564483f2879
2021-08-15 17:52:47 [info]: ::1 (GET) /pages/new
2021-08-15 17:52:47 [info]: ::1 (GET) /users/self
2021-08-15 17:52:47 [info]: ::1 (GET) /images/1d7510521f38e6f5a7115944a8810d3c
2021-08-15 17:52:47 [info]: ::1 (GET) /images/147f951d2d7a7905d542eb29e21d9985
2021-08-15 17:52:47 [info]: ::1 (GET) /images/ac46af1810ac97b181daade2bb07a8e1
2021-08-15 17:52:47 [info]: ::1 (GET) /images/5781d7fb63abb5ed2c5aaf46ad9c2876
2021-08-15 17:52:47 [info]: ::1 (GET) /images/04b3db58a9f3d49e12ef2442fb898720
2021-08-15 17:52:47 [info]: ::1 (GET) /images/ba2ee7125905e03394cb74dab2d6bcdc
2021-08-15 17:52:47 [info]: ::1 (GET) /images/53ed97785447e228a25a61b648a53af5
2021-08-15 17:52:47 [info]: ::1 (GET) /images/81cf1c59da84db64bce9aa06dab68796
2021-08-15 17:52:47 [info]: ::1 (GET) /images/b45e55914bd6bed65a51fc0c73d56415
2021-08-15 17:52:47 [info]: ::1 (GET) /images/688df9523df0841a9e2e72880b0a447b
2021-08-15 17:52:48 [info]: ::1 (GET) /users/self
2021-08-15 17:52:48 [info]: ::1 (GET) /titles/5fdfa44d35ff0862c84c411b46dce2df
2021-08-15 17:52:48 [info]: ::1 (GET) /images/ba2ee7125905e03394cb74dab2d6bcdc
2021-08-15 17:52:48 [info]: ::1 (GET) /users/e1704f75a02e617d/ratings/5fdfa44d35ff0862c84c411b46dce2df
2021-08-15 17:52:50 [info]: ::1 (GET) /pages/new
2021-08-15 17:52:50 [info]: ::1 (GET) /users/self
2021-08-15 17:52:50 [info]: ::1 (GET) /images/ba2ee7125905e03394cb74dab2d6bcdc
2021-08-15 17:52:50 [info]: ::1 (GET) /images/147f951d2d7a7905d542eb29e21d9985
2021-08-15 17:52:50 [info]: ::1 (GET) /images/ac46af1810ac97b181daade2bb07a8e1
2021-08-15 17:52:50 [info]: ::1 (GET) /images/5781d7fb63abb5ed2c5aaf46ad9c2876
2021-08-15 17:52:50 [info]: ::1 (GET) /images/04b3db58a9f3d49e12ef2442fb898720
2021-08-15 17:52:50 [info]: ::1 (GET) /images/1d7510521f38e6f5a7115944a8810d3c
2021-08-15 17:52:50 [info]: ::1 (GET) /images/53ed97785447e228a25a61b648a53af5
2021-08-15 17:52:50 [info]: ::1 (GET) /images/688df9523df0841a9e2e72880b0a447b
2021-08-15 17:52:50 [info]: ::1 (GET) /images/81cf1c59da84db64bce9aa06dab68796
2021-08-15 17:52:50 [info]: ::1 (GET) /images/b45e55914bd6bed65a51fc0c73d56415
2021-08-15 17:52:55 [info]: ::1 (GET) /users/self
2021-08-15 17:52:55 [info]: ::1 (GET) /titles/331baacfd33575c8ee2d976dc763457e
2021-08-15 17:52:55 [info]: ::1 (GET) /images/ac46af1810ac97b181daade2bb07a8e1
2021-08-15 17:52:55 [info]: ::1 (GET) /users/e1704f75a02e617d/ratings/331baacfd33575c8ee2d976dc763457e
2021-08-15 17:54:37 [info]: ::1 (POST) /users/e1704f75a02e617d/ratings/331baacfd33575c8ee2d976dc763457e
2021-08-15 17:54:42 [info]: ::1 (PUT) /users/e1704f75a02e617d/ratings/331baacfd33575c8ee2d976dc763457e
2021-08-15 17:54:44 [info]: ::1 (PUT) /users/e1704f75a02e617d/ratings/331baacfd33575c8ee2d976dc763457e
2021-08-15 18:08:30 [info]: ::1 (GET) /users/self
2021-08-15 18:08:36 [info]: ::1 (GET) /users/self
2021-08-15 18:08:40 [info]: ::1 (GET) /users/self
2021-08-15 18:16:43 [info]: ::1 (GET) /pages/new
2021-08-15 18:16:43 [info]: ::1 (GET) /images/147f951d2d7a7905d542eb29e21d9985
2021-08-15 18:16:43 [info]: ::1 (GET) /images/ac46af1810ac97b181daade2bb07a8e1
2021-08-15 18:16:43 [info]: ::1 (GET) /images/5781d7fb63abb5ed2c5aaf46ad9c2876
2021-08-15 18:16:43 [info]: ::1 (GET) /images/04b3db58a9f3d49e12ef2442fb898720
2021-08-15 18:16:43 [info]: ::1 (GET) /images/1d7510521f38e6f5a7115944a8810d3c
2021-08-15 18:16:43 [info]: ::1 (GET) /images/ba2ee7125905e03394cb74dab2d6bcdc
2021-08-15 18:16:43 [info]: ::1 (GET) /images/53ed97785447e228a25a61b648a53af5
2021-08-15 18:16:43 [info]: ::1 (GET) /images/688df9523df0841a9e2e72880b0a447b
2021-08-15 18:16:43 [info]: ::1 (GET) /images/b45e55914bd6bed65a51fc0c73d56415
2021-08-15 18:16:43 [info]: ::1 (GET) /images/81cf1c59da84db64bce9aa06dab68796
2021-08-15 18:16:43 [info]: ::1 (GET) /images/04b3db58a9f3d49e12ef2442fb898720
2021-08-15 18:16:45 [info]: ::1 (GET) /titles/273b352a34374b898a850afd13c09b8f
2021-08-15 18:16:45 [info]: ::1 (GET) /images/147f951d2d7a7905d542eb29e21d9985
