2021-08-05 09:53:46 [info]: ::1 (GET) /titles/bf037dbe11036e31af77a267082a82f7
2021-08-05 09:53:48 [info]: ::1 (GET) /titles/c806a0fff00005b96942277995f27a77
2021-08-05 09:53:49 [info]: ::1 (GET) /titles/807adc6de64d53e84837aa7383e90a6c
2021-08-05 09:53:51 [info]: ::1 (GET) /titles/78139ee3a77a51ed6978220888edd098
2021-08-05 09:53:54 [info]: ::1 (GET) /titles/da9c985110156d0027e6ead301f06690
2021-08-05 10:00:17 [info]: ::1 (GET) /titles
2021-08-05 10:00:17 [info]: ::1 (GET) /users/self
2021-08-05 10:00:17 [info]: ::1 (GET) /titles/da9c985110156d0027e6ead301f06690
2021-08-05 10:02:19 [info]: ::1 (GET) /titles
2021-08-05 10:02:19 [info]: ::1 (GET) /users/self
2021-08-05 10:02:19 [info]: ::1 (GET) /titles/da9c985110156d0027e6ead301f06690
2021-08-05 10:02:57 [info]: ::1 (GET) /titles
2021-08-05 10:02:57 [info]: ::1 (GET) /users/self
2021-08-05 10:02:57 [info]: ::1 (GET) /titles/da9c985110156d0027e6ead301f06690
2021-08-05 10:06:32 [info]: ::1 (GET) /titles
2021-08-05 10:06:32 [info]: ::1 (GET) /users/self
2021-08-05 10:06:32 [info]: ::1 (GET) /titles/da9c985110156d0027e6ead301f06690
2021-08-05 10:07:06 [info]: ::1 (GET) /titles
2021-08-05 10:07:06 [info]: ::1 (GET) /users/self
2021-08-05 10:07:06 [info]: ::1 (GET) /titles/da9c985110156d0027e6ead301f06690
2021-08-05 10:09:08 [info]: ::1 (GET) /titles
2021-08-05 10:09:08 [info]: ::1 (GET) /users/self
2021-08-05 10:09:08 [info]: ::1 (GET) /titles/da9c985110156d0027e6ead301f06690
2021-08-05 10:09:51 [info]: ::1 (GET) /titles
2021-08-05 10:09:51 [info]: ::1 (GET) /users/self
2021-08-05 10:09:51 [info]: ::1 (GET) /titles/da9c985110156d0027e6ead301f06690
2021-08-05 10:10:06 [info]: ::1 (GET) /titles
2021-08-05 10:10:06 [info]: ::1 (GET) /users/self
2021-08-05 10:10:06 [info]: ::1 (GET) /titles/da9c985110156d0027e6ead301f06690
2021-08-05 10:10:15 [info]: ::1 (GET) /titles
2021-08-05 10:10:15 [info]: ::1 (GET) /users/self
2021-08-05 10:10:15 [info]: ::1 (GET) /titles/da9c985110156d0027e6ead301f06690
2021-08-05 10:13:49 [info]: ::1 (GET) /users
2021-08-05 10:13:49 [info]: ::1 (GET) /users/self
2021-08-05 10:13:50 [info]: ::1 (GET) /users/8bc22a8f766a2d7f
2021-08-05 10:16:06 [info]: ::1 (GET) /users
2021-08-05 10:16:06 [info]: ::1 (GET) /users/self
2021-08-05 10:16:07 [info]: ::1 (GET) /images
2021-08-05 10:16:07 [info]: ::1 (GET) /users/self
2021-08-05 10:16:07 [info]: ::1 (GET) /images/04b3db58a9f3d49e12ef2442fb898720
2021-08-05 10:16:07 [info]: ::1 (GET) /images/147f951d2d7a7905d542eb29e21d9985
2021-08-05 10:16:07 [info]: ::1 (GET) /images/14fe5f41b1c5c552acdd1a1c12680256
2021-08-05 10:16:07 [info]: ::1 (GET) /images/7edda3eb7ab91b2f03d8f2ef336456b9
2021-08-05 10:16:07 [info]: ::1 (GET) /images/b3de2f0ca5ec81aa17c7784b44445f4e
2021-08-05 10:17:04 [info]: ::1 (GET) /images
2021-08-05 10:17:04 [info]: ::1 (GET) /users/self
2021-08-05 10:17:04 [info]: ::1 (GET) /images/04b3db58a9f3d49e12ef2442fb898720
2021-08-05 10:17:04 [info]: ::1 (GET) /images/147f951d2d7a7905d542eb29e21d9985
2021-08-05 10:17:04 [info]: ::1 (GET) /images/14fe5f41b1c5c552acdd1a1c12680256
2021-08-05 10:17:04 [info]: ::1 (GET) /images/7edda3eb7ab91b2f03d8f2ef336456b9
2021-08-05 10:17:04 [info]: ::1 (GET) /images/b3de2f0ca5ec81aa17c7784b44445f4e
2021-08-05 10:17:31 [info]: ::1 (POST) /images/
2021-08-05 10:17:31 [info]: ::1 (GET) /images
2021-08-05 10:17:31 [info]: ::1 (GET) /images/04b3db58a9f3d49e12ef2442fb898720
2021-08-05 10:17:31 [info]: ::1 (GET) /images/147f951d2d7a7905d542eb29e21d9985
2021-08-05 10:17:31 [info]: ::1 (GET) /images/6c4f87452437ac6feb2dceaae9e9b101
2021-08-05 10:17:31 [info]: ::1 (GET) /images/14fe5f41b1c5c552acdd1a1c12680256
2021-08-05 10:17:31 [info]: ::1 (GET) /images/7edda3eb7ab91b2f03d8f2ef336456b9
2021-08-05 10:17:31 [info]: ::1 (GET) /images/b3de2f0ca5ec81aa17c7784b44445f4e
2021-08-05 10:17:33 [info]: ::1 (GET) /images/6c4f87452437ac6feb2dceaae9e9b101/info
2021-08-05 10:17:33 [info]: ::1 (GET) /images/6c4f87452437ac6feb2dceaae9e9b101
2021-08-05 10:17:45 [info]: ::1 (PUT) /images/6c4f87452437ac6feb2dceaae9e9b101
2021-08-05 10:18:34 [info]: ::1 (GET) /images/04b3db58a9f3d49e12ef2442fb898720
2021-08-05 10:18:34 [info]: ::1 (GET) /images/147f951d2d7a7905d542eb29e21d9985
2021-08-05 10:18:34 [info]: ::1 (GET) /images/6c4f87452437ac6feb2dceaae9e9b101
2021-08-05 10:18:34 [info]: ::1 (GET) /images/14fe5f41b1c5c552acdd1a1c12680256
2021-08-05 10:18:34 [info]: ::1 (GET) /images/7edda3eb7ab91b2f03d8f2ef336456b9
2021-08-05 10:18:34 [info]: ::1 (GET) /images/b3de2f0ca5ec81aa17c7784b44445f4e
2021-08-05 10:18:57 [info]: ::1 (GET) /images/04b3db58a9f3d49e12ef2442fb898720
2021-08-05 10:18:57 [info]: ::1 (GET) /images/14fe5f41b1c5c552acdd1a1c12680256
2021-08-05 10:18:57 [info]: ::1 (GET) /images/147f951d2d7a7905d542eb29e21d9985
2021-08-05 10:18:57 [info]: ::1 (GET) /images/6c4f87452437ac6feb2dceaae9e9b101
2021-08-05 10:18:57 [info]: ::1 (GET) /images/7edda3eb7ab91b2f03d8f2ef336456b9
2021-08-05 10:18:57 [info]: ::1 (GET) /images/b3de2f0ca5ec81aa17c7784b44445f4e
2021-08-05 10:19:48 [info]: ::1 (GET) /images/04b3db58a9f3d49e12ef2442fb898720
2021-08-05 10:19:48 [info]: ::1 (GET) /images/147f951d2d7a7905d542eb29e21d9985
2021-08-05 10:19:48 [info]: ::1 (GET) /images/14fe5f41b1c5c552acdd1a1c12680256
2021-08-05 10:19:48 [info]: ::1 (GET) /images/6c4f87452437ac6feb2dceaae9e9b101
2021-08-05 10:19:48 [info]: ::1 (GET) /images/7edda3eb7ab91b2f03d8f2ef336456b9
2021-08-05 10:19:48 [info]: ::1 (GET) /images/b3de2f0ca5ec81aa17c7784b44445f4e
2021-08-05 10:19:58 [info]: ::1 (PUT) /images/6c4f87452437ac6feb2dceaae9e9b101
2021-08-05 10:20:03 [info]: ::1 (PUT) /images/6c4f87452437ac6feb2dceaae9e9b101
2021-08-05 10:20:11 [info]: ::1 (DELETE) /images/6c4f87452437ac6feb2dceaae9e9b101
2021-08-05 10:20:11 [info]: ::1 (GET) /images
2021-08-05 10:20:11 [info]: ::1 (GET) /images/04b3db58a9f3d49e12ef2442fb898720
2021-08-05 10:20:11 [info]: ::1 (GET) /images/147f951d2d7a7905d542eb29e21d9985
2021-08-05 10:20:11 [info]: ::1 (GET) /images/14fe5f41b1c5c552acdd1a1c12680256
2021-08-05 10:20:11 [info]: ::1 (GET) /images/7edda3eb7ab91b2f03d8f2ef336456b9
2021-08-05 10:20:11 [info]: ::1 (GET) /images/b3de2f0ca5ec81aa17c7784b44445f4e
2021-08-05 10:20:29 [info]: ::1 (GET) /titles
2021-08-05 10:20:29 [info]: ::1 (GET) /users/self
2021-08-05 10:20:33 [info]: ::1 (GET) /users
2021-08-05 10:20:33 [info]: ::1 (GET) /users/self
2021-08-05 10:20:37 [info]: ::1 (GET) /titles
2021-08-05 10:20:37 [info]: ::1 (GET) /users/self
2021-08-05 10:20:38 [info]: ::1 (GET) /users
2021-08-05 10:20:38 [info]: ::1 (GET) /users/self
2021-08-05 10:20:48 [info]: ::1 (GET) /users/f6805e986d978ac0
2021-08-05 10:20:53 [info]: ::1 (GET) /titles
2021-08-05 10:20:53 [info]: ::1 (GET) /users/self
2021-08-05 10:20:54 [info]: ::1 (GET) /titles/273b352a34374b898a850afd13c09b8f
2021-08-05 10:21:10 [info]: ::1 (GET) /titles/da9c985110156d0027e6ead301f06690
2021-08-05 10:21:27 [info]: ::1 (GET) /images
2021-08-05 10:21:27 [info]: ::1 (GET) /users/self
2021-08-05 10:21:27 [info]: ::1 (GET) /images/04b3db58a9f3d49e12ef2442fb898720
2021-08-05 10:21:27 [info]: ::1 (GET) /images/147f951d2d7a7905d542eb29e21d9985
2021-08-05 10:21:27 [info]: ::1 (GET) /images/14fe5f41b1c5c552acdd1a1c12680256
2021-08-05 10:21:27 [info]: ::1 (GET) /images/7edda3eb7ab91b2f03d8f2ef336456b9
2021-08-05 10:21:27 [info]: ::1 (GET) /images/b3de2f0ca5ec81aa17c7784b44445f4e
2021-08-05 10:21:28 [info]: ::1 (GET) /images/147f951d2d7a7905d542eb29e21d9985/info
2021-08-05 10:21:28 [info]: ::1 (GET) /images/147f951d2d7a7905d542eb29e21d9985
2021-08-05 10:22:51 [info]: ::1 (GET) /images/14fe5f41b1c5c552acdd1a1c12680256/info
2021-08-05 10:22:51 [info]: ::1 (GET) /images/14fe5f41b1c5c552acdd1a1c12680256
2021-08-05 10:23:19 [info]: ::1 (PUT) /images/14fe5f41b1c5c552acdd1a1c12680256
2021-08-05 10:23:23 [info]: ::1 (GET) /images/04b3db58a9f3d49e12ef2442fb898720/info
2021-08-05 10:23:23 [info]: ::1 (GET) /images/04b3db58a9f3d49e12ef2442fb898720
2021-08-05 10:23:27 [info]: ::1 (PUT) /images/04b3db58a9f3d49e12ef2442fb898720
2021-08-05 10:23:32 [info]: ::1 (GET) /images/b3de2f0ca5ec81aa17c7784b44445f4e/info
2021-08-05 10:23:32 [info]: ::1 (GET) /images/b3de2f0ca5ec81aa17c7784b44445f4e
2021-08-05 10:23:56 [info]: ::1 (GET) /images
2021-08-05 10:23:56 [info]: ::1 (GET) /users/self
2021-08-05 10:23:56 [info]: ::1 (GET) /images/04b3db58a9f3d49e12ef2442fb898720
2021-08-05 10:23:56 [info]: ::1 (GET) /images/14fe5f41b1c5c552acdd1a1c12680256
2021-08-05 10:23:56 [info]: ::1 (GET) /images/147f951d2d7a7905d542eb29e21d9985
2021-08-05 10:23:56 [info]: ::1 (GET) /images/7edda3eb7ab91b2f03d8f2ef336456b9
2021-08-05 10:23:56 [info]: ::1 (GET) /images/b3de2f0ca5ec81aa17c7784b44445f4e
2021-08-05 10:23:58 [info]: ::1 (GET) /images/b3de2f0ca5ec81aa17c7784b44445f4e/info
2021-08-05 10:23:58 [info]: ::1 (GET) /images/b3de2f0ca5ec81aa17c7784b44445f4e
2021-08-05 10:24:02 [info]: ::1 (PUT) /images/b3de2f0ca5ec81aa17c7784b44445f4e
2021-08-05 10:24:36 [info]: ::1 (GET) /images
2021-08-05 10:24:36 [info]: ::1 (GET) /users/self
2021-08-05 10:24:36 [info]: ::1 (GET) /images/04b3db58a9f3d49e12ef2442fb898720
2021-08-05 10:24:36 [info]: ::1 (GET) /images/147f951d2d7a7905d542eb29e21d9985
2021-08-05 10:24:36 [info]: ::1 (GET) /images/b3de2f0ca5ec81aa17c7784b44445f4e
2021-08-05 10:24:36 [info]: ::1 (GET) /images/14fe5f41b1c5c552acdd1a1c12680256
2021-08-05 10:24:36 [info]: ::1 (GET) /images/7edda3eb7ab91b2f03d8f2ef336456b9
2021-08-05 10:24:37 [info]: ::1 (GET) /images/04b3db58a9f3d49e12ef2442fb898720/info
2021-08-05 10:24:37 [info]: ::1 (GET) /images/04b3db58a9f3d49e12ef2442fb898720
2021-08-05 10:27:13 [info]: ::1 (GET) /images/04b3db58a9f3d49e12ef2442fb898720/info
2021-08-05 10:27:13 [info]: ::1 (GET) /images/04b3db58a9f3d49e12ef2442fb898720
2021-08-05 10:30:17 [info]: ::1 (GET) /images/04b3db58a9f3d49e12ef2442fb898720/info
2021-08-05 10:30:17 [info]: ::1 (GET) /images/04b3db58a9f3d49e12ef2442fb898720
2021-08-05 10:30:21 [info]: ::1 (GET) /images
2021-08-05 10:30:21 [info]: ::1 (GET) /users/self
2021-08-05 10:30:21 [info]: ::1 (GET) /images/04b3db58a9f3d49e12ef2442fb898720/info
2021-08-05 10:30:21 [info]: ::1 (GET) /images/04b3db58a9f3d49e12ef2442fb898720
2021-08-05 10:30:21 [info]: ::1 (GET) /images/147f951d2d7a7905d542eb29e21d9985
2021-08-05 10:30:21 [info]: ::1 (GET) /images/14fe5f41b1c5c552acdd1a1c12680256
2021-08-05 10:30:21 [info]: ::1 (GET) /images/7edda3eb7ab91b2f03d8f2ef336456b9
2021-08-05 10:30:21 [info]: ::1 (GET) /images/b3de2f0ca5ec81aa17c7784b44445f4e
2021-08-05 10:30:21 [info]: ::1 (GET) /images/04b3db58a9f3d49e12ef2442fb898720
2021-08-05 10:31:22 [info]: ::1 (GET) /images/04b3db58a9f3d49e12ef2442fb898720/info
2021-08-05 10:31:23 [info]: ::1 (GET) /images/04b3db58a9f3d49e12ef2442fb898720
2021-08-05 10:31:26 [info]: ::1 (GET) /images
2021-08-05 10:31:26 [info]: ::1 (GET) /users/self
2021-08-05 10:31:26 [info]: ::1 (GET) /images/04b3db58a9f3d49e12ef2442fb898720/info
2021-08-05 10:31:26 [info]: ::1 (GET) /images/04b3db58a9f3d49e12ef2442fb898720
2021-08-05 10:31:26 [info]: ::1 (GET) /images/147f951d2d7a7905d542eb29e21d9985
2021-08-05 10:31:26 [info]: ::1 (GET) /images/7edda3eb7ab91b2f03d8f2ef336456b9
2021-08-05 10:31:26 [info]: ::1 (GET) /images/b3de2f0ca5ec81aa17c7784b44445f4e
2021-08-05 10:31:26 [info]: ::1 (GET) /images/14fe5f41b1c5c552acdd1a1c12680256
2021-08-05 10:31:26 [info]: ::1 (GET) /images/04b3db58a9f3d49e12ef2442fb898720
2021-08-05 10:31:47 [info]: ::1 (GET) /images/04b3db58a9f3d49e12ef2442fb898720/info
2021-08-05 10:31:47 [info]: ::1 (GET) /images/04b3db58a9f3d49e12ef2442fb898720
2021-08-05 10:32:00 [info]: ::1 (GET) /images/04b3db58a9f3d49e12ef2442fb898720/info
2021-08-05 10:32:00 [info]: ::1 (GET) /images/04b3db58a9f3d49e12ef2442fb898720
2021-08-05 10:32:27 [info]: ::1 (GET) /images/04b3db58a9f3d49e12ef2442fb898720/info
2021-08-05 10:32:27 [info]: ::1 (GET) /images/04b3db58a9f3d49e12ef2442fb898720
2021-08-05 10:33:10 [info]: ::1 (GET) /images/04b3db58a9f3d49e12ef2442fb898720/info
2021-08-05 10:33:10 [info]: ::1 (GET) /images/04b3db58a9f3d49e12ef2442fb898720
2021-08-05 10:33:47 [info]: ::1 (GET) /images/04b3db58a9f3d49e12ef2442fb898720/info
2021-08-05 10:33:47 [info]: ::1 (GET) /images/04b3db58a9f3d49e12ef2442fb898720
2021-08-05 10:34:18 [info]: ::1 (GET) /images/04b3db58a9f3d49e12ef2442fb898720/info
2021-08-05 10:34:18 [info]: ::1 (GET) /images/04b3db58a9f3d49e12ef2442fb898720
2021-08-05 10:34:24 [info]: ::1 (GET) /images
2021-08-05 10:34:24 [info]: ::1 (GET) /users/self
2021-08-05 10:34:24 [info]: ::1 (GET) /images/04b3db58a9f3d49e12ef2442fb898720/info
2021-08-05 10:34:24 [info]: ::1 (GET) /images/04b3db58a9f3d49e12ef2442fb898720
2021-08-05 10:34:24 [info]: ::1 (GET) /images/147f951d2d7a7905d542eb29e21d9985
2021-08-05 10:34:24 [info]: ::1 (GET) /images/14fe5f41b1c5c552acdd1a1c12680256
2021-08-05 10:34:24 [info]: ::1 (GET) /images/7edda3eb7ab91b2f03d8f2ef336456b9
2021-08-05 10:34:24 [info]: ::1 (GET) /images/b3de2f0ca5ec81aa17c7784b44445f4e
2021-08-05 10:34:24 [info]: ::1 (GET) /images/04b3db58a9f3d49e12ef2442fb898720
2021-08-05 10:35:08 [info]: ::1 (GET) /images/04b3db58a9f3d49e12ef2442fb898720/info
2021-08-05 10:35:08 [info]: ::1 (GET) /images/04b3db58a9f3d49e12ef2442fb898720
2021-08-05 10:35:24 [info]: ::1 (GET) /images/04b3db58a9f3d49e12ef2442fb898720/info
2021-08-05 10:35:25 [info]: ::1 (GET) /images/04b3db58a9f3d49e12ef2442fb898720
2021-08-05 10:35:35 [info]: ::1 (GET) /images/04b3db58a9f3d49e12ef2442fb898720/info
2021-08-05 10:35:35 [info]: ::1 (GET) /images/04b3db58a9f3d49e12ef2442fb898720
2021-08-05 10:36:01 [info]: ::1 (GET) /images
2021-08-05 10:36:01 [info]: ::1 (GET) /users/self
2021-08-05 10:36:01 [info]: ::1 (GET) /images/04b3db58a9f3d49e12ef2442fb898720/info
2021-08-05 10:36:01 [info]: ::1 (GET) /images/04b3db58a9f3d49e12ef2442fb898720
2021-08-05 10:36:01 [info]: ::1 (GET) /images/147f951d2d7a7905d542eb29e21d9985
2021-08-05 10:36:01 [info]: ::1 (GET) /images/14fe5f41b1c5c552acdd1a1c12680256
2021-08-05 10:36:01 [info]: ::1 (GET) /images/7edda3eb7ab91b2f03d8f2ef336456b9
2021-08-05 10:36:01 [info]: ::1 (GET) /images/b3de2f0ca5ec81aa17c7784b44445f4e
2021-08-05 10:36:01 [info]: ::1 (GET) /images/04b3db58a9f3d49e12ef2442fb898720
2021-08-05 10:36:37 [info]: ::1 (GET) /images/04b3db58a9f3d49e12ef2442fb898720/info
2021-08-05 10:36:37 [info]: ::1 (GET) /images/04b3db58a9f3d49e12ef2442fb898720
2021-08-05 10:36:47 [info]: ::1 (GET) /images/04b3db58a9f3d49e12ef2442fb898720/info
2021-08-05 10:36:47 [info]: ::1 (GET) /images/04b3db58a9f3d49e12ef2442fb898720
2021-08-05 10:36:53 [info]: ::1 (GET) /images
2021-08-05 10:36:53 [info]: ::1 (GET) /users/self
2021-08-05 10:36:53 [info]: ::1 (GET) /images/04b3db58a9f3d49e12ef2442fb898720/info
2021-08-05 10:36:53 [info]: ::1 (GET) /images/04b3db58a9f3d49e12ef2442fb898720
2021-08-05 10:36:53 [info]: ::1 (GET) /images/147f951d2d7a7905d542eb29e21d9985
2021-08-05 10:36:53 [info]: ::1 (GET) /images/14fe5f41b1c5c552acdd1a1c12680256
2021-08-05 10:36:53 [info]: ::1 (GET) /images/7edda3eb7ab91b2f03d8f2ef336456b9
2021-08-05 10:36:53 [info]: ::1 (GET) /images/b3de2f0ca5ec81aa17c7784b44445f4e
2021-08-05 10:36:53 [info]: ::1 (GET) /images/04b3db58a9f3d49e12ef2442fb898720
2021-08-05 10:37:07 [info]: ::1 (GET) /images/04b3db58a9f3d49e12ef2442fb898720/info
2021-08-05 10:37:07 [info]: ::1 (GET) /images/04b3db58a9f3d49e12ef2442fb898720
2021-08-05 10:37:22 [info]: ::1 (GET) /images
2021-08-05 10:37:22 [info]: ::1 (GET) /users/self
2021-08-05 10:37:22 [info]: ::1 (GET) /images/04b3db58a9f3d49e12ef2442fb898720/info
2021-08-05 10:37:22 [info]: ::1 (GET) /images/04b3db58a9f3d49e12ef2442fb898720
2021-08-05 10:37:22 [info]: ::1 (GET) /images/147f951d2d7a7905d542eb29e21d9985
2021-08-05 10:37:22 [info]: ::1 (GET) /images/14fe5f41b1c5c552acdd1a1c12680256
2021-08-05 10:37:22 [info]: ::1 (GET) /images/7edda3eb7ab91b2f03d8f2ef336456b9
2021-08-05 10:37:22 [info]: ::1 (GET) /images/b3de2f0ca5ec81aa17c7784b44445f4e
2021-08-05 10:37:22 [info]: ::1 (GET) /images/04b3db58a9f3d49e12ef2442fb898720
2021-08-05 10:38:21 [info]: ::1 (GET) /images/04b3db58a9f3d49e12ef2442fb898720/info
2021-08-05 10:38:21 [info]: ::1 (GET) /images/04b3db58a9f3d49e12ef2442fb898720
2021-08-05 10:38:22 [info]: ::1 (GET) /images
2021-08-05 10:38:22 [info]: ::1 (GET) /users/self
2021-08-05 10:38:22 [info]: ::1 (GET) /images/04b3db58a9f3d49e12ef2442fb898720/info
2021-08-05 10:38:22 [info]: ::1 (GET) /images/04b3db58a9f3d49e12ef2442fb898720
2021-08-05 10:38:22 [info]: ::1 (GET) /images/147f951d2d7a7905d542eb29e21d9985
2021-08-05 10:38:22 [info]: ::1 (GET) /images/14fe5f41b1c5c552acdd1a1c12680256
2021-08-05 10:38:22 [info]: ::1 (GET) /images/7edda3eb7ab91b2f03d8f2ef336456b9
2021-08-05 10:38:22 [info]: ::1 (GET) /images/b3de2f0ca5ec81aa17c7784b44445f4e
2021-08-05 10:38:22 [info]: ::1 (GET) /images/04b3db58a9f3d49e12ef2442fb898720
2021-08-05 10:38:39 [info]: ::1 (GET) /images/04b3db58a9f3d49e12ef2442fb898720/info
2021-08-05 10:38:40 [info]: ::1 (GET) /images/04b3db58a9f3d49e12ef2442fb898720
2021-08-05 10:38:40 [info]: ::1 (GET) /images
2021-08-05 10:38:40 [info]: ::1 (GET) /users/self
2021-08-05 10:38:40 [info]: ::1 (GET) /images/04b3db58a9f3d49e12ef2442fb898720/info
2021-08-05 10:38:40 [info]: ::1 (GET) /images/04b3db58a9f3d49e12ef2442fb898720
2021-08-05 10:38:40 [info]: ::1 (GET) /images/147f951d2d7a7905d542eb29e21d9985
2021-08-05 10:38:40 [info]: ::1 (GET) /images/14fe5f41b1c5c552acdd1a1c12680256
2021-08-05 10:38:40 [info]: ::1 (GET) /images/7edda3eb7ab91b2f03d8f2ef336456b9
2021-08-05 10:38:40 [info]: ::1 (GET) /images/b3de2f0ca5ec81aa17c7784b44445f4e
2021-08-05 10:38:40 [info]: ::1 (GET) /images/04b3db58a9f3d49e12ef2442fb898720
2021-08-05 10:38:54 [info]: ::1 (GET) /images/04b3db58a9f3d49e12ef2442fb898720/info
2021-08-05 10:38:54 [info]: ::1 (GET) /images/04b3db58a9f3d49e12ef2442fb898720
2021-08-05 10:38:55 [info]: ::1 (GET) /images
2021-08-05 10:38:55 [info]: ::1 (GET) /users/self
2021-08-05 10:38:55 [info]: ::1 (GET) /images/04b3db58a9f3d49e12ef2442fb898720/info
2021-08-05 10:38:55 [info]: ::1 (GET) /images/04b3db58a9f3d49e12ef2442fb898720
2021-08-05 10:38:55 [info]: ::1 (GET) /images/147f951d2d7a7905d542eb29e21d9985
2021-08-05 10:38:55 [info]: ::1 (GET) /images/14fe5f41b1c5c552acdd1a1c12680256
2021-08-05 10:38:55 [info]: ::1 (GET) /images/7edda3eb7ab91b2f03d8f2ef336456b9
2021-08-05 10:38:55 [info]: ::1 (GET) /images/b3de2f0ca5ec81aa17c7784b44445f4e
2021-08-05 10:38:55 [info]: ::1 (GET) /images/04b3db58a9f3d49e12ef2442fb898720
2021-08-05 10:39:13 [info]: ::1 (GET) /images/04b3db58a9f3d49e12ef2442fb898720/info
2021-08-05 10:39:13 [info]: ::1 (GET) /images/04b3db58a9f3d49e12ef2442fb898720
2021-08-05 10:39:31 [info]: ::1 (GET) /images/04b3db58a9f3d49e12ef2442fb898720/info
2021-08-05 10:39:31 [info]: ::1 (GET) /images/04b3db58a9f3d49e12ef2442fb898720
2021-08-05 10:39:35 [info]: ::1 (GET) /images
2021-08-05 10:39:35 [info]: ::1 (GET) /users/self
2021-08-05 10:39:35 [info]: ::1 (GET) /images/04b3db58a9f3d49e12ef2442fb898720/info
2021-08-05 10:39:35 [info]: ::1 (GET) /images/04b3db58a9f3d49e12ef2442fb898720
2021-08-05 10:39:35 [info]: ::1 (GET) /images/147f951d2d7a7905d542eb29e21d9985
2021-08-05 10:39:35 [info]: ::1 (GET) /images/14fe5f41b1c5c552acdd1a1c12680256
2021-08-05 10:39:35 [info]: ::1 (GET) /images/7edda3eb7ab91b2f03d8f2ef336456b9
2021-08-05 10:39:35 [info]: ::1 (GET) /images/b3de2f0ca5ec81aa17c7784b44445f4e
2021-08-05 10:39:35 [info]: ::1 (GET) /images/04b3db58a9f3d49e12ef2442fb898720
2021-08-05 10:40:11 [info]: ::1 (GET) /images/04b3db58a9f3d49e12ef2442fb898720/info
2021-08-05 10:40:11 [info]: ::1 (GET) /images/04b3db58a9f3d49e12ef2442fb898720
2021-08-05 10:40:12 [info]: ::1 (GET) /users/self
2021-08-05 10:40:12 [info]: ::1 (GET) /images
2021-08-05 10:40:12 [info]: ::1 (GET) /images/04b3db58a9f3d49e12ef2442fb898720/info
2021-08-05 10:40:12 [info]: ::1 (GET) /images/04b3db58a9f3d49e12ef2442fb898720
2021-08-05 10:40:12 [info]: ::1 (GET) /images/147f951d2d7a7905d542eb29e21d9985
2021-08-05 10:40:12 [info]: ::1 (GET) /images/14fe5f41b1c5c552acdd1a1c12680256
2021-08-05 10:40:12 [info]: ::1 (GET) /images/b3de2f0ca5ec81aa17c7784b44445f4e
2021-08-05 10:40:12 [info]: ::1 (GET) /images/7edda3eb7ab91b2f03d8f2ef336456b9
2021-08-05 10:40:12 [info]: ::1 (GET) /images/04b3db58a9f3d49e12ef2442fb898720
2021-08-05 10:40:38 [info]: ::1 (GET) /images/04b3db58a9f3d49e12ef2442fb898720/info
2021-08-05 10:40:38 [info]: ::1 (GET) /images/04b3db58a9f3d49e12ef2442fb898720
2021-08-05 10:40:39 [info]: ::1 (GET) /images
2021-08-05 10:40:39 [info]: ::1 (GET) /users/self
2021-08-05 10:40:39 [info]: ::1 (GET) /images/04b3db58a9f3d49e12ef2442fb898720/info
2021-08-05 10:40:39 [info]: ::1 (GET) /images/04b3db58a9f3d49e12ef2442fb898720
2021-08-05 10:40:39 [info]: ::1 (GET) /images/147f951d2d7a7905d542eb29e21d9985
2021-08-05 10:40:39 [info]: ::1 (GET) /images/14fe5f41b1c5c552acdd1a1c12680256
2021-08-05 10:40:39 [info]: ::1 (GET) /images/7edda3eb7ab91b2f03d8f2ef336456b9
2021-08-05 10:40:39 [info]: ::1 (GET) /images/b3de2f0ca5ec81aa17c7784b44445f4e
2021-08-05 10:40:39 [info]: ::1 (GET) /images/04b3db58a9f3d49e12ef2442fb898720
2021-08-05 10:40:50 [info]: ::1 (GET) /images/04b3db58a9f3d49e12ef2442fb898720/info
2021-08-05 10:40:50 [info]: ::1 (GET) /images/04b3db58a9f3d49e12ef2442fb898720
2021-08-05 10:40:58 [info]: ::1 (GET) /images/04b3db58a9f3d49e12ef2442fb898720/info
2021-08-05 10:40:58 [info]: ::1 (GET) /images/04b3db58a9f3d49e12ef2442fb898720
2021-08-05 10:41:14 [info]: ::1 (GET) /images/04b3db58a9f3d49e12ef2442fb898720/info
2021-08-05 10:41:14 [info]: ::1 (GET) /images/04b3db58a9f3d49e12ef2442fb898720
2021-08-05 10:41:15 [info]: ::1 (GET) /images
2021-08-05 10:41:15 [info]: ::1 (GET) /users/self
2021-08-05 10:41:15 [info]: ::1 (GET) /images/04b3db58a9f3d49e12ef2442fb898720/info
2021-08-05 10:41:15 [info]: ::1 (GET) /images/04b3db58a9f3d49e12ef2442fb898720
2021-08-05 10:41:15 [info]: ::1 (GET) /images/147f951d2d7a7905d542eb29e21d9985
2021-08-05 10:41:15 [info]: ::1 (GET) /images/14fe5f41b1c5c552acdd1a1c12680256
2021-08-05 10:41:15 [info]: ::1 (GET) /images/7edda3eb7ab91b2f03d8f2ef336456b9
2021-08-05 10:41:15 [info]: ::1 (GET) /images/b3de2f0ca5ec81aa17c7784b44445f4e
2021-08-05 10:41:15 [info]: ::1 (GET) /images/04b3db58a9f3d49e12ef2442fb898720
2021-08-05 10:42:25 [info]: ::1 (GET) /images/04b3db58a9f3d49e12ef2442fb898720/info
2021-08-05 10:42:25 [info]: ::1 (GET) /images/04b3db58a9f3d49e12ef2442fb898720
2021-08-05 10:42:33 [info]: ::1 (GET) /images/04b3db58a9f3d49e12ef2442fb898720/info
2021-08-05 10:42:34 [info]: ::1 (GET) /images/04b3db58a9f3d49e12ef2442fb898720
2021-08-05 10:43:55 [info]: ::1 (GET) /images/04b3db58a9f3d49e12ef2442fb898720/info
2021-08-05 10:43:55 [info]: ::1 (GET) /images/04b3db58a9f3d49e12ef2442fb898720
2021-08-05 10:44:15 [info]: ::1 (GET) /images/04b3db58a9f3d49e12ef2442fb898720/info
2021-08-05 10:44:15 [info]: ::1 (GET) /images/04b3db58a9f3d49e12ef2442fb898720
2021-08-05 10:44:16 [info]: ::1 (GET) /images
2021-08-05 10:44:16 [info]: ::1 (GET) /users/self
2021-08-05 10:44:16 [info]: ::1 (GET) /images/04b3db58a9f3d49e12ef2442fb898720/info
2021-08-05 10:44:16 [info]: ::1 (GET) /images/04b3db58a9f3d49e12ef2442fb898720
2021-08-05 10:44:16 [info]: ::1 (GET) /images/147f951d2d7a7905d542eb29e21d9985
2021-08-05 10:44:16 [info]: ::1 (GET) /images/14fe5f41b1c5c552acdd1a1c12680256
2021-08-05 10:44:16 [info]: ::1 (GET) /images/7edda3eb7ab91b2f03d8f2ef336456b9
2021-08-05 10:44:16 [info]: ::1 (GET) /images/b3de2f0ca5ec81aa17c7784b44445f4e
2021-08-05 10:44:16 [info]: ::1 (GET) /images/04b3db58a9f3d49e12ef2442fb898720
2021-08-05 10:44:41 [info]: ::1 (GET) /images/04b3db58a9f3d49e12ef2442fb898720/info
2021-08-05 10:44:41 [info]: ::1 (GET) /images/04b3db58a9f3d49e12ef2442fb898720
2021-08-05 10:44:42 [info]: ::1 (GET) /images
2021-08-05 10:44:42 [info]: ::1 (GET) /users/self
2021-08-05 10:44:42 [info]: ::1 (GET) /images/04b3db58a9f3d49e12ef2442fb898720/info
2021-08-05 10:44:42 [info]: ::1 (GET) /images/04b3db58a9f3d49e12ef2442fb898720
2021-08-05 10:44:42 [info]: ::1 (GET) /images/147f951d2d7a7905d542eb29e21d9985
2021-08-05 10:44:42 [info]: ::1 (GET) /images/14fe5f41b1c5c552acdd1a1c12680256
2021-08-05 10:44:42 [info]: ::1 (GET) /images/7edda3eb7ab91b2f03d8f2ef336456b9
2021-08-05 10:44:42 [info]: ::1 (GET) /images/b3de2f0ca5ec81aa17c7784b44445f4e
2021-08-05 10:44:42 [info]: ::1 (GET) /images/04b3db58a9f3d49e12ef2442fb898720
2021-08-05 10:46:03 [info]: ::1 (GET) /images/04b3db58a9f3d49e12ef2442fb898720/info
2021-08-05 10:46:04 [info]: ::1 (GET) /images/04b3db58a9f3d49e12ef2442fb898720
2021-08-05 10:46:36 [info]: ::1 (GET) /images/04b3db58a9f3d49e12ef2442fb898720/info
2021-08-05 10:46:36 [info]: ::1 (GET) /images/04b3db58a9f3d49e12ef2442fb898720
2021-08-05 10:46:37 [info]: ::1 (GET) /images
2021-08-05 10:46:37 [info]: ::1 (GET) /users/self
2021-08-05 10:46:37 [info]: ::1 (GET) /images/04b3db58a9f3d49e12ef2442fb898720/info
2021-08-05 10:46:37 [info]: ::1 (GET) /images/04b3db58a9f3d49e12ef2442fb898720
2021-08-05 10:46:37 [info]: ::1 (GET) /images/147f951d2d7a7905d542eb29e21d9985
2021-08-05 10:46:37 [info]: ::1 (GET) /images/14fe5f41b1c5c552acdd1a1c12680256
2021-08-05 10:46:37 [info]: ::1 (GET) /images/7edda3eb7ab91b2f03d8f2ef336456b9
2021-08-05 10:46:37 [info]: ::1 (GET) /images/b3de2f0ca5ec81aa17c7784b44445f4e
2021-08-05 10:46:37 [info]: ::1 (GET) /images/04b3db58a9f3d49e12ef2442fb898720
2021-08-05 10:46:56 [info]: ::1 (GET) /images/04b3db58a9f3d49e12ef2442fb898720/info
2021-08-05 10:46:57 [info]: ::1 (GET) /images/04b3db58a9f3d49e12ef2442fb898720
2021-08-05 10:47:22 [info]: ::1 (GET) /images
2021-08-05 10:47:22 [error]: Cannot read property 'user_id' of undefined
2021-08-05 10:47:47 [info]: ::1 (GET) /images
2021-08-05 10:47:47 [info]: ::1 (GET) /users/self
2021-08-05 10:47:47 [info]: ::1 (GET) /images/04b3db58a9f3d49e12ef2442fb898720
2021-08-05 10:47:47 [info]: ::1 (GET) /images/147f951d2d7a7905d542eb29e21d9985
2021-08-05 10:47:47 [info]: ::1 (GET) /images/7edda3eb7ab91b2f03d8f2ef336456b9
2021-08-05 10:47:47 [info]: ::1 (GET) /images/14fe5f41b1c5c552acdd1a1c12680256
2021-08-05 10:47:47 [info]: ::1 (GET) /images/b3de2f0ca5ec81aa17c7784b44445f4e
2021-08-05 10:48:46 [info]: ::1 (GET) /images/7edda3eb7ab91b2f03d8f2ef336456b9/info
2021-08-05 10:48:46 [info]: ::1 (GET) /images/7edda3eb7ab91b2f03d8f2ef336456b9
2021-08-05 10:49:09 [info]: ::1 (GET) /images/7edda3eb7ab91b2f03d8f2ef336456b9/info
2021-08-05 10:49:09 [info]: ::1 (GET) /images/7edda3eb7ab91b2f03d8f2ef336456b9
2021-08-05 10:49:19 [info]: ::1 (GET) /images
2021-08-05 10:49:19 [info]: ::1 (GET) /users/self
2021-08-05 10:49:19 [info]: ::1 (GET) /images/04b3db58a9f3d49e12ef2442fb898720
2021-08-05 10:49:19 [info]: ::1 (GET) /images/147f951d2d7a7905d542eb29e21d9985
2021-08-05 10:49:19 [info]: ::1 (GET) /images/14fe5f41b1c5c552acdd1a1c12680256
2021-08-05 10:49:19 [info]: ::1 (GET) /images/7edda3eb7ab91b2f03d8f2ef336456b9
2021-08-05 10:49:19 [info]: ::1 (GET) /images/b3de2f0ca5ec81aa17c7784b44445f4e
2021-08-05 10:49:21 [info]: ::1 (GET) /users/self
2021-08-05 10:49:21 [info]: ::1 (GET) /titles
2021-08-05 10:49:23 [info]: ::1 (GET) /titles/273b352a34374b898a850afd13c09b8f
2021-08-05 10:49:30 [info]: ::1 (GET) /users
2021-08-05 10:49:30 [info]: ::1 (GET) /users/self
2021-08-05 10:49:36 [info]: ::1 (GET) /users/bbaec00747b8de13
2021-08-05 10:49:46 [info]: ::1 (GET) /images
2021-08-05 10:49:46 [info]: ::1 (GET) /users/self
2021-08-05 10:49:46 [info]: ::1 (GET) /images/04b3db58a9f3d49e12ef2442fb898720
2021-08-05 10:49:46 [info]: ::1 (GET) /images/147f951d2d7a7905d542eb29e21d9985
2021-08-05 10:49:46 [info]: ::1 (GET) /images/14fe5f41b1c5c552acdd1a1c12680256
2021-08-05 10:49:46 [info]: ::1 (GET) /images/7edda3eb7ab91b2f03d8f2ef336456b9
2021-08-05 10:49:46 [info]: ::1 (GET) /images/b3de2f0ca5ec81aa17c7784b44445f4e
2021-08-05 10:49:48 [info]: ::1 (GET) /images/14fe5f41b1c5c552acdd1a1c12680256/info
2021-08-05 10:49:48 [info]: ::1 (GET) /images/14fe5f41b1c5c552acdd1a1c12680256
2021-08-05 10:53:03 [info]: ::1 (GET) /images/14fe5f41b1c5c552acdd1a1c12680256/info
2021-08-05 10:53:03 [info]: ::1 (GET) /images/14fe5f41b1c5c552acdd1a1c12680256
2021-08-05 10:53:18 [info]: ::1 (GET) /images
2021-08-05 10:53:18 [info]: ::1 (GET) /users/self
2021-08-05 10:53:18 [info]: ::1 (GET) /images/14fe5f41b1c5c552acdd1a1c12680256/info
2021-08-05 10:53:18 [info]: ::1 (GET) /images/04b3db58a9f3d49e12ef2442fb898720
2021-08-05 10:53:18 [info]: ::1 (GET) /images/147f951d2d7a7905d542eb29e21d9985
2021-08-05 10:53:18 [info]: ::1 (GET) /images/14fe5f41b1c5c552acdd1a1c12680256
2021-08-05 10:53:18 [info]: ::1 (GET) /images/7edda3eb7ab91b2f03d8f2ef336456b9
2021-08-05 10:53:18 [info]: ::1 (GET) /images/b3de2f0ca5ec81aa17c7784b44445f4e
2021-08-05 10:53:18 [info]: ::1 (GET) /images/14fe5f41b1c5c552acdd1a1c12680256
2021-08-05 10:53:20 [info]: ::1 (GET) /images/147f951d2d7a7905d542eb29e21d9985/info
2021-08-05 10:53:20 [info]: ::1 (GET) /images/147f951d2d7a7905d542eb29e21d9985
2021-08-05 10:55:01 [info]: ::1 (GET) /titles
2021-08-05 10:55:01 [info]: ::1 (GET) /users/self
2021-08-05 10:55:23 [info]: ::1 (GET) /images
2021-08-05 10:55:23 [info]: ::1 (GET) /users/self
2021-08-05 10:55:23 [info]: ::1 (GET) /images/04b3db58a9f3d49e12ef2442fb898720
2021-08-05 10:55:23 [info]: ::1 (GET) /images/147f951d2d7a7905d542eb29e21d9985
2021-08-05 10:55:23 [info]: ::1 (GET) /images/7edda3eb7ab91b2f03d8f2ef336456b9
2021-08-05 10:55:23 [info]: ::1 (GET) /images/14fe5f41b1c5c552acdd1a1c12680256
2021-08-05 10:55:23 [info]: ::1 (GET) /images/b3de2f0ca5ec81aa17c7784b44445f4e
2021-08-05 10:55:25 [info]: ::1 (GET) /images?q=rick
2021-08-05 10:55:25 [info]: ::1 (GET) /images/14fe5f41b1c5c552acdd1a1c12680256
2021-08-05 10:55:31 [info]: ::1 (GET) /images/14fe5f41b1c5c552acdd1a1c12680256/info
2021-08-05 10:55:31 [info]: ::1 (GET) /images/14fe5f41b1c5c552acdd1a1c12680256
2021-08-05 10:55:56 [info]: ::1 (GET) /images
2021-08-05 10:55:56 [info]: ::1 (GET) /users/self
2021-08-05 10:55:56 [info]: ::1 (GET) /images/04b3db58a9f3d49e12ef2442fb898720
2021-08-05 10:55:56 [info]: ::1 (GET) /images/147f951d2d7a7905d542eb29e21d9985
2021-08-05 10:55:56 [info]: ::1 (GET) /images/7edda3eb7ab91b2f03d8f2ef336456b9
2021-08-05 10:55:56 [info]: ::1 (GET) /images/14fe5f41b1c5c552acdd1a1c12680256
2021-08-05 10:55:56 [info]: ::1 (GET) /images/b3de2f0ca5ec81aa17c7784b44445f4e
2021-08-05 10:56:03 [info]: ::1 (POST) /images/
2021-08-05 10:56:03 [info]: ::1 (GET) /images
2021-08-05 10:56:03 [info]: ::1 (GET) /images/04b3db58a9f3d49e12ef2442fb898720
2021-08-05 10:56:03 [info]: ::1 (GET) /images/14fe5f41b1c5c552acdd1a1c12680256
2021-08-05 10:56:03 [info]: ::1 (GET) /images/28e6c86d425adbd6b852529093ba7794
2021-08-05 10:56:03 [info]: ::1 (GET) /images/147f951d2d7a7905d542eb29e21d9985
2021-08-05 10:56:03 [info]: ::1 (GET) /images/7edda3eb7ab91b2f03d8f2ef336456b9
2021-08-05 10:56:03 [info]: ::1 (GET) /images/b3de2f0ca5ec81aa17c7784b44445f4e
2021-08-05 10:56:04 [info]: ::1 (GET) /images/28e6c86d425adbd6b852529093ba7794/info
2021-08-05 10:56:04 [info]: ::1 (GET) /images/28e6c86d425adbd6b852529093ba7794
2021-08-05 10:56:10 [info]: ::1 (PUT) /images/28e6c86d425adbd6b852529093ba7794
2021-08-05 10:56:35 [info]: ::1 (POST) /images/
2021-08-05 10:56:35 [info]: ::1 (GET) /images
2021-08-05 10:56:35 [info]: ::1 (GET) /images/04b3db58a9f3d49e12ef2442fb898720
2021-08-05 10:56:35 [info]: ::1 (GET) /images/28e6c86d425adbd6b852529093ba7794
2021-08-05 10:56:35 [info]: ::1 (GET) /images/147f951d2d7a7905d542eb29e21d9985
2021-08-05 10:56:35 [info]: ::1 (GET) /images/14fe5f41b1c5c552acdd1a1c12680256
2021-08-05 10:56:35 [info]: ::1 (GET) /images/cc6224f01a2f1e261295f92a6c534476
2021-08-05 10:56:35 [info]: ::1 (GET) /images/7edda3eb7ab91b2f03d8f2ef336456b9
2021-08-05 10:56:35 [info]: ::1 (GET) /images/b3de2f0ca5ec81aa17c7784b44445f4e
2021-08-05 10:56:43 [info]: ::1 (GET) /images/cc6224f01a2f1e261295f92a6c534476/info
2021-08-05 10:56:43 [info]: ::1 (GET) /images/cc6224f01a2f1e261295f92a6c534476
2021-08-05 10:59:31 [info]: ::1 (GET) /images/cc6224f01a2f1e261295f92a6c534476/info
2021-08-05 10:59:31 [info]: ::1 (GET) /images
2021-08-05 10:59:31 [info]: ::1 (GET) /images/04b3db58a9f3d49e12ef2442fb898720
2021-08-05 10:59:31 [info]: ::1 (GET) /images/147f951d2d7a7905d542eb29e21d9985
2021-08-05 10:59:31 [info]: ::1 (GET) /images/14fe5f41b1c5c552acdd1a1c12680256
2021-08-05 10:59:31 [info]: ::1 (GET) /images/28e6c86d425adbd6b852529093ba7794
2021-08-05 10:59:31 [info]: ::1 (GET) /images/7edda3eb7ab91b2f03d8f2ef336456b9
2021-08-05 10:59:31 [info]: ::1 (GET) /images/b3de2f0ca5ec81aa17c7784b44445f4e
2021-08-05 10:59:31 [info]: ::1 (GET) /images/cc6224f01a2f1e261295f92a6c534476
2021-08-05 10:59:31 [info]: ::1 (GET) /images/cc6224f01a2f1e261295f92a6c534476
2021-08-05 10:59:32 [info]: ::1 (GET) /images
2021-08-05 10:59:32 [info]: ::1 (GET) /users/self
2021-08-05 10:59:32 [info]: ::1 (GET) /images/cc6224f01a2f1e261295f92a6c534476/info
2021-08-05 10:59:32 [info]: ::1 (GET) /images/04b3db58a9f3d49e12ef2442fb898720
2021-08-05 10:59:32 [info]: ::1 (GET) /images/147f951d2d7a7905d542eb29e21d9985
2021-08-05 10:59:32 [info]: ::1 (GET) /images/14fe5f41b1c5c552acdd1a1c12680256
2021-08-05 10:59:32 [info]: ::1 (GET) /images/28e6c86d425adbd6b852529093ba7794
2021-08-05 10:59:32 [info]: ::1 (GET) /images/7edda3eb7ab91b2f03d8f2ef336456b9
2021-08-05 10:59:32 [info]: ::1 (GET) /images/b3de2f0ca5ec81aa17c7784b44445f4e
2021-08-05 10:59:32 [info]: ::1 (GET) /images/cc6224f01a2f1e261295f92a6c534476
2021-08-05 10:59:32 [info]: ::1 (GET) /images/cc6224f01a2f1e261295f92a6c534476
2021-08-05 10:59:40 [info]: ::1 (POST) /images/
2021-08-05 10:59:40 [info]: ::1 (GET) /images
2021-08-05 10:59:40 [info]: ::1 (GET) /images/c705794f39f6bed3c52a0a8a80b86b64/info
2021-08-05 10:59:40 [info]: ::1 (GET) /images/04b3db58a9f3d49e12ef2442fb898720
2021-08-05 10:59:40 [info]: ::1 (GET) /images/14fe5f41b1c5c552acdd1a1c12680256
2021-08-05 10:59:40 [info]: ::1 (GET) /images/147f951d2d7a7905d542eb29e21d9985
2021-08-05 10:59:40 [info]: ::1 (GET) /images/c705794f39f6bed3c52a0a8a80b86b64
2021-08-05 10:59:40 [info]: ::1 (GET) /images/28e6c86d425adbd6b852529093ba7794
2021-08-05 10:59:40 [info]: ::1 (GET) /images/7edda3eb7ab91b2f03d8f2ef336456b9
2021-08-05 10:59:40 [info]: ::1 (GET) /images/b3de2f0ca5ec81aa17c7784b44445f4e
2021-08-05 10:59:40 [info]: ::1 (GET) /images/cc6224f01a2f1e261295f92a6c534476
2021-08-05 10:59:40 [info]: ::1 (GET) /images/c705794f39f6bed3c52a0a8a80b86b64
2021-08-05 11:00:04 [info]: ::1 (POST) /images/
2021-08-05 11:00:04 [info]: ::1 (GET) /images/14e68eae9c365a365891f9ebe979b4c5/info
2021-08-05 11:00:04 [info]: ::1 (GET) /images
2021-08-05 11:00:04 [info]: ::1 (GET) /images/14e68eae9c365a365891f9ebe979b4c5
2021-08-05 11:00:04 [info]: ::1 (GET) /images/14e68eae9c365a365891f9ebe979b4c5
2021-08-05 11:00:04 [info]: ::1 (GET) /images/04b3db58a9f3d49e12ef2442fb898720
2021-08-05 11:00:04 [info]: ::1 (GET) /images/147f951d2d7a7905d542eb29e21d9985
2021-08-05 11:00:04 [info]: ::1 (GET) /images/14fe5f41b1c5c552acdd1a1c12680256
2021-08-05 11:00:04 [info]: ::1 (GET) /images/28e6c86d425adbd6b852529093ba7794
2021-08-05 11:00:04 [info]: ::1 (GET) /images/7edda3eb7ab91b2f03d8f2ef336456b9
2021-08-05 11:00:04 [info]: ::1 (GET) /images/b3de2f0ca5ec81aa17c7784b44445f4e
2021-08-05 11:00:04 [info]: ::1 (GET) /images/c705794f39f6bed3c52a0a8a80b86b64
2021-08-05 11:00:04 [info]: ::1 (GET) /images/cc6224f01a2f1e261295f92a6c534476
2021-08-05 11:00:24 [info]: ::1 (POST) /images/
2021-08-05 11:00:24 [info]: ::1 (GET) /images/1ec72156096cdaab85c4724dbdb56a60/info
2021-08-05 11:00:24 [info]: ::1 (GET) /images
2021-08-05 11:00:24 [info]: ::1 (GET) /images/1ec72156096cdaab85c4724dbdb56a60
2021-08-05 11:00:24 [info]: ::1 (GET) /images/1ec72156096cdaab85c4724dbdb56a60
2021-08-05 11:00:24 [info]: ::1 (GET) /images/04b3db58a9f3d49e12ef2442fb898720
2021-08-05 11:00:24 [info]: ::1 (GET) /images/14fe5f41b1c5c552acdd1a1c12680256
2021-08-05 11:00:24 [info]: ::1 (GET) /images/147f951d2d7a7905d542eb29e21d9985
2021-08-05 11:00:24 [info]: ::1 (GET) /images/14e68eae9c365a365891f9ebe979b4c5
2021-08-05 11:00:24 [info]: ::1 (GET) /images/28e6c86d425adbd6b852529093ba7794
2021-08-05 11:00:24 [info]: ::1 (GET) /images/7edda3eb7ab91b2f03d8f2ef336456b9
2021-08-05 11:00:24 [info]: ::1 (GET) /images/b3de2f0ca5ec81aa17c7784b44445f4e
2021-08-05 11:00:24 [info]: ::1 (GET) /images/c705794f39f6bed3c52a0a8a80b86b64
2021-08-05 11:00:24 [info]: ::1 (GET) /images/cc6224f01a2f1e261295f92a6c534476
2021-08-05 11:00:37 [info]: ::1 (PUT) /images/1ec72156096cdaab85c4724dbdb56a60
2021-08-05 11:01:03 [info]: ::1 (GET) /images
2021-08-05 11:01:04 [info]: ::1 (GET) /images/1ec72156096cdaab85c4724dbdb56a60
2021-08-05 11:01:04 [info]: ::1 (GET) /images/04b3db58a9f3d49e12ef2442fb898720
2021-08-05 11:01:04 [info]: ::1 (GET) /images/147f951d2d7a7905d542eb29e21d9985
2021-08-05 11:01:04 [info]: ::1 (GET) /images/14e68eae9c365a365891f9ebe979b4c5
2021-08-05 11:01:04 [info]: ::1 (GET) /images/28e6c86d425adbd6b852529093ba7794
2021-08-05 11:01:04 [info]: ::1 (GET) /images/14fe5f41b1c5c552acdd1a1c12680256
2021-08-05 11:01:04 [info]: ::1 (GET) /images/7edda3eb7ab91b2f03d8f2ef336456b9
2021-08-05 11:01:04 [info]: ::1 (GET) /images/b3de2f0ca5ec81aa17c7784b44445f4e
2021-08-05 11:01:04 [info]: ::1 (GET) /images/c705794f39f6bed3c52a0a8a80b86b64
2021-08-05 11:01:04 [info]: ::1 (GET) /images/cc6224f01a2f1e261295f92a6c534476
2021-08-05 11:01:10 [info]: ::1 (GET) /images/14e68eae9c365a365891f9ebe979b4c5/info
2021-08-05 11:01:10 [info]: ::1 (GET) /images/14e68eae9c365a365891f9ebe979b4c5
2021-08-05 11:01:16 [info]: ::1 (PUT) /images/14e68eae9c365a365891f9ebe979b4c5
2021-08-05 11:01:20 [info]: ::1 (GET) /images/28e6c86d425adbd6b852529093ba7794/info
2021-08-05 11:01:20 [info]: ::1 (GET) /images/28e6c86d425adbd6b852529093ba7794
2021-08-05 11:01:28 [info]: ::1 (PUT) /images/28e6c86d425adbd6b852529093ba7794
2021-08-05 11:04:00 [info]: ::1 (GET) /images/cc6224f01a2f1e261295f92a6c534476/info
2021-08-05 11:04:00 [info]: ::1 (GET) /images/cc6224f01a2f1e261295f92a6c534476
2021-08-05 11:04:05 [info]: ::1 (PUT) /images/cc6224f01a2f1e261295f92a6c534476
2021-08-05 11:04:15 [info]: ::1 (GET) /images
2021-08-05 11:04:15 [info]: ::1 (GET) /images/14e68eae9c365a365891f9ebe979b4c5
2021-08-05 11:04:15 [info]: ::1 (GET) /images/28e6c86d425adbd6b852529093ba7794
2021-08-05 11:04:15 [info]: ::1 (GET) /images/cc6224f01a2f1e261295f92a6c534476
2021-08-05 11:04:15 [info]: ::1 (GET) /images/04b3db58a9f3d49e12ef2442fb898720
2021-08-05 11:04:15 [info]: ::1 (GET) /images/147f951d2d7a7905d542eb29e21d9985
2021-08-05 11:04:15 [info]: ::1 (GET) /images/14fe5f41b1c5c552acdd1a1c12680256
2021-08-05 11:04:15 [info]: ::1 (GET) /images/1ec72156096cdaab85c4724dbdb56a60
2021-08-05 11:04:15 [info]: ::1 (GET) /images/7edda3eb7ab91b2f03d8f2ef336456b9
2021-08-05 11:04:15 [info]: ::1 (GET) /images/b3de2f0ca5ec81aa17c7784b44445f4e
2021-08-05 11:04:15 [info]: ::1 (GET) /images/c705794f39f6bed3c52a0a8a80b86b64
2021-08-05 11:04:27 [info]: ::1 (GET) /images/04b3db58a9f3d49e12ef2442fb898720/info
2021-08-05 11:04:27 [info]: ::1 (GET) /images/04b3db58a9f3d49e12ef2442fb898720
2021-08-05 11:04:30 [info]: ::1 (GET) /images/14e68eae9c365a365891f9ebe979b4c5/info
2021-08-05 11:04:30 [info]: ::1 (GET) /images/14e68eae9c365a365891f9ebe979b4c5
2021-08-05 11:04:33 [info]: ::1 (GET) /images/1ec72156096cdaab85c4724dbdb56a60/info
2021-08-05 11:04:33 [info]: ::1 (GET) /images/1ec72156096cdaab85c4724dbdb56a60
2021-08-05 11:04:39 [info]: ::1 (PUT) /images/1ec72156096cdaab85c4724dbdb56a60
2021-08-05 11:04:42 [info]: ::1 (GET) /images
2021-08-05 11:04:42 [info]: ::1 (GET) /users/self
2021-08-05 11:04:42 [info]: ::1 (GET) /images/1ec72156096cdaab85c4724dbdb56a60
2021-08-05 11:04:42 [info]: ::1 (GET) /images/04b3db58a9f3d49e12ef2442fb898720
2021-08-05 11:04:42 [info]: ::1 (GET) /images/147f951d2d7a7905d542eb29e21d9985
2021-08-05 11:04:42 [info]: ::1 (GET) /images/14fe5f41b1c5c552acdd1a1c12680256
2021-08-05 11:04:42 [info]: ::1 (GET) /images/14e68eae9c365a365891f9ebe979b4c5
2021-08-05 11:04:42 [info]: ::1 (GET) /images/28e6c86d425adbd6b852529093ba7794
2021-08-05 11:04:42 [info]: ::1 (GET) /images/7edda3eb7ab91b2f03d8f2ef336456b9
2021-08-05 11:04:42 [info]: ::1 (GET) /images/b3de2f0ca5ec81aa17c7784b44445f4e
2021-08-05 11:04:42 [info]: ::1 (GET) /images/c705794f39f6bed3c52a0a8a80b86b64
2021-08-05 11:04:42 [info]: ::1 (GET) /images/cc6224f01a2f1e261295f92a6c534476
2021-08-05 11:04:43 [info]: ::1 (GET) /images/1ec72156096cdaab85c4724dbdb56a60/info
2021-08-05 11:04:43 [info]: ::1 (GET) /images/1ec72156096cdaab85c4724dbdb56a60
2021-08-05 11:04:52 [info]: ::1 (GET) /images/28e6c86d425adbd6b852529093ba7794/info
2021-08-05 11:04:52 [info]: ::1 (GET) /images/28e6c86d425adbd6b852529093ba7794
2021-08-05 11:04:55 [info]: ::1 (GET) /images/14e68eae9c365a365891f9ebe979b4c5/info
2021-08-05 11:04:55 [info]: ::1 (GET) /images/14e68eae9c365a365891f9ebe979b4c5
2021-08-05 11:04:59 [info]: ::1 (GET) /images
2021-08-05 11:04:59 [info]: ::1 (GET) /users/self
2021-08-05 11:04:59 [info]: ::1 (GET) /images/14e68eae9c365a365891f9ebe979b4c5/info
2021-08-05 11:04:59 [info]: ::1 (GET) /images/04b3db58a9f3d49e12ef2442fb898720
2021-08-05 11:04:59 [info]: ::1 (GET) /images/14e68eae9c365a365891f9ebe979b4c5
2021-08-05 11:04:59 [info]: ::1 (GET) /images/147f951d2d7a7905d542eb29e21d9985
2021-08-05 11:04:59 [info]: ::1 (GET) /images/14fe5f41b1c5c552acdd1a1c12680256
2021-08-05 11:04:59 [info]: ::1 (GET) /images/1ec72156096cdaab85c4724dbdb56a60
2021-08-05 11:04:59 [info]: ::1 (GET) /images/28e6c86d425adbd6b852529093ba7794
2021-08-05 11:04:59 [info]: ::1 (GET) /images/7edda3eb7ab91b2f03d8f2ef336456b9
2021-08-05 11:04:59 [info]: ::1 (GET) /images/b3de2f0ca5ec81aa17c7784b44445f4e
2021-08-05 11:04:59 [info]: ::1 (GET) /images/c705794f39f6bed3c52a0a8a80b86b64
2021-08-05 11:04:59 [info]: ::1 (GET) /images/cc6224f01a2f1e261295f92a6c534476
2021-08-05 11:04:59 [info]: ::1 (GET) /images/14e68eae9c365a365891f9ebe979b4c5
2021-08-05 11:05:18 [info]: ::1 (PUT) /images/14e68eae9c365a365891f9ebe979b4c5
2021-08-05 11:05:22 [info]: ::1 (GET) /images
2021-08-05 11:05:22 [info]: ::1 (GET) /users/self
2021-08-05 11:05:22 [info]: ::1 (GET) /images/14e68eae9c365a365891f9ebe979b4c5/info
2021-08-05 11:05:22 [info]: ::1 (GET) /images/14e68eae9c365a365891f9ebe979b4c5
2021-08-05 11:05:22 [info]: ::1 (GET) /images/04b3db58a9f3d49e12ef2442fb898720
2021-08-05 11:05:22 [info]: ::1 (GET) /images/147f951d2d7a7905d542eb29e21d9985
2021-08-05 11:05:22 [info]: ::1 (GET) /images/14fe5f41b1c5c552acdd1a1c12680256
2021-08-05 11:05:22 [info]: ::1 (GET) /images/1ec72156096cdaab85c4724dbdb56a60
2021-08-05 11:05:22 [info]: ::1 (GET) /images/28e6c86d425adbd6b852529093ba7794
2021-08-05 11:05:22 [info]: ::1 (GET) /images/7edda3eb7ab91b2f03d8f2ef336456b9
2021-08-05 11:05:22 [info]: ::1 (GET) /images/b3de2f0ca5ec81aa17c7784b44445f4e
2021-08-05 11:05:22 [info]: ::1 (GET) /images/c705794f39f6bed3c52a0a8a80b86b64
2021-08-05 11:05:22 [info]: ::1 (GET) /images/cc6224f01a2f1e261295f92a6c534476
2021-08-05 11:05:22 [info]: ::1 (GET) /images/14e68eae9c365a365891f9ebe979b4c5
2021-08-05 11:07:36 [info]: ::1 (GET) /images/1ec72156096cdaab85c4724dbdb56a60/info
2021-08-05 11:07:36 [info]: ::1 (GET) /images/1ec72156096cdaab85c4724dbdb56a60
2021-08-05 11:07:41 [info]: ::1 (PUT) /images/1ec72156096cdaab85c4724dbdb56a60
2021-08-05 11:07:46 [info]: ::1 (GET) /images
2021-08-05 11:07:46 [info]: ::1 (GET) /users/self
2021-08-05 11:07:46 [info]: ::1 (GET) /images/1ec72156096cdaab85c4724dbdb56a60/info
2021-08-05 11:07:46 [info]: ::1 (GET) /images/1ec72156096cdaab85c4724dbdb56a60
2021-08-05 11:07:46 [info]: ::1 (GET) /images/04b3db58a9f3d49e12ef2442fb898720
2021-08-05 11:07:46 [info]: ::1 (GET) /images/147f951d2d7a7905d542eb29e21d9985
2021-08-05 11:07:46 [info]: ::1 (GET) /images/14e68eae9c365a365891f9ebe979b4c5
2021-08-05 11:07:46 [info]: ::1 (GET) /images/14fe5f41b1c5c552acdd1a1c12680256
2021-08-05 11:07:46 [info]: ::1 (GET) /images/28e6c86d425adbd6b852529093ba7794
2021-08-05 11:07:46 [info]: ::1 (GET) /images/7edda3eb7ab91b2f03d8f2ef336456b9
2021-08-05 11:07:46 [info]: ::1 (GET) /images/b3de2f0ca5ec81aa17c7784b44445f4e
2021-08-05 11:07:46 [info]: ::1 (GET) /images/c705794f39f6bed3c52a0a8a80b86b64
2021-08-05 11:07:46 [info]: ::1 (GET) /images/cc6224f01a2f1e261295f92a6c534476
2021-08-05 11:07:46 [info]: ::1 (GET) /images/1ec72156096cdaab85c4724dbdb56a60
2021-08-05 11:07:53 [info]: ::1 (PUT) /images/1ec72156096cdaab85c4724dbdb56a60
2021-08-05 11:08:50 [info]: ::1 (GET) /images/1ec72156096cdaab85c4724dbdb56a60/info
2021-08-05 11:08:50 [info]: ::1 (GET) /images/1ec72156096cdaab85c4724dbdb56a60
2021-08-05 11:08:52 [info]: ::1 (GET) /images
2021-08-05 11:08:52 [info]: ::1 (GET) /users/self
2021-08-05 11:08:52 [info]: ::1 (GET) /images/04b3db58a9f3d49e12ef2442fb898720
2021-08-05 11:08:52 [info]: ::1 (GET) /images/147f951d2d7a7905d542eb29e21d9985
2021-08-05 11:08:52 [info]: ::1 (GET) /images/14e68eae9c365a365891f9ebe979b4c5
2021-08-05 11:08:52 [info]: ::1 (GET) /images/14fe5f41b1c5c552acdd1a1c12680256
2021-08-05 11:08:52 [info]: ::1 (GET) /images/1ec72156096cdaab85c4724dbdb56a60
2021-08-05 11:08:52 [info]: ::1 (GET) /images/28e6c86d425adbd6b852529093ba7794
2021-08-05 11:08:52 [info]: ::1 (GET) /images/7edda3eb7ab91b2f03d8f2ef336456b9
2021-08-05 11:08:52 [info]: ::1 (GET) /images/b3de2f0ca5ec81aa17c7784b44445f4e
2021-08-05 11:08:52 [info]: ::1 (GET) /images/c705794f39f6bed3c52a0a8a80b86b64
2021-08-05 11:08:52 [info]: ::1 (GET) /images/cc6224f01a2f1e261295f92a6c534476
2021-08-05 11:08:53 [info]: ::1 (GET) /images/1ec72156096cdaab85c4724dbdb56a60/info
2021-08-05 11:08:53 [info]: ::1 (GET) /images/1ec72156096cdaab85c4724dbdb56a60
2021-08-05 11:08:57 [info]: ::1 (PUT) /images/1ec72156096cdaab85c4724dbdb56a60
2021-08-05 11:08:59 [info]: ::1 (GET) /images
2021-08-05 11:08:59 [info]: ::1 (GET) /users/self
2021-08-05 11:08:59 [info]: ::1 (GET) /images/04b3db58a9f3d49e12ef2442fb898720
2021-08-05 11:08:59 [info]: ::1 (GET) /images/147f951d2d7a7905d542eb29e21d9985
2021-08-05 11:08:59 [info]: ::1 (GET) /images/14e68eae9c365a365891f9ebe979b4c5
2021-08-05 11:08:59 [info]: ::1 (GET) /images/1ec72156096cdaab85c4724dbdb56a60
2021-08-05 11:08:59 [info]: ::1 (GET) /images/14fe5f41b1c5c552acdd1a1c12680256
2021-08-05 11:08:59 [info]: ::1 (GET) /images/28e6c86d425adbd6b852529093ba7794
2021-08-05 11:08:59 [info]: ::1 (GET) /images/7edda3eb7ab91b2f03d8f2ef336456b9
2021-08-05 11:08:59 [info]: ::1 (GET) /images/b3de2f0ca5ec81aa17c7784b44445f4e
2021-08-05 11:08:59 [info]: ::1 (GET) /images/c705794f39f6bed3c52a0a8a80b86b64
2021-08-05 11:08:59 [info]: ::1 (GET) /images/cc6224f01a2f1e261295f92a6c534476
2021-08-05 11:09:00 [info]: ::1 (GET) /images/1ec72156096cdaab85c4724dbdb56a60/info
2021-08-05 11:09:00 [info]: ::1 (GET) /images/1ec72156096cdaab85c4724dbdb56a60
2021-08-05 11:10:35 [info]: ::1 (GET) /images/04b3db58a9f3d49e12ef2442fb898720
2021-08-05 11:10:35 [info]: ::1 (GET) /images/147f951d2d7a7905d542eb29e21d9985
2021-08-05 11:10:35 [info]: ::1 (GET) /images/14e68eae9c365a365891f9ebe979b4c5
2021-08-05 11:10:35 [info]: ::1 (GET) /images/14fe5f41b1c5c552acdd1a1c12680256
2021-08-05 11:10:35 [info]: ::1 (GET) /images/1ec72156096cdaab85c4724dbdb56a60
2021-08-05 11:10:35 [info]: ::1 (GET) /images/28e6c86d425adbd6b852529093ba7794
2021-08-05 11:10:35 [info]: ::1 (GET) /images/7edda3eb7ab91b2f03d8f2ef336456b9
2021-08-05 11:10:35 [info]: ::1 (GET) /images/b3de2f0ca5ec81aa17c7784b44445f4e
2021-08-05 11:10:35 [info]: ::1 (GET) /images/c705794f39f6bed3c52a0a8a80b86b64
2021-08-05 11:10:35 [info]: ::1 (GET) /images/cc6224f01a2f1e261295f92a6c534476
2021-08-05 11:12:31 [info]: ::1 (GET) /images/04b3db58a9f3d49e12ef2442fb898720
2021-08-05 11:12:31 [info]: ::1 (GET) /images/147f951d2d7a7905d542eb29e21d9985
2021-08-05 11:12:31 [info]: ::1 (GET) /images/14e68eae9c365a365891f9ebe979b4c5
2021-08-05 11:12:31 [info]: ::1 (GET) /images/14fe5f41b1c5c552acdd1a1c12680256
2021-08-05 11:12:31 [info]: ::1 (GET) /images/1ec72156096cdaab85c4724dbdb56a60
2021-08-05 11:12:31 [info]: ::1 (GET) /images/28e6c86d425adbd6b852529093ba7794
2021-08-05 11:12:31 [info]: ::1 (GET) /images/7edda3eb7ab91b2f03d8f2ef336456b9
2021-08-05 11:12:31 [info]: ::1 (GET) /images/b3de2f0ca5ec81aa17c7784b44445f4e
2021-08-05 11:12:31 [info]: ::1 (GET) /images/c705794f39f6bed3c52a0a8a80b86b64
2021-08-05 11:12:31 [info]: ::1 (GET) /images/cc6224f01a2f1e261295f92a6c534476
2021-08-05 11:13:53 [info]: ::1 (GET) /images/04b3db58a9f3d49e12ef2442fb898720
2021-08-05 11:13:53 [info]: ::1 (GET) /images/147f951d2d7a7905d542eb29e21d9985
2021-08-05 11:13:53 [info]: ::1 (GET) /images/14e68eae9c365a365891f9ebe979b4c5
2021-08-05 11:13:53 [info]: ::1 (GET) /images/14fe5f41b1c5c552acdd1a1c12680256
2021-08-05 11:13:53 [info]: ::1 (GET) /images/1ec72156096cdaab85c4724dbdb56a60
2021-08-05 11:13:53 [info]: ::1 (GET) /images/28e6c86d425adbd6b852529093ba7794
2021-08-05 11:13:53 [info]: ::1 (GET) /images/7edda3eb7ab91b2f03d8f2ef336456b9
2021-08-05 11:13:53 [info]: ::1 (GET) /images/b3de2f0ca5ec81aa17c7784b44445f4e
2021-08-05 11:13:53 [info]: ::1 (GET) /images/c705794f39f6bed3c52a0a8a80b86b64
2021-08-05 11:13:53 [info]: ::1 (GET) /images/cc6224f01a2f1e261295f92a6c534476
2021-08-05 11:14:15 [info]: ::1 (GET) /images
2021-08-05 11:14:15 [info]: ::1 (GET) /users/self
2021-08-05 11:14:15 [info]: ::1 (GET) /images/04b3db58a9f3d49e12ef2442fb898720
2021-08-05 11:14:15 [info]: ::1 (GET) /images/147f951d2d7a7905d542eb29e21d9985
2021-08-05 11:14:15 [info]: ::1 (GET) /images/14fe5f41b1c5c552acdd1a1c12680256
2021-08-05 11:14:15 [info]: ::1 (GET) /images/14e68eae9c365a365891f9ebe979b4c5
2021-08-05 11:14:15 [info]: ::1 (GET) /images/1ec72156096cdaab85c4724dbdb56a60
2021-08-05 11:14:15 [info]: ::1 (GET) /images/28e6c86d425adbd6b852529093ba7794
2021-08-05 11:14:15 [info]: ::1 (GET) /images/7edda3eb7ab91b2f03d8f2ef336456b9
2021-08-05 11:14:15 [info]: ::1 (GET) /images/b3de2f0ca5ec81aa17c7784b44445f4e
2021-08-05 11:14:15 [info]: ::1 (GET) /images/c705794f39f6bed3c52a0a8a80b86b64
2021-08-05 11:14:15 [info]: ::1 (GET) /images/cc6224f01a2f1e261295f92a6c534476
2021-08-05 11:14:39 [info]: ::1 (GET) /images/04b3db58a9f3d49e12ef2442fb898720
2021-08-05 11:14:39 [info]: ::1 (GET) /images/147f951d2d7a7905d542eb29e21d9985
2021-08-05 11:14:39 [info]: ::1 (GET) /images/14e68eae9c365a365891f9ebe979b4c5
2021-08-05 11:14:39 [info]: ::1 (GET) /images/14fe5f41b1c5c552acdd1a1c12680256
2021-08-05 11:14:39 [info]: ::1 (GET) /images/1ec72156096cdaab85c4724dbdb56a60
2021-08-05 11:14:39 [info]: ::1 (GET) /images/28e6c86d425adbd6b852529093ba7794
2021-08-05 11:14:39 [info]: ::1 (GET) /images/7edda3eb7ab91b2f03d8f2ef336456b9
2021-08-05 11:14:39 [info]: ::1 (GET) /images/b3de2f0ca5ec81aa17c7784b44445f4e
2021-08-05 11:14:39 [info]: ::1 (GET) /images/c705794f39f6bed3c52a0a8a80b86b64
2021-08-05 11:14:39 [info]: ::1 (GET) /images/cc6224f01a2f1e261295f92a6c534476
2021-08-05 11:16:49 [info]: ::1 (GET) /images/04b3db58a9f3d49e12ef2442fb898720
2021-08-05 11:16:49 [info]: ::1 (GET) /images/147f951d2d7a7905d542eb29e21d9985
2021-08-05 11:16:49 [info]: ::1 (GET) /images/14e68eae9c365a365891f9ebe979b4c5
2021-08-05 11:16:49 [info]: ::1 (GET) /images/14fe5f41b1c5c552acdd1a1c12680256
2021-08-05 11:16:49 [info]: ::1 (GET) /images/1ec72156096cdaab85c4724dbdb56a60
2021-08-05 11:16:49 [info]: ::1 (GET) /images/28e6c86d425adbd6b852529093ba7794
2021-08-05 11:16:49 [info]: ::1 (GET) /images/7edda3eb7ab91b2f03d8f2ef336456b9
2021-08-05 11:16:49 [info]: ::1 (GET) /images/b3de2f0ca5ec81aa17c7784b44445f4e
2021-08-05 11:16:49 [info]: ::1 (GET) /images/c705794f39f6bed3c52a0a8a80b86b64
2021-08-05 11:16:49 [info]: ::1 (GET) /images/cc6224f01a2f1e261295f92a6c534476
2021-08-05 11:17:08 [info]: ::1 (GET) /images/04b3db58a9f3d49e12ef2442fb898720
2021-08-05 11:17:08 [info]: ::1 (GET) /images/147f951d2d7a7905d542eb29e21d9985
2021-08-05 11:17:08 [info]: ::1 (GET) /images/14e68eae9c365a365891f9ebe979b4c5
2021-08-05 11:17:08 [info]: ::1 (GET) /images/14fe5f41b1c5c552acdd1a1c12680256
2021-08-05 11:17:08 [info]: ::1 (GET) /images/1ec72156096cdaab85c4724dbdb56a60
2021-08-05 11:17:08 [info]: ::1 (GET) /images/28e6c86d425adbd6b852529093ba7794
2021-08-05 11:17:08 [info]: ::1 (GET) /images/7edda3eb7ab91b2f03d8f2ef336456b9
2021-08-05 11:17:08 [info]: ::1 (GET) /images/b3de2f0ca5ec81aa17c7784b44445f4e
2021-08-05 11:17:08 [info]: ::1 (GET) /images/c705794f39f6bed3c52a0a8a80b86b64
2021-08-05 11:17:08 [info]: ::1 (GET) /images/cc6224f01a2f1e261295f92a6c534476
2021-08-05 11:18:27 [info]: ::1 (GET) /images/04b3db58a9f3d49e12ef2442fb898720
2021-08-05 11:18:27 [info]: ::1 (GET) /images/147f951d2d7a7905d542eb29e21d9985
2021-08-05 11:18:27 [info]: ::1 (GET) /images/14e68eae9c365a365891f9ebe979b4c5
2021-08-05 11:18:27 [info]: ::1 (GET) /images/14fe5f41b1c5c552acdd1a1c12680256
2021-08-05 11:18:27 [info]: ::1 (GET) /images/1ec72156096cdaab85c4724dbdb56a60
2021-08-05 11:18:27 [info]: ::1 (GET) /images/28e6c86d425adbd6b852529093ba7794
2021-08-05 11:18:27 [info]: ::1 (GET) /images/7edda3eb7ab91b2f03d8f2ef336456b9
2021-08-05 11:18:27 [info]: ::1 (GET) /images/b3de2f0ca5ec81aa17c7784b44445f4e
2021-08-05 11:18:27 [info]: ::1 (GET) /images/c705794f39f6bed3c52a0a8a80b86b64
2021-08-05 11:18:27 [info]: ::1 (GET) /images/cc6224f01a2f1e261295f92a6c534476
2021-08-05 11:19:52 [info]: ::1 (GET) /images/04b3db58a9f3d49e12ef2442fb898720/info
2021-08-05 11:19:52 [info]: ::1 (GET) /images/04b3db58a9f3d49e12ef2442fb898720
2021-08-05 11:20:53 [info]: ::1 (POST) /images/
2021-08-05 11:20:53 [info]: ::1 (GET) /images
2021-08-05 11:20:53 [info]: ::1 (GET) /images/4555402ce4530fc99bf73daefbd4aa94/info
2021-08-05 11:20:53 [info]: ::1 (GET) /images/04b3db58a9f3d49e12ef2442fb898720
2021-08-05 11:20:53 [info]: ::1 (GET) /images/147f951d2d7a7905d542eb29e21d9985
2021-08-05 11:20:53 [info]: ::1 (GET) /images/14e68eae9c365a365891f9ebe979b4c5
2021-08-05 11:20:53 [info]: ::1 (GET) /images/14fe5f41b1c5c552acdd1a1c12680256
2021-08-05 11:20:53 [info]: ::1 (GET) /images/1ec72156096cdaab85c4724dbdb56a60
2021-08-05 11:20:53 [info]: ::1 (GET) /images/4555402ce4530fc99bf73daefbd4aa94
2021-08-05 11:20:53 [info]: ::1 (GET) /images/28e6c86d425adbd6b852529093ba7794
2021-08-05 11:20:53 [info]: ::1 (GET) /images/7edda3eb7ab91b2f03d8f2ef336456b9
2021-08-05 11:20:53 [info]: ::1 (GET) /images/b3de2f0ca5ec81aa17c7784b44445f4e
2021-08-05 11:20:53 [info]: ::1 (GET) /images/c705794f39f6bed3c52a0a8a80b86b64
2021-08-05 11:20:53 [info]: ::1 (GET) /images/cc6224f01a2f1e261295f92a6c534476
2021-08-05 11:20:53 [info]: ::1 (GET) /images/4555402ce4530fc99bf73daefbd4aa94
2021-08-05 11:20:58 [info]: ::1 (PUT) /images/4555402ce4530fc99bf73daefbd4aa94
2021-08-05 11:21:02 [info]: ::1 (GET) /images?q=fish
2021-08-05 11:21:02 [info]: ::1 (GET) /images/4555402ce4530fc99bf73daefbd4aa94
2021-08-05 11:21:25 [info]: ::1 (GET) /images
2021-08-05 11:21:25 [info]: ::1 (GET) /images/04b3db58a9f3d49e12ef2442fb898720
2021-08-05 11:21:25 [info]: ::1 (GET) /images/147f951d2d7a7905d542eb29e21d9985
2021-08-05 11:21:25 [info]: ::1 (GET) /images/14e68eae9c365a365891f9ebe979b4c5
2021-08-05 11:21:25 [info]: ::1 (GET) /images/14fe5f41b1c5c552acdd1a1c12680256
2021-08-05 11:21:25 [info]: ::1 (GET) /images/1ec72156096cdaab85c4724dbdb56a60
2021-08-05 11:21:25 [info]: ::1 (GET) /images/28e6c86d425adbd6b852529093ba7794
2021-08-05 11:21:25 [info]: ::1 (GET) /images/4555402ce4530fc99bf73daefbd4aa94
2021-08-05 11:21:25 [info]: ::1 (GET) /images/7edda3eb7ab91b2f03d8f2ef336456b9
2021-08-05 11:21:25 [info]: ::1 (GET) /images/b3de2f0ca5ec81aa17c7784b44445f4e
2021-08-05 11:21:25 [info]: ::1 (GET) /images/c705794f39f6bed3c52a0a8a80b86b64
2021-08-05 11:21:25 [info]: ::1 (GET) /images/cc6224f01a2f1e261295f92a6c534476
2021-08-05 11:26:19 [info]: ::1 (GET) /images/14e68eae9c365a365891f9ebe979b4c5/info
2021-08-05 11:26:19 [info]: ::1 (GET) /images/14e68eae9c365a365891f9ebe979b4c5
2021-08-05 11:26:21 [info]: ::1 (DELETE) /images/14e68eae9c365a365891f9ebe979b4c5
2021-08-05 11:26:22 [info]: ::1 (GET) /images
2021-08-05 11:26:22 [info]: ::1 (GET) /images/04b3db58a9f3d49e12ef2442fb898720
2021-08-05 11:26:22 [info]: ::1 (GET) /images/147f951d2d7a7905d542eb29e21d9985
2021-08-05 11:26:22 [info]: ::1 (GET) /images/14fe5f41b1c5c552acdd1a1c12680256
2021-08-05 11:26:22 [info]: ::1 (GET) /images/1ec72156096cdaab85c4724dbdb56a60
2021-08-05 11:26:22 [info]: ::1 (GET) /images/28e6c86d425adbd6b852529093ba7794
2021-08-05 11:26:22 [info]: ::1 (GET) /images/4555402ce4530fc99bf73daefbd4aa94
2021-08-05 11:26:22 [info]: ::1 (GET) /images/7edda3eb7ab91b2f03d8f2ef336456b9
2021-08-05 11:26:22 [info]: ::1 (GET) /images/b3de2f0ca5ec81aa17c7784b44445f4e
2021-08-05 11:26:22 [info]: ::1 (GET) /images/c705794f39f6bed3c52a0a8a80b86b64
2021-08-05 11:26:22 [info]: ::1 (GET) /images/cc6224f01a2f1e261295f92a6c534476
2021-08-05 11:26:23 [info]: ::1 (GET) /images/1ec72156096cdaab85c4724dbdb56a60/info
2021-08-05 11:26:23 [info]: ::1 (GET) /images/1ec72156096cdaab85c4724dbdb56a60
2021-08-05 11:26:25 [info]: ::1 (DELETE) /images/1ec72156096cdaab85c4724dbdb56a60
2021-08-05 11:26:25 [info]: ::1 (GET) /images
2021-08-05 11:26:25 [info]: ::1 (GET) /images/04b3db58a9f3d49e12ef2442fb898720
2021-08-05 11:26:25 [info]: ::1 (GET) /images/147f951d2d7a7905d542eb29e21d9985
2021-08-05 11:26:25 [info]: ::1 (GET) /images/14fe5f41b1c5c552acdd1a1c12680256
2021-08-05 11:26:25 [info]: ::1 (GET) /images/28e6c86d425adbd6b852529093ba7794
2021-08-05 11:26:25 [info]: ::1 (GET) /images/4555402ce4530fc99bf73daefbd4aa94
2021-08-05 11:26:25 [info]: ::1 (GET) /images/7edda3eb7ab91b2f03d8f2ef336456b9
2021-08-05 11:26:25 [info]: ::1 (GET) /images/b3de2f0ca5ec81aa17c7784b44445f4e
2021-08-05 11:26:25 [info]: ::1 (GET) /images/c705794f39f6bed3c52a0a8a80b86b64
2021-08-05 11:26:25 [info]: ::1 (GET) /images/cc6224f01a2f1e261295f92a6c534476
2021-08-05 11:26:26 [info]: ::1 (GET) /images/28e6c86d425adbd6b852529093ba7794/info
2021-08-05 11:26:26 [info]: ::1 (GET) /images/28e6c86d425adbd6b852529093ba7794
2021-08-05 11:26:28 [info]: ::1 (DELETE) /images/28e6c86d425adbd6b852529093ba7794
2021-08-05 11:26:28 [info]: ::1 (GET) /images
2021-08-05 11:26:28 [info]: ::1 (GET) /images/04b3db58a9f3d49e12ef2442fb898720
2021-08-05 11:26:28 [info]: ::1 (GET) /images/147f951d2d7a7905d542eb29e21d9985
2021-08-05 11:26:28 [info]: ::1 (GET) /images/14fe5f41b1c5c552acdd1a1c12680256
2021-08-05 11:26:28 [info]: ::1 (GET) /images/4555402ce4530fc99bf73daefbd4aa94
2021-08-05 11:26:28 [info]: ::1 (GET) /images/7edda3eb7ab91b2f03d8f2ef336456b9
2021-08-05 11:26:28 [info]: ::1 (GET) /images/b3de2f0ca5ec81aa17c7784b44445f4e
2021-08-05 11:26:28 [info]: ::1 (GET) /images/c705794f39f6bed3c52a0a8a80b86b64
2021-08-05 11:26:28 [info]: ::1 (GET) /images/cc6224f01a2f1e261295f92a6c534476
2021-08-05 11:26:29 [info]: ::1 (GET) /images/4555402ce4530fc99bf73daefbd4aa94/info
2021-08-05 11:26:29 [info]: ::1 (GET) /images/4555402ce4530fc99bf73daefbd4aa94
2021-08-05 11:26:30 [info]: ::1 (DELETE) /images/4555402ce4530fc99bf73daefbd4aa94
2021-08-05 11:26:30 [info]: ::1 (GET) /images
2021-08-05 11:26:30 [info]: ::1 (GET) /images/04b3db58a9f3d49e12ef2442fb898720
2021-08-05 11:26:30 [info]: ::1 (GET) /images/147f951d2d7a7905d542eb29e21d9985
2021-08-05 11:26:30 [info]: ::1 (GET) /images/14fe5f41b1c5c552acdd1a1c12680256
2021-08-05 11:26:30 [info]: ::1 (GET) /images/7edda3eb7ab91b2f03d8f2ef336456b9
2021-08-05 11:26:30 [info]: ::1 (GET) /images/b3de2f0ca5ec81aa17c7784b44445f4e
2021-08-05 11:26:30 [info]: ::1 (GET) /images/c705794f39f6bed3c52a0a8a80b86b64
2021-08-05 11:26:30 [info]: ::1 (GET) /images/cc6224f01a2f1e261295f92a6c534476
2021-08-05 11:26:31 [info]: ::1 (GET) /images/c705794f39f6bed3c52a0a8a80b86b64/info
2021-08-05 11:26:32 [info]: ::1 (GET) /images/c705794f39f6bed3c52a0a8a80b86b64
2021-08-05 11:26:34 [info]: ::1 (DELETE) /images/c705794f39f6bed3c52a0a8a80b86b64
2021-08-05 11:26:34 [info]: ::1 (GET) /images
2021-08-05 11:26:34 [info]: ::1 (GET) /images/04b3db58a9f3d49e12ef2442fb898720
2021-08-05 11:26:34 [info]: ::1 (GET) /images/147f951d2d7a7905d542eb29e21d9985
2021-08-05 11:26:34 [info]: ::1 (GET) /images/14fe5f41b1c5c552acdd1a1c12680256
2021-08-05 11:26:34 [info]: ::1 (GET) /images/7edda3eb7ab91b2f03d8f2ef336456b9
2021-08-05 11:26:34 [info]: ::1 (GET) /images/b3de2f0ca5ec81aa17c7784b44445f4e
2021-08-05 11:26:34 [info]: ::1 (GET) /images/cc6224f01a2f1e261295f92a6c534476
2021-08-05 11:26:35 [info]: ::1 (GET) /images/cc6224f01a2f1e261295f92a6c534476/info
2021-08-05 11:26:35 [info]: ::1 (GET) /images/cc6224f01a2f1e261295f92a6c534476
2021-08-05 11:26:37 [info]: ::1 (DELETE) /images/cc6224f01a2f1e261295f92a6c534476
2021-08-05 11:26:37 [info]: ::1 (GET) /images
2021-08-05 11:26:37 [info]: ::1 (GET) /images/04b3db58a9f3d49e12ef2442fb898720
2021-08-05 11:26:37 [info]: ::1 (GET) /images/147f951d2d7a7905d542eb29e21d9985
2021-08-05 11:26:37 [info]: ::1 (GET) /images/14fe5f41b1c5c552acdd1a1c12680256
2021-08-05 11:26:37 [info]: ::1 (GET) /images/7edda3eb7ab91b2f03d8f2ef336456b9
2021-08-05 11:26:37 [info]: ::1 (GET) /images/b3de2f0ca5ec81aa17c7784b44445f4e
2021-08-05 11:27:28 [info]: ::1 (GET) /titles
2021-08-05 11:27:28 [info]: ::1 (GET) /users/self
2021-08-05 11:27:30 [info]: ::1 (GET) /images
2021-08-05 11:27:30 [info]: ::1 (GET) /users/self
2021-08-05 11:27:30 [info]: ::1 (GET) /images/04b3db58a9f3d49e12ef2442fb898720
2021-08-05 11:27:30 [info]: ::1 (GET) /images/147f951d2d7a7905d542eb29e21d9985
2021-08-05 11:27:30 [info]: ::1 (GET) /images/14fe5f41b1c5c552acdd1a1c12680256
2021-08-05 11:27:30 [info]: ::1 (GET) /images/7edda3eb7ab91b2f03d8f2ef336456b9
2021-08-05 11:27:30 [info]: ::1 (GET) /images/b3de2f0ca5ec81aa17c7784b44445f4e
2021-08-05 11:27:30 [info]: ::1 (GET) /images/7edda3eb7ab91b2f03d8f2ef336456b9/info
2021-08-05 11:27:30 [info]: ::1 (GET) /images/7edda3eb7ab91b2f03d8f2ef336456b9
2021-08-05 11:27:36 [info]: ::1 (GET) /titles
2021-08-05 11:27:36 [info]: ::1 (GET) /users/self
2021-08-05 11:27:37 [info]: ::1 (GET) /titles/273b352a34374b898a850afd13c09b8f
2021-08-05 11:27:45 [info]: ::1 (GET) /images
2021-08-05 11:27:45 [info]: ::1 (GET) /users/self
2021-08-05 11:27:45 [info]: ::1 (GET) /images/04b3db58a9f3d49e12ef2442fb898720
2021-08-05 11:27:45 [info]: ::1 (GET) /images/147f951d2d7a7905d542eb29e21d9985
2021-08-05 11:27:45 [info]: ::1 (GET) /images/14fe5f41b1c5c552acdd1a1c12680256
2021-08-05 11:27:45 [info]: ::1 (GET) /images/7edda3eb7ab91b2f03d8f2ef336456b9
2021-08-05 11:27:45 [info]: ::1 (GET) /images/b3de2f0ca5ec81aa17c7784b44445f4e
2021-08-05 11:27:45 [info]: ::1 (GET) /images/14fe5f41b1c5c552acdd1a1c12680256/info
2021-08-05 11:27:46 [info]: ::1 (GET) /images/14fe5f41b1c5c552acdd1a1c12680256
2021-08-05 11:27:49 [info]: ::1 (GET) /titles
2021-08-05 11:27:49 [info]: ::1 (GET) /users/self
2021-08-05 11:27:50 [info]: ::1 (GET) /titles/273b352a34374b898a850afd13c09b8f
2021-08-05 11:28:16 [info]: ::1 (GET) /titles/273b352a34374b898a850afd13c09b8f
2021-08-05 11:28:45 [info]: ::1 (GET) /titles
2021-08-05 11:28:45 [info]: ::1 (GET) /users/self
2021-08-05 11:28:46 [info]: ::1 (GET) /images
2021-08-05 11:28:46 [info]: ::1 (GET) /users/self
2021-08-05 11:28:46 [info]: ::1 (GET) /images/04b3db58a9f3d49e12ef2442fb898720
2021-08-05 11:28:46 [info]: ::1 (GET) /images/147f951d2d7a7905d542eb29e21d9985
2021-08-05 11:28:46 [info]: ::1 (GET) /images/14fe5f41b1c5c552acdd1a1c12680256
2021-08-05 11:28:46 [info]: ::1 (GET) /images/7edda3eb7ab91b2f03d8f2ef336456b9
2021-08-05 11:28:46 [info]: ::1 (GET) /images/b3de2f0ca5ec81aa17c7784b44445f4e
2021-08-05 11:28:47 [info]: ::1 (GET) /images/147f951d2d7a7905d542eb29e21d9985/info
2021-08-05 11:28:47 [info]: ::1 (GET) /images/147f951d2d7a7905d542eb29e21d9985
2021-08-05 11:28:51 [info]: ::1 (GET) /titles
2021-08-05 11:28:51 [info]: ::1 (GET) /users/self
2021-08-05 11:28:52 [info]: ::1 (GET) /titles/273b352a34374b898a850afd13c09b8f
2021-08-05 11:30:48 [info]: ::1 (GET) /images
2021-08-05 11:30:48 [info]: ::1 (GET) /users/self
2021-08-05 11:30:48 [info]: ::1 (GET) /images/04b3db58a9f3d49e12ef2442fb898720
2021-08-05 11:30:48 [info]: ::1 (GET) /images/147f951d2d7a7905d542eb29e21d9985
2021-08-05 11:30:48 [info]: ::1 (GET) /images/14fe5f41b1c5c552acdd1a1c12680256
2021-08-05 11:30:48 [info]: ::1 (GET) /images/7edda3eb7ab91b2f03d8f2ef336456b9
2021-08-05 11:30:48 [info]: ::1 (GET) /images/b3de2f0ca5ec81aa17c7784b44445f4e
2021-08-05 11:30:56 [info]: ::1 (POST) /images/
2021-08-05 11:30:56 [info]: ::1 (GET) /images
2021-08-05 11:30:56 [info]: ::1 (GET) /images/5b5c4c793735916c3bff4cca323b01d2/info
2021-08-05 11:30:56 [info]: ::1 (GET) /images/5b5c4c793735916c3bff4cca323b01d2
2021-08-05 11:30:56 [info]: ::1 (GET) /images/04b3db58a9f3d49e12ef2442fb898720
2021-08-05 11:30:56 [info]: ::1 (GET) /images/147f951d2d7a7905d542eb29e21d9985
2021-08-05 11:30:56 [info]: ::1 (GET) /images/14fe5f41b1c5c552acdd1a1c12680256
2021-08-05 11:30:56 [info]: ::1 (GET) /images/7edda3eb7ab91b2f03d8f2ef336456b9
2021-08-05 11:30:56 [info]: ::1 (GET) /images/b3de2f0ca5ec81aa17c7784b44445f4e
2021-08-05 11:30:56 [info]: ::1 (GET) /images/5b5c4c793735916c3bff4cca323b01d2
2021-08-05 11:31:02 [info]: ::1 (PUT) /images/5b5c4c793735916c3bff4cca323b01d2
2021-08-05 11:31:40 [info]: ::1 (GET) /users
2021-08-05 11:31:40 [info]: ::1 (GET) /users/self
2021-08-05 11:31:42 [info]: ::1 (GET) /users?q=test
2021-08-05 11:31:44 [info]: ::1 (GET) /users/452d341c136763dc
2021-08-05 11:32:15 [info]: ::1 (GET) /images
2021-08-05 11:32:15 [info]: ::1 (GET) /users/self
2021-08-05 11:32:15 [info]: ::1 (GET) /images/04b3db58a9f3d49e12ef2442fb898720
2021-08-05 11:32:15 [info]: ::1 (GET) /images/147f951d2d7a7905d542eb29e21d9985
2021-08-05 11:32:15 [info]: ::1 (GET) /images/14fe5f41b1c5c552acdd1a1c12680256
2021-08-05 11:32:15 [info]: ::1 (GET) /images/5b5c4c793735916c3bff4cca323b01d2
2021-08-05 11:32:15 [info]: ::1 (GET) /images/7edda3eb7ab91b2f03d8f2ef336456b9
2021-08-05 11:32:15 [info]: ::1 (GET) /images/b3de2f0ca5ec81aa17c7784b44445f4e
2021-08-05 11:32:16 [info]: ::1 (GET) /images/14fe5f41b1c5c552acdd1a1c12680256/info
2021-08-05 11:32:16 [info]: ::1 (GET) /images/14fe5f41b1c5c552acdd1a1c12680256
2021-08-05 11:32:37 [info]: ::1 (GET) /images/7edda3eb7ab91b2f03d8f2ef336456b9/info
2021-08-05 11:32:37 [info]: ::1 (GET) /images/7edda3eb7ab91b2f03d8f2ef336456b9
2021-08-05 11:32:56 [info]: ::1 (GET) /images/14fe5f41b1c5c552acdd1a1c12680256/info
2021-08-05 11:32:56 [info]: ::1 (GET) /images/14fe5f41b1c5c552acdd1a1c12680256
2021-08-05 11:33:04 [info]: ::1 (GET) /images/147f951d2d7a7905d542eb29e21d9985/info
2021-08-05 11:33:04 [info]: ::1 (GET) /images/147f951d2d7a7905d542eb29e21d9985
2021-08-05 11:33:26 [info]: ::1 (GET) /images/04b3db58a9f3d49e12ef2442fb898720/info
2021-08-05 11:33:26 [info]: ::1 (GET) /images/04b3db58a9f3d49e12ef2442fb898720
2021-08-05 11:33:39 [info]: ::1 (GET) /images/5b5c4c793735916c3bff4cca323b01d2/info
2021-08-05 11:33:39 [info]: ::1 (GET) /images/5b5c4c793735916c3bff4cca323b01d2
2021-08-05 11:33:59 [info]: ::1 (GET) /titles
2021-08-05 11:33:59 [info]: ::1 (GET) /users/self
2021-08-05 11:34:02 [info]: ::1 (GET) /titles/da9c985110156d0027e6ead301f06690
2021-08-05 11:37:33 [info]: ::1 (GET) /titles
2021-08-05 11:37:33 [info]: ::1 (GET) /users/self
2021-08-05 11:37:33 [info]: ::1 (GET) /titles/da9c985110156d0027e6ead301f06690
2021-08-05 11:39:19 [info]: ::1 (GET) /titles
2021-08-05 11:39:19 [info]: ::1 (GET) /users/self
2021-08-05 11:39:19 [info]: ::1 (GET) /titles/da9c985110156d0027e6ead301f06690
2021-08-05 11:39:21 [info]: ::1 (GET) /titles
2021-08-05 11:39:21 [info]: ::1 (GET) /users/self
2021-08-05 11:39:21 [info]: ::1 (GET) /titles/da9c985110156d0027e6ead301f06690
2021-08-05 11:39:29 [info]: ::1 (GET) /titles
2021-08-05 11:39:29 [info]: ::1 (GET) /users/self
2021-08-05 11:39:29 [info]: ::1 (GET) /titles/da9c985110156d0027e6ead301f06690
2021-08-05 11:41:02 [info]: ::1 (GET) /titles
2021-08-05 11:41:02 [info]: ::1 (GET) /users/self
2021-08-05 11:41:02 [info]: ::1 (GET) /titles/da9c985110156d0027e6ead301f06690
2021-08-05 11:46:04 [info]: ::1 (GET) /titles
2021-08-05 11:46:04 [info]: ::1 (GET) /users/self
2021-08-05 11:46:04 [info]: ::1 (GET) /titles/da9c985110156d0027e6ead301f06690
2021-08-05 11:48:01 [info]: ::1 (GET) /titles
2021-08-05 11:48:01 [info]: ::1 (GET) /users/self
2021-08-05 11:48:01 [info]: ::1 (GET) /titles/da9c985110156d0027e6ead301f06690
2021-08-05 11:49:57 [info]: ::1 (GET) /titles
2021-08-05 11:49:57 [info]: ::1 (GET) /users/self
2021-08-05 11:49:57 [info]: ::1 (GET) /titles/da9c985110156d0027e6ead301f06690
2021-08-05 11:50:12 [info]: ::1 (GET) /titles
2021-08-05 11:50:12 [info]: ::1 (GET) /users/self
2021-08-05 11:50:12 [info]: ::1 (GET) /titles/da9c985110156d0027e6ead301f06690
2021-08-05 11:51:07 [info]: ::1 (GET) /titles
2021-08-05 11:51:07 [info]: ::1 (GET) /users/self
2021-08-05 11:51:08 [info]: ::1 (GET) /titles/da9c985110156d0027e6ead301f06690
2021-08-05 11:52:17 [info]: ::1 (GET) /titles
2021-08-05 11:52:17 [info]: ::1 (GET) /users/self
2021-08-05 11:52:17 [info]: ::1 (GET) /titles/da9c985110156d0027e6ead301f06690
2021-08-05 11:53:04 [info]: ::1 (GET) /titles
2021-08-05 11:53:04 [info]: ::1 (GET) /users/self
2021-08-05 11:53:04 [info]: ::1 (GET) /titles/da9c985110156d0027e6ead301f06690
2021-08-05 11:53:42 [info]: ::1 (GET) /titles
2021-08-05 11:53:42 [info]: ::1 (GET) /users/self
2021-08-05 11:53:42 [info]: ::1 (GET) /titles/da9c985110156d0027e6ead301f06690
2021-08-05 11:54:16 [info]: ::1 (GET) /titles
2021-08-05 11:54:16 [info]: ::1 (GET) /users/self
2021-08-05 11:54:16 [info]: ::1 (GET) /titles/da9c985110156d0027e6ead301f06690
2021-08-05 11:57:03 [info]: ::1 (GET) /titles
2021-08-05 11:57:03 [info]: ::1 (GET) /users/self
2021-08-05 11:57:03 [info]: ::1 (GET) /titles/da9c985110156d0027e6ead301f06690
2021-08-05 11:57:16 [info]: ::1 (GET) /titles
2021-08-05 11:57:16 [info]: ::1 (GET) /users/self
2021-08-05 11:57:16 [info]: ::1 (GET) /titles/da9c985110156d0027e6ead301f06690
2021-08-05 11:58:40 [info]: ::1 (GET) /titles
2021-08-05 11:58:40 [info]: ::1 (GET) /users/self
2021-08-05 11:58:40 [info]: ::1 (GET) /titles/da9c985110156d0027e6ead301f06690
2021-08-05 11:59:16 [info]: ::1 (GET) /titles
2021-08-05 11:59:16 [info]: ::1 (GET) /users/self
2021-08-05 11:59:16 [info]: ::1 (GET) /titles/da9c985110156d0027e6ead301f06690
2021-08-05 11:59:47 [info]: ::1 (GET) /titles
2021-08-05 11:59:47 [info]: ::1 (GET) /users/self
2021-08-05 11:59:47 [info]: ::1 (GET) /titles/da9c985110156d0027e6ead301f06690
2021-08-05 12:00:21 [info]: ::1 (GET) /users/self
2021-08-05 12:00:21 [info]: ::1 (GET) /titles
2021-08-05 12:00:21 [info]: ::1 (GET) /titles/da9c985110156d0027e6ead301f06690
2021-08-05 21:43:33 [info]: ::1 (GET) /titles
2021-08-05 21:43:33 [info]: ::1 (GET) /users/self
2021-08-05 21:43:33 [info]: ::1 (GET) /titles/da9c985110156d0027e6ead301f06690
2021-08-05 21:46:51 [info]: ::1 (GET) /titles
2021-08-05 21:46:51 [info]: ::1 (GET) /users/self
2021-08-05 21:46:51 [info]: ::1 (GET) /titles/da9c985110156d0027e6ead301f06690
2021-08-05 21:49:32 [info]: ::1 (GET) /titles
2021-08-05 21:49:32 [info]: ::1 (GET) /users/self
2021-08-05 21:49:32 [info]: ::1 (GET) /titles/da9c985110156d0027e6ead301f06690
2021-08-05 21:50:45 [info]: ::1 (GET) /titles
2021-08-05 21:50:45 [info]: ::1 (GET) /users/self
2021-08-05 21:50:45 [info]: ::1 (GET) /titles/da9c985110156d0027e6ead301f06690
2021-08-05 21:51:12 [info]: ::1 (GET) /titles
2021-08-05 21:51:12 [info]: ::1 (GET) /users/self
2021-08-05 21:51:13 [info]: ::1 (GET) /titles/da9c985110156d0027e6ead301f06690
2021-08-05 21:52:04 [info]: ::1 (GET) /titles
2021-08-05 21:52:04 [info]: ::1 (GET) /users/self
2021-08-05 21:52:04 [info]: ::1 (GET) /titles/da9c985110156d0027e6ead301f06690
2021-08-05 21:52:28 [info]: ::1 (GET) /titles
2021-08-05 21:52:28 [info]: ::1 (GET) /users/self
2021-08-05 21:52:28 [info]: ::1 (GET) /titles/da9c985110156d0027e6ead301f06690
2021-08-05 21:53:58 [info]: ::1 (GET) /titles
2021-08-05 21:53:58 [info]: ::1 (GET) /users/self
2021-08-05 21:53:58 [info]: ::1 (GET) /titles/da9c985110156d0027e6ead301f06690
2021-08-05 21:54:37 [info]: ::1 (GET) /titles
2021-08-05 21:54:37 [info]: ::1 (GET) /users/self
2021-08-05 21:54:37 [info]: ::1 (GET) /titles/da9c985110156d0027e6ead301f06690
2021-08-05 21:55:53 [info]: ::1 (GET) /titles
2021-08-05 21:55:53 [info]: ::1 (GET) /users/self
2021-08-05 21:55:53 [info]: ::1 (GET) /titles/da9c985110156d0027e6ead301f06690
2021-08-05 21:56:25 [info]: ::1 (GET) /titles
2021-08-05 21:56:25 [info]: ::1 (GET) /users/self
2021-08-05 21:56:25 [info]: ::1 (GET) /titles/da9c985110156d0027e6ead301f06690
2021-08-05 21:57:27 [info]: ::1 (GET) /titles
2021-08-05 21:57:27 [info]: ::1 (GET) /users/self
2021-08-05 21:57:27 [info]: ::1 (GET) /titles/da9c985110156d0027e6ead301f06690
2021-08-05 21:57:49 [info]: ::1 (GET) /titles
2021-08-05 21:57:49 [info]: ::1 (GET) /users/self
2021-08-05 21:57:49 [info]: ::1 (GET) /titles/da9c985110156d0027e6ead301f06690
2021-08-05 22:00:04 [info]: ::1 (GET) /titles
2021-08-05 22:00:04 [info]: ::1 (GET) /users/self
2021-08-05 22:00:04 [info]: ::1 (GET) /titles/da9c985110156d0027e6ead301f06690
2021-08-05 22:00:28 [info]: ::1 (GET) /titles
2021-08-05 22:00:28 [info]: ::1 (GET) /users/self
2021-08-05 22:00:28 [info]: ::1 (GET) /titles/da9c985110156d0027e6ead301f06690
2021-08-05 22:01:08 [info]: ::1 (GET) /titles
2021-08-05 22:01:08 [info]: ::1 (GET) /users/self
2021-08-05 22:01:08 [info]: ::1 (GET) /titles/da9c985110156d0027e6ead301f06690
2021-08-05 22:01:58 [info]: ::1 (GET) /titles
2021-08-05 22:01:58 [info]: ::1 (GET) /users/self
2021-08-05 22:01:58 [info]: ::1 (GET) /titles/da9c985110156d0027e6ead301f06690
2021-08-05 22:02:47 [info]: ::1 (GET) /titles
2021-08-05 22:02:47 [info]: ::1 (GET) /users/self
2021-08-05 22:02:47 [info]: ::1 (GET) /titles/da9c985110156d0027e6ead301f06690
2021-08-05 22:03:13 [info]: ::1 (GET) /titles
2021-08-05 22:03:13 [info]: ::1 (GET) /users/self
2021-08-05 22:03:13 [info]: ::1 (GET) /titles/da9c985110156d0027e6ead301f06690
2021-08-05 22:03:15 [info]: ::1 (GET) /titles
2021-08-05 22:03:15 [info]: ::1 (GET) /users/self
2021-08-05 22:03:15 [info]: ::1 (GET) /titles/da9c985110156d0027e6ead301f06690
2021-08-05 22:03:38 [info]: ::1 (GET) /titles
2021-08-05 22:03:38 [info]: ::1 (GET) /users/self
2021-08-05 22:03:38 [info]: ::1 (GET) /titles/da9c985110156d0027e6ead301f06690
2021-08-05 22:04:11 [info]: ::1 (GET) /titles
2021-08-05 22:04:11 [info]: ::1 (GET) /users/self
2021-08-05 22:04:11 [info]: ::1 (GET) /titles/da9c985110156d0027e6ead301f06690
2021-08-05 22:08:15 [info]: ::1 (GET) /titles
2021-08-05 22:08:15 [info]: ::1 (GET) /users/self
2021-08-05 22:08:15 [info]: ::1 (GET) /titles/da9c985110156d0027e6ead301f06690
2021-08-05 22:08:23 [info]: ::1 (GET) /users/self
2021-08-05 22:08:23 [info]: ::1 (GET) /titles
2021-08-05 22:08:23 [info]: ::1 (GET) /titles/da9c985110156d0027e6ead301f06690
2021-08-05 22:10:07 [info]: ::1 (GET) /titles
2021-08-05 22:10:07 [info]: ::1 (GET) /users/self
2021-08-05 22:10:07 [info]: ::1 (GET) /titles/da9c985110156d0027e6ead301f06690
2021-08-05 22:10:26 [info]: ::1 (GET) /titles
2021-08-05 22:10:26 [info]: ::1 (GET) /users/self
2021-08-05 22:10:26 [info]: ::1 (GET) /titles/da9c985110156d0027e6ead301f06690
2021-08-05 22:11:10 [info]: ::1 (GET) /titles
2021-08-05 22:11:10 [info]: ::1 (GET) /users/self
2021-08-05 22:11:10 [info]: ::1 (GET) /titles/da9c985110156d0027e6ead301f06690
2021-08-05 22:11:39 [info]: ::1 (GET) /titles
2021-08-05 22:11:39 [info]: ::1 (GET) /users/self
2021-08-05 22:11:39 [info]: ::1 (GET) /titles/da9c985110156d0027e6ead301f06690
2021-08-05 22:15:02 [info]: ::1 (GET) /images
2021-08-05 22:15:02 [info]: ::1 (GET) /users/self
2021-08-05 22:15:03 [info]: ::1 (GET) /images/04b3db58a9f3d49e12ef2442fb898720
2021-08-05 22:15:03 [info]: ::1 (GET) /images/147f951d2d7a7905d542eb29e21d9985
2021-08-05 22:15:03 [info]: ::1 (GET) /images/14fe5f41b1c5c552acdd1a1c12680256
2021-08-05 22:15:03 [info]: ::1 (GET) /images/5b5c4c793735916c3bff4cca323b01d2
2021-08-05 22:15:03 [info]: ::1 (GET) /images/7edda3eb7ab91b2f03d8f2ef336456b9
2021-08-05 22:15:03 [info]: ::1 (GET) /images/b3de2f0ca5ec81aa17c7784b44445f4e
2021-08-05 22:15:05 [info]: ::1 (GET) /images/04b3db58a9f3d49e12ef2442fb898720/info
2021-08-05 22:15:05 [info]: ::1 (GET) /images/04b3db58a9f3d49e12ef2442fb898720
2021-08-05 22:15:25 [info]: ::1 (GET) /images/14fe5f41b1c5c552acdd1a1c12680256/info
2021-08-05 22:15:25 [info]: ::1 (GET) /images/14fe5f41b1c5c552acdd1a1c12680256
2021-08-05 22:15:34 [info]: ::1 (GET) /images/5b5c4c793735916c3bff4cca323b01d2/info
2021-08-05 22:15:34 [info]: ::1 (GET) /images/5b5c4c793735916c3bff4cca323b01d2
2021-08-05 22:15:41 [info]: ::1 (PUT) /images/5b5c4c793735916c3bff4cca323b01d2
2021-08-05 22:15:54 [info]: ::1 (GET) /users/self
2021-08-05 22:15:56 [info]: ::1 (GET) /titles
2021-08-05 22:15:56 [info]: ::1 (GET) /users/self
2021-08-05 22:15:57 [info]: ::1 (GET) /titles/273b352a34374b898a850afd13c09b8f
2021-08-05 22:23:46 [info]: ::1 (GET) /titles
2021-08-05 22:23:46 [info]: ::1 (GET) /users/self
2021-08-05 22:23:48 [info]: ::1 (GET) /titles/273b352a34374b898a850afd13c09b8f
2021-08-05 22:24:32 [info]: ::1 (GET) /titles
2021-08-05 22:24:32 [info]: ::1 (GET) /users/self
2021-08-05 22:24:32 [info]: ::1 (GET) /titles/273b352a34374b898a850afd13c09b8f
2021-08-05 22:24:52 [info]: ::1 (GET) /titles
2021-08-05 22:24:52 [info]: ::1 (GET) /users/self
2021-08-05 22:24:52 [info]: ::1 (GET) /titles/273b352a34374b898a850afd13c09b8f
2021-08-05 22:25:03 [info]: ::1 (GET) /titles
2021-08-05 22:25:03 [info]: ::1 (GET) /users/self
2021-08-05 22:25:04 [info]: ::1 (GET) /titles/273b352a34374b898a850afd13c09b8f
2021-08-05 22:25:10 [info]: ::1 (GET) /titles
2021-08-05 22:25:10 [info]: ::1 (GET) /users/self
2021-08-05 22:25:10 [info]: ::1 (GET) /titles/273b352a34374b898a850afd13c09b8f
2021-08-05 22:27:00 [info]: ::1 (GET) /titles
2021-08-05 22:27:00 [info]: ::1 (GET) /users/self
2021-08-05 22:27:00 [info]: ::1 (GET) /titles/273b352a34374b898a850afd13c09b8f
2021-08-05 22:27:46 [info]: ::1 (GET) /titles
2021-08-05 22:27:46 [info]: ::1 (GET) /users/self
2021-08-05 22:27:46 [info]: ::1 (GET) /titles/273b352a34374b898a850afd13c09b8f
2021-08-05 22:28:05 [info]: ::1 (GET) /titles
2021-08-05 22:28:05 [info]: ::1 (GET) /users/self
2021-08-05 22:28:05 [info]: ::1 (GET) /titles/273b352a34374b898a850afd13c09b8f
2021-08-05 22:29:22 [info]: ::1 (GET) /titles
2021-08-05 22:29:22 [info]: ::1 (GET) /users/self
2021-08-05 22:29:22 [info]: ::1 (GET) /titles/273b352a34374b898a850afd13c09b8f
2021-08-05 22:30:12 [info]: ::1 (GET) /titles
2021-08-05 22:30:12 [info]: ::1 (GET) /users/self
2021-08-05 22:30:12 [info]: ::1 (GET) /titles/273b352a34374b898a850afd13c09b8f
2021-08-05 22:30:14 [info]: ::1 (GET) /titles
2021-08-05 22:30:14 [info]: ::1 (GET) /users/self
2021-08-05 22:30:14 [info]: ::1 (GET) /titles/273b352a34374b898a850afd13c09b8f
2021-08-05 22:31:17 [info]: ::1 (GET) /titles
2021-08-05 22:31:17 [info]: ::1 (GET) /users/self
2021-08-05 22:31:17 [info]: ::1 (GET) /titles/273b352a34374b898a850afd13c09b8f
2021-08-05 22:31:20 [info]: ::1 (GET) /titles
2021-08-05 22:31:20 [info]: ::1 (GET) /users/self
2021-08-05 22:31:20 [info]: ::1 (GET) /titles/273b352a34374b898a850afd13c09b8f
2021-08-05 22:31:42 [info]: ::1 (GET) /titles
2021-08-05 22:31:42 [info]: ::1 (GET) /users/self
2021-08-05 22:31:42 [info]: ::1 (GET) /titles/273b352a34374b898a850afd13c09b8f
2021-08-05 22:32:46 [info]: ::1 (GET) /titles
2021-08-05 22:32:46 [info]: ::1 (GET) /users/self
2021-08-05 22:32:46 [info]: ::1 (GET) /titles/273b352a34374b898a850afd13c09b8f
2021-08-05 22:35:20 [info]: ::1 (GET) /titles
2021-08-05 22:35:20 [info]: ::1 (GET) /users/self
2021-08-05 22:35:20 [info]: ::1 (GET) /titles/273b352a34374b898a850afd13c09b8f
2021-08-05 22:36:28 [info]: ::1 (GET) /titles
2021-08-05 22:36:28 [info]: ::1 (GET) /users/self
2021-08-05 22:36:28 [info]: ::1 (GET) /titles/273b352a34374b898a850afd13c09b8f
2021-08-05 22:36:43 [info]: ::1 (GET) /titles
2021-08-05 22:36:43 [info]: ::1 (GET) /users/self
2021-08-05 22:36:43 [info]: ::1 (GET) /titles/273b352a34374b898a850afd13c09b8f
2021-08-05 22:37:03 [info]: ::1 (GET) /titles
2021-08-05 22:37:03 [info]: ::1 (GET) /users/self
2021-08-05 22:37:03 [info]: ::1 (GET) /titles/273b352a34374b898a850afd13c09b8f
2021-08-05 22:37:49 [info]: ::1 (GET) /titles
2021-08-05 22:37:49 [info]: ::1 (GET) /users/self
2021-08-05 22:37:49 [info]: ::1 (GET) /titles/273b352a34374b898a850afd13c09b8f
2021-08-05 22:40:37 [info]: ::1 (GET) /titles
2021-08-05 22:40:37 [info]: ::1 (GET) /users/self
2021-08-05 22:40:37 [info]: ::1 (GET) /titles/273b352a34374b898a850afd13c09b8f
2021-08-05 22:42:36 [info]: ::1 (GET) /titles
2021-08-05 22:42:36 [info]: ::1 (GET) /users/self
2021-08-05 22:42:36 [info]: ::1 (GET) /titles/273b352a34374b898a850afd13c09b8f
2021-08-05 22:43:17 [info]: ::1 (GET) /titles
2021-08-05 22:43:17 [info]: ::1 (GET) /users/self
2021-08-05 22:43:17 [info]: ::1 (GET) /titles/273b352a34374b898a850afd13c09b8f
2021-08-05 22:47:52 [info]: ::1 (GET) /titles
2021-08-05 22:47:52 [info]: ::1 (GET) /users/self
2021-08-05 22:47:52 [info]: ::1 (GET) /titles/273b352a34374b898a850afd13c09b8f
2021-08-05 22:52:41 [info]: ::1 (GET) /titles
2021-08-05 22:52:41 [info]: ::1 (GET) /users/self
2021-08-05 22:52:41 [info]: ::1 (GET) /titles/273b352a34374b898a850afd13c09b8f
2021-08-05 22:53:01 [info]: ::1 (GET) /titles
2021-08-05 22:53:01 [info]: ::1 (GET) /users/self
2021-08-05 22:53:01 [info]: ::1 (GET) /titles/273b352a34374b898a850afd13c09b8f
2021-08-05 23:01:27 [info]: ::1 (GET) /titles
2021-08-05 23:01:27 [info]: ::1 (GET) /users/self
2021-08-05 23:01:27 [info]: ::1 (GET) /titles/273b352a34374b898a850afd13c09b8f
2021-08-05 23:03:01 [info]: ::1 (GET) /titles
2021-08-05 23:03:01 [info]: ::1 (GET) /users/self
2021-08-05 23:03:01 [info]: ::1 (GET) /titles/273b352a34374b898a850afd13c09b8f
2021-08-05 23:03:29 [info]: ::1 (GET) /titles
2021-08-05 23:03:29 [info]: ::1 (GET) /users/self
2021-08-05 23:03:29 [info]: ::1 (GET) /titles/273b352a34374b898a850afd13c09b8f
2021-08-05 23:03:41 [info]: ::1 (GET) /titles
2021-08-05 23:03:41 [info]: ::1 (GET) /users/self
2021-08-05 23:03:41 [info]: ::1 (GET) /titles/273b352a34374b898a850afd13c09b8f
2021-08-05 23:05:39 [info]: ::1 (GET) /titles
2021-08-05 23:05:39 [info]: ::1 (GET) /users/self
2021-08-05 23:05:39 [info]: ::1 (GET) /titles/273b352a34374b898a850afd13c09b8f
2021-08-05 23:06:17 [info]: ::1 (GET) /titles
2021-08-05 23:06:17 [info]: ::1 (GET) /users/self
2021-08-05 23:06:17 [info]: ::1 (GET) /titles/273b352a34374b898a850afd13c09b8f
2021-08-05 23:06:20 [info]: ::1 (GET) /titles
2021-08-05 23:06:20 [info]: ::1 (GET) /users/self
2021-08-05 23:06:20 [info]: ::1 (GET) /titles/273b352a34374b898a850afd13c09b8f
2021-08-05 23:11:23 [info]: ::1 (GET) /titles
2021-08-05 23:11:23 [info]: ::1 (GET) /users/self
2021-08-05 23:11:23 [info]: ::1 (GET) /titles/273b352a34374b898a850afd13c09b8f
2021-08-05 23:11:34 [info]: ::1 (GET) /titles
2021-08-05 23:11:34 [info]: ::1 (GET) /users/self
2021-08-05 23:11:34 [info]: ::1 (GET) /titles/273b352a34374b898a850afd13c09b8f
2021-08-05 23:17:37 [info]: ::1 (GET) /titles
2021-08-05 23:17:37 [info]: ::1 (GET) /users/self
2021-08-05 23:17:37 [info]: ::1 (GET) /titles/273b352a34374b898a850afd13c09b8f
