2021-08-12 02:39:47 [info]: ::1 (GET) /titles/?q=avatar
2021-08-12 02:39:47 [info]: ::1 (GET) /images/7edda3eb7ab91b2f03d8f2ef336456b9
2021-08-12 02:39:49 [info]: ::1 (GET) /titles/4fc63cc45cb72566136015b9dcf1cf46
2021-08-12 02:39:49 [info]: ::1 (GET) /images/7edda3eb7ab91b2f03d8f2ef336456b9
2021-08-12 02:44:56 [info]: ::1 (GET) /images/
2021-08-12 02:44:56 [info]: ::1 (GET) /images/
2021-08-12 02:44:56 [info]: ::1 (GET) /titles
2021-08-12 02:44:56 [info]: ::1 (GET) /users/self
2021-08-12 02:44:56 [info]: ::1 (GET) /titles/4fc63cc45cb72566136015b9dcf1cf46
2021-08-12 02:44:56 [info]: ::1 (GET) /images/
2021-08-12 02:44:56 [info]: ::1 (GET) /images/7edda3eb7ab91b2f03d8f2ef336456b9
2021-08-12 02:45:21 [info]: ::1 (GET) /images/
2021-08-12 02:45:21 [info]: ::1 (GET) /titles
2021-08-12 02:45:21 [info]: ::1 (GET) /users/self
2021-08-12 02:45:21 [info]: ::1 (GET) /images/
2021-08-12 02:45:21 [info]: ::1 (GET) /titles/4fc63cc45cb72566136015b9dcf1cf46
2021-08-12 02:45:21 [info]: ::1 (GET) /images/
2021-08-12 02:45:21 [info]: ::1 (GET) /images/7edda3eb7ab91b2f03d8f2ef336456b9
2021-08-12 02:46:08 [info]: ::1 (GET) /images/
2021-08-12 02:46:08 [info]: ::1 (GET) /images/
2021-08-12 02:46:08 [info]: ::1 (GET) /titles
2021-08-12 02:46:08 [info]: ::1 (GET) /users/self
2021-08-12 02:46:08 [info]: ::1 (GET) /titles/4fc63cc45cb72566136015b9dcf1cf46
2021-08-12 02:46:09 [info]: ::1 (GET) /images/
2021-08-12 02:46:09 [info]: ::1 (GET) /images/7edda3eb7ab91b2f03d8f2ef336456b9
2021-08-12 02:51:57 [info]: ::1 (GET) /images/
2021-08-12 02:51:57 [info]: ::1 (GET) /images/
2021-08-12 02:51:57 [info]: ::1 (GET) /titles
2021-08-12 02:51:57 [info]: ::1 (GET) /users/self
2021-08-12 02:51:57 [info]: ::1 (GET) /titles/4fc63cc45cb72566136015b9dcf1cf46
2021-08-12 02:51:57 [info]: ::1 (GET) /images/
2021-08-12 02:51:57 [info]: ::1 (GET) /images/7edda3eb7ab91b2f03d8f2ef336456b9
2021-08-12 02:54:12 [info]: ::1 (GET) /images/
2021-08-12 02:54:12 [info]: ::1 (GET) /images/
2021-08-12 02:54:13 [info]: ::1 (GET) /images/7edda3eb7ab91b2f03d8f2ef336456b9
2021-08-12 02:54:14 [info]: ::1 (GET) /images/
2021-08-12 02:54:14 [info]: ::1 (GET) /images/
2021-08-12 02:54:14 [info]: ::1 (GET) /titles
2021-08-12 02:54:14 [info]: ::1 (GET) /users/self
2021-08-12 02:54:14 [info]: ::1 (GET) /titles/4fc63cc45cb72566136015b9dcf1cf46
2021-08-12 02:54:14 [info]: ::1 (GET) /images/
2021-08-12 02:54:14 [info]: ::1 (GET) /images/7edda3eb7ab91b2f03d8f2ef336456b9
2021-08-12 02:54:45 [info]: ::1 (GET) /images/
2021-08-12 02:54:45 [info]: ::1 (GET) /images/
2021-08-12 02:54:45 [info]: ::1 (GET) /images/7edda3eb7ab91b2f03d8f2ef336456b9
2021-08-12 02:54:46 [info]: ::1 (GET) /images/
2021-08-12 02:54:46 [info]: ::1 (GET) /images/
2021-08-12 02:54:46 [info]: ::1 (GET) /titles
2021-08-12 02:54:46 [info]: ::1 (GET) /users/self
2021-08-12 02:54:46 [info]: ::1 (GET) /titles/4fc63cc45cb72566136015b9dcf1cf46
2021-08-12 02:54:47 [info]: ::1 (GET) /images/
2021-08-12 02:54:47 [info]: ::1 (GET) /images/7edda3eb7ab91b2f03d8f2ef336456b9
2021-08-12 02:55:15 [info]: ::1 (GET) /images/
2021-08-12 02:55:15 [info]: ::1 (GET) /images/
2021-08-12 02:55:15 [info]: ::1 (GET) /titles
2021-08-12 02:55:15 [info]: ::1 (GET) /users/self
2021-08-12 02:55:50 [info]: ::1 (GET) /titles/331baacfd33575c8ee2d976dc763457e
2021-08-12 02:55:50 [info]: ::1 (GET) /images/
2021-08-12 02:55:50 [info]: ::1 (GET) /images/ac46af1810ac97b181daade2bb07a8e1
2021-08-12 02:55:55 [info]: ::1 (GET) /titles/?q=inception
2021-08-12 02:55:55 [info]: ::1 (GET) /images/ac46af1810ac97b181daade2bb07a8e1
2021-08-12 02:55:56 [info]: ::1 (GET) /titles/331baacfd33575c8ee2d976dc763457e
2021-08-12 02:55:56 [info]: ::1 (GET) /images/ac46af1810ac97b181daade2bb07a8e1
2021-08-12 02:56:37 [info]: ::1 (GET) /titles?q=inception
2021-08-12 02:56:46 [info]: ::1 (GET) /titles
2021-08-12 02:58:17 [info]: ::1 (GET) /titles/0fdefb53f61cc388369511d5b927f88b
2021-08-12 02:58:17 [info]: ::1 (GET) /images/
2021-08-12 02:58:17 [info]: ::1 (GET) /images/688df9523df0841a9e2e72880b0a447b
2021-08-12 02:58:32 [info]: ::1 (GET) /images
2021-08-12 02:58:32 [info]: ::1 (GET) /users/self
2021-08-12 02:58:33 [info]: ::1 (GET) /images/04b3db58a9f3d49e12ef2442fb898720
2021-08-12 02:58:33 [info]: ::1 (GET) /images/147f951d2d7a7905d542eb29e21d9985
2021-08-12 02:58:33 [info]: ::1 (GET) /images/14fe5f41b1c5c552acdd1a1c12680256
2021-08-12 02:58:33 [info]: ::1 (GET) /images/1d7510521f38e6f5a7115944a8810d3c
2021-08-12 02:58:33 [info]: ::1 (GET) /images/3bdfcd9ffb7f6374a85ee68bd4e088e4
2021-08-12 02:58:33 [info]: ::1 (GET) /images/53ed97785447e228a25a61b648a53af5
2021-08-12 02:58:33 [info]: ::1 (GET) /images/3519ec5ace533a0077874246cbf50422
2021-08-12 02:58:33 [info]: ::1 (GET) /images/5781d7fb63abb5ed2c5aaf46ad9c2876
2021-08-12 02:58:33 [info]: ::1 (GET) /images/5b5c4c793735916c3bff4cca323b01d2
2021-08-12 02:58:33 [info]: ::1 (GET) /images/688df9523df0841a9e2e72880b0a447b
2021-08-12 02:58:33 [info]: ::1 (GET) /images/7d5c01a742c21d28267e79074e484bf2
2021-08-12 02:58:33 [info]: ::1 (GET) /images/7edda3eb7ab91b2f03d8f2ef336456b9
2021-08-12 02:58:33 [info]: ::1 (GET) /images/8051ea4b597d112dbb99cf51569edd85
2021-08-12 02:58:33 [info]: ::1 (GET) /images/81cf1c59da84db64bce9aa06dab68796
2021-08-12 02:58:33 [info]: ::1 (GET) /images/8be026fe3ac9eac8de8243427a958456
2021-08-12 02:58:33 [info]: ::1 (GET) /images/ac46af1810ac97b181daade2bb07a8e1
2021-08-12 02:58:33 [info]: ::1 (GET) /images/b3de2f0ca5ec81aa17c7784b44445f4e
2021-08-12 02:58:33 [info]: ::1 (GET) /images/b45e55914bd6bed65a51fc0c73d56415
2021-08-12 02:58:33 [info]: ::1 (GET) /images/ba2ee7125905e03394cb74dab2d6bcdc
2021-08-12 02:58:33 [info]: ::1 (GET) /images/c7f0d044767263bf8a995b0d0b5a9518
2021-08-12 02:58:33 [info]: ::1 (GET) /images/d8a4a3e95148d4d86f75aa7e3a060527
2021-08-12 02:58:33 [info]: ::1 (GET) /images/ed27d06182e97eaf8c6fbeda6b011135
2021-08-12 02:58:33 [info]: ::1 (GET) /images/f6d53846c200fbeabb57c32db70f25ef
2021-08-12 02:58:37 [info]: ::1 (GET) /users
2021-08-12 02:58:37 [info]: ::1 (GET) /users/self
2021-08-12 02:58:39 [info]: ::1 (GET) /users/8bc22a8f766a2d7f
2021-08-12 02:58:47 [info]: ::1 (GET) /users/451827b3cd687515
2021-08-12 16:09:18 [info]: API listening at http://localhost:9000
2021-08-12 16:13:18 [info]: ::1 (GET) /auth
2021-08-12 16:13:18 [info]: ::1 (GET) /users/self
2021-08-12 16:13:27 [info]: ::1 (GET) /images/
2021-08-12 16:13:27 [info]: ::1 (GET) /titles
2021-08-12 16:13:27 [info]: ::1 (GET) /users/self
2021-08-12 16:13:27 [info]: ::1 (GET) /images/
2021-08-12 16:13:32 [info]: ::1 (GET) /titles/0fdefb53f61cc388369511d5b927f88b
2021-08-12 16:13:32 [info]: ::1 (GET) /images/
2021-08-12 16:13:32 [info]: ::1 (GET) /images/688df9523df0841a9e2e72880b0a447b
2021-08-12 16:29:24 [info]: ::1 (GET) /images
2021-08-12 16:29:24 [info]: ::1 (GET) /users/self
2021-08-12 16:29:24 [info]: ::1 (GET) /images/04b3db58a9f3d49e12ef2442fb898720
2021-08-12 16:29:24 [info]: ::1 (GET) /images/147f951d2d7a7905d542eb29e21d9985
2021-08-12 16:29:24 [info]: ::1 (GET) /images/14fe5f41b1c5c552acdd1a1c12680256
2021-08-12 16:29:24 [info]: ::1 (GET) /images/1d7510521f38e6f5a7115944a8810d3c
2021-08-12 16:29:24 [info]: ::1 (GET) /images/3519ec5ace533a0077874246cbf50422
2021-08-12 16:29:24 [info]: ::1 (GET) /images/3bdfcd9ffb7f6374a85ee68bd4e088e4
2021-08-12 16:29:24 [info]: ::1 (GET) /images/53ed97785447e228a25a61b648a53af5
2021-08-12 16:29:24 [info]: ::1 (GET) /images/5781d7fb63abb5ed2c5aaf46ad9c2876
2021-08-12 16:29:24 [info]: ::1 (GET) /images/5b5c4c793735916c3bff4cca323b01d2
2021-08-12 16:29:24 [info]: ::1 (GET) /images/688df9523df0841a9e2e72880b0a447b
2021-08-12 16:29:24 [info]: ::1 (GET) /images/7d5c01a742c21d28267e79074e484bf2
2021-08-12 16:29:24 [info]: ::1 (GET) /images/7edda3eb7ab91b2f03d8f2ef336456b9
2021-08-12 16:29:24 [info]: ::1 (GET) /images/8051ea4b597d112dbb99cf51569edd85
2021-08-12 16:29:24 [info]: ::1 (GET) /images/81cf1c59da84db64bce9aa06dab68796
2021-08-12 16:29:24 [info]: ::1 (GET) /images/8be026fe3ac9eac8de8243427a958456
2021-08-12 16:29:24 [info]: ::1 (GET) /images/ac46af1810ac97b181daade2bb07a8e1
2021-08-12 16:29:24 [info]: ::1 (GET) /images/b3de2f0ca5ec81aa17c7784b44445f4e
2021-08-12 16:29:24 [info]: ::1 (GET) /images/b45e55914bd6bed65a51fc0c73d56415
2021-08-12 16:29:24 [info]: ::1 (GET) /images/ba2ee7125905e03394cb74dab2d6bcdc
2021-08-12 16:29:24 [info]: ::1 (GET) /images/c7f0d044767263bf8a995b0d0b5a9518
2021-08-12 16:29:24 [info]: ::1 (GET) /images/d8a4a3e95148d4d86f75aa7e3a060527
2021-08-12 16:29:24 [info]: ::1 (GET) /images/ed27d06182e97eaf8c6fbeda6b011135
2021-08-12 16:29:24 [info]: ::1 (GET) /images/f6d53846c200fbeabb57c32db70f25ef
2021-08-12 16:29:25 [info]: ::1 (GET) /images/14fe5f41b1c5c552acdd1a1c12680256/info
2021-08-12 16:29:25 [info]: ::1 (GET) /images/14fe5f41b1c5c552acdd1a1c12680256
2021-08-12 17:12:51 [info]: ::1 (GET) /images/
2021-08-12 17:12:51 [info]: ::1 (GET) /images/
2021-08-12 17:12:51 [info]: ::1 (GET) /titles
2021-08-12 17:12:51 [info]: ::1 (GET) /users/self
2021-08-12 17:15:55 [info]: ::1 (POST) /titles/
2021-08-12 17:15:55 [info]: ::1 (GET) /titles
2021-08-12 17:15:57 [info]: ::1 (GET) /images
2021-08-12 17:15:57 [info]: ::1 (GET) /users/self
2021-08-12 17:15:57 [info]: ::1 (GET) /images/04b3db58a9f3d49e12ef2442fb898720
2021-08-12 17:15:57 [info]: ::1 (GET) /images/147f951d2d7a7905d542eb29e21d9985
2021-08-12 17:15:57 [info]: ::1 (GET) /images/14fe5f41b1c5c552acdd1a1c12680256
2021-08-12 17:15:57 [info]: ::1 (GET) /images/1d7510521f38e6f5a7115944a8810d3c
2021-08-12 17:15:57 [info]: ::1 (GET) /images/3519ec5ace533a0077874246cbf50422
2021-08-12 17:15:57 [info]: ::1 (GET) /images/3bdfcd9ffb7f6374a85ee68bd4e088e4
2021-08-12 17:15:57 [info]: ::1 (GET) /images/53ed97785447e228a25a61b648a53af5
2021-08-12 17:15:57 [info]: ::1 (GET) /images/5781d7fb63abb5ed2c5aaf46ad9c2876
2021-08-12 17:15:57 [info]: ::1 (GET) /images/5b5c4c793735916c3bff4cca323b01d2
2021-08-12 17:15:57 [info]: ::1 (GET) /images/688df9523df0841a9e2e72880b0a447b
2021-08-12 17:15:57 [info]: ::1 (GET) /images/7d5c01a742c21d28267e79074e484bf2
2021-08-12 17:15:57 [info]: ::1 (GET) /images/7edda3eb7ab91b2f03d8f2ef336456b9
2021-08-12 17:15:57 [info]: ::1 (GET) /images/8051ea4b597d112dbb99cf51569edd85
2021-08-12 17:15:57 [info]: ::1 (GET) /images/81cf1c59da84db64bce9aa06dab68796
2021-08-12 17:15:57 [info]: ::1 (GET) /images/8be026fe3ac9eac8de8243427a958456
2021-08-12 17:15:57 [info]: ::1 (GET) /images/ac46af1810ac97b181daade2bb07a8e1
2021-08-12 17:15:57 [info]: ::1 (GET) /images/b3de2f0ca5ec81aa17c7784b44445f4e
2021-08-12 17:15:57 [info]: ::1 (GET) /images/b45e55914bd6bed65a51fc0c73d56415
2021-08-12 17:15:57 [info]: ::1 (GET) /images/ba2ee7125905e03394cb74dab2d6bcdc
2021-08-12 17:15:57 [info]: ::1 (GET) /images/c7f0d044767263bf8a995b0d0b5a9518
2021-08-12 17:15:57 [info]: ::1 (GET) /images/d8a4a3e95148d4d86f75aa7e3a060527
2021-08-12 17:15:57 [info]: ::1 (GET) /images/ed27d06182e97eaf8c6fbeda6b011135
2021-08-12 17:15:57 [info]: ::1 (GET) /images/f6d53846c200fbeabb57c32db70f25ef
2021-08-12 17:15:58 [info]: ::1 (GET) /images/04b3db58a9f3d49e12ef2442fb898720/info
2021-08-12 17:15:58 [info]: ::1 (GET) /images/04b3db58a9f3d49e12ef2442fb898720
2021-08-12 17:16:02 [info]: ::1 (GET) /images/
2021-08-12 17:16:02 [info]: ::1 (GET) /images/
2021-08-12 17:16:02 [info]: ::1 (GET) /titles
2021-08-12 17:16:02 [info]: ::1 (GET) /users/self
2021-08-12 17:16:04 [info]: ::1 (GET) /titles/788cfee107f6642533aa179d27fe2d99
2021-08-12 17:16:04 [info]: ::1 (GET) /images/
2021-08-12 17:16:06 [info]: ::1 (GET) /images/04b3db58a9f3d49e12ef2442fb898720
2021-08-12 17:16:07 [info]: ::1 (PUT) /titles/788cfee107f6642533aa179d27fe2d99
2021-08-12 17:16:08 [info]: ::1 (GET) /images/
2021-08-12 17:16:08 [info]: ::1 (GET) /titles/788cfee107f6642533aa179d27fe2d99
2021-08-12 17:16:08 [info]: ::1 (GET) /images/
2021-08-12 17:16:08 [info]: ::1 (GET) /images/04b3db58a9f3d49e12ef2442fb898720
2021-08-12 17:30:58 [info]: ::1 (GET) /titles/40b4e4d30e54201a5f7865d267707d42
2021-08-12 17:30:58 [info]: ::1 (GET) /images/
2021-08-12 17:30:58 [info]: ::1 (GET) /images/b45e55914bd6bed65a51fc0c73d56415
2021-08-12 21:57:21 [info]: ::1 (GET) /titles/?q=moana
2021-08-12 21:57:21 [info]: ::1 (GET) /images/147f951d2d7a7905d542eb29e21d9985
2021-08-12 21:57:23 [info]: ::1 (GET) /titles/273b352a34374b898a850afd13c09b8f
2021-08-12 21:57:23 [info]: ::1 (GET) /images/147f951d2d7a7905d542eb29e21d9985
2021-08-12 23:31:35 [info]: ::1 (GET) /titles/?q=frozen
2021-08-12 23:31:35 [info]: ::1 (GET) /images/04b3db58a9f3d49e12ef2442fb898720
2021-08-12 23:31:37 [info]: ::1 (GET) /titles/788cfee107f6642533aa179d27fe2d99
2021-08-12 23:31:37 [info]: ::1 (GET) /images/04b3db58a9f3d49e12ef2442fb898720
