2021-07-24 02:21:29 [info]: ::1 (GET) /users
2021-07-24 02:21:29 [info]: ::1 (GET) /users/self
2021-07-24 02:23:59 [info]: ::1 (GET) /users
2021-07-24 02:23:59 [info]: ::1 (GET) /users/self
2021-07-24 02:27:08 [info]: ::1 (GET) /users
2021-07-24 02:27:08 [info]: ::1 (GET) /users/self
2021-07-24 02:27:20 [info]: ::1 (GET) /handle/a
2021-07-24 02:27:21 [info]: ::1 (GET) /handle/ab
2021-07-24 02:27:21 [info]: ::1 (GET) /handle/abc
2021-07-24 02:27:22 [info]: ::1 (GET) /handle/abc1
2021-07-24 02:27:22 [info]: ::1 (GET) /handle/abc12
2021-07-24 02:27:22 [info]: ::1 (GET) /handle/abc123
2021-07-24 02:27:23 [info]: ::1 (GET) /handle/abc1234
2021-07-24 02:27:24 [info]: ::1 (GET) /handle/abc12345
2021-07-24 02:27:37 [info]: ::1 (POST) /users
2021-07-24 02:50:01 [info]: ::1 (GET) /users
2021-07-24 02:50:01 [info]: ::1 (GET) /users/self
2021-07-24 02:50:08 [info]: ::1 (GET) /users/9878805eca43f6dd
2021-07-24 02:50:34 [info]: ::1 (GET) /users/9878805eca43f6dd
2021-07-24 02:50:42 [info]: ::1 (GET) /users
2021-07-24 02:50:42 [info]: ::1 (GET) /users/self
2021-07-24 02:50:42 [info]: ::1 (GET) /users/9878805eca43f6dd
2021-07-24 02:51:00 [info]: ::1 (GET) /handle/testaccountd
2021-07-24 02:51:01 [info]: ::1 (GET) /handle/a
2021-07-24 02:51:01 [info]: ::1 (GET) /handle/av
2021-07-24 02:51:02 [info]: ::1 (GET) /handle/a
2021-07-24 02:51:02 [info]: ::1 (GET) /handle/ab
2021-07-24 02:51:03 [info]: ::1 (GET) /handle/abc
2021-07-24 02:51:03 [info]: ::1 (GET) /handle/abc1
2021-07-24 02:51:03 [info]: ::1 (GET) /handle/abc12
2021-07-24 02:51:03 [info]: ::1 (GET) /handle/abc123
2021-07-24 02:51:05 [info]: ::1 (GET) /handle/abc1234
2021-07-24 02:51:05 [info]: ::1 (GET) /handle/abc12345
2021-07-24 02:51:18 [info]: ::1 (GET) /users/452d341c136763dc
2021-07-24 03:20:15 [info]: ::1 (GET) /users
2021-07-24 03:20:15 [info]: ::1 (GET) /users/self
2021-07-24 03:20:18 [info]: ::1 (GET) /handle/a
2021-07-24 03:20:18 [info]: ::1 (GET) /handle/ab
2021-07-24 03:20:18 [info]: ::1 (GET) /handle/abc
2021-07-24 03:20:19 [info]: ::1 (GET) /handle/abc1
2021-07-24 03:20:19 [info]: ::1 (GET) /handle/abc12
2021-07-24 03:20:19 [info]: ::1 (GET) /handle/abc123
2021-07-24 03:20:20 [info]: ::1 (GET) /handle/abc1234
2021-07-24 03:20:20 [info]: ::1 (GET) /handle/abc12345
2021-07-24 03:21:48 [info]: ::1 (GET) /users
2021-07-24 03:21:48 [info]: ::1 (GET) /users/self
2021-07-24 03:21:51 [info]: ::1 (GET) /handle/3
2021-07-24 03:21:52 [info]: ::1 (GET) /handle/33
2021-07-24 03:21:52 [info]: ::1 (GET) /handle/333
2021-07-24 03:21:52 [info]: ::1 (GET) /handle/3333
2021-07-24 03:22:54 [info]: ::1 (GET) /handle/abc12345
2021-07-24 03:22:59 [info]: ::1 (GET) /users
2021-07-24 03:22:59 [info]: ::1 (GET) /users/self
2021-07-24 03:24:28 [info]: ::1 (GET) /users
2021-07-24 03:24:28 [info]: ::1 (GET) /users/self
2021-07-24 03:24:29 [info]: ::1 (GET) /users
2021-07-24 03:24:29 [info]: ::1 (GET) /users/self
2021-07-24 03:24:32 [info]: ::1 (GET) /handle/u
2021-07-24 03:24:32 [info]: ::1 (GET) /handle/us
2021-07-24 03:24:33 [info]: ::1 (GET) /handle/use
2021-07-24 03:24:33 [info]: ::1 (GET) /handle/user
2021-07-24 03:24:33 [info]: ::1 (GET) /handle/usern
2021-07-24 03:24:33 [info]: ::1 (GET) /handle/userna
2021-07-24 03:24:33 [info]: ::1 (GET) /handle/usernam
2021-07-24 03:24:33 [info]: ::1 (GET) /handle/username
2021-07-24 03:24:34 [info]: ::1 (GET) /handle/username1
2021-07-24 03:24:34 [info]: ::1 (GET) /handle/username12
2021-07-24 03:24:34 [info]: ::1 (GET) /handle/username123
2021-07-24 03:24:34 [info]: ::1 (GET) /handle/username1234
2021-07-24 03:24:36 [info]: ::1 (GET) /handle/username12345
2021-07-24 03:24:57 [info]: ::1 (POST) /users
2021-07-24 03:24:58 [info]: ::1 (GET) /users
2021-07-24 03:25:14 [info]: ::1 (GET) /users
2021-07-24 03:25:14 [info]: ::1 (GET) /users/self
2021-07-24 03:25:18 [info]: ::1 (GET) /users/bbaec00747b8de13
2021-07-24 09:57:06 [info]: API listening at http://localhost:9000
2021-07-24 10:13:00 [info]: ::1 (GET) /auth
2021-07-24 10:13:01 [info]: ::1 (GET) /users/self
2021-07-24 10:13:04 [info]: ::1 (GET) /users/self
2021-07-24 10:13:04 [info]: ::1 (GET) /users
2021-07-24 10:13:15 [info]: ::1 (GET) /users/d190ef1ef58cb303
2021-07-24 10:36:35 [info]: ::1 (GET) /users/452d341c136763dc
2021-07-24 10:51:34 [info]: ::1 (GET) /users/452d341c136763dc
2021-07-24 10:52:25 [info]: ::1 (GET) /users
2021-07-24 10:52:25 [info]: ::1 (GET) /users/self
2021-07-24 10:52:25 [info]: ::1 (GET) /users/452d341c136763dc
2021-07-24 10:52:52 [info]: ::1 (GET) /users
2021-07-24 10:52:52 [info]: ::1 (GET) /users/self
2021-07-24 10:52:52 [info]: ::1 (GET) /users/452d341c136763dc
2021-07-24 10:54:29 [info]: ::1 (GET) /users
2021-07-24 10:54:29 [info]: ::1 (GET) /users/self
2021-07-24 10:54:29 [info]: ::1 (GET) /users/452d341c136763dc
2021-07-24 10:56:01 [info]: ::1 (GET) /users
2021-07-24 10:56:01 [info]: ::1 (GET) /users/self
2021-07-24 10:56:01 [info]: ::1 (GET) /users/452d341c136763dc
2021-07-24 10:56:27 [info]: ::1 (GET) /users
2021-07-24 10:56:27 [info]: ::1 (GET) /users/self
2021-07-24 10:56:27 [info]: ::1 (GET) /users/452d341c136763dc
2021-07-24 10:56:41 [info]: ::1 (GET) /users
2021-07-24 10:56:41 [info]: ::1 (GET) /users/self
2021-07-24 10:56:41 [info]: ::1 (GET) /users/452d341c136763dc
2021-07-24 10:57:52 [info]: ::1 (GET) /users
2021-07-24 10:57:52 [info]: ::1 (GET) /users/self
2021-07-24 10:57:52 [info]: ::1 (GET) /users/452d341c136763dc
2021-07-24 10:58:45 [info]: ::1 (GET) /users
2021-07-24 10:58:45 [info]: ::1 (GET) /users/self
2021-07-24 10:58:45 [info]: ::1 (GET) /users/452d341c136763dc
2021-07-24 10:59:51 [info]: ::1 (GET) /users
2021-07-24 10:59:51 [info]: ::1 (GET) /users/self
2021-07-24 10:59:51 [info]: ::1 (GET) /users/452d341c136763dc
2021-07-24 10:59:58 [info]: ::1 (GET) /users
2021-07-24 10:59:58 [info]: ::1 (GET) /users/self
2021-07-24 11:00:00 [info]: ::1 (GET) /users/4a7caa83a6bbfa57
2021-07-24 11:00:03 [info]: ::1 (GET) /users/d190ef1ef58cb303
2021-07-24 11:00:15 [info]: ::1 (GET) /users/4a7caa83a6bbfa57
2021-07-24 11:00:19 [info]: ::1 (GET) /users/451827b3cd687515
2021-07-24 11:00:22 [info]: ::1 (GET) /users/bbaec00747b8de13
2021-07-24 11:00:26 [info]: ::1 (GET) /users/d190ef1ef58cb303
2021-07-24 11:02:00 [info]: ::1 (GET) /users/d190ef1ef58cb303
2021-07-24 11:02:04 [info]: ::1 (GET) /users
2021-07-24 11:02:04 [info]: ::1 (GET) /users/self
2021-07-24 11:02:05 [info]: ::1 (GET) /users/4a7caa83a6bbfa57
2021-07-24 11:03:12 [info]: ::1 (GET) /users/4a7caa83a6bbfa57
2021-07-24 11:03:17 [info]: ::1 (GET) /users
2021-07-24 11:03:17 [info]: ::1 (GET) /users/self
2021-07-24 11:03:17 [info]: ::1 (GET) /users/e1704f75a02e617d
2021-07-24 11:03:19 [info]: ::1 (GET) /handle/lily1234
2021-07-24 11:04:00 [info]: ::1 (GET) /users/e1704f75a02e617d
2021-07-24 11:04:41 [info]: ::1 (GET) /users/e1704f75a02e617d
2021-07-24 11:06:15 [info]: ::1 (GET) /users
2021-07-24 11:06:15 [info]: ::1 (GET) /users/self
2021-07-24 11:06:15 [info]: ::1 (GET) /users/e1704f75a02e617d
2021-07-24 11:06:40 [info]: ::1 (GET) /users
2021-07-24 11:06:40 [info]: ::1 (GET) /users/self
2021-07-24 11:06:40 [info]: ::1 (GET) /users/e1704f75a02e617d
2021-07-24 11:06:58 [info]: ::1 (GET) /users
2021-07-24 11:06:58 [info]: ::1 (GET) /users/self
2021-07-24 11:06:58 [info]: ::1 (GET) /users/e1704f75a02e617d
2021-07-24 11:14:20 [info]: ::1 (GET) /users
2021-07-24 11:14:20 [info]: ::1 (GET) /users/self
2021-07-24 11:14:20 [info]: ::1 (GET) /users/e1704f75a02e617d
2021-07-24 11:14:38 [info]: ::1 (GET) /users/e1704f75a02e617d
2021-07-24 11:14:40 [info]: ::1 (GET) /handle/lily1233
2021-07-24 11:14:42 [info]: ::1 (GET) /handle/lily123
2021-07-24 11:14:46 [info]: ::1 (GET) /users
2021-07-24 11:14:46 [info]: ::1 (GET) /users/self
2021-07-24 11:14:49 [info]: ::1 (GET) /users/e99a6d3ae00294b5
2021-07-24 11:44:29 [info]: ::1 (GET) /users
2021-07-24 11:44:29 [info]: ::1 (GET) /users/self
2021-07-24 11:44:31 [info]: ::1 (GET) /users
2021-07-24 11:44:31 [info]: ::1 (GET) /users/self
2021-07-24 11:44:32 [info]: ::1 (GET) /users/451827b3cd687515
2021-07-24 11:46:41 [info]: ::1 (GET) /users/451827b3cd687515
2021-07-24 11:47:02 [info]: ::1 (GET) /users/451827b3cd687515
2021-07-24 11:47:11 [info]: ::1 (GET) /users/451827b3cd687515
2021-07-24 11:47:16 [info]: ::1 (GET) /users/451827b3cd687515
2021-07-24 11:48:09 [info]: ::1 (GET) /users/451827b3cd687515
2021-07-24 11:48:59 [info]: ::1 (GET) /users/451827b3cd687515
2021-07-24 11:49:07 [info]: ::1 (GET) /users/451827b3cd687515
2021-07-24 11:49:14 [info]: ::1 (GET) /users/451827b3cd687515
2021-07-24 11:49:25 [info]: ::1 (GET) /users/451827b3cd687515
2021-07-24 11:53:33 [info]: ::1 (GET) /users
2021-07-24 11:53:33 [info]: ::1 (GET) /users/451827b3cd687515
2021-07-24 11:57:03 [info]: ::1 (GET) /users
2021-07-24 11:57:03 [info]: ::1 (GET) /users/self
2021-07-24 11:58:30 [info]: ::1 (GET) /users
2021-07-24 12:00:20 [info]: ::1 (GET) /users/451827b3cd687515
2021-07-24 12:41:12 [info]: ::1 (GET) /users
2021-07-24 12:41:12 [info]: ::1 (GET) /users/self
2021-07-24 12:41:12 [info]: ::1 (GET) /users/451827b3cd687515
2021-07-24 12:41:38 [info]: ::1 (GET) /users
2021-07-24 12:41:38 [info]: ::1 (GET) /users/self
2021-07-24 12:41:38 [info]: ::1 (GET) /users/451827b3cd687515
2021-07-24 12:42:01 [info]: ::1 (GET) /users
2021-07-24 12:42:01 [info]: ::1 (GET) /users/self
2021-07-24 12:42:01 [info]: ::1 (GET) /users/451827b3cd687515
2021-07-24 12:42:15 [info]: ::1 (GET) /users
2021-07-24 12:42:15 [info]: ::1 (GET) /users/self
2021-07-24 12:42:15 [info]: ::1 (GET) /users/451827b3cd687515
2021-07-24 12:42:45 [info]: ::1 (GET) /users
2021-07-24 12:42:45 [info]: ::1 (GET) /users/self
2021-07-24 12:42:45 [info]: ::1 (GET) /users/451827b3cd687515
2021-07-24 12:43:01 [info]: ::1 (GET) /users
2021-07-24 12:43:01 [info]: ::1 (GET) /users/self
2021-07-24 12:43:01 [info]: ::1 (GET) /users/451827b3cd687515
2021-07-24 12:43:03 [info]: ::1 (GET) /users
2021-07-24 12:43:03 [info]: ::1 (GET) /users/self
2021-07-24 12:43:03 [info]: ::1 (GET) /users/451827b3cd687515
2021-07-24 12:43:07 [info]: ::1 (GET) /users
2021-07-24 12:43:07 [info]: ::1 (GET) /users/self
2021-07-24 12:43:07 [info]: ::1 (GET) /users/451827b3cd687515
2021-07-24 12:43:09 [info]: ::1 (GET) /users
2021-07-24 12:43:09 [info]: ::1 (GET) /users/self
2021-07-24 12:43:09 [info]: ::1 (GET) /users/451827b3cd687515
2021-07-24 12:43:24 [info]: ::1 (GET) /users
2021-07-24 12:43:24 [info]: ::1 (GET) /users/self
2021-07-24 12:43:24 [info]: ::1 (GET) /users/451827b3cd687515
2021-07-24 12:50:58 [info]: ::1 (PUT) /users
2021-07-24 12:51:06 [info]: ::1 (PUT) /users
2021-07-24 12:51:08 [info]: ::1 (PUT) /users
2021-07-24 12:51:42 [info]: ::1 (GET) /users
2021-07-24 12:51:42 [info]: ::1 (GET) /users/self
2021-07-24 12:51:42 [info]: ::1 (GET) /users/451827b3cd687515
2021-07-24 12:51:44 [info]: ::1 (PUT) /users
2021-07-24 12:52:47 [info]: ::1 (PUT) /users
2021-07-24 12:53:05 [info]: ::1 (PUT) /users
2021-07-24 12:53:08 [info]: ::1 (PUT) /users
2021-07-24 12:53:34 [info]: ::1 (GET) /users/451827b3cd687515
2021-07-24 12:54:17 [info]: ::1 (PUT) /users
2021-07-24 12:54:18 [info]: ::1 (PUT) /users
2021-07-24 12:54:18 [info]: ::1 (PUT) /users
2021-07-24 12:54:19 [info]: ::1 (PUT) /users
2021-07-24 12:54:20 [info]: ::1 (PUT) /users
2021-07-24 12:54:21 [info]: ::1 (PUT) /users
2021-07-24 12:54:22 [info]: ::1 (PUT) /users
2021-07-24 12:54:35 [info]: ::1 (GET) /users
2021-07-24 12:54:35 [info]: ::1 (GET) /users/self
2021-07-24 12:54:36 [info]: ::1 (GET) /users/452d341c136763dc
2021-07-24 12:55:42 [info]: ::1 (GET) /users/452d341c136763dc
2021-07-24 12:57:03 [info]: ::1 (GET) /users
2021-07-24 12:57:03 [info]: ::1 (GET) /users/self
2021-07-24 12:57:03 [info]: ::1 (GET) /users/452d341c136763dc
2021-07-24 12:57:05 [info]: ::1 (GET) /users
2021-07-24 12:57:05 [info]: ::1 (GET) /users/self
2021-07-24 12:57:05 [info]: ::1 (GET) /users/452d341c136763dc
2021-07-24 13:00:33 [info]: ::1 (GET) /users
2021-07-24 13:00:33 [info]: ::1 (GET) /users/self
2021-07-24 13:00:33 [info]: ::1 (GET) /users/452d341c136763dc
2021-07-24 13:00:36 [info]: ::1 (GET) /users
2021-07-24 13:00:36 [info]: ::1 (GET) /users/self
2021-07-24 13:00:36 [info]: ::1 (GET) /users/452d341c136763dc
2021-07-24 13:03:19 [info]: ::1 (GET) /users/452d341c136763dc
2021-07-24 14:07:09 [info]: ::1 (GET) /users/452d341c136763dc
2021-07-24 14:07:19 [info]: ::1 (GET) /users
2021-07-24 14:07:19 [info]: ::1 (GET) /users/self
2021-07-24 14:07:20 [info]: ::1 (GET) /users/e99a6d3ae00294b5
2021-07-24 14:07:22 [info]: ::1 (GET) /users/452d341c136763dc
2021-07-24 14:07:30 [info]: ::1 (GET) /users/452d341c136763dc
2021-07-24 14:13:08 [info]: ::1 (GET) /users/452d341c136763dc
2021-07-24 14:13:13 [info]: ::1 (GET) /users
2021-07-24 14:13:13 [info]: ::1 (GET) /users/self
2021-07-24 14:13:14 [info]: ::1 (GET) /users/452d341c136763dc
2021-07-24 14:13:41 [info]: ::1 (GET) /users/452d341c136763dc
2021-07-24 14:13:43 [info]: ::1 (GET) /users
2021-07-24 14:13:43 [info]: ::1 (GET) /users/self
2021-07-24 14:13:44 [info]: ::1 (GET) /users/e1704f75a02e617d
2021-07-24 14:15:37 [info]: ::1 (GET) /users/e1704f75a02e617d
2021-07-24 14:15:45 [info]: ::1 (PUT) /users
2021-07-24 14:31:05 [info]: ::1 (GET) /users
2021-07-24 14:31:05 [info]: ::1 (GET) /users/self
2021-07-24 14:31:06 [info]: ::1 (GET) /users/e1704f75a02e617d
2021-07-24 14:31:09 [info]: ::1 (GET) /users/9878805eca43f6dd
2021-07-24 14:31:11 [info]: ::1 (GET) /users/e1704f75a02e617d
2021-07-24 14:31:20 [info]: ::1 (GET) /users/4a7caa83a6bbfa57
2021-07-24 14:34:50 [info]: ::1 (GET) /users/4a7caa83a6bbfa57
2021-07-24 14:34:51 [info]: ::1 (GET) /users/451827b3cd687515
2021-07-24 14:34:56 [info]: ::1 (GET) /users/452d341c136763dc
2021-07-24 14:35:34 [info]: ::1 (GET) /handle/d
2021-07-24 14:35:37 [info]: ::1 (GET) /handle/
2021-07-24 14:36:22 [info]: ::1 (GET) /users
2021-07-24 14:36:22 [info]: ::1 (GET) /users/self
2021-07-24 14:36:24 [info]: ::1 (GET) /handle/d
2021-07-24 14:36:26 [info]: ::1 (GET) /users
2021-07-24 14:36:26 [info]: ::1 (GET) /users/self
2021-07-24 14:36:27 [info]: ::1 (GET) /users/451827b3cd687515
2021-07-24 14:36:29 [info]: ::1 (GET) /users/452d341c136763dc
2021-07-24 14:38:00 [info]: ::1 (GET) /users
2021-07-24 14:38:00 [info]: ::1 (GET) /users/self
2021-07-24 14:38:00 [info]: ::1 (GET) /users/452d341c136763dc
2021-07-24 14:38:02 [info]: ::1 (GET) /users/451827b3cd687515
2021-07-24 14:38:04 [info]: ::1 (GET) /users/452d341c136763dc
2021-07-24 14:38:56 [info]: ::1 (GET) /users/self
2021-07-24 14:38:56 [info]: ::1 (GET) /users
2021-07-24 14:38:56 [info]: ::1 (GET) /users/452d341c136763dc
2021-07-24 14:39:03 [info]: ::1 (GET) /users/d190ef1ef58cb303
2021-07-24 14:39:17 [info]: ::1 (GET) /users/e9a236da82541fbf
2021-07-24 14:39:23 [info]: ::1 (GET) /users/452d341c136763dc
2021-07-24 14:40:56 [info]: ::1 (GET) /users/d190ef1ef58cb303
2021-07-24 14:40:58 [info]: ::1 (GET) /users/e1704f75a02e617d
2021-07-24 14:40:59 [info]: ::1 (GET) /users/e99a6d3ae00294b5
2021-07-24 14:41:00 [info]: ::1 (GET) /users/e9a236da82541fbf
2021-07-24 14:41:02 [info]: ::1 (GET) /users/bbaec00747b8de13
2021-07-24 14:41:03 [info]: ::1 (GET) /users/9878805eca43f6dd
2021-07-24 14:42:08 [info]: ::1 (GET) /users/d190ef1ef58cb303
2021-07-24 14:42:24 [info]: ::1 (GET) /users/451827b3cd687515
2021-07-24 14:42:30 [info]: ::1 (GET) /users/452d341c136763dc
2021-07-24 14:43:53 [info]: ::1 (GET) /users
2021-07-24 14:44:00 [info]: ::1 (GET) /users/452d341c136763dc
2021-07-24 14:44:34 [info]: ::1 (GET) /users
2021-07-24 14:44:34 [info]: ::1 (GET) /users/self
2021-07-24 14:44:34 [info]: ::1 (GET) /users/452d341c136763dc
2021-07-24 14:45:26 [info]: ::1 (GET) /users/452d341c136763dc
2021-07-24 14:50:51 [info]: ::1 (GET) /users/452d341c136763dc
2021-07-24 14:55:36 [info]: ::1 (GET) /users/452d341c136763dc
2021-07-24 14:55:55 [info]: ::1 (GET) /users/452d341c136763dc
2021-07-24 14:57:02 [info]: ::1 (GET) /users
2021-07-24 14:57:02 [info]: ::1 (GET) /users/self
2021-07-24 14:57:03 [info]: ::1 (GET) /users/451827b3cd687515
2021-07-24 14:57:07 [info]: ::1 (GET) /users/9878805eca43f6dd
2021-07-24 14:57:11 [info]: ::1 (GET) /users
2021-07-24 14:57:11 [info]: ::1 (GET) /users/self
2021-07-24 14:57:11 [info]: ::1 (GET) /users/9878805eca43f6dd
2021-07-24 15:49:29 [info]: ::1 (GET) /users
2021-07-24 15:49:29 [info]: ::1 (GET) /users/self
2021-07-24 15:49:33 [info]: ::1 (GET) /users/452d341c136763dc
2021-07-24 15:49:47 [info]: ::1 (GET) /users/bbaec00747b8de13
2021-07-24 15:49:49 [info]: ::1 (GET) /users/452d341c136763dc
2021-07-24 15:51:04 [info]: ::1 (GET) /users
2021-07-24 15:51:04 [info]: ::1 (GET) /users/self
2021-07-24 15:51:04 [info]: ::1 (GET) /users/452d341c136763dc
2021-07-24 15:52:07 [info]: ::1 (GET) /users
2021-07-24 15:52:07 [info]: ::1 (GET) /users/self
2021-07-24 15:52:07 [info]: ::1 (GET) /users/452d341c136763dc
2021-07-24 15:52:43 [info]: ::1 (GET) /users
2021-07-24 15:52:43 [info]: ::1 (GET) /users/self
2021-07-24 15:52:43 [info]: ::1 (GET) /users/452d341c136763dc
2021-07-24 15:52:57 [info]: ::1 (GET) /users
2021-07-24 15:52:57 [info]: ::1 (GET) /users/self
2021-07-24 15:52:57 [info]: ::1 (GET) /users/452d341c136763dc
2021-07-24 15:53:13 [info]: ::1 (GET) /users
2021-07-24 15:53:13 [info]: ::1 (GET) /users/self
2021-07-24 15:53:13 [info]: ::1 (GET) /users/452d341c136763dc
2021-07-24 21:47:51 [info]: ::1 (GET) /users
2021-07-24 21:47:51 [info]: ::1 (GET) /users/self
2021-07-24 21:47:51 [info]: ::1 (GET) /users/452d341c136763dc
2021-07-24 21:48:27 [info]: ::1 (GET) /users
2021-07-24 21:48:27 [info]: ::1 (GET) /users/self
2021-07-24 21:48:27 [info]: ::1 (GET) /users/452d341c136763dc
2021-07-24 21:49:31 [info]: ::1 (GET) /users/452d341c136763dc
2021-07-24 21:49:32 [info]: ::1 (GET) /users
2021-07-24 21:49:32 [info]: ::1 (GET) /users/self
2021-07-24 21:49:33 [info]: ::1 (GET) /users/452d341c136763dc
2021-07-24 21:53:28 [info]: ::1 (GET) /users/452d341c136763dc
2021-07-24 21:54:48 [info]: ::1 (GET) /users/452d341c136763dc
2021-07-24 21:54:50 [info]: ::1 (GET) /users
2021-07-24 21:54:50 [info]: ::1 (GET) /users/self
2021-07-24 21:54:50 [info]: ::1 (GET) /users/452d341c136763dc
2021-07-24 21:54:58 [info]: ::1 (GET) /users/452d341c136763dc
2021-07-24 21:55:09 [info]: ::1 (GET) /users/452d341c136763dc
2021-07-24 21:55:11 [info]: ::1 (GET) /users
2021-07-24 21:55:11 [info]: ::1 (GET) /users/self
2021-07-24 21:55:12 [info]: ::1 (GET) /users/452d341c136763dc
2021-07-24 21:55:41 [info]: ::1 (GET) /users/452d341c136763dc
2021-07-24 21:56:05 [info]: ::1 (GET) /users/452d341c136763dc
2021-07-24 21:57:19 [info]: ::1 (GET) /users/452d341c136763dc
2021-07-24 21:57:20 [info]: ::1 (GET) /users
2021-07-24 21:57:20 [info]: ::1 (GET) /users/self
2021-07-24 21:57:20 [info]: ::1 (GET) /users/452d341c136763dc
2021-07-24 21:57:32 [info]: ::1 (GET) /users
2021-07-24 21:57:32 [info]: ::1 (GET) /users/self
2021-07-24 21:57:32 [info]: ::1 (GET) /users/452d341c136763dc
2021-07-24 21:58:05 [info]: ::1 (GET) /users/452d341c136763dc
2021-07-24 21:58:07 [info]: ::1 (GET) /users
2021-07-24 21:58:07 [info]: ::1 (GET) /users/self
2021-07-24 21:58:07 [info]: ::1 (GET) /users/452d341c136763dc
2021-07-24 21:58:24 [info]: ::1 (GET) /users/452d341c136763dc
2021-07-24 21:58:25 [info]: ::1 (GET) /users
2021-07-24 21:58:25 [info]: ::1 (GET) /users/self
2021-07-24 21:58:25 [info]: ::1 (GET) /users/452d341c136763dc
2021-07-24 21:58:51 [info]: ::1 (GET) /users/452d341c136763dc
2021-07-24 21:58:52 [info]: ::1 (GET) /users
2021-07-24 21:58:52 [info]: ::1 (GET) /users/self
2021-07-24 21:58:52 [info]: ::1 (GET) /users/452d341c136763dc
2021-07-24 21:59:02 [info]: ::1 (GET) /users/452d341c136763dc
2021-07-24 21:59:05 [info]: ::1 (GET) /users
2021-07-24 21:59:05 [info]: ::1 (GET) /users/self
2021-07-24 21:59:05 [info]: ::1 (GET) /users/452d341c136763dc
2021-07-24 21:59:53 [info]: ::1 (GET) /users/452d341c136763dc
2021-07-24 21:59:54 [info]: ::1 (GET) /users
2021-07-24 21:59:54 [info]: ::1 (GET) /users/self
2021-07-24 21:59:54 [info]: ::1 (GET) /users/452d341c136763dc
2021-07-24 21:59:56 [info]: ::1 (GET) /handle/test3
2021-07-24 22:00:31 [info]: ::1 (GET) /users/452d341c136763dc
2021-07-24 22:00:34 [info]: ::1 (GET) /users
2021-07-24 22:00:34 [info]: ::1 (GET) /users/self
2021-07-24 22:00:36 [info]: ::1 (GET) /users/452d341c136763dc
2021-07-24 22:00:49 [info]: ::1 (GET) /users/452d341c136763dc
2021-07-24 22:00:51 [info]: ::1 (GET) /users
2021-07-24 22:00:51 [info]: ::1 (GET) /users/self
2021-07-24 22:00:52 [info]: ::1 (GET) /users/452d341c136763dc
2021-07-24 22:00:53 [info]: ::1 (GET) /handle/test3
2021-07-24 22:01:53 [info]: ::1 (GET) /users/452d341c136763dc
2021-07-24 22:01:57 [info]: ::1 (GET) /users
2021-07-24 22:01:57 [info]: ::1 (GET) /users/self
2021-07-24 22:01:58 [info]: ::1 (GET) /users/452d341c136763dc
2021-07-24 22:02:08 [info]: ::1 (GET) /handle/test3
2021-07-24 22:03:45 [info]: ::1 (GET) /users/452d341c136763dc
2021-07-24 22:03:47 [info]: ::1 (GET) /users
2021-07-24 22:03:47 [info]: ::1 (GET) /users/self
2021-07-24 22:03:47 [info]: ::1 (GET) /users/452d341c136763dc
2021-07-24 22:03:59 [info]: ::1 (GET) /users
2021-07-24 22:03:59 [info]: ::1 (GET) /users/self
2021-07-24 22:03:59 [info]: ::1 (GET) /users/452d341c136763dc
2021-07-24 22:04:48 [info]: ::1 (GET) /users/452d341c136763dc
2021-07-24 22:04:50 [info]: ::1 (GET) /users
2021-07-24 22:04:50 [info]: ::1 (GET) /users/self
2021-07-24 22:04:51 [info]: ::1 (GET) /users/452d341c136763dc
2021-07-24 22:05:25 [info]: ::1 (GET) /users
2021-07-24 22:05:25 [info]: ::1 (GET) /users/self
2021-07-24 22:05:25 [info]: ::1 (GET) /users/452d341c136763dc
2021-07-24 22:05:27 [info]: ::1 (PUT) /users
2021-07-24 22:05:44 [info]: ::1 (GET) /users
2021-07-24 22:05:44 [info]: ::1 (GET) /users/self
2021-07-24 22:05:44 [info]: ::1 (GET) /users/452d341c136763dc
2021-07-24 22:18:08 [info]: ::1 (GET) /users/452d341c136763dc
2021-07-24 22:18:09 [info]: ::1 (GET) /users
2021-07-24 22:18:09 [info]: ::1 (GET) /users/self
2021-07-24 22:18:09 [info]: ::1 (GET) /users/452d341c136763dc
2021-07-24 22:18:12 [info]: ::1 (GET) /handle/test2
2021-07-24 22:18:13 [info]: ::1 (GET) /users/8bc22a8f766a2d7f
2021-07-24 22:18:17 [info]: ::1 (GET) /users/e1704f75a02e617d
2021-07-24 22:18:18 [info]: ::1 (GET) /users/d190ef1ef58cb303
2021-07-24 22:18:19 [info]: ::1 (GET) /users/bbaec00747b8de13
2021-07-24 22:18:21 [info]: ::1 (GET) /users/9878805eca43f6dd
2021-07-24 22:18:25 [info]: ::1 (GET) /users/452d341c136763dc
2021-07-24 22:18:28 [info]: ::1 (GET) /users/8bc22a8f766a2d7f
2021-07-24 22:18:30 [info]: ::1 (GET) /users/4a7caa83a6bbfa57
2021-07-24 22:18:31 [info]: ::1 (GET) /handle/username1234
2021-07-24 22:18:33 [info]: ::1 (GET) /users/bbaec00747b8de13
2021-07-24 22:18:34 [info]: ::1 (GET) /users/4a7caa83a6bbfa57
2021-07-24 22:28:32 [info]: ::1 (GET) /users/452d341c136763dc
2021-07-24 22:34:42 [info]: ::1 (GET) /users
2021-07-24 22:34:42 [info]: ::1 (GET) /users/self
2021-07-24 22:34:42 [info]: ::1 (GET) /users/452d341c136763dc
2021-07-24 22:37:20 [info]: ::1 (GET) /users
2021-07-24 22:37:20 [info]: ::1 (GET) /users/self
2021-07-24 22:37:20 [info]: ::1 (GET) /users/452d341c136763dc
2021-07-24 22:46:16 [info]: ::1 (GET) /users/452d341c136763dc
2021-07-24 22:46:20 [info]: ::1 (GET) /users
2021-07-24 22:46:20 [info]: ::1 (GET) /users/self
2021-07-24 22:46:20 [info]: ::1 (GET) /users/452d341c136763dc
2021-07-24 22:47:36 [info]: ::1 (GET) /users/452d341c136763dc
2021-07-24 22:47:39 [info]: ::1 (GET) /users
2021-07-24 22:47:39 [info]: ::1 (GET) /users/self
2021-07-24 22:47:41 [info]: ::1 (GET) /users/452d341c136763dc
2021-07-24 22:48:06 [info]: ::1 (GET) /users/452d341c136763dc
2021-07-24 22:48:07 [info]: ::1 (GET) /users
2021-07-24 22:48:07 [info]: ::1 (GET) /users/self
2021-07-24 22:48:07 [info]: ::1 (GET) /users/452d341c136763dc
2021-07-24 22:49:47 [info]: ::1 (PUT) /users
2021-07-24 22:50:21 [info]: ::1 (GET) /users/452d341c136763dc
2021-07-24 22:50:22 [info]: ::1 (GET) /users
2021-07-24 22:50:22 [info]: ::1 (GET) /users/self
2021-07-24 22:50:22 [info]: ::1 (GET) /users/452d341c136763dc
2021-07-24 22:51:07 [info]: ::1 (GET) /users
2021-07-24 22:51:07 [info]: ::1 (GET) /users/self
2021-07-24 22:51:07 [info]: ::1 (GET) /users/452d341c136763dc
2021-07-24 22:51:09 [info]: ::1 (GET) /users
2021-07-24 22:51:09 [info]: ::1 (GET) /users/self
2021-07-24 22:51:09 [info]: ::1 (GET) /users/452d341c136763dc
2021-07-24 22:51:33 [info]: ::1 (GET) /users/452d341c136763dc
2021-07-24 22:51:38 [info]: ::1 (GET) /users
2021-07-24 22:51:38 [info]: ::1 (GET) /users/self
2021-07-24 22:51:38 [info]: ::1 (GET) /users/452d341c136763dc
2021-07-24 22:52:47 [info]: ::1 (GET) /users/452d341c136763dc
2021-07-24 22:52:56 [info]: ::1 (GET) /users
2021-07-24 22:52:56 [info]: ::1 (GET) /users/self
2021-07-24 22:52:56 [info]: ::1 (GET) /users/452d341c136763dc
2021-07-24 23:01:59 [info]: ::1 (PUT) /users
2021-07-24 23:04:29 [info]: ::1 (GET) /users/452d341c136763dc
2021-07-24 23:07:07 [info]: ::1 (GET) /users
2021-07-24 23:07:07 [info]: ::1 (GET) /users/self
2021-07-24 23:07:08 [info]: ::1 (GET) /users/452d341c136763dc
2021-07-24 23:07:30 [info]: ::1 (GET) /users/452d341c136763dc
2021-07-24 23:08:02 [info]: ::1 (GET) /users
2021-07-24 23:08:02 [info]: ::1 (GET) /users/self
2021-07-24 23:08:02 [info]: ::1 (GET) /users/452d341c136763dc
2021-07-24 23:08:07 [info]: ::1 (GET) /users/9878805eca43f6dd
2021-07-24 23:08:30 [info]: ::1 (GET) /users/9878805eca43f6dd
2021-07-24 23:08:40 [info]: ::1 (GET) /handle/testaccount2
2021-07-24 23:08:42 [info]: ::1 (GET) /users
2021-07-24 23:08:42 [info]: ::1 (GET) /users/self
2021-07-24 23:08:43 [info]: ::1 (GET) /users/452d341c136763dc
2021-07-24 23:08:44 [info]: ::1 (GET) /handle/test2
2021-07-24 23:16:55 [info]: ::1 (GET) /users/452d341c136763dc
2021-07-24 23:18:24 [info]: ::1 (GET) /users
2021-07-24 23:18:24 [info]: ::1 (GET) /users/self
2021-07-24 23:18:24 [info]: ::1 (GET) /users/452d341c136763dc
2021-07-24 23:18:29 [info]: ::1 (GET) /handle/test2
2021-07-24 23:18:30 [info]: ::1 (GET) /handle/test
2021-07-24 23:31:54 [info]: ::1 (GET) /users
2021-07-24 23:31:54 [info]: ::1 (GET) /users/self
2021-07-24 23:31:54 [info]: ::1 (GET) /users/452d341c136763dc
2021-07-24 23:31:56 [info]: ::1 (GET) /handle/test2
2021-07-24 23:32:02 [info]: ::1 (GET) /handle/test
2021-07-24 23:32:05 [info]: ::1 (GET) /handle/test3
2021-07-24 23:33:03 [info]: ::1 (GET) /users
2021-07-24 23:33:03 [info]: ::1 (GET) /users/self
2021-07-24 23:33:03 [info]: ::1 (GET) /users/452d341c136763dc
2021-07-24 23:33:05 [info]: ::1 (GET) /handle/test2
2021-07-24 23:33:06 [info]: ::1 (GET) /handle/test
2021-07-24 23:34:27 [info]: ::1 (GET) /users
2021-07-24 23:34:27 [info]: ::1 (GET) /users/self
2021-07-24 23:34:28 [info]: ::1 (GET) /users/452d341c136763dc
2021-07-24 23:34:29 [info]: ::1 (GET) /handle/test2
2021-07-24 23:34:34 [info]: ::1 (GET) /users/4a7caa83a6bbfa57
2021-07-24 23:34:37 [info]: ::1 (GET) /users/452d341c136763dc
2021-07-24 23:34:54 [info]: ::1 (GET) /users
2021-07-24 23:34:54 [info]: ::1 (GET) /users/self
2021-07-24 23:34:55 [info]: ::1 (GET) /users/e99a6d3ae00294b5
2021-07-24 23:34:58 [info]: ::1 (GET) /handle/username12343
2021-07-24 23:35:00 [info]: ::1 (GET) /users/d190ef1ef58cb303
2021-07-24 23:35:03 [info]: ::1 (GET) /users/e9a236da82541fbf
2021-07-24 23:35:05 [info]: ::1 (GET) /handle/user22
2021-07-24 23:35:08 [info]: ::1 (PUT) /users
2021-07-24 23:36:16 [info]: ::1 (GET) /users/e9a236da82541fbf
2021-07-24 23:36:17 [info]: ::1 (PUT) /users
2021-07-24 23:36:25 [info]: ::1 (GET) /users
2021-07-24 23:36:25 [info]: ::1 (GET) /users/self
2021-07-24 23:36:25 [info]: ::1 (GET) /users/e9a236da82541fbf
2021-07-24 23:36:26 [info]: ::1 (PUT) /users
2021-07-24 23:36:36 [info]: ::1 (PUT) /users
2021-07-24 23:37:01 [info]: ::1 (GET) /users/e9a236da82541fbf
2021-07-24 23:37:02 [info]: ::1 (PUT) /users
2021-07-24 23:37:10 [info]: ::1 (GET) /users
2021-07-24 23:37:10 [info]: ::1 (GET) /users/self
2021-07-24 23:37:11 [info]: ::1 (GET) /users/452d341c136763dc
2021-07-24 23:39:03 [info]: ::1 (GET) /users
2021-07-24 23:39:03 [info]: ::1 (GET) /users/self
2021-07-24 23:39:03 [info]: ::1 (GET) /users/452d341c136763dc
2021-07-24 23:39:45 [info]: ::1 (GET) /users
2021-07-24 23:39:45 [info]: ::1 (GET) /users/self
2021-07-24 23:39:45 [info]: ::1 (GET) /users/452d341c136763dc
2021-07-24 23:39:55 [info]: ::1 (PUT) /users
2021-07-24 23:40:34 [info]: ::1 (GET) /users
2021-07-24 23:40:34 [info]: ::1 (GET) /users/self
2021-07-24 23:40:34 [info]: ::1 (GET) /users/452d341c136763dc
2021-07-24 23:42:39 [info]: ::1 (GET) /users
2021-07-24 23:42:39 [info]: ::1 (GET) /users/self
2021-07-24 23:42:39 [info]: ::1 (GET) /users/452d341c136763dc
2021-07-24 23:43:14 [info]: ::1 (GET) /users
2021-07-24 23:43:14 [info]: ::1 (GET) /users/self
2021-07-24 23:43:14 [info]: ::1 (GET) /users/452d341c136763dc
2021-07-24 23:43:20 [info]: ::1 (GET) /users
2021-07-24 23:43:20 [info]: ::1 (GET) /users/self
2021-07-24 23:43:20 [info]: ::1 (GET) /users/452d341c136763dc
2021-07-24 23:44:12 [info]: ::1 (GET) /users
2021-07-24 23:44:12 [info]: ::1 (GET) /users/self
2021-07-24 23:44:12 [info]: ::1 (GET) /users/452d341c136763dc
2021-07-24 23:44:24 [info]: ::1 (GET) /handle/test2
2021-07-24 23:44:24 [info]: ::1 (GET) /handle/test23
2021-07-24 23:45:20 [info]: ::1 (GET) /users
2021-07-24 23:45:20 [info]: ::1 (GET) /users/self
2021-07-24 23:45:20 [info]: ::1 (GET) /users/452d341c136763dc
2021-07-24 23:45:21 [info]: ::1 (GET) /handle/test2
2021-07-24 23:45:57 [info]: ::1 (GET) /users
2021-07-24 23:45:57 [info]: ::1 (GET) /users/self
2021-07-24 23:45:57 [info]: ::1 (GET) /users/452d341c136763dc
2021-07-24 23:45:58 [info]: ::1 (GET) /handle/test2
2021-07-24 23:48:06 [info]: ::1 (GET) /users/452d341c136763dc
2021-07-24 23:48:07 [info]: ::1 (GET) /users
2021-07-24 23:48:07 [info]: ::1 (GET) /users/self
2021-07-24 23:48:07 [info]: ::1 (GET) /users/452d341c136763dc
2021-07-24 23:48:08 [info]: ::1 (GET) /handle/test2
2021-07-24 23:48:11 [info]: ::1 (GET) /handle/test2
2021-07-24 23:48:50 [info]: ::1 (GET) /users/452d341c136763dc
2021-07-24 23:48:52 [info]: ::1 (GET) /users
2021-07-24 23:48:52 [info]: ::1 (GET) /users/self
2021-07-24 23:48:52 [info]: ::1 (GET) /users/452d341c136763dc
2021-07-24 23:48:53 [info]: ::1 (GET) /handle/test2
2021-07-24 23:48:59 [info]: ::1 (GET) /users/452d341c136763dc
2021-07-24 23:49:00 [info]: ::1 (GET) /users
2021-07-24 23:49:00 [info]: ::1 (GET) /users/self
2021-07-24 23:49:00 [info]: ::1 (GET) /users/452d341c136763dc
2021-07-24 23:49:02 [info]: ::1 (GET) /handle/test2
2021-07-24 23:49:05 [info]: ::1 (GET) /users/e99a6d3ae00294b5
2021-07-24 23:49:07 [info]: ::1 (GET) /handle/username12345
2021-07-24 23:49:09 [info]: ::1 (GET) /handle/username123456
2021-07-24 23:49:11 [info]: ::1 (PUT) /users
2021-07-24 23:51:26 [info]: ::1 (GET) /users/e99a6d3ae00294b5
2021-07-24 23:51:27 [info]: ::1 (GET) /users
2021-07-24 23:51:27 [info]: ::1 (GET) /users/self
2021-07-24 23:51:27 [info]: ::1 (GET) /users/e99a6d3ae00294b5
2021-07-24 23:51:29 [info]: ::1 (GET) /handle/username12345
2021-07-24 23:51:31 [info]: ::1 (GET) /handle/username123456
2021-07-24 23:51:47 [info]: ::1 (GET) /users
2021-07-24 23:51:47 [info]: ::1 (GET) /users/self
2021-07-24 23:51:47 [info]: ::1 (GET) /users/e99a6d3ae00294b5
2021-07-24 23:52:14 [info]: ::1 (GET) /users
2021-07-24 23:52:14 [info]: ::1 (GET) /users/self
2021-07-24 23:52:14 [info]: ::1 (GET) /users/e99a6d3ae00294b5
2021-07-24 23:52:18 [info]: ::1 (GET) /handle/username12345
2021-07-24 23:52:18 [info]: ::1 (GET) /handle/username123456
2021-07-24 23:52:36 [info]: ::1 (GET) /users
2021-07-24 23:52:36 [info]: ::1 (GET) /users/self
2021-07-24 23:52:36 [info]: ::1 (GET) /users/e99a6d3ae00294b5
2021-07-24 23:52:38 [info]: ::1 (GET) /handle/username12345
2021-07-24 23:55:38 [info]: ::1 (GET) /users/e99a6d3ae00294b5
2021-07-24 23:55:39 [info]: ::1 (GET) /users
2021-07-24 23:55:39 [info]: ::1 (GET) /users/self
2021-07-24 23:55:39 [info]: ::1 (GET) /users/e99a6d3ae00294b5
2021-07-24 23:55:40 [info]: ::1 (GET) /handle/username12345
2021-07-24 23:56:00 [info]: ::1 (GET) /users/e99a6d3ae00294b5
2021-07-24 23:56:01 [info]: ::1 (GET) /users
2021-07-24 23:56:01 [info]: ::1 (GET) /users/self
2021-07-24 23:56:01 [info]: ::1 (GET) /users/e99a6d3ae00294b5
2021-07-24 23:56:02 [info]: ::1 (GET) /handle/username12345
2021-07-24 23:56:09 [info]: ::1 (GET) /handle/user
2021-07-24 23:56:10 [info]: ::1 (GET) /handle/use
2021-07-24 23:56:12 [info]: ::1 (GET) /handle/us
2021-07-24 23:56:13 [info]: ::1 (GET) /handle/u
2021-07-24 23:56:13 [info]: ::1 (GET) /handle/
2021-07-24 23:57:14 [info]: ::1 (GET) /handle/d
2021-07-24 23:58:33 [info]: ::1 (GET) /handle/d2
2021-07-24 23:58:33 [info]: ::1 (GET) /handle/d22
2021-07-24 23:58:35 [info]: ::1 (GET) /users
2021-07-24 23:58:35 [info]: ::1 (GET) /users/self
2021-07-24 23:58:35 [info]: ::1 (GET) /users/e99a6d3ae00294b5
2021-07-24 23:58:36 [info]: ::1 (GET) /handle/username12345
2021-07-24 23:58:39 [info]: ::1 (GET) /handle/
2021-07-24 23:58:41 [info]: ::1 (GET) /handle/d
