2021-12-18 00:19:19 [info]: ::1 (GET) /titles/?q=test
2021-12-18 00:19:19 [info]: ::1 (GET) /images/9c150de3298955c528a28aaf24da3dd8
2021-12-18 00:19:23 [info]: ::1 (GET) /titles/6e2549079cfe83ddd0f882486230dd5f
2021-12-18 00:19:23 [info]: ::1 (GET) /images/9c150de3298955c528a28aaf24da3dd8
2021-12-18 00:23:12 [info]: ::1 (GET) /images/
2021-12-18 00:23:12 [info]: ::1 (GET) /titles
2021-12-18 00:23:12 [info]: ::1 (GET) /users/self
2021-12-18 00:23:12 [info]: ::1 (GET) /images/
2021-12-18 00:24:55 [info]: ::1 (GET) /auth
2021-12-18 00:24:55 [info]: ::1 (GET) /users/self
2021-12-18 00:26:26 [info]: ::1 (GET) /users/self
2021-12-18 00:26:33 [info]: ::1 (GET) /users/self
2021-12-18 00:26:36 [info]: ::1 (GET) /users/self
2021-12-18 00:26:37 [info]: ::1 (GET) /users/self
2021-12-18 00:31:03 [info]: ::1 (GET) /users
2021-12-18 00:31:03 [info]: ::1 (GET) /users/self
2021-12-18 00:31:05 [info]: ::1 (GET) /users/28eb5ad4bdc905f3
2021-12-18 00:33:12 [info]: ::1 (GET) /users
2021-12-18 00:33:12 [info]: ::1 (GET) /users/self
2021-12-18 00:33:24 [info]: ::1 (GET) /users
2021-12-18 00:34:00 [info]: ::1 (GET) /users
2021-12-18 00:34:00 [info]: ::1 (GET) /users/self
2021-12-18 00:35:23 [info]: ::1 (GET) /users
2021-12-18 00:35:26 [info]: ::1 (GET) /users
2021-12-18 00:35:26 [info]: ::1 (GET) /users/self
2021-12-18 00:35:34 [info]: ::1 (GET) /users
2021-12-18 00:44:04 [info]: ::1 (GET) /users/28eb5ad4bdc905f3
2021-12-18 00:46:55 [info]: ::1 (GET) /users
2021-12-18 00:46:55 [info]: ::1 (GET) /users/self
2021-12-18 00:46:57 [info]: ::1 (GET) /images/
2021-12-18 00:46:57 [info]: ::1 (GET) /images/
2021-12-18 00:46:57 [info]: ::1 (GET) /titles
2021-12-18 00:46:57 [info]: ::1 (GET) /users/self
2021-12-18 00:46:59 [info]: ::1 (GET) /users/self
2021-12-18 00:47:03 [info]: ::1 (GET) /users
2021-12-18 00:47:03 [info]: ::1 (GET) /users/self
2021-12-18 00:47:04 [info]: ::1 (GET) /users/self
2021-12-18 00:47:05 [info]: ::1 (GET) /images/
2021-12-18 00:47:05 [info]: ::1 (GET) /images/
2021-12-18 00:47:05 [info]: ::1 (GET) /titles
2021-12-18 00:47:05 [info]: ::1 (GET) /users/self
2021-12-18 00:47:07 [info]: ::1 (GET) /users/self
2021-12-18 00:47:10 [info]: ::1 (GET) /users
2021-12-18 00:47:10 [info]: ::1 (GET) /users/self
2021-12-18 00:47:16 [info]: ::1 (GET) /users/self
2021-12-18 00:47:18 [info]: ::1 (GET) /users
2021-12-18 00:47:18 [info]: ::1 (GET) /users/self
2021-12-18 00:47:57 [info]: ::1 (GET) /users/self
2021-12-18 00:47:59 [info]: ::1 (GET) /users
2021-12-18 00:47:59 [info]: ::1 (GET) /users/self
2021-12-18 00:48:01 [info]: ::1 (GET) /users/28eb5ad4bdc905f3
2021-12-18 00:48:15 [info]: ::1 (GET) /images
2021-12-18 00:48:15 [info]: ::1 (GET) /users/self
2021-12-18 00:48:15 [info]: ::1 (GET) /images/9c150de3298955c528a28aaf24da3dd8
2021-12-18 00:48:17 [info]: ::1 (GET) /images/
2021-12-18 00:48:17 [info]: ::1 (GET) /images/
2021-12-18 00:48:17 [info]: ::1 (GET) /titles
2021-12-18 00:48:17 [info]: ::1 (GET) /users/self
2021-12-18 00:48:18 [info]: ::1 (GET) /titles/6e2549079cfe83ddd0f882486230dd5f
2021-12-18 00:48:18 [info]: ::1 (GET) /images/
2021-12-18 00:48:18 [info]: ::1 (GET) /images/9c150de3298955c528a28aaf24da3dd8
2021-12-18 00:48:52 [info]: ::1 (POST) /episodes/2f743cbdd49469141ffc01eb6a4f35a0/availability/netflix
2021-12-18 00:48:52 [info]: ::1 (PUT) /episodes/2f743cbdd49469141ffc01eb6a4f35a0
2021-12-18 00:48:52 [info]: ::1 (PUT) /titles/6e2549079cfe83ddd0f882486230dd5f
2021-12-18 00:48:52 [info]: ::1 (GET) /titles/6e2549079cfe83ddd0f882486230dd5f
2021-12-18 00:48:52 [info]: ::1 (GET) /images/
2021-12-18 00:48:52 [info]: ::1 (GET) /images/9c150de3298955c528a28aaf24da3dd8
2021-12-18 00:48:57 [info]: ::1 (GET) /titles/6e2549079cfe83ddd0f882486230dd5f
2021-12-18 00:48:57 [info]: ::1 (GET) /images/9c150de3298955c528a28aaf24da3dd8
2021-12-18 00:49:17 [info]: ::1 (GET) /users
2021-12-18 00:49:17 [info]: ::1 (GET) /users/self
2021-12-18 00:49:19 [info]: ::1 (GET) /images
2021-12-18 00:49:19 [info]: ::1 (GET) /users/self
2021-12-18 00:49:19 [info]: ::1 (GET) /images/9c150de3298955c528a28aaf24da3dd8
2021-12-18 00:49:21 [info]: ::1 (GET) /users/self
2021-12-18 00:50:52 [info]: ::1 (GET) /users
2021-12-18 00:50:52 [info]: ::1 (GET) /users/self
2021-12-18 00:50:54 [info]: ::1 (GET) /users/28eb5ad4bdc905f3
2021-12-18 00:51:39 [info]: ::1 (GET) /images/
2021-12-18 00:51:39 [info]: ::1 (GET) /images/
2021-12-18 00:51:39 [info]: ::1 (GET) /titles
2021-12-18 00:51:39 [info]: ::1 (GET) /users/self
2021-12-18 00:51:41 [info]: ::1 (GET) /titles/6e2549079cfe83ddd0f882486230dd5f
2021-12-18 00:51:41 [info]: ::1 (GET) /images/
2021-12-18 00:51:41 [info]: ::1 (GET) /images/9c150de3298955c528a28aaf24da3dd8
2021-12-18 00:51:51 [info]: ::1 (GET) /images
2021-12-18 00:51:51 [info]: ::1 (GET) /users/self
2021-12-18 00:51:51 [info]: ::1 (GET) /images/9c150de3298955c528a28aaf24da3dd8
2021-12-18 00:51:57 [info]: ::1 (GET) /images/9c150de3298955c528a28aaf24da3dd8/info
2021-12-18 00:51:57 [info]: ::1 (GET) /images/9c150de3298955c528a28aaf24da3dd8
2021-12-18 00:52:21 [info]: ::1 (GET) /users/self
2021-12-18 15:09:48 [info]: ::1 (GET) /users
2021-12-18 15:09:48 [info]: ::1 (GET) /users/self
2021-12-18 15:10:14 [info]: ::1 (GET) /images/
2021-12-18 15:10:14 [info]: ::1 (GET) /images/
2021-12-18 15:10:14 [info]: ::1 (GET) /titles
2021-12-18 15:10:14 [info]: ::1 (GET) /users/self
2021-12-18 15:10:18 [info]: ::1 (GET) /titles/6e2549079cfe83ddd0f882486230dd5f
2021-12-18 15:10:18 [info]: ::1 (GET) /images/
2021-12-18 15:10:18 [info]: ::1 (GET) /images/9c150de3298955c528a28aaf24da3dd8
2021-12-18 15:11:03 [info]: ::1 (GET) /users
2021-12-18 15:11:03 [info]: ::1 (GET) /users/self
2021-12-18 15:11:06 [info]: ::1 (GET) /users/28eb5ad4bdc905f3
2021-12-18 15:11:58 [info]: ::1 (GET) /images/
2021-12-18 15:11:58 [info]: ::1 (GET) /titles
2021-12-18 15:11:58 [info]: ::1 (GET) /users/self
2021-12-18 15:11:58 [info]: ::1 (GET) /images/
2021-12-18 15:11:59 [info]: ::1 (GET) /titles/6e2549079cfe83ddd0f882486230dd5f
2021-12-18 15:11:59 [info]: ::1 (GET) /images/
2021-12-18 15:11:59 [info]: ::1 (GET) /images/9c150de3298955c528a28aaf24da3dd8
