2021-07-22 00:04:59 [info]: ::1 (GET) /users
2021-07-22 00:04:59 [info]: ::1 (GET) /users/self
2021-07-22 00:05:01 [info]: ::1 (GET) /users
2021-07-22 00:05:01 [info]: ::1 (GET) /users/self
2021-07-22 00:05:21 [info]: ::1 (GET) /users
2021-07-22 00:05:21 [info]: ::1 (GET) /users/self
2021-07-22 00:05:23 [info]: ::1 (GET) /handle/d
2021-07-22 00:05:23 [info]: ::1 (GET) /handle/dw
2021-07-22 00:05:24 [info]: ::1 (GET) /handle/dwa
2021-07-22 00:05:24 [info]: ::1 (GET) /handle/dwas
2021-07-22 00:05:24 [info]: ::1 (GET) /handle/dwasd
2021-07-22 00:07:32 [info]: ::1 (GET) /users
2021-07-22 01:37:00 [info]: ::1 (GET) /users
2021-07-22 01:37:14 [info]: ::1 (GET) /users
2021-07-22 01:37:19 [info]: ::1 (GET) /users
2021-07-22 01:38:12 [info]: ::1 (GET) /users
2021-07-22 01:38:25 [info]: ::1 (GET) /users
2021-07-22 01:39:47 [info]: ::1 (GET) /users
2021-07-22 01:40:27 [info]: ::1 (GET) /users
2021-07-22 01:40:49 [info]: ::1 (GET) /users
2021-07-22 01:41:03 [info]: ::1 (GET) /users
2021-07-22 01:41:31 [info]: ::1 (GET) /users
2021-07-22 01:43:21 [info]: ::1 (GET) /users
2021-07-22 01:43:42 [info]: ::1 (GET) /users
2021-07-22 01:43:42 [info]: ::1 (GET) /users/self
2021-07-22 01:43:47 [info]: ::1 (GET) /users
2021-07-22 01:43:47 [info]: ::1 (GET) /users/self
2021-07-22 01:44:11 [info]: ::1 (GET) /users
2021-07-22 01:44:33 [info]: ::1 (GET) /users
2021-07-22 01:47:04 [info]: ::1 (GET) /users
2021-07-22 01:47:59 [info]: ::1 (GET) /users
2021-07-22 01:48:03 [info]: ::1 (GET) /users
2021-07-22 01:48:03 [info]: ::1 (GET) /users/self
2021-07-22 01:48:22 [info]: ::1 (GET) /users
2021-07-22 01:48:24 [info]: ::1 (GET) /users
2021-07-22 01:48:24 [info]: ::1 (GET) /users/self
2021-07-22 01:50:06 [info]: ::1 (GET) /users
2021-07-22 01:50:06 [info]: ::1 (GET) /users/self
2021-07-22 01:50:08 [info]: ::1 (GET) /users
2021-07-22 01:50:08 [info]: ::1 (GET) /users/self
2021-07-22 01:51:56 [info]: ::1 (GET) /users
2021-07-22 02:00:23 [info]: ::1 (GET) /users
2021-07-22 02:00:23 [info]: ::1 (GET) /users/self
2021-07-22 02:01:37 [info]: ::1 (GET) /users
2021-07-22 02:01:46 [info]: ::1 (GET) /users
2021-07-22 02:01:46 [info]: ::1 (GET) /users/self
2021-07-22 02:02:23 [info]: ::1 (GET) /users
2021-07-22 02:02:56 [info]: ::1 (GET) /users
2021-07-22 02:02:56 [info]: ::1 (GET) /users/self
2021-07-22 02:03:11 [info]: ::1 (GET) /users/451827b3cd687515
2021-07-22 02:03:11 [error]: Cannot read property 'user_id' of undefined
2021-07-22 02:03:12 [info]: ::1 (GET) /users/451827b3cd687515
2021-07-22 02:03:12 [error]: Cannot read property 'user_id' of undefined
2021-07-22 02:03:12 [info]: ::1 (GET) /users/451827b3cd687515
2021-07-22 02:03:12 [error]: Cannot read property 'user_id' of undefined
2021-07-22 02:03:12 [info]: ::1 (GET) /users/451827b3cd687515
2021-07-22 02:03:12 [error]: Cannot read property 'user_id' of undefined
2021-07-22 02:03:12 [info]: ::1 (GET) /users/451827b3cd687515
2021-07-22 02:03:12 [error]: Cannot read property 'user_id' of undefined
2021-07-22 02:03:12 [info]: ::1 (GET) /users/451827b3cd687515
2021-07-22 02:03:12 [error]: Cannot read property 'user_id' of undefined
2021-07-22 02:03:12 [info]: ::1 (GET) /users/451827b3cd687515
2021-07-22 02:03:12 [error]: Cannot read property 'user_id' of undefined
2021-07-22 02:03:12 [info]: ::1 (GET) /users/451827b3cd687515
2021-07-22 02:03:12 [error]: Cannot read property 'user_id' of undefined
2021-07-22 02:03:12 [info]: ::1 (GET) /users/451827b3cd687515
2021-07-22 02:03:12 [error]: Cannot read property 'user_id' of undefined
2021-07-22 02:03:12 [info]: ::1 (GET) /users/451827b3cd687515
2021-07-22 02:03:12 [error]: Cannot read property 'user_id' of undefined
2021-07-22 02:03:12 [info]: ::1 (GET) /users/451827b3cd687515
2021-07-22 02:03:12 [error]: Cannot read property 'user_id' of undefined
2021-07-22 02:03:12 [info]: ::1 (GET) /users/451827b3cd687515
2021-07-22 02:03:12 [error]: Cannot read property 'user_id' of undefined
2021-07-22 02:03:12 [info]: ::1 (GET) /users/451827b3cd687515
2021-07-22 02:03:12 [error]: Cannot read property 'user_id' of undefined
2021-07-22 02:03:12 [info]: ::1 (GET) /users/451827b3cd687515
2021-07-22 02:03:12 [error]: Cannot read property 'user_id' of undefined
2021-07-22 02:03:12 [info]: ::1 (GET) /users/451827b3cd687515
2021-07-22 02:03:12 [error]: Cannot read property 'user_id' of undefined
2021-07-22 02:03:12 [info]: ::1 (GET) /users/451827b3cd687515
2021-07-22 02:03:12 [error]: Cannot read property 'user_id' of undefined
2021-07-22 02:03:12 [info]: ::1 (GET) /users/451827b3cd687515
2021-07-22 02:03:12 [error]: Cannot read property 'user_id' of undefined
2021-07-22 02:03:12 [info]: ::1 (GET) /users/451827b3cd687515
2021-07-22 02:03:12 [error]: Cannot read property 'user_id' of undefined
2021-07-22 02:03:12 [info]: ::1 (GET) /users/451827b3cd687515
2021-07-22 02:03:12 [error]: Cannot read property 'user_id' of undefined
2021-07-22 02:03:12 [info]: ::1 (GET) /users/451827b3cd687515
2021-07-22 02:03:12 [error]: Cannot read property 'user_id' of undefined
2021-07-22 02:03:12 [info]: ::1 (GET) /users/451827b3cd687515
2021-07-22 02:03:12 [error]: Cannot read property 'user_id' of undefined
2021-07-22 02:03:12 [info]: ::1 (GET) /users/451827b3cd687515
2021-07-22 02:03:12 [error]: Cannot read property 'user_id' of undefined
2021-07-22 02:03:12 [info]: ::1 (GET) /users/451827b3cd687515
2021-07-22 02:03:12 [error]: Cannot read property 'user_id' of undefined
2021-07-22 02:03:12 [info]: ::1 (GET) /users/451827b3cd687515
2021-07-22 02:03:12 [error]: Cannot read property 'user_id' of undefined
2021-07-22 02:03:12 [info]: ::1 (GET) /users/451827b3cd687515
2021-07-22 02:03:12 [error]: Cannot read property 'user_id' of undefined
2021-07-22 02:03:12 [info]: ::1 (GET) /users/451827b3cd687515
2021-07-22 02:03:12 [error]: Cannot read property 'user_id' of undefined
2021-07-22 02:03:12 [info]: ::1 (GET) /users/451827b3cd687515
2021-07-22 02:03:12 [error]: Cannot read property 'user_id' of undefined
2021-07-22 02:03:12 [info]: ::1 (GET) /users/451827b3cd687515
2021-07-22 02:03:12 [error]: Cannot read property 'user_id' of undefined
2021-07-22 02:03:12 [info]: ::1 (GET) /users/451827b3cd687515
2021-07-22 02:03:12 [error]: Cannot read property 'user_id' of undefined
2021-07-22 02:03:12 [info]: ::1 (GET) /users/451827b3cd687515
2021-07-22 02:03:12 [error]: Cannot read property 'user_id' of undefined
2021-07-22 02:03:12 [info]: ::1 (GET) /users/451827b3cd687515
2021-07-22 02:03:12 [error]: Cannot read property 'user_id' of undefined
2021-07-22 02:03:12 [info]: ::1 (GET) /users/451827b3cd687515
2021-07-22 02:03:12 [error]: Cannot read property 'user_id' of undefined
2021-07-22 02:03:12 [info]: ::1 (GET) /users/451827b3cd687515
2021-07-22 02:03:12 [error]: Cannot read property 'user_id' of undefined
2021-07-22 02:03:12 [info]: ::1 (GET) /users/451827b3cd687515
2021-07-22 02:03:12 [error]: Cannot read property 'user_id' of undefined
2021-07-22 02:03:12 [info]: ::1 (GET) /users/451827b3cd687515
2021-07-22 02:03:12 [error]: Cannot read property 'user_id' of undefined
2021-07-22 02:03:12 [info]: ::1 (GET) /users/451827b3cd687515
2021-07-22 02:03:12 [error]: Cannot read property 'user_id' of undefined
2021-07-22 02:03:12 [info]: ::1 (GET) /users/451827b3cd687515
2021-07-22 02:03:12 [error]: Cannot read property 'user_id' of undefined
2021-07-22 02:03:12 [info]: ::1 (GET) /users/451827b3cd687515
2021-07-22 02:03:12 [error]: Cannot read property 'user_id' of undefined
2021-07-22 02:03:12 [info]: ::1 (GET) /users/451827b3cd687515
2021-07-22 02:03:12 [error]: Cannot read property 'user_id' of undefined
2021-07-22 02:03:12 [info]: ::1 (GET) /users/451827b3cd687515
2021-07-22 02:03:12 [error]: Cannot read property 'user_id' of undefined
2021-07-22 02:03:12 [info]: ::1 (GET) /users/451827b3cd687515
2021-07-22 02:03:12 [error]: Cannot read property 'user_id' of undefined
2021-07-22 02:03:12 [info]: ::1 (GET) /users/451827b3cd687515
2021-07-22 02:03:12 [error]: Cannot read property 'user_id' of undefined
2021-07-22 02:03:12 [info]: ::1 (GET) /users/451827b3cd687515
2021-07-22 02:03:12 [error]: Cannot read property 'user_id' of undefined
2021-07-22 02:03:12 [info]: ::1 (GET) /users/451827b3cd687515
2021-07-22 02:03:12 [error]: Cannot read property 'user_id' of undefined
2021-07-22 02:03:12 [info]: ::1 (GET) /users/451827b3cd687515
2021-07-22 02:03:12 [error]: Cannot read property 'user_id' of undefined
2021-07-22 02:03:12 [info]: ::1 (GET) /users/451827b3cd687515
2021-07-22 02:03:12 [error]: Cannot read property 'user_id' of undefined
2021-07-22 02:03:12 [info]: ::1 (GET) /users/451827b3cd687515
2021-07-22 02:03:12 [error]: Cannot read property 'user_id' of undefined
2021-07-22 02:03:12 [info]: ::1 (GET) /users/451827b3cd687515
2021-07-22 02:03:12 [error]: Cannot read property 'user_id' of undefined
2021-07-22 02:03:12 [info]: ::1 (GET) /users/451827b3cd687515
2021-07-22 02:03:12 [error]: Cannot read property 'user_id' of undefined
2021-07-22 02:03:12 [info]: ::1 (GET) /users/451827b3cd687515
2021-07-22 02:03:12 [error]: Cannot read property 'user_id' of undefined
2021-07-22 02:03:12 [info]: ::1 (GET) /users/451827b3cd687515
2021-07-22 02:03:12 [error]: Cannot read property 'user_id' of undefined
2021-07-22 02:06:04 [info]: ::1 (GET) /users/[object%20Object]
2021-07-22 02:06:04 [error]: Cannot read property 'user_id' of undefined
2021-07-22 02:06:04 [info]: ::1 (GET) /users
2021-07-22 02:06:04 [info]: ::1 (GET) /users/self
2021-07-22 13:01:49 [info]: ::1 (GET) /titles/?q=moana
2021-07-22 13:01:51 [info]: ::1 (GET) /titles/273b352a34374b898a850afd13c09b8f
2021-07-22 13:02:24 [info]: ::1 (GET) /handle/l
2021-07-22 13:02:24 [info]: ::1 (GET) /handle/li
2021-07-22 13:02:24 [info]: ::1 (GET) /handle/lil
2021-07-22 13:02:24 [info]: ::1 (GET) /handle/lily
2021-07-22 13:02:25 [info]: ::1 (GET) /handle/lily1
2021-07-22 13:02:25 [info]: ::1 (GET) /handle/lily12
2021-07-22 13:02:25 [info]: ::1 (GET) /handle/lily123
2021-07-22 13:02:36 [info]: ::1 (POST) /users
2021-07-22 13:02:36 [info]: ::1 (GET) /auth
2021-07-22 13:02:36 [info]: ::1 (GET) /users/self
2021-07-22 13:02:56 [info]: ::1 (POST) /users/e1704f75a02e617d/ratings/273b352a34374b898a850afd13c09b8f
2021-07-22 13:02:57 [info]: ::1 (POST) /users/e1704f75a02e617d/ratings/273b352a34374b898a850afd13c09b8f
2021-07-22 13:02:59 [info]: ::1 (GET) /titles/273b352a34374b898a850afd13c09b8f
2021-07-22 13:02:59 [info]: ::1 (GET) /users/self
2021-07-22 13:02:59 [info]: ::1 (GET) /users/e1704f75a02e617d/ratings/273b352a34374b898a850afd13c09b8f
2021-07-22 13:03:00 [info]: ::1 (POST) /users/e1704f75a02e617d/ratings/273b352a34374b898a850afd13c09b8f
2021-07-22 13:03:02 [info]: ::1 (POST) /users/e1704f75a02e617d/ratings/273b352a34374b898a850afd13c09b8f
2021-07-22 13:03:05 [info]: ::1 (POST) /users/e1704f75a02e617d/ratings/273b352a34374b898a850afd13c09b8f
2021-07-22 13:03:26 [info]: ::1 (GET) /titles/?q=avatar
2021-07-22 13:03:27 [info]: ::1 (GET) /titles/4fc63cc45cb72566136015b9dcf1cf46
2021-07-22 13:03:27 [info]: ::1 (GET) /users/self
2021-07-22 13:03:27 [info]: ::1 (GET) /users/e1704f75a02e617d/ratings/4fc63cc45cb72566136015b9dcf1cf46
2021-07-22 13:03:47 [info]: ::1 (GET) /users/self
2021-07-22 13:03:57 [info]: ::1 (GET) /users/[object%20Object]
2021-07-22 13:03:57 [info]: ::1 (GET) /users
2021-07-22 13:03:57 [error]: Cannot read property 'user_id' of undefined
2021-07-22 13:03:57 [info]: ::1 (GET) /users/self
2021-07-22 13:12:44 [info]: ::1 (GET) /users/[object%20Object]
2021-07-22 13:12:44 [error]: Cannot read property 'user_id' of undefined
2021-07-22 13:12:44 [info]: ::1 (GET) /users
2021-07-22 13:12:44 [info]: ::1 (GET) /users/self
2021-07-22 13:13:46 [info]: ::1 (GET) /users/[object%20Object]
2021-07-22 13:13:46 [info]: ::1 (GET) /users
2021-07-22 13:15:18 [info]: ::1 (GET) /users
2021-07-22 13:15:18 [info]: ::1 (GET) /users/451827b3cd687515
2021-07-22 13:16:01 [info]: ::1 (GET) /users
2021-07-22 13:16:01 [info]: ::1 (GET) /users/self
2021-07-22 13:16:01 [info]: ::1 (GET) /users/451827b3cd687515
2021-07-22 13:16:54 [info]: ::1 (GET) /users
2021-07-22 13:16:54 [info]: ::1 (GET) /users/self
2021-07-22 13:16:54 [info]: ::1 (GET) /users/451827b3cd687515
2021-07-22 13:18:52 [info]: ::1 (GET) /users
2021-07-22 13:18:52 [info]: ::1 (GET) /users/self
2021-07-22 13:18:52 [info]: ::1 (GET) /users/451827b3cd687515
2021-07-22 13:19:09 [info]: ::1 (GET) /users
2021-07-22 13:19:09 [info]: ::1 (GET) /users/self
2021-07-22 13:19:09 [info]: ::1 (GET) /users/451827b3cd687515
2021-07-22 13:19:26 [info]: ::1 (GET) /users
2021-07-22 13:19:26 [info]: ::1 (GET) /users/self
2021-07-22 13:19:26 [info]: ::1 (GET) /users/451827b3cd687515
2021-07-22 13:19:40 [info]: ::1 (GET) /users/451827b3cd687515
2021-07-22 13:20:46 [info]: ::1 (GET) /users
2021-07-22 13:20:46 [info]: ::1 (GET) /users/self
2021-07-22 13:20:46 [info]: ::1 (GET) /users/451827b3cd687515
2021-07-22 13:21:21 [info]: ::1 (GET) /users
2021-07-22 13:21:21 [info]: ::1 (GET) /users/self
2021-07-22 13:21:21 [info]: ::1 (GET) /users/451827b3cd687515
2021-07-22 13:22:40 [info]: ::1 (GET) /users/451827b3cd687515
2021-07-22 13:22:43 [info]: ::1 (GET) /users
2021-07-22 13:22:43 [info]: ::1 (GET) /users/self
2021-07-22 13:22:43 [info]: ::1 (GET) /users/451827b3cd687515
2021-07-22 13:23:20 [info]: ::1 (GET) /users/451827b3cd687515
2021-07-22 13:23:22 [info]: ::1 (GET) /users
2021-07-22 13:23:22 [info]: ::1 (GET) /users/self
2021-07-22 13:23:22 [info]: ::1 (GET) /users/451827b3cd687515
2021-07-22 13:25:18 [info]: ::1 (GET) /users/451827b3cd687515
2021-07-22 13:27:09 [info]: ::1 (GET) /users/451827b3cd687515
2021-07-22 13:27:34 [info]: ::1 (GET) /users
2021-07-22 13:27:34 [info]: ::1 (GET) /users/self
2021-07-22 13:27:34 [info]: ::1 (GET) /users/451827b3cd687515
2021-07-22 13:28:11 [info]: ::1 (GET) /users
2021-07-22 13:28:11 [info]: ::1 (GET) /users/[object%20Object]
2021-07-22 13:28:14 [info]: ::1 (GET) /users
2021-07-22 13:28:14 [info]: ::1 (GET) /users/self
2021-07-22 13:28:16 [info]: ::1 (GET) /users/e1704f75a02e617d
2021-07-22 13:30:33 [info]: ::1 (GET) /users
2021-07-22 13:30:33 [info]: ::1 (GET) /users/e1704f75a02e617d
2021-07-22 13:30:36 [info]: ::1 (GET) /users
2021-07-22 13:30:36 [info]: ::1 (GET) /users/self
2021-07-22 13:30:36 [info]: ::1 (GET) /users/e1704f75a02e617d
2021-07-22 13:31:30 [info]: ::1 (GET) /users
2021-07-22 13:31:30 [info]: ::1 (GET) /users/e1704f75a02e617d
2021-07-22 13:31:37 [info]: ::1 (GET) /users
2021-07-22 13:31:37 [info]: ::1 (GET) /users/self
2021-07-22 13:31:37 [info]: ::1 (GET) /users/e1704f75a02e617d
2021-07-22 13:32:00 [info]: ::1 (GET) /users
2021-07-22 13:32:02 [info]: ::1 (GET) /users/e1704f75a02e617d
2021-07-22 13:32:42 [info]: ::1 (GET) /users/e1704f75a02e617d
2021-07-22 13:38:28 [info]: ::1 (GET) /users
2021-07-22 13:40:04 [info]: ::1 (GET) /users
2021-07-22 13:40:04 [info]: ::1 (GET) /users/self
2021-07-22 13:40:06 [info]: ::1 (GET) /users/451827b3cd687515
2021-07-22 13:41:31 [info]: ::1 (GET) /users
2021-07-22 13:41:31 [info]: ::1 (GET) /users/self
2021-07-22 13:41:31 [info]: ::1 (GET) /users/451827b3cd687515
2021-07-22 13:46:00 [info]: ::1 (GET) /users/451827b3cd687515
2021-07-22 13:50:58 [info]: ::1 (GET) /users/self
2021-07-22 13:52:42 [info]: ::1 (GET) /users/self
2021-07-22 13:52:45 [info]: ::1 (GET) /titles/?q=moana
2021-07-22 13:52:46 [info]: ::1 (GET) /titles/273b352a34374b898a850afd13c09b8f
2021-07-22 13:52:46 [info]: ::1 (GET) /users/self
2021-07-22 13:57:55 [info]: ::1 (GET) /users/451827b3cd687515
2021-07-22 13:59:01 [info]: ::1 (GET) /users/451827b3cd687515
2021-07-22 15:48:45 [info]: ::1 (GET) /users/451827b3cd687515
2021-07-22 15:48:46 [info]: ::1 (GET) /users
2021-07-22 15:48:46 [info]: ::1 (GET) /users/self
2021-07-22 15:48:46 [info]: ::1 (GET) /users/451827b3cd687515
2021-07-22 15:50:55 [info]: ::1 (GET) /users
2021-07-22 15:50:55 [info]: ::1 (GET) /users/self
2021-07-22 15:50:55 [info]: ::1 (GET) /users/451827b3cd687515
2021-07-22 15:51:27 [info]: ::1 (GET) /users/451827b3cd687515
2021-07-22 15:51:41 [info]: ::1 (GET) /users/451827b3cd687515
2021-07-22 15:51:53 [info]: ::1 (GET) /users/451827b3cd687515
2021-07-22 15:51:59 [info]: ::1 (GET) /handle/abc1234
2021-07-22 15:52:01 [info]: ::1 (GET) /handle/abc123
2021-07-22 15:52:53 [info]: ::1 (GET) /users/451827b3cd687515
2021-07-22 15:52:55 [info]: ::1 (GET) /handle/abc1234
2021-07-22 21:39:11 [info]: ::1 (GET) /users
2021-07-22 21:39:11 [info]: ::1 (GET) /users/self
2021-07-22 21:39:11 [info]: ::1 (GET) /users/451827b3cd687515
2021-07-22 21:41:14 [info]: ::1 (GET) /users/e1704f75a02e617d
2021-07-22 21:41:19 [info]: ::1 (GET) /users/8bc22a8f766a2d7f
2021-07-22 21:41:21 [info]: ::1 (GET) /users/451827b3cd687515
2021-07-22 21:41:23 [info]: ::1 (GET) /users/e9a236da82541fbf
2021-07-22 21:41:24 [info]: ::1 (GET) /users/9878805eca43f6dd
2021-07-22 21:42:22 [info]: ::1 (GET) /handle/abc123
2021-07-22 21:42:25 [info]: ::1 (GET) /handle/abc1234
2021-07-22 21:42:37 [info]: ::1 (POST) /users
2021-07-22 21:42:37 [info]: ::1 (GET) /auth
2021-07-22 21:42:37 [info]: ::1 (GET) /users/self
2021-07-22 21:42:45 [info]: ::1 (GET) /users
2021-07-22 21:42:45 [info]: ::1 (GET) /users/self
2021-07-22 21:43:39 [info]: ::1 (GET) /users
2021-07-22 21:43:39 [info]: ::1 (GET) /users/self
2021-07-22 21:43:43 [info]: ::1 (GET) /users/d190ef1ef58cb303
2021-07-22 22:29:40 [info]: ::1 (GET) /handle/d
2021-07-22 22:29:40 [info]: ::1 (GET) /handle/dw
2021-07-22 22:29:40 [info]: ::1 (GET) /handle/dws
2021-07-22 22:29:40 [info]: ::1 (GET) /handle/dwsd
2021-07-22 22:29:41 [info]: ::1 (GET) /handle/dwsdd
2021-07-22 22:29:42 [info]: ::1 (GET) /handle/dwsddd
2021-07-22 22:29:42 [info]: ::1 (GET) /handle/dwsdddd
2021-07-22 22:29:43 [info]: ::1 (GET) /handle/dwsddd
2021-07-22 22:29:44 [info]: ::1 (GET) /handle/dwsdd
2021-07-22 22:29:44 [info]: ::1 (GET) /handle/dwsd
2021-07-22 22:29:44 [info]: ::1 (GET) /handle/dws
2021-07-22 22:29:44 [info]: ::1 (GET) /handle/dw
2021-07-22 22:29:44 [info]: ::1 (GET) /handle/d
2021-07-22 22:30:16 [info]: ::1 (POST) /users
2021-07-22 22:30:28 [info]: ::1 (GET) /handle/d
2021-07-22 22:33:23 [info]: ::1 (GET) /handle/
2021-07-22 22:33:26 [info]: ::1 (GET) /handle/3
2021-07-22 22:33:27 [info]: ::1 (GET) /handle/33
2021-07-22 22:33:27 [info]: ::1 (GET) /handle/333
2021-07-22 22:33:27 [info]: ::1 (GET) /handle/3333
2021-07-22 22:33:33 [info]: ::1 (GET) /handle/3
2021-07-22 22:33:33 [info]: ::1 (GET) /handle/33
2021-07-22 22:33:34 [info]: ::1 (GET) /handle/333
2021-07-22 22:33:34 [info]: ::1 (GET) /handle/3333
