2021-06-20 00:04:01 [info]: API listening at http://localhost:9000
2021-06-20 00:04:52 [info]: ::1 (DELETE) /titles/dae16620ab29bf548d7618ec7b99b47a
2021-06-20 00:05:01 [info]: ::1 (DELETE) /titles/dae16620ab29bf548d7618ec7b99b47a
2021-06-20 00:05:01 [error]: Error: ER_NO_SUCH_TABLE: Table 'streamfinder.title' doesn't exist
    at Query.Sequence._packetToError (D:\streamfinder\api\node_modules\mysql\lib\protocol\sequences\Sequence.js:47:14)
    at Query.ErrorPacket (D:\streamfinder\api\node_modules\mysql\lib\protocol\sequences\Query.js:79:18)
    at Protocol._parsePacket (D:\streamfinder\api\node_modules\mysql\lib\protocol\Protocol.js:291:23)
    at Parser._parsePacket (D:\streamfinder\api\node_modules\mysql\lib\protocol\Parser.js:433:10)
    at Parser.write (D:\streamfinder\api\node_modules\mysql\lib\protocol\Parser.js:43:10)
    at Protocol.write (D:\streamfinder\api\node_modules\mysql\lib\protocol\Protocol.js:38:16)
    at Socket.<anonymous> (D:\streamfinder\api\node_modules\mysql\lib\Connection.js:88:28)
    at Socket.<anonymous> (D:\streamfinder\api\node_modules\mysql\lib\Connection.js:526:10)
    at Socket.emit (events.js:200:13)
    at addChunk (_stream_readable.js:294:12)
    --------------------
    at Pool.query (D:\streamfinder\api\node_modules\mysql\lib\Pool.js:199:23)
    at D:\streamfinder\api\util.js:41:18
    at new Promise (<anonymous>)
    at Object.dbPromise (D:\streamfinder\api\util.js:40:16)
    at Object.deleteTitle (D:\streamfinder\api\controllers\title.js:18:21)
    at Show.delete (D:\streamfinder\api\models\title.js:85:31)
    at Show.delete (D:\streamfinder\api\models\show.js:64:27)
    at D:\streamfinder\api\model_functions\title.js:105:39
    at processTicksAndRejections (internal/process/task_queues.js:89:5)
2021-06-20 00:05:27 [info]: API listening at http://localhost:9000
2021-06-20 00:05:29 [info]: ::1 (DELETE) /titles/dae16620ab29bf548d7618ec7b99b47a
2021-06-20 00:05:30 [error]: TypeError: this.seasons is not iterable
    at Show.delete (D:\streamfinder\api\models\show.js:65:33)
    at processTicksAndRejections (internal/process/task_queues.js:89:5)
2021-06-20 00:07:44 [info]: API listening at http://localhost:9000
2021-06-20 00:07:49 [info]: ::1 (POST) /titles
2021-06-20 00:08:10 [info]: ::1 (DELETE) /titles/33e5ccb03459aa3b1dd6532018167719
2021-06-20 00:08:32 [info]: ::1 (POST) /titles
2021-06-20 00:08:48 [info]: ::1 (DELETE) /titles/d06bf85d27e6106de885866f4d6cbb4d
2021-06-20 00:17:36 [info]: API listening at http://localhost:9000
2021-06-20 00:17:46 [info]: ::1 (GET) /titles?q=blah
2021-06-20 00:17:46 [error]: Error: ER_FT_MATCHING_KEY_NOT_FOUND: Can't find FULLTEXT index matching the column list
    at Query.Sequence._packetToError (D:\streamfinder\api\node_modules\mysql\lib\protocol\sequences\Sequence.js:47:14)
    at Query.ErrorPacket (D:\streamfinder\api\node_modules\mysql\lib\protocol\sequences\Query.js:79:18)
    at Protocol._parsePacket (D:\streamfinder\api\node_modules\mysql\lib\protocol\Protocol.js:291:23)
    at Parser._parsePacket (D:\streamfinder\api\node_modules\mysql\lib\protocol\Parser.js:433:10)
    at Parser.write (D:\streamfinder\api\node_modules\mysql\lib\protocol\Parser.js:43:10)
    at Protocol.write (D:\streamfinder\api\node_modules\mysql\lib\protocol\Protocol.js:38:16)
    at Socket.<anonymous> (D:\streamfinder\api\node_modules\mysql\lib\Connection.js:88:28)
    at Socket.<anonymous> (D:\streamfinder\api\node_modules\mysql\lib\Connection.js:526:10)
    at Socket.emit (events.js:200:13)
    at addChunk (_stream_readable.js:294:12)
    --------------------
    at Pool.query (D:\streamfinder\api\node_modules\mysql\lib\Pool.js:199:23)
    at D:\streamfinder\api\util.js:41:18
    at new Promise (<anonymous>)
    at Object.dbPromise (D:\streamfinder\api\util.js:40:16)
    at Object.searchAllTitles (D:\streamfinder\api\controllers\title.js:15:21)
    at Object.getTitles (D:\streamfinder\api\model_functions\title.js:123:38)
    at D:\streamfinder\api\routes\titles.js:8:18
    at Layer.handle [as handle_request] (D:\streamfinder\api\node_modules\express\lib\router\layer.js:95:5)
    at next (D:\streamfinder\api\node_modules\express\lib\router\route.js:137:13)
    at Route.dispatch (D:\streamfinder\api\node_modules\express\lib\router\route.js:112:3)
2021-06-20 00:25:19 [info]: API listening at http://localhost:9000
2021-06-20 00:25:23 [info]: ::1 (GET) /titles?q=blah
2021-06-20 00:25:23 [error]: TypeError: attr is not iterable
    at new Title (D:\streamfinder\api\models\title.js:56:12)
    at D:\streamfinder\api\model_functions\title.js:129:25
    at processTicksAndRejections (internal/process/task_queues.js:89:5)
2021-06-20 00:26:07 [info]: API listening at http://localhost:9000
2021-06-20 00:26:10 [info]: ::1 (GET) /titles?q=blah
2021-06-20 00:26:11 [error]: TypeError: attr is not iterable
    at new Title (D:\streamfinder\api\models\title.js:56:12)
    at D:\streamfinder\api\model_functions\title.js:129:25
    at processTicksAndRejections (internal/process/task_queues.js:89:5)
2021-06-20 00:26:51 [info]: API listening at http://localhost:9000
2021-06-20 00:26:54 [info]: ::1 (GET) /titles?q=blah
2021-06-20 00:27:11 [info]: ::1 (GET) /titles?q=test
2021-06-20 00:48:20 [info]: API listening at http://localhost:9000
2021-06-20 01:02:20 [info]: ::1 (GET) /titles/?q=rick%20and%20morty
2021-06-20 01:02:20 [info]: ::1 (GET) /titles/?q=rick%20and%20morty
2021-06-20 01:02:20 [info]: ::1 (GET) /titles/?q=rick%20and%20morty
2021-06-20 01:03:33 [info]: ::1 (GET) /titles/?q=rick%20and%20morty
2021-06-20 01:03:52 [info]: ::1 (GET) /titles?q=rick
2021-06-20 01:04:07 [info]: ::1 (GET) /titles/807adc6de64d53e84837aa7383e90a6c
2021-06-20 01:04:13 [info]: ::1 (GET) /titles/807adc6de64d53e84837aa7383e90a6c
2021-06-20 01:04:48 [info]: ::1 (PUT) /titles/807adc6de64d53e84837aa7383e90a6c
2021-06-20 01:04:54 [info]: ::1 (GET) /titles/?q=rick%20and%20morty
2021-06-20 01:16:59 [info]: ::1 (GET) /title/1238910
2021-06-20 01:17:47 [info]: ::1 (GET) /title/1238910
2021-06-20 01:17:50 [info]: ::1 (GET) /titles/?q=rick%20and%20morty
2021-06-20 01:17:51 [info]: ::1 (GET) /title/807adc6de64d53e84837aa7383e90a6c
2021-06-20 01:18:20 [info]: ::1 (GET) /titles/?q=blah
2021-06-20 01:18:22 [info]: ::1 (GET) /title/78139ee3a77a51ed6978220888edd098
