2021-07-23 21:04:51 [info]: ::1 (GET) /users
2021-07-23 21:04:51 [info]: ::1 (GET) /users/self
2021-07-23 21:52:43 [info]: ::1 (GET) /handle/d
2021-07-23 21:52:43 [info]: ::1 (GET) /handle/dd
2021-07-23 21:53:00 [info]: ::1 (GET) /handle/u
2021-07-23 21:53:00 [info]: ::1 (GET) /handle/us
2021-07-23 21:53:00 [info]: ::1 (GET) /handle/use
2021-07-23 21:53:00 [info]: ::1 (GET) /handle/user
2021-07-23 21:53:01 [info]: ::1 (GET) /handle/usern
2021-07-23 21:53:01 [info]: ::1 (GET) /handle/userna
2021-07-23 21:53:01 [info]: ::1 (GET) /handle/usernam
2021-07-23 21:53:01 [info]: ::1 (GET) /handle/username
2021-07-23 21:54:04 [info]: ::1 (GET) /users
2021-07-23 21:54:04 [info]: ::1 (GET) /users/self
2021-07-23 21:54:07 [info]: ::1 (GET) /handle/u
2021-07-23 21:54:07 [info]: ::1 (GET) /handle/us
2021-07-23 21:54:07 [info]: ::1 (GET) /handle/use
2021-07-23 21:54:07 [info]: ::1 (GET) /handle/user
2021-07-23 21:54:07 [info]: ::1 (GET) /handle/usern
2021-07-23 21:54:07 [info]: ::1 (GET) /handle/userna
2021-07-23 21:54:08 [info]: ::1 (GET) /handle/usernam
2021-07-23 21:54:08 [info]: ::1 (GET) /handle/username
2021-07-23 21:58:06 [info]: ::1 (GET) /handle/username1
2021-07-23 21:58:06 [info]: ::1 (GET) /handle/username12
2021-07-23 21:58:06 [info]: ::1 (GET) /handle/username123
2021-07-23 21:58:08 [info]: ::1 (GET) /handle/a
2021-07-23 21:58:08 [info]: ::1 (GET) /handle/ab
2021-07-23 21:58:08 [info]: ::1 (GET) /handle/abc
2021-07-23 21:58:08 [info]: ::1 (GET) /handle/abc1
2021-07-23 21:58:09 [info]: ::1 (GET) /handle/abc12
2021-07-23 21:58:09 [info]: ::1 (GET) /handle/abc123
2021-07-23 22:01:35 [info]: ::1 (GET) /users
2021-07-23 22:01:35 [info]: ::1 (GET) /users/self
2021-07-23 22:01:37 [info]: ::1 (GET) /handle/a
2021-07-23 22:01:38 [info]: ::1 (GET) /handle/ab
2021-07-23 22:01:38 [info]: ::1 (GET) /handle/abc
2021-07-23 22:01:39 [info]: ::1 (GET) /handle/abc1
2021-07-23 22:01:39 [info]: ::1 (GET) /handle/abc12
2021-07-23 22:01:39 [info]: ::1 (GET) /handle/abc123
2021-07-23 22:02:16 [info]: ::1 (GET) /handle/a
2021-07-23 22:02:16 [info]: ::1 (GET) /handle/ab
2021-07-23 22:02:17 [info]: ::1 (GET) /handle/abc
2021-07-23 22:02:17 [info]: ::1 (GET) /handle/abc1
2021-07-23 22:02:17 [info]: ::1 (GET) /handle/abc12
2021-07-23 22:02:18 [info]: ::1 (GET) /handle/abc123
2021-07-23 22:02:20 [info]: ::1 (GET) /users
2021-07-23 22:02:20 [info]: ::1 (GET) /users/self
2021-07-23 22:02:23 [info]: ::1 (GET) /handle/a
2021-07-23 22:02:23 [info]: ::1 (GET) /handle/ab
2021-07-23 22:02:24 [info]: ::1 (GET) /handle/abc
2021-07-23 22:02:24 [info]: ::1 (GET) /handle/abc1
2021-07-23 22:02:24 [info]: ::1 (GET) /handle/abc12
2021-07-23 22:02:24 [info]: ::1 (GET) /handle/abc123
2021-07-23 22:02:38 [info]: ::1 (GET) /users
2021-07-23 22:02:38 [info]: ::1 (GET) /users/self
2021-07-23 22:02:40 [info]: ::1 (GET) /handle/a
2021-07-23 22:02:41 [info]: ::1 (GET) /handle/ab
2021-07-23 22:02:41 [info]: ::1 (GET) /handle/abc
2021-07-23 22:02:41 [info]: ::1 (GET) /handle/abc1
2021-07-23 22:02:42 [info]: ::1 (GET) /handle/abc12
2021-07-23 22:02:42 [info]: ::1 (GET) /handle/abc123
2021-07-23 22:03:10 [info]: ::1 (GET) /users
2021-07-23 22:03:10 [info]: ::1 (GET) /users/self
2021-07-23 22:03:12 [info]: ::1 (GET) /handle/a
2021-07-23 22:03:12 [info]: ::1 (GET) /handle/ab
2021-07-23 22:03:12 [info]: ::1 (GET) /handle/abc
2021-07-23 22:03:13 [info]: ::1 (GET) /handle/abc1
2021-07-23 22:03:13 [info]: ::1 (GET) /handle/abc12
2021-07-23 22:03:13 [info]: ::1 (GET) /handle/abc123
2021-07-23 22:04:40 [info]: ::1 (GET) /handle/abc1234
2021-07-23 22:04:40 [info]: ::1 (GET) /handle/abc12345
2021-07-23 22:06:42 [info]: ::1 (GET) /users
2021-07-23 22:06:42 [info]: ::1 (GET) /users/self
2021-07-23 22:06:43 [info]: ::1 (GET) /users
2021-07-23 22:06:43 [info]: ::1 (GET) /users/self
2021-07-23 22:08:06 [info]: ::1 (GET) /users
2021-07-23 22:08:06 [info]: ::1 (GET) /users/self
2021-07-23 22:08:42 [info]: ::1 (GET) /handle/abc123
2021-07-23 22:11:23 [info]: ::1 (GET) /handle/abc123
2021-07-23 22:11:24 [info]: ::1 (GET) /users
2021-07-23 22:11:24 [info]: ::1 (GET) /users/self
2021-07-23 22:11:26 [info]: ::1 (GET) /handle/abc123
2021-07-23 22:11:47 [info]: ::1 (GET) /users
2021-07-23 22:11:47 [info]: ::1 (GET) /users/self
2021-07-23 22:11:50 [info]: ::1 (GET) /handle/abc123
2021-07-23 22:15:08 [info]: ::1 (GET) /users
2021-07-23 22:15:08 [info]: ::1 (GET) /users/self
