2022-07-18 14:01:48 [info]: API listening at http://localhost:9000
2022-07-18 14:02:14 [info]: ::1 (GET) /links
2022-07-18 14:02:27 [info]: ::1 (POST) /links
2022-07-18 14:02:31 [info]: ::1 (GET) /links
2022-07-18 14:03:27 [info]: ::1 (GET) /links/8c0abb13c01a85b7a0926764a23300b039dce0c5454c31e9c22353b4779e9683
2022-07-18 14:04:17 [info]: ::1 (PUT) /links/8c0abb13c01a85b7a0926764a23300b039dce0c5454c31e9c22353b4779e9683
2022-07-18 14:04:22 [info]: ::1 (GET) /links/8c0abb13c01a85b7a0926764a23300b039dce0c5454c31e9c22353b4779e9683
2022-07-18 14:04:33 [info]: ::1 (GET) /links
2022-07-18 14:05:44 [info]: ::1 (PUT) /links/8c0abb13c01a85b7a0926764a23300b039dce0c5454c31e9c22353b4779e9683
2022-07-18 14:05:48 [info]: ::1 (GET) /links
2022-07-18 14:05:55 [info]: ::1 (GET) /links/8c0abb13c01a85b7a0926764a23300b039dce0c5454c31e9c22353b4779e9683
2022-07-18 14:06:13 [info]: ::1 (PUT) /links/8c0abb13c01a85b7a0926764a23300b039dce0c5454c31e9c22353b4779e9683
2022-07-18 14:06:16 [info]: ::1 (GET) /links
2022-07-18 14:10:28 [info]: API listening at http://localhost:9000
2022-07-18 14:10:32 [info]: ::1 (PUT) /links/8c0abb13c01a85b7a0926764a23300b039dce0c5454c31e9c22353b4779e9683
2022-07-18 14:10:34 [info]: ::1 (GET) /links
2022-07-18 14:10:43 [info]: ::1 (PUT) /links/8c0abb13c01a85b7a0926764a23300b039dce0c5454c31e9c22353b4779e9683
2022-07-18 14:10:45 [info]: ::1 (GET) /links
2022-07-18 14:11:14 [info]: ::1 (DELETE) /links/8c0abb13c01a85b7a0926764a23300b039dce0c5454c31e9c22353b4779e9683
2022-07-18 14:11:16 [info]: ::1 (GET) /links
2022-07-18 14:13:41 [info]: ::1 (POST) /links/00cba710df5447f01002fdbff0119ef45c4125d355c15df9ee931bdd80d84670/snapshots
2022-07-18 14:14:13 [info]: API listening at http://localhost:9000
2022-07-18 14:14:15 [info]: ::1 (POST) /links/00cba710df5447f01002fdbff0119ef45c4125d355c15df9ee931bdd80d84670/snapshots
2022-07-18 14:14:15 [error]: Error: ER_WARN_DATA_OUT_OF_RANGE: Out of range value for column 'timestamp' at row 1
    at Query.Sequence._packetToError (C:\Users\larth\Coding\streamfinder\api\node_modules\mysql\lib\protocol\sequences\Sequence.js:47:14)
    at Query.ErrorPacket (C:\Users\larth\Coding\streamfinder\api\node_modules\mysql\lib\protocol\sequences\Query.js:79:18)
    at Protocol._parsePacket (C:\Users\larth\Coding\streamfinder\api\node_modules\mysql\lib\protocol\Protocol.js:291:23)
    at Parser._parsePacket (C:\Users\larth\Coding\streamfinder\api\node_modules\mysql\lib\protocol\Parser.js:433:10)
    at Parser.write (C:\Users\larth\Coding\streamfinder\api\node_modules\mysql\lib\protocol\Parser.js:43:10)
    at Protocol.write (C:\Users\larth\Coding\streamfinder\api\node_modules\mysql\lib\protocol\Protocol.js:38:16)
    at Socket.<anonymous> (C:\Users\larth\Coding\streamfinder\api\node_modules\mysql\lib\Connection.js:88:28)
    at Socket.<anonymous> (C:\Users\larth\Coding\streamfinder\api\node_modules\mysql\lib\Connection.js:526:10)
    at Socket.emit (events.js:400:28)
    at addChunk (internal/streams/readable.js:290:12)
    --------------------
    at Pool.query (C:\Users\larth\Coding\streamfinder\api\node_modules\mysql\lib\Pool.js:199:23)
    at C:\Users\larth\Coding\streamfinder\api\util.js:41:18
    at new Promise (<anonymous>)
    at Object.dbPromise (C:\Users\larth\Coding\streamfinder\api\util.js:40:16)
    at Object.insertSnapshot (C:\Users\larth\Coding\streamfinder\api\controllers\dc.snapshot.js:15:21)
    at Task.insert (C:\Users\larth\Coding\streamfinder\api\models\snapshot.js:38:34)
    at C:\Users\larth\Coding\streamfinder\api\model_functions\snapshot.js:36:22
    at processTicksAndRejections (internal/process/task_queues.js:95:5)
2022-07-18 14:17:13 [info]: API listening at http://localhost:9000
2022-07-18 14:17:16 [info]: ::1 (POST) /links/00cba710df5447f01002fdbff0119ef45c4125d355c15df9ee931bdd80d84670/snapshots
2022-07-18 14:17:16 [error]: Error: ER_WARN_DATA_OUT_OF_RANGE: Out of range value for column 'timestamp' at row 1
    at Query.Sequence._packetToError (C:\Users\larth\Coding\streamfinder\api\node_modules\mysql\lib\protocol\sequences\Sequence.js:47:14)
    at Query.ErrorPacket (C:\Users\larth\Coding\streamfinder\api\node_modules\mysql\lib\protocol\sequences\Query.js:79:18)
    at Protocol._parsePacket (C:\Users\larth\Coding\streamfinder\api\node_modules\mysql\lib\protocol\Protocol.js:291:23)
    at Parser._parsePacket (C:\Users\larth\Coding\streamfinder\api\node_modules\mysql\lib\protocol\Parser.js:433:10)
    at Parser.write (C:\Users\larth\Coding\streamfinder\api\node_modules\mysql\lib\protocol\Parser.js:43:10)
    at Protocol.write (C:\Users\larth\Coding\streamfinder\api\node_modules\mysql\lib\protocol\Protocol.js:38:16)
    at Socket.<anonymous> (C:\Users\larth\Coding\streamfinder\api\node_modules\mysql\lib\Connection.js:88:28)
    at Socket.<anonymous> (C:\Users\larth\Coding\streamfinder\api\node_modules\mysql\lib\Connection.js:526:10)
    at Socket.emit (events.js:400:28)
    at addChunk (internal/streams/readable.js:290:12)
    --------------------
    at Pool.query (C:\Users\larth\Coding\streamfinder\api\node_modules\mysql\lib\Pool.js:199:23)
    at C:\Users\larth\Coding\streamfinder\api\util.js:41:18
    at new Promise (<anonymous>)
    at Object.dbPromise (C:\Users\larth\Coding\streamfinder\api\util.js:40:16)
    at Object.insertSnapshot (C:\Users\larth\Coding\streamfinder\api\controllers\dc.snapshot.js:15:21)
    at Task.insert (C:\Users\larth\Coding\streamfinder\api\models\snapshot.js:39:34)
    at C:\Users\larth\Coding\streamfinder\api\model_functions\snapshot.js:36:22
    at processTicksAndRejections (internal/process/task_queues.js:95:5)
2022-07-18 14:17:37 [info]: ::1 (POST) /links/00cba710df5447f01002fdbff0119ef45c4125d355c15df9ee931bdd80d84670/snapshots
2022-07-18 14:18:08 [info]: ::1 (POST) /links/00cba710df5447f01002fdbff0119ef45c4125d355c15df9ee931bdd80d84670/snapshots
2022-07-18 14:18:08 [error]: Error: ER_WARN_DATA_OUT_OF_RANGE: Out of range value for column 'timestamp' at row 1
    at Query.Sequence._packetToError (C:\Users\larth\Coding\streamfinder\api\node_modules\mysql\lib\protocol\sequences\Sequence.js:47:14)
    at Query.ErrorPacket (C:\Users\larth\Coding\streamfinder\api\node_modules\mysql\lib\protocol\sequences\Query.js:79:18)
    at Protocol._parsePacket (C:\Users\larth\Coding\streamfinder\api\node_modules\mysql\lib\protocol\Protocol.js:291:23)
    at Parser._parsePacket (C:\Users\larth\Coding\streamfinder\api\node_modules\mysql\lib\protocol\Parser.js:433:10)
    at Parser.write (C:\Users\larth\Coding\streamfinder\api\node_modules\mysql\lib\protocol\Parser.js:43:10)
    at Protocol.write (C:\Users\larth\Coding\streamfinder\api\node_modules\mysql\lib\protocol\Protocol.js:38:16)
    at Socket.<anonymous> (C:\Users\larth\Coding\streamfinder\api\node_modules\mysql\lib\Connection.js:88:28)
    at Socket.<anonymous> (C:\Users\larth\Coding\streamfinder\api\node_modules\mysql\lib\Connection.js:526:10)
    at Socket.emit (events.js:400:28)
    at addChunk (internal/streams/readable.js:290:12)
    --------------------
    at Pool.query (C:\Users\larth\Coding\streamfinder\api\node_modules\mysql\lib\Pool.js:199:23)
    at C:\Users\larth\Coding\streamfinder\api\util.js:41:18
    at new Promise (<anonymous>)
    at Object.dbPromise (C:\Users\larth\Coding\streamfinder\api\util.js:40:16)
    at Object.insertSnapshot (C:\Users\larth\Coding\streamfinder\api\controllers\dc.snapshot.js:15:21)
    at Task.insert (C:\Users\larth\Coding\streamfinder\api\models\snapshot.js:39:34)
    at C:\Users\larth\Coding\streamfinder\api\model_functions\snapshot.js:36:22
    at processTicksAndRejections (internal/process/task_queues.js:95:5)
2022-07-18 14:18:25 [info]: ::1 (POST) /links/00cba710df5447f01002fdbff0119ef45c4125d355c15df9ee931bdd80d84670/snapshots
2022-07-18 14:18:25 [error]: Error: ER_WARN_DATA_OUT_OF_RANGE: Out of range value for column 'timestamp' at row 1
    at Query.Sequence._packetToError (C:\Users\larth\Coding\streamfinder\api\node_modules\mysql\lib\protocol\sequences\Sequence.js:47:14)
    at Query.ErrorPacket (C:\Users\larth\Coding\streamfinder\api\node_modules\mysql\lib\protocol\sequences\Query.js:79:18)
    at Protocol._parsePacket (C:\Users\larth\Coding\streamfinder\api\node_modules\mysql\lib\protocol\Protocol.js:291:23)
    at Parser._parsePacket (C:\Users\larth\Coding\streamfinder\api\node_modules\mysql\lib\protocol\Parser.js:433:10)
    at Parser.write (C:\Users\larth\Coding\streamfinder\api\node_modules\mysql\lib\protocol\Parser.js:43:10)
    at Protocol.write (C:\Users\larth\Coding\streamfinder\api\node_modules\mysql\lib\protocol\Protocol.js:38:16)
    at Socket.<anonymous> (C:\Users\larth\Coding\streamfinder\api\node_modules\mysql\lib\Connection.js:88:28)
    at Socket.<anonymous> (C:\Users\larth\Coding\streamfinder\api\node_modules\mysql\lib\Connection.js:526:10)
    at Socket.emit (events.js:400:28)
    at addChunk (internal/streams/readable.js:290:12)
    --------------------
    at Pool.query (C:\Users\larth\Coding\streamfinder\api\node_modules\mysql\lib\Pool.js:199:23)
    at C:\Users\larth\Coding\streamfinder\api\util.js:41:18
    at new Promise (<anonymous>)
    at Object.dbPromise (C:\Users\larth\Coding\streamfinder\api\util.js:40:16)
    at Object.insertSnapshot (C:\Users\larth\Coding\streamfinder\api\controllers\dc.snapshot.js:15:21)
    at Task.insert (C:\Users\larth\Coding\streamfinder\api\models\snapshot.js:39:34)
    at C:\Users\larth\Coding\streamfinder\api\model_functions\snapshot.js:36:22
    at processTicksAndRejections (internal/process/task_queues.js:95:5)
2022-07-18 14:21:43 [info]: API listening at http://localhost:9000
2022-07-18 14:21:46 [info]: ::1 (POST) /links/00cba710df5447f01002fdbff0119ef45c4125d355c15df9ee931bdd80d84670/snapshots
2022-07-18 14:21:46 [error]: Error: ER_WARN_DATA_OUT_OF_RANGE: Out of range value for column 'timestamp' at row 1
    at Query.Sequence._packetToError (C:\Users\larth\Coding\streamfinder\api\node_modules\mysql\lib\protocol\sequences\Sequence.js:47:14)
    at Query.ErrorPacket (C:\Users\larth\Coding\streamfinder\api\node_modules\mysql\lib\protocol\sequences\Query.js:79:18)
    at Protocol._parsePacket (C:\Users\larth\Coding\streamfinder\api\node_modules\mysql\lib\protocol\Protocol.js:291:23)
    at Parser._parsePacket (C:\Users\larth\Coding\streamfinder\api\node_modules\mysql\lib\protocol\Parser.js:433:10)
    at Parser.write (C:\Users\larth\Coding\streamfinder\api\node_modules\mysql\lib\protocol\Parser.js:43:10)
    at Protocol.write (C:\Users\larth\Coding\streamfinder\api\node_modules\mysql\lib\protocol\Protocol.js:38:16)
    at Socket.<anonymous> (C:\Users\larth\Coding\streamfinder\api\node_modules\mysql\lib\Connection.js:88:28)
    at Socket.<anonymous> (C:\Users\larth\Coding\streamfinder\api\node_modules\mysql\lib\Connection.js:526:10)
    at Socket.emit (events.js:400:28)
    at addChunk (internal/streams/readable.js:290:12)
    --------------------
    at Pool.query (C:\Users\larth\Coding\streamfinder\api\node_modules\mysql\lib\Pool.js:199:23)
    at C:\Users\larth\Coding\streamfinder\api\util.js:41:18
    at new Promise (<anonymous>)
    at Object.dbPromise (C:\Users\larth\Coding\streamfinder\api\util.js:40:16)
    at Object.insertSnapshot (C:\Users\larth\Coding\streamfinder\api\controllers\dc.snapshot.js:15:21)
    at Task.insert (C:\Users\larth\Coding\streamfinder\api\models\snapshot.js:39:34)
    at C:\Users\larth\Coding\streamfinder\api\model_functions\snapshot.js:36:22
    at processTicksAndRejections (internal/process/task_queues.js:95:5)
2022-07-18 14:22:01 [info]: ::1 (POST) /links/00cba710df5447f01002fdbff0119ef45c4125d355c15df9ee931bdd80d84670/snapshots
2022-07-18 14:22:01 [error]: RangeError [ERR_HTTP_INVALID_STATUS_CODE]: Invalid status code: 1658168521350
    at ServerResponse.writeHead (_http_server.js:259:11)
    at ServerResponse._implicitHeader (_http_server.js:250:8)
    at ServerResponse.end (_http_outgoing.js:837:10)
    at ServerResponse.send (C:\Users\larth\Coding\streamfinder\api\node_modules\express\lib\response.js:221:10)
    at C:\Users\larth\Coding\streamfinder\api\routes\link.js:76:29
    at processTicksAndRejections (internal/process/task_queues.js:95:5)
2022-07-18 14:27:27 [info]: ::1 (POST) /links/00cba710df5447f01002fdbff0119ef45c4125d355c15df9ee931bdd80d84670/snapshots
2022-07-18 14:27:27 [error]: Error: ER_WARN_DATA_OUT_OF_RANGE: Out of range value for column 'timestamp' at row 1
    at Query.Sequence._packetToError (C:\Users\larth\Coding\streamfinder\api\node_modules\mysql\lib\protocol\sequences\Sequence.js:47:14)
    at Query.ErrorPacket (C:\Users\larth\Coding\streamfinder\api\node_modules\mysql\lib\protocol\sequences\Query.js:79:18)
    at Protocol._parsePacket (C:\Users\larth\Coding\streamfinder\api\node_modules\mysql\lib\protocol\Protocol.js:291:23)
    at Parser._parsePacket (C:\Users\larth\Coding\streamfinder\api\node_modules\mysql\lib\protocol\Parser.js:433:10)
    at Parser.write (C:\Users\larth\Coding\streamfinder\api\node_modules\mysql\lib\protocol\Parser.js:43:10)
    at Protocol.write (C:\Users\larth\Coding\streamfinder\api\node_modules\mysql\lib\protocol\Protocol.js:38:16)
    at Socket.<anonymous> (C:\Users\larth\Coding\streamfinder\api\node_modules\mysql\lib\Connection.js:88:28)
    at Socket.<anonymous> (C:\Users\larth\Coding\streamfinder\api\node_modules\mysql\lib\Connection.js:526:10)
    at Socket.emit (events.js:400:28)
    at addChunk (internal/streams/readable.js:290:12)
    --------------------
    at Pool.query (C:\Users\larth\Coding\streamfinder\api\node_modules\mysql\lib\Pool.js:199:23)
    at C:\Users\larth\Coding\streamfinder\api\util.js:41:18
    at new Promise (<anonymous>)
    at Object.dbPromise (C:\Users\larth\Coding\streamfinder\api\util.js:40:16)
    at Object.insertSnapshot (C:\Users\larth\Coding\streamfinder\api\controllers\dc.snapshot.js:15:21)
    at Task.insert (C:\Users\larth\Coding\streamfinder\api\models\snapshot.js:39:34)
    at C:\Users\larth\Coding\streamfinder\api\model_functions\snapshot.js:36:22
    at processTicksAndRejections (internal/process/task_queues.js:95:5)
2022-07-18 14:27:34 [info]: API listening at http://localhost:9000
2022-07-18 14:27:48 [info]: ::1 (POST) /links/00cba710df5447f01002fdbff0119ef45c4125d355c15df9ee931bdd80d84670/snapshots
2022-07-18 14:27:48 [error]: Error: ER_WARN_DATA_OUT_OF_RANGE: Out of range value for column 'timestamp' at row 1
    at Query.Sequence._packetToError (C:\Users\larth\Coding\streamfinder\api\node_modules\mysql\lib\protocol\sequences\Sequence.js:47:14)
    at Query.ErrorPacket (C:\Users\larth\Coding\streamfinder\api\node_modules\mysql\lib\protocol\sequences\Query.js:79:18)
    at Protocol._parsePacket (C:\Users\larth\Coding\streamfinder\api\node_modules\mysql\lib\protocol\Protocol.js:291:23)
    at Parser._parsePacket (C:\Users\larth\Coding\streamfinder\api\node_modules\mysql\lib\protocol\Parser.js:433:10)
    at Parser.write (C:\Users\larth\Coding\streamfinder\api\node_modules\mysql\lib\protocol\Parser.js:43:10)
    at Protocol.write (C:\Users\larth\Coding\streamfinder\api\node_modules\mysql\lib\protocol\Protocol.js:38:16)
    at Socket.<anonymous> (C:\Users\larth\Coding\streamfinder\api\node_modules\mysql\lib\Connection.js:88:28)
    at Socket.<anonymous> (C:\Users\larth\Coding\streamfinder\api\node_modules\mysql\lib\Connection.js:526:10)
    at Socket.emit (events.js:400:28)
    at addChunk (internal/streams/readable.js:290:12)
    --------------------
    at Pool.query (C:\Users\larth\Coding\streamfinder\api\node_modules\mysql\lib\Pool.js:199:23)
    at C:\Users\larth\Coding\streamfinder\api\util.js:41:18
    at new Promise (<anonymous>)
    at Object.dbPromise (C:\Users\larth\Coding\streamfinder\api\util.js:40:16)
    at Object.insertSnapshot (C:\Users\larth\Coding\streamfinder\api\controllers\dc.snapshot.js:15:21)
    at Task.insert (C:\Users\larth\Coding\streamfinder\api\models\snapshot.js:39:34)
    at C:\Users\larth\Coding\streamfinder\api\model_functions\snapshot.js:36:22
    at processTicksAndRejections (internal/process/task_queues.js:95:5)
2022-07-18 14:29:00 [info]: ::1 (POST) /links/00cba710df5447f01002fdbff0119ef45c4125d355c15df9ee931bdd80d84670/snapshots
2022-07-18 14:29:00 [error]: Error: ER_WARN_DATA_OUT_OF_RANGE: Out of range value for column 'timestamp' at row 1
    at Query.Sequence._packetToError (C:\Users\larth\Coding\streamfinder\api\node_modules\mysql\lib\protocol\sequences\Sequence.js:47:14)
    at Query.ErrorPacket (C:\Users\larth\Coding\streamfinder\api\node_modules\mysql\lib\protocol\sequences\Query.js:79:18)
    at Protocol._parsePacket (C:\Users\larth\Coding\streamfinder\api\node_modules\mysql\lib\protocol\Protocol.js:291:23)
    at Parser._parsePacket (C:\Users\larth\Coding\streamfinder\api\node_modules\mysql\lib\protocol\Parser.js:433:10)
    at Parser.write (C:\Users\larth\Coding\streamfinder\api\node_modules\mysql\lib\protocol\Parser.js:43:10)
    at Protocol.write (C:\Users\larth\Coding\streamfinder\api\node_modules\mysql\lib\protocol\Protocol.js:38:16)
    at Socket.<anonymous> (C:\Users\larth\Coding\streamfinder\api\node_modules\mysql\lib\Connection.js:88:28)
    at Socket.<anonymous> (C:\Users\larth\Coding\streamfinder\api\node_modules\mysql\lib\Connection.js:526:10)
    at Socket.emit (events.js:400:28)
    at addChunk (internal/streams/readable.js:290:12)
    --------------------
    at Pool.query (C:\Users\larth\Coding\streamfinder\api\node_modules\mysql\lib\Pool.js:199:23)
    at C:\Users\larth\Coding\streamfinder\api\util.js:41:18
    at new Promise (<anonymous>)
    at Object.dbPromise (C:\Users\larth\Coding\streamfinder\api\util.js:40:16)
    at Object.insertSnapshot (C:\Users\larth\Coding\streamfinder\api\controllers\dc.snapshot.js:15:21)
    at Task.insert (C:\Users\larth\Coding\streamfinder\api\models\snapshot.js:39:34)
    at C:\Users\larth\Coding\streamfinder\api\model_functions\snapshot.js:36:22
    at processTicksAndRejections (internal/process/task_queues.js:95:5)
2022-07-18 14:33:36 [info]: ::1 (POST) /links/00cba710df5447f01002fdbff0119ef45c4125d355c15df9ee931bdd80d84670/snapshots
2022-07-18 14:33:36 [error]: RangeError [ERR_HTTP_INVALID_STATUS_CODE]: Invalid status code: 1658169216484
    at ServerResponse.writeHead (_http_server.js:259:11)
    at ServerResponse._implicitHeader (_http_server.js:250:8)
    at ServerResponse.end (_http_outgoing.js:837:10)
    at ServerResponse.send (C:\Users\larth\Coding\streamfinder\api\node_modules\express\lib\response.js:221:10)
    at C:\Users\larth\Coding\streamfinder\api\routes\link.js:76:29
    at processTicksAndRejections (internal/process/task_queues.js:95:5)
2022-07-18 14:35:03 [info]: API listening at http://localhost:9000
2022-07-18 14:35:05 [info]: ::1 (POST) /links/00cba710df5447f01002fdbff0119ef45c4125d355c15df9ee931bdd80d84670/snapshots
2022-07-18 14:35:05 [error]: Error: ER_DUP_ENTRY: Duplicate entry '00cba710df5447f01002fdbff0119ef45c4125d355c15df9ee931bdd80d84670' for key 'snapshots.link_id_UNIQUE'
    at Query.Sequence._packetToError (C:\Users\larth\Coding\streamfinder\api\node_modules\mysql\lib\protocol\sequences\Sequence.js:47:14)
    at Query.ErrorPacket (C:\Users\larth\Coding\streamfinder\api\node_modules\mysql\lib\protocol\sequences\Query.js:79:18)
    at Protocol._parsePacket (C:\Users\larth\Coding\streamfinder\api\node_modules\mysql\lib\protocol\Protocol.js:291:23)
    at Parser._parsePacket (C:\Users\larth\Coding\streamfinder\api\node_modules\mysql\lib\protocol\Parser.js:433:10)
    at Parser.write (C:\Users\larth\Coding\streamfinder\api\node_modules\mysql\lib\protocol\Parser.js:43:10)
    at Protocol.write (C:\Users\larth\Coding\streamfinder\api\node_modules\mysql\lib\protocol\Protocol.js:38:16)
    at Socket.<anonymous> (C:\Users\larth\Coding\streamfinder\api\node_modules\mysql\lib\Connection.js:88:28)
    at Socket.<anonymous> (C:\Users\larth\Coding\streamfinder\api\node_modules\mysql\lib\Connection.js:526:10)
    at Socket.emit (events.js:400:28)
    at addChunk (internal/streams/readable.js:290:12)
    --------------------
    at Pool.query (C:\Users\larth\Coding\streamfinder\api\node_modules\mysql\lib\Pool.js:199:23)
    at C:\Users\larth\Coding\streamfinder\api\util.js:41:18
    at new Promise (<anonymous>)
    at Object.dbPromise (C:\Users\larth\Coding\streamfinder\api\util.js:40:16)
    at Object.insertSnapshot (C:\Users\larth\Coding\streamfinder\api\controllers\dc.snapshot.js:15:21)
    at Task.insert (C:\Users\larth\Coding\streamfinder\api\models\snapshot.js:39:34)
    at C:\Users\larth\Coding\streamfinder\api\model_functions\snapshot.js:36:22
    at processTicksAndRejections (internal/process/task_queues.js:95:5)
2022-07-18 14:35:40 [info]: ::1 (POST) /links/00cba710df5447f01002fdbff0119ef45c4125d355c15df9ee931bdd80d84670/snapshots
2022-07-18 14:36:13 [info]: ::1 (GET) /links/00cba710df5447f01002fdbff0119ef45c4125d355c15df9ee931bdd80d84670/snapshots
2022-07-18 14:44:16 [info]: API listening at http://localhost:9000
2022-07-18 14:44:19 [info]: ::1 (GET) /links/00cba710df5447f01002fdbff0119ef45c4125d355c15df9ee931bdd80d84670/snapshots
2022-07-18 14:45:11 [info]: API listening at http://localhost:9000
2022-07-18 14:45:13 [info]: ::1 (GET) /links/00cba710df5447f01002fdbff0119ef45c4125d355c15df9ee931bdd80d84670/snapshots
2022-07-18 14:46:22 [info]: ::1 (GET) /links/00cba710df5447f01002fdbff0119ef45c4125d355c15df9ee931bdd80d84670/latest-snapshot
2022-07-18 14:46:35 [info]: API listening at http://localhost:9000
2022-07-18 14:46:36 [info]: ::1 (GET) /links/00cba710df5447f01002fdbff0119ef45c4125d355c15df9ee931bdd80d84670/latest-snapshot
2022-07-18 14:47:04 [info]: API listening at http://localhost:9000
2022-07-18 14:47:07 [info]: ::1 (GET) /links/00cba710df5447f01002fdbff0119ef45c4125d355c15df9ee931bdd80d84670/latest-snapshot
2022-07-18 14:47:07 [error]: Error: ER_PARSE_ERROR: You have an error in your SQL syntax; check the manual that corresponds to your MySQL server version for the right syntax to use near 'ORDERY BY timestamp DESC LIMIT 1' at line 1
    at Query.Sequence._packetToError (C:\Users\larth\Coding\streamfinder\api\node_modules\mysql\lib\protocol\sequences\Sequence.js:47:14)
    at Query.ErrorPacket (C:\Users\larth\Coding\streamfinder\api\node_modules\mysql\lib\protocol\sequences\Query.js:79:18)
    at Protocol._parsePacket (C:\Users\larth\Coding\streamfinder\api\node_modules\mysql\lib\protocol\Protocol.js:291:23)
    at Parser._parsePacket (C:\Users\larth\Coding\streamfinder\api\node_modules\mysql\lib\protocol\Parser.js:433:10)
    at Parser.write (C:\Users\larth\Coding\streamfinder\api\node_modules\mysql\lib\protocol\Parser.js:43:10)
    at Protocol.write (C:\Users\larth\Coding\streamfinder\api\node_modules\mysql\lib\protocol\Protocol.js:38:16)
    at Socket.<anonymous> (C:\Users\larth\Coding\streamfinder\api\node_modules\mysql\lib\Connection.js:88:28)
    at Socket.<anonymous> (C:\Users\larth\Coding\streamfinder\api\node_modules\mysql\lib\Connection.js:526:10)
    at Socket.emit (events.js:400:28)
    at addChunk (internal/streams/readable.js:290:12)
    --------------------
    at Pool.query (C:\Users\larth\Coding\streamfinder\api\node_modules\mysql\lib\Pool.js:199:23)
    at C:\Users\larth\Coding\streamfinder\api\util.js:41:18
    at new Promise (<anonymous>)
    at Object.dbPromise (C:\Users\larth\Coding\streamfinder\api\util.js:40:16)
    at Object.getCurrentShapshot (C:\Users\larth\Coding\streamfinder\api\controllers\dc.snapshot.js:11:21)
    at Object.getLatestSnapshot (C:\Users\larth\Coding\streamfinder\api\model_functions\snapshot.js:44:31)
    at C:\Users\larth\Coding\streamfinder\api\routes\link.js:92:17
    at Layer.handle [as handle_request] (C:\Users\larth\Coding\streamfinder\api\node_modules\express\lib\router\layer.js:95:5)
    at next (C:\Users\larth\Coding\streamfinder\api\node_modules\express\lib\router\route.js:137:13)
    at isAdmin (C:\Users\larth\Coding\streamfinder\api\auth.js:23:16)
2022-07-18 14:48:00 [info]: API listening at http://localhost:9000
2022-07-18 14:48:02 [info]: ::1 (GET) /links/00cba710df5447f01002fdbff0119ef45c4125d355c15df9ee931bdd80d84670/latest-snapshot
2022-07-18 14:48:25 [info]: ::1 (GET) /bots
2022-07-18 14:48:30 [info]: ::1 (GET) /bots/e57a
2022-07-18 14:48:33 [info]: ::1 (GET) /bots/e57a/tasks
2022-07-18 14:48:51 [info]: ::1 (GET) /bots/e57a/tasks
2022-07-18 14:49:57 [info]: API listening at http://localhost:9000
2022-07-18 14:50:29 [info]: ::1 (POST) /bots/e57a/tasks
2022-07-18 14:50:38 [info]: ::1 (GET) /bots/e57a/tasks
2022-07-18 14:53:26 [info]: ::1 (POST) /bots/e57a/tasks
2022-07-18 14:53:29 [info]: ::1 (GET) /bots/e57a/tasks
2022-07-18 14:53:34 [info]: API listening at http://localhost:9000
2022-07-18 14:53:48 [info]: ::1 (POST) /bots/e57a/tasks
2022-07-18 14:53:48 [error]: Error: ER_WRONG_VALUE_COUNT_ON_ROW: Column count doesn't match value count at row 1
    at Query.Sequence._packetToError (C:\Users\larth\Coding\streamfinder\api\node_modules\mysql\lib\protocol\sequences\Sequence.js:47:14)
    at Query.ErrorPacket (C:\Users\larth\Coding\streamfinder\api\node_modules\mysql\lib\protocol\sequences\Query.js:79:18)
    at Protocol._parsePacket (C:\Users\larth\Coding\streamfinder\api\node_modules\mysql\lib\protocol\Protocol.js:291:23)
    at Parser._parsePacket (C:\Users\larth\Coding\streamfinder\api\node_modules\mysql\lib\protocol\Parser.js:433:10)
    at Parser.write (C:\Users\larth\Coding\streamfinder\api\node_modules\mysql\lib\protocol\Parser.js:43:10)
    at Protocol.write (C:\Users\larth\Coding\streamfinder\api\node_modules\mysql\lib\protocol\Protocol.js:38:16)
    at Socket.<anonymous> (C:\Users\larth\Coding\streamfinder\api\node_modules\mysql\lib\Connection.js:88:28)
    at Socket.<anonymous> (C:\Users\larth\Coding\streamfinder\api\node_modules\mysql\lib\Connection.js:526:10)
    at Socket.emit (events.js:400:28)
    at addChunk (internal/streams/readable.js:290:12)
    --------------------
    at Pool.query (C:\Users\larth\Coding\streamfinder\api\node_modules\mysql\lib\Pool.js:199:23)
    at C:\Users\larth\Coding\streamfinder\api\util.js:41:18
    at new Promise (<anonymous>)
    at Object.dbPromise (C:\Users\larth\Coding\streamfinder\api\util.js:40:16)
    at Object.insertTask (C:\Users\larth\Coding\streamfinder\api\controllers\dc.task.js:15:21)
    at Task.insert (C:\Users\larth\Coding\streamfinder\api\models\task.js:68:30)
    at processTicksAndRejections (internal/process/task_queues.js:95:5)
2022-07-18 14:55:38 [info]: API listening at http://localhost:9000
2022-07-18 14:55:44 [info]: ::1 (POST) /bots/e57a/tasks
2022-07-18 14:55:48 [info]: ::1 (GET) /bots/e57a/tasks
2022-07-18 14:57:53 [info]: ::1 (GET) /tasks/5d8c4ef5f3158febc3c5cf3c674bf0ce
2022-07-18 14:59:15 [info]: API listening at http://localhost:9000
2022-07-18 14:59:17 [info]: ::1 (GET) /tasks/5d8c4ef5f3158febc3c5cf3c674bf0ce
2022-07-18 15:00:06 [info]: ::1 (PUT) /tasks/5d8c4ef5f3158febc3c5cf3c674bf0ce
2022-07-18 15:00:11 [info]: ::1 (GET) /tasks/5d8c4ef5f3158febc3c5cf3c674bf0ce
2022-07-18 15:01:20 [info]: ::1 (DELETE) /tasks/5d8c4ef5f3158febc3c5cf3c674bf0ce
2022-07-18 15:01:28 [info]: ::1 (DELETE) /tasks/5d8c4ef5f3158febc3c5cf3c674bf0ce
2022-07-18 15:01:31 [info]: ::1 (GET) /tasks/5d8c4ef5f3158febc3c5cf3c674bf0ce
2022-07-18 15:01:36 [info]: ::1 (GET) /bots/e57a/tasks
2022-07-18 15:01:46 [info]: API listening at http://localhost:9000
2022-07-18 15:01:48 [info]: ::1 (DELETE) /tasks/5d8c4ef5f3158febc3c5cf3c674bf0ce
2022-07-18 15:01:51 [info]: ::1 (GET) /tasks/5d8c4ef5f3158febc3c5cf3c674bf0ce
2022-07-18 15:01:55 [info]: ::1 (GET) /bots/e57a/tasks
2022-07-18 15:02:00 [info]: ::1 (DELETE) /bots/e57a
2022-07-18 15:02:03 [info]: ::1 (GET) /bots
