2022-08-31 12:01:52 [info]: ::1 (GET) /images/
2022-08-31 12:01:52 [info]: ::1 (GET) /titles
2022-08-31 12:01:52 [info]: ::1 (GET) /users/self
2022-08-31 12:01:52 [info]: ::1 (GET) /images/
2022-08-31 12:01:55 [info]: ::1 (GET) /titles?q=django
2022-08-31 12:01:58 [info]: ::1 (GET) /titles
2022-08-31 12:04:53 [info]: ::1 (POST) /titles/
2022-08-31 12:04:53 [info]: ::1 (GET) /titles
2022-08-31 12:04:56 [info]: ::1 (GET) /images/
2022-08-31 12:04:56 [info]: ::1 (GET) /titles
2022-08-31 12:04:56 [info]: ::1 (GET) /users/self
2022-08-31 12:04:56 [info]: ::1 (GET) /images/
2022-08-31 12:04:56 [info]: ::1 (GET) /users/self
2022-08-31 12:04:56 [info]: ::1 (GET) /images
2022-08-31 12:04:56 [info]: ::1 (GET) /images/08479238349c0ad801415616c0c2ad97
2022-08-31 12:04:56 [info]: ::1 (GET) /images/35f334f9a26e74c2f5edfbd06426a264
2022-08-31 12:04:56 [info]: ::1 (GET) /images/3948a009c10c272fcc770643e1f28c06
2022-08-31 12:04:56 [info]: ::1 (GET) /images/3cd925d70f75c9316babdca26617d610
2022-08-31 12:04:56 [info]: ::1 (GET) /images/40ee03823bc8c3dab09b38cc91b6e84c
2022-08-31 12:04:56 [info]: ::1 (GET) /images/46cbb94d3b08d1a7b33a864b3069dc6d
2022-08-31 12:04:56 [info]: ::1 (GET) /images/45304a77a1b10d3121a8098c7b7e218f
2022-08-31 12:04:56 [info]: ::1 (GET) /images/6794309645f1a2fa2efee1992d393922
2022-08-31 12:04:56 [info]: ::1 (GET) /images/68316122f5484591f68de6c98ea99b40
2022-08-31 12:04:56 [info]: ::1 (GET) /images/691b9132c92162b4fd37f628e1500c75
2022-08-31 12:04:56 [info]: ::1 (GET) /images/75d7a3573375a1a69b1b36908b64bdc7
2022-08-31 12:04:56 [info]: ::1 (GET) /images/7cc35c99c83e4bc30748b06e4c30d121
2022-08-31 12:04:56 [info]: ::1 (GET) /images/789cf3ccc116cb985c52e8156d662a43
2022-08-31 12:04:56 [info]: ::1 (GET) /images/80f6ba8ec2337c63d469719a84137be2
2022-08-31 12:04:56 [info]: ::1 (GET) /images/846626b96e29fa7c099ed04435f028e6
2022-08-31 12:04:56 [info]: ::1 (GET) /images/9235ed8fd378deb1157ea5b1f8ac0263
2022-08-31 12:04:56 [info]: ::1 (GET) /images/9c150de3298955c528a28aaf24da3dd8
2022-08-31 12:04:56 [info]: ::1 (GET) /images/a7f6968dee06043125d3144082bf5792
2022-08-31 12:04:56 [info]: ::1 (GET) /images/bcdcb7c55a7b42fee2b510ec70768ff3
2022-08-31 12:04:56 [info]: ::1 (GET) /images/bd05c437c7220323136e6f6d9c27b3c6
2022-08-31 12:04:56 [info]: ::1 (GET) /images/ccb25265e42a4da0a78dcbe32e694672
2022-08-31 12:04:56 [info]: ::1 (GET) /images/cf8455ea97ae68d4416496573efdc35d
2022-08-31 12:04:56 [info]: ::1 (GET) /images/d8fa278001375d730d1597a3a77df0bf
2022-08-31 12:04:56 [info]: ::1 (GET) /images/e4c476fe40a6121d62ea299433305990
2022-08-31 12:04:56 [info]: ::1 (GET) /images/ed62bf962cc57d836915bb1b1282a64c
2022-08-31 12:05:07 [info]: ::1 (POST) /images/
2022-08-31 12:05:07 [info]: ::1 (GET) /images/fae64d545230cebdd7f66180ab327e9d/info
2022-08-31 12:05:07 [info]: ::1 (GET) /images
2022-08-31 12:05:07 [info]: ::1 (GET) /images/fae64d545230cebdd7f66180ab327e9d
2022-08-31 12:05:07 [info]: ::1 (GET) /images/08479238349c0ad801415616c0c2ad97
2022-08-31 12:05:07 [info]: ::1 (GET) /images/35f334f9a26e74c2f5edfbd06426a264
2022-08-31 12:05:07 [info]: ::1 (GET) /images/3cd925d70f75c9316babdca26617d610
2022-08-31 12:05:07 [info]: ::1 (GET) /images/3948a009c10c272fcc770643e1f28c06
2022-08-31 12:05:07 [info]: ::1 (GET) /images/40ee03823bc8c3dab09b38cc91b6e84c
2022-08-31 12:05:07 [info]: ::1 (GET) /images/45304a77a1b10d3121a8098c7b7e218f
2022-08-31 12:05:07 [info]: ::1 (GET) /images/46cbb94d3b08d1a7b33a864b3069dc6d
2022-08-31 12:05:07 [info]: ::1 (GET) /images/6794309645f1a2fa2efee1992d393922
2022-08-31 12:05:07 [info]: ::1 (GET) /images/68316122f5484591f68de6c98ea99b40
2022-08-31 12:05:07 [info]: ::1 (GET) /images/691b9132c92162b4fd37f628e1500c75
2022-08-31 12:05:07 [info]: ::1 (GET) /images/75d7a3573375a1a69b1b36908b64bdc7
2022-08-31 12:05:07 [info]: ::1 (GET) /images/789cf3ccc116cb985c52e8156d662a43
2022-08-31 12:05:07 [info]: ::1 (GET) /images/7cc35c99c83e4bc30748b06e4c30d121
2022-08-31 12:05:07 [info]: ::1 (GET) /images/80f6ba8ec2337c63d469719a84137be2
2022-08-31 12:05:07 [info]: ::1 (GET) /images/846626b96e29fa7c099ed04435f028e6
2022-08-31 12:05:07 [info]: ::1 (GET) /images/9235ed8fd378deb1157ea5b1f8ac0263
2022-08-31 12:05:07 [info]: ::1 (GET) /images/9c150de3298955c528a28aaf24da3dd8
2022-08-31 12:05:07 [info]: ::1 (GET) /images/a7f6968dee06043125d3144082bf5792
2022-08-31 12:05:07 [info]: ::1 (GET) /images/bcdcb7c55a7b42fee2b510ec70768ff3
2022-08-31 12:05:07 [info]: ::1 (GET) /images/fae64d545230cebdd7f66180ab327e9d
2022-08-31 12:05:07 [info]: ::1 (GET) /images/bd05c437c7220323136e6f6d9c27b3c6
2022-08-31 12:05:07 [info]: ::1 (GET) /images/ccb25265e42a4da0a78dcbe32e694672
2022-08-31 12:05:07 [info]: ::1 (GET) /images/cf8455ea97ae68d4416496573efdc35d
2022-08-31 12:05:07 [info]: ::1 (GET) /images/d8fa278001375d730d1597a3a77df0bf
2022-08-31 12:05:07 [info]: ::1 (GET) /images/e4c476fe40a6121d62ea299433305990
2022-08-31 12:05:07 [info]: ::1 (GET) /images/ed62bf962cc57d836915bb1b1282a64c
2022-08-31 12:05:14 [info]: ::1 (PUT) /images/fae64d545230cebdd7f66180ab327e9d
2022-08-31 12:05:15 [info]: ::1 (GET) /images/
2022-08-31 12:05:15 [info]: ::1 (GET) /titles
2022-08-31 12:05:15 [info]: ::1 (GET) /users/self
2022-08-31 12:05:15 [info]: ::1 (GET) /images/
2022-08-31 12:05:21 [info]: ::1 (GET) /titles/f164ad677913e9535910b650da4a6ef3
2022-08-31 12:05:21 [info]: ::1 (GET) /images/
2022-08-31 12:05:22 [info]: ::1 (GET) /images/fae64d545230cebdd7f66180ab327e9d
2022-08-31 12:05:23 [info]: ::1 (PUT) /titles/f164ad677913e9535910b650da4a6ef3
2022-08-31 12:05:23 [info]: ::1 (GET) /images/
2022-08-31 12:05:23 [info]: ::1 (GET) /titles/f164ad677913e9535910b650da4a6ef3
2022-08-31 12:05:24 [info]: ::1 (GET) /images/
2022-08-31 12:05:24 [info]: ::1 (GET) /images/fae64d545230cebdd7f66180ab327e9d
2022-08-31 12:12:41 [info]: ::1 (POST) /titles/
2022-08-31 12:12:41 [info]: ::1 (POST) /titles/2e1a8f340217d8548846726172ce2e7f/links/amazon_prime
2022-08-31 12:12:41 [info]: ::1 (POST) /titles/2e1a8f340217d8548846726172ce2e7f/availability/amazon_prime
2022-08-31 12:12:41 [info]: ::1 (GET) /titles
2022-08-31 12:12:49 [info]: ::1 (GET) /images
2022-08-31 12:12:49 [info]: ::1 (GET) /users/self
2022-08-31 12:12:49 [info]: ::1 (GET) /images/08479238349c0ad801415616c0c2ad97
2022-08-31 12:12:49 [info]: ::1 (GET) /images/35f334f9a26e74c2f5edfbd06426a264
2022-08-31 12:12:49 [info]: ::1 (GET) /images/3948a009c10c272fcc770643e1f28c06
2022-08-31 12:12:49 [info]: ::1 (GET) /images/3cd925d70f75c9316babdca26617d610
2022-08-31 12:12:49 [info]: ::1 (GET) /images/40ee03823bc8c3dab09b38cc91b6e84c
2022-08-31 12:12:49 [info]: ::1 (GET) /images/45304a77a1b10d3121a8098c7b7e218f
2022-08-31 12:12:49 [info]: ::1 (GET) /images/46cbb94d3b08d1a7b33a864b3069dc6d
2022-08-31 12:12:49 [info]: ::1 (GET) /images/6794309645f1a2fa2efee1992d393922
2022-08-31 12:12:49 [info]: ::1 (GET) /images/68316122f5484591f68de6c98ea99b40
2022-08-31 12:12:49 [info]: ::1 (GET) /images/691b9132c92162b4fd37f628e1500c75
2022-08-31 12:12:49 [info]: ::1 (GET) /images/75d7a3573375a1a69b1b36908b64bdc7
2022-08-31 12:12:49 [info]: ::1 (GET) /images/789cf3ccc116cb985c52e8156d662a43
2022-08-31 12:12:49 [info]: ::1 (GET) /images/7cc35c99c83e4bc30748b06e4c30d121
2022-08-31 12:12:49 [info]: ::1 (GET) /images/80f6ba8ec2337c63d469719a84137be2
2022-08-31 12:12:49 [info]: ::1 (GET) /images/846626b96e29fa7c099ed04435f028e6
2022-08-31 12:12:49 [info]: ::1 (GET) /images/9235ed8fd378deb1157ea5b1f8ac0263
2022-08-31 12:12:49 [info]: ::1 (GET) /images/9c150de3298955c528a28aaf24da3dd8
2022-08-31 12:12:49 [info]: ::1 (GET) /images/a7f6968dee06043125d3144082bf5792
2022-08-31 12:12:49 [info]: ::1 (GET) /images/bcdcb7c55a7b42fee2b510ec70768ff3
2022-08-31 12:12:49 [info]: ::1 (GET) /images/bd05c437c7220323136e6f6d9c27b3c6
2022-08-31 12:12:49 [info]: ::1 (GET) /images/ccb25265e42a4da0a78dcbe32e694672
2022-08-31 12:12:49 [info]: ::1 (GET) /images/cf8455ea97ae68d4416496573efdc35d
2022-08-31 12:12:49 [info]: ::1 (GET) /images/d8fa278001375d730d1597a3a77df0bf
2022-08-31 12:12:49 [info]: ::1 (GET) /images/e4c476fe40a6121d62ea299433305990
2022-08-31 12:12:49 [info]: ::1 (GET) /images/ed62bf962cc57d836915bb1b1282a64c
2022-08-31 12:12:49 [info]: ::1 (GET) /images/fae64d545230cebdd7f66180ab327e9d
2022-08-31 12:12:58 [info]: ::1 (POST) /images/
2022-08-31 12:12:58 [info]: ::1 (GET) /images
2022-08-31 12:12:58 [info]: ::1 (GET) /images/9889324c50ac6e71de3ad2416a05cb21/info
2022-08-31 12:12:58 [info]: ::1 (GET) /images/08479238349c0ad801415616c0c2ad97
2022-08-31 12:12:58 [info]: ::1 (GET) /images/35f334f9a26e74c2f5edfbd06426a264
2022-08-31 12:12:58 [info]: ::1 (GET) /images/40ee03823bc8c3dab09b38cc91b6e84c
2022-08-31 12:12:58 [info]: ::1 (GET) /images/45304a77a1b10d3121a8098c7b7e218f
2022-08-31 12:12:58 [info]: ::1 (GET) /images/3948a009c10c272fcc770643e1f28c06
2022-08-31 12:12:58 [info]: ::1 (GET) /images/3cd925d70f75c9316babdca26617d610
2022-08-31 12:12:58 [info]: ::1 (GET) /images/46cbb94d3b08d1a7b33a864b3069dc6d
2022-08-31 12:12:58 [info]: ::1 (GET) /images/6794309645f1a2fa2efee1992d393922
2022-08-31 12:12:58 [info]: ::1 (GET) /images/68316122f5484591f68de6c98ea99b40
2022-08-31 12:12:58 [info]: ::1 (GET) /images/691b9132c92162b4fd37f628e1500c75
2022-08-31 12:12:58 [info]: ::1 (GET) /images/9889324c50ac6e71de3ad2416a05cb21
2022-08-31 12:12:58 [info]: ::1 (GET) /images/75d7a3573375a1a69b1b36908b64bdc7
2022-08-31 12:12:58 [info]: ::1 (GET) /images/789cf3ccc116cb985c52e8156d662a43
2022-08-31 12:12:58 [info]: ::1 (GET) /images/7cc35c99c83e4bc30748b06e4c30d121
2022-08-31 12:12:58 [info]: ::1 (GET) /images/9235ed8fd378deb1157ea5b1f8ac0263
2022-08-31 12:12:58 [info]: ::1 (GET) /images/80f6ba8ec2337c63d469719a84137be2
2022-08-31 12:12:58 [info]: ::1 (GET) /images/846626b96e29fa7c099ed04435f028e6
2022-08-31 12:12:58 [info]: ::1 (GET) /images/9c150de3298955c528a28aaf24da3dd8
2022-08-31 12:12:58 [info]: ::1 (GET) /images/a7f6968dee06043125d3144082bf5792
2022-08-31 12:12:58 [info]: ::1 (GET) /images/bcdcb7c55a7b42fee2b510ec70768ff3
2022-08-31 12:12:58 [info]: ::1 (GET) /images/bd05c437c7220323136e6f6d9c27b3c6
2022-08-31 12:12:58 [info]: ::1 (GET) /images/ccb25265e42a4da0a78dcbe32e694672
2022-08-31 12:12:58 [info]: ::1 (GET) /images/cf8455ea97ae68d4416496573efdc35d
2022-08-31 12:12:58 [info]: ::1 (GET) /images/d8fa278001375d730d1597a3a77df0bf
2022-08-31 12:12:58 [info]: ::1 (GET) /images/e4c476fe40a6121d62ea299433305990
2022-08-31 12:12:58 [info]: ::1 (GET) /images/ed62bf962cc57d836915bb1b1282a64c
2022-08-31 12:12:58 [info]: ::1 (GET) /images/fae64d545230cebdd7f66180ab327e9d
2022-08-31 12:12:58 [info]: ::1 (GET) /images/9889324c50ac6e71de3ad2416a05cb21
2022-08-31 12:13:05 [info]: ::1 (PUT) /images/9889324c50ac6e71de3ad2416a05cb21
2022-08-31 12:13:07 [info]: ::1 (GET) /images/
2022-08-31 12:13:07 [info]: ::1 (GET) /images/
2022-08-31 12:13:07 [info]: ::1 (GET) /titles
2022-08-31 12:13:07 [info]: ::1 (GET) /users/self
2022-08-31 12:13:10 [info]: ::1 (GET) /titles/2e1a8f340217d8548846726172ce2e7f
2022-08-31 12:13:10 [info]: ::1 (GET) /images/
2022-08-31 12:13:12 [info]: ::1 (GET) /images/9889324c50ac6e71de3ad2416a05cb21
2022-08-31 12:13:13 [info]: ::1 (PUT) /titles/2e1a8f340217d8548846726172ce2e7f
2022-08-31 12:13:13 [info]: ::1 (GET) /images/
2022-08-31 12:13:13 [info]: ::1 (GET) /titles/2e1a8f340217d8548846726172ce2e7f
2022-08-31 12:13:13 [info]: ::1 (GET) /images/
2022-08-31 12:13:13 [info]: ::1 (GET) /images/9889324c50ac6e71de3ad2416a05cb21
2022-08-31 12:18:35 [info]: ::1 (POST) /titles/
2022-08-31 12:18:35 [info]: ::1 (POST) /titles/ddb3e765c6260ac5ff9fd9cbcf47bfea/links/hulu
2022-08-31 12:18:35 [info]: ::1 (POST) /titles/ddb3e765c6260ac5ff9fd9cbcf47bfea/availability/hulu
2022-08-31 12:18:35 [info]: ::1 (GET) /titles
2022-08-31 12:18:51 [info]: ::1 (GET) /titles/ddb3e765c6260ac5ff9fd9cbcf47bfea
2022-08-31 12:18:51 [info]: ::1 (GET) /images/
2022-08-31 12:18:59 [info]: ::1 (GET) /images
2022-08-31 12:18:59 [info]: ::1 (GET) /users/self
2022-08-31 12:18:59 [info]: ::1 (GET) /images/08479238349c0ad801415616c0c2ad97
2022-08-31 12:19:00 [info]: ::1 (GET) /images/35f334f9a26e74c2f5edfbd06426a264
2022-08-31 12:19:00 [info]: ::1 (GET) /images/3948a009c10c272fcc770643e1f28c06
2022-08-31 12:19:00 [info]: ::1 (GET) /images/3cd925d70f75c9316babdca26617d610
2022-08-31 12:19:00 [info]: ::1 (GET) /images/40ee03823bc8c3dab09b38cc91b6e84c
2022-08-31 12:19:00 [info]: ::1 (GET) /images/45304a77a1b10d3121a8098c7b7e218f
2022-08-31 12:19:00 [info]: ::1 (GET) /images/6794309645f1a2fa2efee1992d393922
2022-08-31 12:19:00 [info]: ::1 (GET) /images/46cbb94d3b08d1a7b33a864b3069dc6d
2022-08-31 12:19:00 [info]: ::1 (GET) /images/691b9132c92162b4fd37f628e1500c75
2022-08-31 12:19:00 [info]: ::1 (GET) /images/68316122f5484591f68de6c98ea99b40
2022-08-31 12:19:00 [info]: ::1 (GET) /images/75d7a3573375a1a69b1b36908b64bdc7
2022-08-31 12:19:00 [info]: ::1 (GET) /images/789cf3ccc116cb985c52e8156d662a43
2022-08-31 12:19:00 [info]: ::1 (GET) /images/7cc35c99c83e4bc30748b06e4c30d121
2022-08-31 12:19:00 [info]: ::1 (GET) /images/80f6ba8ec2337c63d469719a84137be2
2022-08-31 12:19:00 [info]: ::1 (GET) /images/846626b96e29fa7c099ed04435f028e6
2022-08-31 12:19:00 [info]: ::1 (GET) /images/9235ed8fd378deb1157ea5b1f8ac0263
2022-08-31 12:19:00 [info]: ::1 (GET) /images/9889324c50ac6e71de3ad2416a05cb21
2022-08-31 12:19:00 [info]: ::1 (GET) /images/9c150de3298955c528a28aaf24da3dd8
2022-08-31 12:19:00 [info]: ::1 (GET) /images/a7f6968dee06043125d3144082bf5792
2022-08-31 12:19:00 [info]: ::1 (GET) /images/bcdcb7c55a7b42fee2b510ec70768ff3
2022-08-31 12:19:00 [info]: ::1 (GET) /images/bd05c437c7220323136e6f6d9c27b3c6
2022-08-31 12:19:00 [info]: ::1 (GET) /images/ccb25265e42a4da0a78dcbe32e694672
2022-08-31 12:19:00 [info]: ::1 (GET) /images/cf8455ea97ae68d4416496573efdc35d
2022-08-31 12:19:00 [info]: ::1 (GET) /images/d8fa278001375d730d1597a3a77df0bf
2022-08-31 12:19:00 [info]: ::1 (GET) /images/e4c476fe40a6121d62ea299433305990
2022-08-31 12:19:00 [info]: ::1 (GET) /images/ed62bf962cc57d836915bb1b1282a64c
2022-08-31 12:19:00 [info]: ::1 (GET) /images/fae64d545230cebdd7f66180ab327e9d
2022-08-31 12:19:03 [info]: ::1 (POST) /images/
2022-08-31 12:19:03 [info]: ::1 (GET) /images
2022-08-31 12:19:03 [info]: ::1 (GET) /images/2cf39c004d640423f953a22e2b990e16/info
2022-08-31 12:19:03 [info]: ::1 (GET) /images/08479238349c0ad801415616c0c2ad97
2022-08-31 12:19:03 [info]: ::1 (GET) /images/2cf39c004d640423f953a22e2b990e16
2022-08-31 12:19:03 [info]: ::1 (GET) /images/35f334f9a26e74c2f5edfbd06426a264
2022-08-31 12:19:03 [info]: ::1 (GET) /images/3948a009c10c272fcc770643e1f28c06
2022-08-31 12:19:03 [info]: ::1 (GET) /images/3cd925d70f75c9316babdca26617d610
2022-08-31 12:19:03 [info]: ::1 (GET) /images/40ee03823bc8c3dab09b38cc91b6e84c
2022-08-31 12:19:03 [info]: ::1 (GET) /images/45304a77a1b10d3121a8098c7b7e218f
2022-08-31 12:19:03 [info]: ::1 (GET) /images/46cbb94d3b08d1a7b33a864b3069dc6d
2022-08-31 12:19:03 [info]: ::1 (GET) /images/6794309645f1a2fa2efee1992d393922
2022-08-31 12:19:03 [info]: ::1 (GET) /images/68316122f5484591f68de6c98ea99b40
2022-08-31 12:19:03 [info]: ::1 (GET) /images/691b9132c92162b4fd37f628e1500c75
2022-08-31 12:19:03 [info]: ::1 (GET) /images/75d7a3573375a1a69b1b36908b64bdc7
2022-08-31 12:19:03 [info]: ::1 (GET) /images/789cf3ccc116cb985c52e8156d662a43
2022-08-31 12:19:03 [info]: ::1 (GET) /images/7cc35c99c83e4bc30748b06e4c30d121
2022-08-31 12:19:03 [info]: ::1 (GET) /images/80f6ba8ec2337c63d469719a84137be2
2022-08-31 12:19:03 [info]: ::1 (GET) /images/846626b96e29fa7c099ed04435f028e6
2022-08-31 12:19:03 [info]: ::1 (GET) /images/9235ed8fd378deb1157ea5b1f8ac0263
2022-08-31 12:19:03 [info]: ::1 (GET) /images/9889324c50ac6e71de3ad2416a05cb21
2022-08-31 12:19:03 [info]: ::1 (GET) /images/9c150de3298955c528a28aaf24da3dd8
2022-08-31 12:19:03 [info]: ::1 (GET) /images/a7f6968dee06043125d3144082bf5792
2022-08-31 12:19:03 [info]: ::1 (GET) /images/bcdcb7c55a7b42fee2b510ec70768ff3
2022-08-31 12:19:03 [info]: ::1 (GET) /images/bd05c437c7220323136e6f6d9c27b3c6
2022-08-31 12:19:03 [info]: ::1 (GET) /images/ccb25265e42a4da0a78dcbe32e694672
2022-08-31 12:19:03 [info]: ::1 (GET) /images/cf8455ea97ae68d4416496573efdc35d
2022-08-31 12:19:03 [info]: ::1 (GET) /images/d8fa278001375d730d1597a3a77df0bf
2022-08-31 12:19:03 [info]: ::1 (GET) /images/e4c476fe40a6121d62ea299433305990
2022-08-31 12:19:03 [info]: ::1 (GET) /images/ed62bf962cc57d836915bb1b1282a64c
2022-08-31 12:19:03 [info]: ::1 (GET) /images/fae64d545230cebdd7f66180ab327e9d
2022-08-31 12:19:03 [info]: ::1 (GET) /images/2cf39c004d640423f953a22e2b990e16
2022-08-31 12:19:10 [info]: ::1 (PUT) /images/2cf39c004d640423f953a22e2b990e16
2022-08-31 12:19:11 [info]: ::1 (GET) /images/
2022-08-31 12:19:11 [info]: ::1 (GET) /images/
2022-08-31 12:19:11 [info]: ::1 (GET) /titles
2022-08-31 12:19:11 [info]: ::1 (GET) /users/self
2022-08-31 12:19:13 [info]: ::1 (GET) /titles/ddb3e765c6260ac5ff9fd9cbcf47bfea
2022-08-31 12:19:13 [info]: ::1 (GET) /images/
2022-08-31 12:19:15 [info]: ::1 (GET) /images/2cf39c004d640423f953a22e2b990e16
2022-08-31 12:19:17 [info]: ::1 (PUT) /titles/ddb3e765c6260ac5ff9fd9cbcf47bfea
2022-08-31 12:19:17 [info]: ::1 (GET) /images/
2022-08-31 12:19:17 [info]: ::1 (GET) /titles/ddb3e765c6260ac5ff9fd9cbcf47bfea
2022-08-31 12:19:17 [info]: ::1 (GET) /images/
2022-08-31 12:19:17 [info]: ::1 (GET) /images/2cf39c004d640423f953a22e2b990e16
2022-08-31 12:22:27 [info]: ::1 (POST) /titles/
2022-08-31 12:22:27 [info]: ::1 (POST) /titles/a7c173bdcf0f3c7f33caebd61f76d870/links/netflix
2022-08-31 12:22:27 [info]: ::1 (POST) /titles/a7c173bdcf0f3c7f33caebd61f76d870/availability/netflix
2022-08-31 12:22:27 [info]: ::1 (GET) /titles
2022-08-31 12:22:29 [info]: ::1 (GET) /images
2022-08-31 12:22:29 [info]: ::1 (GET) /users/self
2022-08-31 12:22:29 [info]: ::1 (GET) /images/2cf39c004d640423f953a22e2b990e16
2022-08-31 12:22:29 [info]: ::1 (GET) /images/08479238349c0ad801415616c0c2ad97
2022-08-31 12:22:29 [info]: ::1 (GET) /images/35f334f9a26e74c2f5edfbd06426a264
2022-08-31 12:22:29 [info]: ::1 (GET) /images/3948a009c10c272fcc770643e1f28c06
2022-08-31 12:22:29 [info]: ::1 (GET) /images/3cd925d70f75c9316babdca26617d610
2022-08-31 12:22:29 [info]: ::1 (GET) /images/40ee03823bc8c3dab09b38cc91b6e84c
2022-08-31 12:22:29 [info]: ::1 (GET) /images/46cbb94d3b08d1a7b33a864b3069dc6d
2022-08-31 12:22:29 [info]: ::1 (GET) /images/45304a77a1b10d3121a8098c7b7e218f
2022-08-31 12:22:29 [info]: ::1 (GET) /images/6794309645f1a2fa2efee1992d393922
2022-08-31 12:22:29 [info]: ::1 (GET) /images/68316122f5484591f68de6c98ea99b40
2022-08-31 12:22:29 [info]: ::1 (GET) /images/691b9132c92162b4fd37f628e1500c75
2022-08-31 12:22:29 [info]: ::1 (GET) /images/75d7a3573375a1a69b1b36908b64bdc7
2022-08-31 12:22:29 [info]: ::1 (GET) /images/789cf3ccc116cb985c52e8156d662a43
2022-08-31 12:22:29 [info]: ::1 (GET) /images/7cc35c99c83e4bc30748b06e4c30d121
2022-08-31 12:22:29 [info]: ::1 (GET) /images/80f6ba8ec2337c63d469719a84137be2
2022-08-31 12:22:29 [info]: ::1 (GET) /images/846626b96e29fa7c099ed04435f028e6
2022-08-31 12:22:29 [info]: ::1 (GET) /images/9235ed8fd378deb1157ea5b1f8ac0263
2022-08-31 12:22:29 [info]: ::1 (GET) /images/9889324c50ac6e71de3ad2416a05cb21
2022-08-31 12:22:29 [info]: ::1 (GET) /images/9c150de3298955c528a28aaf24da3dd8
2022-08-31 12:22:29 [info]: ::1 (GET) /images/a7f6968dee06043125d3144082bf5792
2022-08-31 12:22:29 [info]: ::1 (GET) /images/bcdcb7c55a7b42fee2b510ec70768ff3
2022-08-31 12:22:29 [info]: ::1 (GET) /images/bd05c437c7220323136e6f6d9c27b3c6
2022-08-31 12:22:29 [info]: ::1 (GET) /images/ccb25265e42a4da0a78dcbe32e694672
2022-08-31 12:22:29 [info]: ::1 (GET) /images/cf8455ea97ae68d4416496573efdc35d
2022-08-31 12:22:29 [info]: ::1 (GET) /images/d8fa278001375d730d1597a3a77df0bf
2022-08-31 12:22:29 [info]: ::1 (GET) /images/e4c476fe40a6121d62ea299433305990
2022-08-31 12:22:29 [info]: ::1 (GET) /images/ed62bf962cc57d836915bb1b1282a64c
2022-08-31 12:22:29 [info]: ::1 (GET) /images/fae64d545230cebdd7f66180ab327e9d
2022-08-31 12:22:32 [info]: ::1 (GET) /images
2022-08-31 12:22:32 [info]: ::1 (GET) /users/self
2022-08-31 12:22:32 [info]: ::1 (GET) /images/08479238349c0ad801415616c0c2ad97
2022-08-31 12:22:32 [info]: ::1 (GET) /images/2cf39c004d640423f953a22e2b990e16
2022-08-31 12:22:32 [info]: ::1 (GET) /images/35f334f9a26e74c2f5edfbd06426a264
2022-08-31 12:22:32 [info]: ::1 (GET) /images/3948a009c10c272fcc770643e1f28c06
2022-08-31 12:22:32 [info]: ::1 (GET) /images/3cd925d70f75c9316babdca26617d610
2022-08-31 12:22:32 [info]: ::1 (GET) /images/40ee03823bc8c3dab09b38cc91b6e84c
2022-08-31 12:22:32 [info]: ::1 (GET) /images/45304a77a1b10d3121a8098c7b7e218f
2022-08-31 12:22:32 [info]: ::1 (GET) /images/46cbb94d3b08d1a7b33a864b3069dc6d
2022-08-31 12:22:32 [info]: ::1 (GET) /images/6794309645f1a2fa2efee1992d393922
2022-08-31 12:22:32 [info]: ::1 (GET) /images/68316122f5484591f68de6c98ea99b40
2022-08-31 12:22:32 [info]: ::1 (GET) /images/691b9132c92162b4fd37f628e1500c75
2022-08-31 12:22:32 [info]: ::1 (GET) /images/75d7a3573375a1a69b1b36908b64bdc7
2022-08-31 12:22:32 [info]: ::1 (GET) /images/789cf3ccc116cb985c52e8156d662a43
2022-08-31 12:22:32 [info]: ::1 (GET) /images/7cc35c99c83e4bc30748b06e4c30d121
2022-08-31 12:22:32 [info]: ::1 (GET) /images/80f6ba8ec2337c63d469719a84137be2
2022-08-31 12:22:32 [info]: ::1 (GET) /images/846626b96e29fa7c099ed04435f028e6
2022-08-31 12:22:32 [info]: ::1 (GET) /images/9235ed8fd378deb1157ea5b1f8ac0263
2022-08-31 12:22:32 [info]: ::1 (GET) /images/9889324c50ac6e71de3ad2416a05cb21
2022-08-31 12:22:32 [info]: ::1 (GET) /images/9c150de3298955c528a28aaf24da3dd8
2022-08-31 12:22:32 [info]: ::1 (GET) /images/a7f6968dee06043125d3144082bf5792
2022-08-31 12:22:32 [info]: ::1 (GET) /images/bcdcb7c55a7b42fee2b510ec70768ff3
2022-08-31 12:22:32 [info]: ::1 (GET) /images/bd05c437c7220323136e6f6d9c27b3c6
2022-08-31 12:22:32 [info]: ::1 (GET) /images/ccb25265e42a4da0a78dcbe32e694672
2022-08-31 12:22:32 [info]: ::1 (GET) /images/cf8455ea97ae68d4416496573efdc35d
2022-08-31 12:22:32 [info]: ::1 (GET) /images/d8fa278001375d730d1597a3a77df0bf
2022-08-31 12:22:32 [info]: ::1 (GET) /images/e4c476fe40a6121d62ea299433305990
2022-08-31 12:22:32 [info]: ::1 (GET) /images/ed62bf962cc57d836915bb1b1282a64c
2022-08-31 12:22:32 [info]: ::1 (GET) /images/fae64d545230cebdd7f66180ab327e9d
2022-08-31 12:22:49 [info]: ::1 (POST) /images/
2022-08-31 12:22:49 [info]: ::1 (GET) /images
2022-08-31 12:22:49 [info]: ::1 (GET) /images/e8462c844a3c3ab8341d4ecf6d6c518f/info
2022-08-31 12:22:49 [info]: ::1 (GET) /images/08479238349c0ad801415616c0c2ad97
2022-08-31 12:22:49 [info]: ::1 (GET) /images/2cf39c004d640423f953a22e2b990e16
2022-08-31 12:22:49 [info]: ::1 (GET) /images/3cd925d70f75c9316babdca26617d610
2022-08-31 12:22:49 [info]: ::1 (GET) /images/40ee03823bc8c3dab09b38cc91b6e84c
2022-08-31 12:22:49 [info]: ::1 (GET) /images/35f334f9a26e74c2f5edfbd06426a264
2022-08-31 12:22:49 [info]: ::1 (GET) /images/3948a009c10c272fcc770643e1f28c06
2022-08-31 12:22:49 [info]: ::1 (GET) /images/45304a77a1b10d3121a8098c7b7e218f
2022-08-31 12:22:49 [info]: ::1 (GET) /images/46cbb94d3b08d1a7b33a864b3069dc6d
2022-08-31 12:22:49 [info]: ::1 (GET) /images/6794309645f1a2fa2efee1992d393922
2022-08-31 12:22:49 [info]: ::1 (GET) /images/68316122f5484591f68de6c98ea99b40
2022-08-31 12:22:49 [info]: ::1 (GET) /images/691b9132c92162b4fd37f628e1500c75
2022-08-31 12:22:49 [info]: ::1 (GET) /images/75d7a3573375a1a69b1b36908b64bdc7
2022-08-31 12:22:49 [info]: ::1 (GET) /images/789cf3ccc116cb985c52e8156d662a43
2022-08-31 12:22:49 [info]: ::1 (GET) /images/7cc35c99c83e4bc30748b06e4c30d121
2022-08-31 12:22:49 [info]: ::1 (GET) /images/80f6ba8ec2337c63d469719a84137be2
2022-08-31 12:22:49 [info]: ::1 (GET) /images/846626b96e29fa7c099ed04435f028e6
2022-08-31 12:22:49 [info]: ::1 (GET) /images/9235ed8fd378deb1157ea5b1f8ac0263
2022-08-31 12:22:49 [info]: ::1 (GET) /images/9889324c50ac6e71de3ad2416a05cb21
2022-08-31 12:22:49 [info]: ::1 (GET) /images/9c150de3298955c528a28aaf24da3dd8
2022-08-31 12:22:49 [info]: ::1 (GET) /images/a7f6968dee06043125d3144082bf5792
2022-08-31 12:22:49 [info]: ::1 (GET) /images/bcdcb7c55a7b42fee2b510ec70768ff3
2022-08-31 12:22:49 [info]: ::1 (GET) /images/bd05c437c7220323136e6f6d9c27b3c6
2022-08-31 12:22:49 [info]: ::1 (GET) /images/ccb25265e42a4da0a78dcbe32e694672
2022-08-31 12:22:49 [info]: ::1 (GET) /images/cf8455ea97ae68d4416496573efdc35d
2022-08-31 12:22:49 [info]: ::1 (GET) /images/d8fa278001375d730d1597a3a77df0bf
2022-08-31 12:22:49 [info]: ::1 (GET) /images/e8462c844a3c3ab8341d4ecf6d6c518f
2022-08-31 12:22:49 [info]: ::1 (GET) /images/e4c476fe40a6121d62ea299433305990
2022-08-31 12:22:49 [info]: ::1 (GET) /images/ed62bf962cc57d836915bb1b1282a64c
2022-08-31 12:22:49 [info]: ::1 (GET) /images/fae64d545230cebdd7f66180ab327e9d
2022-08-31 12:22:49 [info]: ::1 (GET) /images/e8462c844a3c3ab8341d4ecf6d6c518f
2022-08-31 12:22:58 [info]: ::1 (PUT) /images/e8462c844a3c3ab8341d4ecf6d6c518f
2022-08-31 12:23:00 [info]: ::1 (GET) /images/
2022-08-31 12:23:00 [info]: ::1 (GET) /images/
2022-08-31 12:23:00 [info]: ::1 (GET) /titles
2022-08-31 12:23:00 [info]: ::1 (GET) /users/self
2022-08-31 12:23:05 [info]: ::1 (GET) /titles/a7c173bdcf0f3c7f33caebd61f76d870
2022-08-31 12:23:05 [info]: ::1 (GET) /images/
2022-08-31 12:23:07 [info]: ::1 (GET) /images/e8462c844a3c3ab8341d4ecf6d6c518f
2022-08-31 12:23:08 [info]: ::1 (PUT) /titles/a7c173bdcf0f3c7f33caebd61f76d870
2022-08-31 12:23:08 [info]: ::1 (GET) /images/
2022-08-31 12:23:08 [info]: ::1 (GET) /titles/a7c173bdcf0f3c7f33caebd61f76d870
2022-08-31 12:23:08 [info]: ::1 (GET) /images/
2022-08-31 12:23:08 [info]: ::1 (GET) /images/e8462c844a3c3ab8341d4ecf6d6c518f
2022-08-31 12:23:43 [info]: ::1 (GET) /images/
2022-08-31 12:23:43 [info]: ::1 (GET) /images/
2022-08-31 12:23:43 [info]: ::1 (GET) /titles
2022-08-31 12:23:43 [info]: ::1 (GET) /users/self
2022-08-31 12:26:00 [info]: ::1 (POST) /titles/
2022-08-31 12:26:00 [info]: ::1 (POST) /titles/a6bbf07cce81c9e41eb25fc173903743/links/hulu
2022-08-31 12:26:00 [info]: ::1 (POST) /titles/a6bbf07cce81c9e41eb25fc173903743/availability/hulu
2022-08-31 12:26:00 [info]: ::1 (GET) /titles
2022-08-31 12:26:02 [info]: ::1 (GET) /images
2022-08-31 12:26:02 [info]: ::1 (GET) /users/self
2022-08-31 12:26:02 [info]: ::1 (GET) /images/2cf39c004d640423f953a22e2b990e16
2022-08-31 12:26:02 [info]: ::1 (GET) /images/08479238349c0ad801415616c0c2ad97
2022-08-31 12:26:02 [info]: ::1 (GET) /images/35f334f9a26e74c2f5edfbd06426a264
2022-08-31 12:26:02 [info]: ::1 (GET) /images/3948a009c10c272fcc770643e1f28c06
2022-08-31 12:26:02 [info]: ::1 (GET) /images/3cd925d70f75c9316babdca26617d610
2022-08-31 12:26:02 [info]: ::1 (GET) /images/6794309645f1a2fa2efee1992d393922
2022-08-31 12:26:02 [info]: ::1 (GET) /images/40ee03823bc8c3dab09b38cc91b6e84c
2022-08-31 12:26:02 [info]: ::1 (GET) /images/45304a77a1b10d3121a8098c7b7e218f
2022-08-31 12:26:02 [info]: ::1 (GET) /images/46cbb94d3b08d1a7b33a864b3069dc6d
2022-08-31 12:26:02 [info]: ::1 (GET) /images/68316122f5484591f68de6c98ea99b40
2022-08-31 12:26:02 [info]: ::1 (GET) /images/691b9132c92162b4fd37f628e1500c75
2022-08-31 12:26:02 [info]: ::1 (GET) /images/75d7a3573375a1a69b1b36908b64bdc7
2022-08-31 12:26:02 [info]: ::1 (GET) /images/789cf3ccc116cb985c52e8156d662a43
2022-08-31 12:26:02 [info]: ::1 (GET) /images/7cc35c99c83e4bc30748b06e4c30d121
2022-08-31 12:26:02 [info]: ::1 (GET) /images/80f6ba8ec2337c63d469719a84137be2
2022-08-31 12:26:02 [info]: ::1 (GET) /images/846626b96e29fa7c099ed04435f028e6
2022-08-31 12:26:02 [info]: ::1 (GET) /images/9235ed8fd378deb1157ea5b1f8ac0263
2022-08-31 12:26:02 [info]: ::1 (GET) /images/9889324c50ac6e71de3ad2416a05cb21
2022-08-31 12:26:02 [info]: ::1 (GET) /images/9c150de3298955c528a28aaf24da3dd8
2022-08-31 12:26:02 [info]: ::1 (GET) /images/a7f6968dee06043125d3144082bf5792
2022-08-31 12:26:02 [info]: ::1 (GET) /images/bcdcb7c55a7b42fee2b510ec70768ff3
2022-08-31 12:26:02 [info]: ::1 (GET) /images/bd05c437c7220323136e6f6d9c27b3c6
2022-08-31 12:26:02 [info]: ::1 (GET) /images/ccb25265e42a4da0a78dcbe32e694672
2022-08-31 12:26:02 [info]: ::1 (GET) /images/cf8455ea97ae68d4416496573efdc35d
2022-08-31 12:26:02 [info]: ::1 (GET) /images/d8fa278001375d730d1597a3a77df0bf
2022-08-31 12:26:02 [info]: ::1 (GET) /images/e4c476fe40a6121d62ea299433305990
2022-08-31 12:26:02 [info]: ::1 (GET) /images/e8462c844a3c3ab8341d4ecf6d6c518f
2022-08-31 12:26:02 [info]: ::1 (GET) /images/ed62bf962cc57d836915bb1b1282a64c
2022-08-31 12:26:02 [info]: ::1 (GET) /images/fae64d545230cebdd7f66180ab327e9d
2022-08-31 12:26:15 [info]: ::1 (POST) /images/
2022-08-31 12:26:15 [info]: ::1 (GET) /images
2022-08-31 12:26:15 [info]: ::1 (GET) /images/94b17b92e6ed1abb5534ea5b56169dd0/info
2022-08-31 12:26:15 [info]: ::1 (GET) /images/08479238349c0ad801415616c0c2ad97
2022-08-31 12:26:16 [info]: ::1 (GET) /images/2cf39c004d640423f953a22e2b990e16
2022-08-31 12:26:16 [info]: ::1 (GET) /images/35f334f9a26e74c2f5edfbd06426a264
2022-08-31 12:26:16 [info]: ::1 (GET) /images/3948a009c10c272fcc770643e1f28c06
2022-08-31 12:26:16 [info]: ::1 (GET) /images/40ee03823bc8c3dab09b38cc91b6e84c
2022-08-31 12:26:16 [info]: ::1 (GET) /images/3cd925d70f75c9316babdca26617d610
2022-08-31 12:26:16 [info]: ::1 (GET) /images/45304a77a1b10d3121a8098c7b7e218f
2022-08-31 12:26:16 [info]: ::1 (GET) /images/46cbb94d3b08d1a7b33a864b3069dc6d
2022-08-31 12:26:16 [info]: ::1 (GET) /images/68316122f5484591f68de6c98ea99b40
2022-08-31 12:26:16 [info]: ::1 (GET) /images/6794309645f1a2fa2efee1992d393922
2022-08-31 12:26:16 [info]: ::1 (GET) /images/691b9132c92162b4fd37f628e1500c75
2022-08-31 12:26:16 [info]: ::1 (GET) /images/75d7a3573375a1a69b1b36908b64bdc7
2022-08-31 12:26:16 [info]: ::1 (GET) /images/789cf3ccc116cb985c52e8156d662a43
2022-08-31 12:26:16 [info]: ::1 (GET) /images/7cc35c99c83e4bc30748b06e4c30d121
2022-08-31 12:26:16 [info]: ::1 (GET) /images/80f6ba8ec2337c63d469719a84137be2
2022-08-31 12:26:16 [info]: ::1 (GET) /images/846626b96e29fa7c099ed04435f028e6
2022-08-31 12:26:16 [info]: ::1 (GET) /images/9235ed8fd378deb1157ea5b1f8ac0263
2022-08-31 12:26:16 [info]: ::1 (GET) /images/94b17b92e6ed1abb5534ea5b56169dd0
2022-08-31 12:26:16 [info]: ::1 (GET) /images/9889324c50ac6e71de3ad2416a05cb21
2022-08-31 12:26:16 [info]: ::1 (GET) /images/9c150de3298955c528a28aaf24da3dd8
2022-08-31 12:26:16 [info]: ::1 (GET) /images/a7f6968dee06043125d3144082bf5792
2022-08-31 12:26:16 [info]: ::1 (GET) /images/bcdcb7c55a7b42fee2b510ec70768ff3
2022-08-31 12:26:16 [info]: ::1 (GET) /images/bd05c437c7220323136e6f6d9c27b3c6
2022-08-31 12:26:16 [info]: ::1 (GET) /images/ccb25265e42a4da0a78dcbe32e694672
2022-08-31 12:26:16 [info]: ::1 (GET) /images/cf8455ea97ae68d4416496573efdc35d
2022-08-31 12:26:16 [info]: ::1 (GET) /images/d8fa278001375d730d1597a3a77df0bf
2022-08-31 12:26:16 [info]: ::1 (GET) /images/e4c476fe40a6121d62ea299433305990
2022-08-31 12:26:16 [info]: ::1 (GET) /images/e8462c844a3c3ab8341d4ecf6d6c518f
2022-08-31 12:26:16 [info]: ::1 (GET) /images/ed62bf962cc57d836915bb1b1282a64c
2022-08-31 12:26:16 [info]: ::1 (GET) /images/fae64d545230cebdd7f66180ab327e9d
2022-08-31 12:26:16 [info]: ::1 (GET) /images/94b17b92e6ed1abb5534ea5b56169dd0
2022-08-31 12:26:22 [info]: ::1 (PUT) /images/94b17b92e6ed1abb5534ea5b56169dd0
2022-08-31 12:26:23 [info]: ::1 (GET) /images/
2022-08-31 12:26:23 [info]: ::1 (GET) /images/
2022-08-31 12:26:23 [info]: ::1 (GET) /titles
2022-08-31 12:26:23 [info]: ::1 (GET) /users/self
2022-08-31 12:26:30 [info]: ::1 (GET) /titles/a6bbf07cce81c9e41eb25fc173903743
2022-08-31 12:26:30 [info]: ::1 (GET) /images/
2022-08-31 12:26:31 [info]: ::1 (GET) /images/94b17b92e6ed1abb5534ea5b56169dd0
2022-08-31 12:26:33 [info]: ::1 (PUT) /titles/a6bbf07cce81c9e41eb25fc173903743
2022-08-31 12:26:33 [info]: ::1 (GET) /images/
2022-08-31 12:26:33 [info]: ::1 (GET) /titles/a6bbf07cce81c9e41eb25fc173903743
2022-08-31 12:26:33 [info]: ::1 (GET) /images/
2022-08-31 12:26:33 [info]: ::1 (GET) /images/94b17b92e6ed1abb5534ea5b56169dd0
2022-08-31 12:26:34 [info]: ::1 (GET) /images/
2022-08-31 12:26:34 [info]: ::1 (GET) /images/
2022-08-31 12:26:34 [info]: ::1 (GET) /titles
2022-08-31 12:26:34 [info]: ::1 (GET) /users/self
2022-08-31 12:32:11 [info]: ::1 (POST) /titles/
2022-08-31 12:32:11 [info]: ::1 (POST) /titles/0d7a0ef03d5014d1842ea41a92933e15/links/disney_plus
2022-08-31 12:32:11 [info]: ::1 (POST) /titles/0d7a0ef03d5014d1842ea41a92933e15/availability/disney_plus
2022-08-31 12:32:11 [info]: ::1 (GET) /titles
2022-08-31 12:32:14 [info]: ::1 (GET) /images
2022-08-31 12:32:14 [info]: ::1 (GET) /users/self
2022-08-31 12:32:14 [info]: ::1 (GET) /images/08479238349c0ad801415616c0c2ad97
2022-08-31 12:32:14 [info]: ::1 (GET) /images/2cf39c004d640423f953a22e2b990e16
2022-08-31 12:32:14 [info]: ::1 (GET) /images/35f334f9a26e74c2f5edfbd06426a264
2022-08-31 12:32:14 [info]: ::1 (GET) /images/3948a009c10c272fcc770643e1f28c06
2022-08-31 12:32:14 [info]: ::1 (GET) /images/3cd925d70f75c9316babdca26617d610
2022-08-31 12:32:14 [info]: ::1 (GET) /images/40ee03823bc8c3dab09b38cc91b6e84c
2022-08-31 12:32:14 [info]: ::1 (GET) /images/45304a77a1b10d3121a8098c7b7e218f
2022-08-31 12:32:14 [info]: ::1 (GET) /images/46cbb94d3b08d1a7b33a864b3069dc6d
2022-08-31 12:32:14 [info]: ::1 (GET) /images/6794309645f1a2fa2efee1992d393922
2022-08-31 12:32:14 [info]: ::1 (GET) /images/68316122f5484591f68de6c98ea99b40
2022-08-31 12:32:14 [info]: ::1 (GET) /images/691b9132c92162b4fd37f628e1500c75
2022-08-31 12:32:14 [info]: ::1 (GET) /images/75d7a3573375a1a69b1b36908b64bdc7
2022-08-31 12:32:14 [info]: ::1 (GET) /images/80f6ba8ec2337c63d469719a84137be2
2022-08-31 12:32:14 [info]: ::1 (GET) /images/789cf3ccc116cb985c52e8156d662a43
2022-08-31 12:32:14 [info]: ::1 (GET) /images/7cc35c99c83e4bc30748b06e4c30d121
2022-08-31 12:32:14 [info]: ::1 (GET) /images/846626b96e29fa7c099ed04435f028e6
2022-08-31 12:32:14 [info]: ::1 (GET) /images/9235ed8fd378deb1157ea5b1f8ac0263
2022-08-31 12:32:14 [info]: ::1 (GET) /images/94b17b92e6ed1abb5534ea5b56169dd0
2022-08-31 12:32:14 [info]: ::1 (GET) /images/9889324c50ac6e71de3ad2416a05cb21
2022-08-31 12:32:14 [info]: ::1 (GET) /images/9c150de3298955c528a28aaf24da3dd8
2022-08-31 12:32:14 [info]: ::1 (GET) /images/a7f6968dee06043125d3144082bf5792
2022-08-31 12:32:14 [info]: ::1 (GET) /images/bcdcb7c55a7b42fee2b510ec70768ff3
2022-08-31 12:32:14 [info]: ::1 (GET) /images/bd05c437c7220323136e6f6d9c27b3c6
2022-08-31 12:32:14 [info]: ::1 (GET) /images/ccb25265e42a4da0a78dcbe32e694672
2022-08-31 12:32:14 [info]: ::1 (GET) /images/cf8455ea97ae68d4416496573efdc35d
2022-08-31 12:32:14 [info]: ::1 (GET) /images/d8fa278001375d730d1597a3a77df0bf
2022-08-31 12:32:14 [info]: ::1 (GET) /images/e4c476fe40a6121d62ea299433305990
2022-08-31 12:32:14 [info]: ::1 (GET) /images/e8462c844a3c3ab8341d4ecf6d6c518f
2022-08-31 12:32:14 [info]: ::1 (GET) /images/ed62bf962cc57d836915bb1b1282a64c
2022-08-31 12:32:14 [info]: ::1 (GET) /images/fae64d545230cebdd7f66180ab327e9d
2022-08-31 12:32:29 [info]: ::1 (POST) /images/
2022-08-31 12:32:29 [info]: ::1 (GET) /images
2022-08-31 12:32:29 [info]: ::1 (GET) /images/2d31d471f09e2f29f208156327acbeac/info
2022-08-31 12:32:29 [info]: ::1 (GET) /images/2d31d471f09e2f29f208156327acbeac
2022-08-31 12:32:29 [info]: ::1 (GET) /images/08479238349c0ad801415616c0c2ad97
2022-08-31 12:32:29 [info]: ::1 (GET) /images/2cf39c004d640423f953a22e2b990e16
2022-08-31 12:32:29 [info]: ::1 (GET) /images/35f334f9a26e74c2f5edfbd06426a264
2022-08-31 12:32:29 [info]: ::1 (GET) /images/3948a009c10c272fcc770643e1f28c06
2022-08-31 12:32:29 [info]: ::1 (GET) /images/3cd925d70f75c9316babdca26617d610
2022-08-31 12:32:29 [info]: ::1 (GET) /images/40ee03823bc8c3dab09b38cc91b6e84c
2022-08-31 12:32:29 [info]: ::1 (GET) /images/45304a77a1b10d3121a8098c7b7e218f
2022-08-31 12:32:29 [info]: ::1 (GET) /images/46cbb94d3b08d1a7b33a864b3069dc6d
2022-08-31 12:32:29 [info]: ::1 (GET) /images/6794309645f1a2fa2efee1992d393922
2022-08-31 12:32:29 [info]: ::1 (GET) /images/68316122f5484591f68de6c98ea99b40
2022-08-31 12:32:29 [info]: ::1 (GET) /images/691b9132c92162b4fd37f628e1500c75
2022-08-31 12:32:29 [info]: ::1 (GET) /images/75d7a3573375a1a69b1b36908b64bdc7
2022-08-31 12:32:29 [info]: ::1 (GET) /images/789cf3ccc116cb985c52e8156d662a43
2022-08-31 12:32:29 [info]: ::1 (GET) /images/7cc35c99c83e4bc30748b06e4c30d121
2022-08-31 12:32:29 [info]: ::1 (GET) /images/80f6ba8ec2337c63d469719a84137be2
2022-08-31 12:32:29 [info]: ::1 (GET) /images/846626b96e29fa7c099ed04435f028e6
2022-08-31 12:32:29 [info]: ::1 (GET) /images/9235ed8fd378deb1157ea5b1f8ac0263
2022-08-31 12:32:29 [info]: ::1 (GET) /images/94b17b92e6ed1abb5534ea5b56169dd0
2022-08-31 12:32:29 [info]: ::1 (GET) /images/9889324c50ac6e71de3ad2416a05cb21
2022-08-31 12:32:29 [info]: ::1 (GET) /images/9c150de3298955c528a28aaf24da3dd8
2022-08-31 12:32:29 [info]: ::1 (GET) /images/a7f6968dee06043125d3144082bf5792
2022-08-31 12:32:29 [info]: ::1 (GET) /images/bcdcb7c55a7b42fee2b510ec70768ff3
2022-08-31 12:32:29 [info]: ::1 (GET) /images/bd05c437c7220323136e6f6d9c27b3c6
2022-08-31 12:32:29 [info]: ::1 (GET) /images/ccb25265e42a4da0a78dcbe32e694672
2022-08-31 12:32:29 [info]: ::1 (GET) /images/cf8455ea97ae68d4416496573efdc35d
2022-08-31 12:32:29 [info]: ::1 (GET) /images/d8fa278001375d730d1597a3a77df0bf
2022-08-31 12:32:29 [info]: ::1 (GET) /images/e4c476fe40a6121d62ea299433305990
2022-08-31 12:32:29 [info]: ::1 (GET) /images/e8462c844a3c3ab8341d4ecf6d6c518f
2022-08-31 12:32:29 [info]: ::1 (GET) /images/ed62bf962cc57d836915bb1b1282a64c
2022-08-31 12:32:29 [info]: ::1 (GET) /images/2d31d471f09e2f29f208156327acbeac
2022-08-31 12:32:37 [info]: ::1 (PUT) /images/2d31d471f09e2f29f208156327acbeac
2022-08-31 12:32:38 [info]: ::1 (GET) /images/
2022-08-31 12:32:38 [info]: ::1 (GET) /images/
2022-08-31 12:32:38 [info]: ::1 (GET) /titles
2022-08-31 12:32:38 [info]: ::1 (GET) /users/self
2022-08-31 12:32:40 [info]: ::1 (GET) /titles/0d7a0ef03d5014d1842ea41a92933e15
2022-08-31 12:32:40 [info]: ::1 (GET) /images/
2022-08-31 12:32:41 [info]: ::1 (GET) /images/2d31d471f09e2f29f208156327acbeac
2022-08-31 12:32:42 [info]: ::1 (PUT) /titles/0d7a0ef03d5014d1842ea41a92933e15
2022-08-31 12:32:42 [info]: ::1 (GET) /images/
2022-08-31 12:32:42 [info]: ::1 (GET) /titles/0d7a0ef03d5014d1842ea41a92933e15
2022-08-31 12:32:42 [info]: ::1 (GET) /images/
2022-08-31 12:32:42 [info]: ::1 (GET) /images/2d31d471f09e2f29f208156327acbeac
2022-08-31 12:34:34 [info]: ::1 (POST) /titles/
2022-08-31 12:34:34 [info]: ::1 (POST) /titles/f3f997a480a6710e8d801e6e451b78ed/links/netflix
2022-08-31 12:34:34 [info]: ::1 (POST) /titles/f3f997a480a6710e8d801e6e451b78ed/links/hbo_max
2022-08-31 12:34:34 [info]: ::1 (POST) /titles/f3f997a480a6710e8d801e6e451b78ed/availability/netflix
2022-08-31 12:34:34 [info]: ::1 (POST) /titles/f3f997a480a6710e8d801e6e451b78ed/availability/hbo_max
2022-08-31 12:34:34 [info]: ::1 (GET) /titles
2022-08-31 12:34:36 [info]: ::1 (GET) /images
2022-08-31 12:34:36 [info]: ::1 (GET) /users/self
2022-08-31 12:34:36 [info]: ::1 (GET) /images/08479238349c0ad801415616c0c2ad97
2022-08-31 12:34:36 [info]: ::1 (GET) /images/2cf39c004d640423f953a22e2b990e16
2022-08-31 12:34:36 [info]: ::1 (GET) /images/2d31d471f09e2f29f208156327acbeac
2022-08-31 12:34:36 [info]: ::1 (GET) /images/35f334f9a26e74c2f5edfbd06426a264
2022-08-31 12:34:36 [info]: ::1 (GET) /images/3948a009c10c272fcc770643e1f28c06
2022-08-31 12:34:36 [info]: ::1 (GET) /images/3cd925d70f75c9316babdca26617d610
2022-08-31 12:34:36 [info]: ::1 (GET) /images/40ee03823bc8c3dab09b38cc91b6e84c
2022-08-31 12:34:36 [info]: ::1 (GET) /images/45304a77a1b10d3121a8098c7b7e218f
2022-08-31 12:34:36 [info]: ::1 (GET) /images/46cbb94d3b08d1a7b33a864b3069dc6d
2022-08-31 12:34:36 [info]: ::1 (GET) /images/6794309645f1a2fa2efee1992d393922
2022-08-31 12:34:36 [info]: ::1 (GET) /images/68316122f5484591f68de6c98ea99b40
2022-08-31 12:34:36 [info]: ::1 (GET) /images/691b9132c92162b4fd37f628e1500c75
2022-08-31 12:34:36 [info]: ::1 (GET) /images/75d7a3573375a1a69b1b36908b64bdc7
2022-08-31 12:34:36 [info]: ::1 (GET) /images/789cf3ccc116cb985c52e8156d662a43
2022-08-31 12:34:36 [info]: ::1 (GET) /images/7cc35c99c83e4bc30748b06e4c30d121
2022-08-31 12:34:36 [info]: ::1 (GET) /images/80f6ba8ec2337c63d469719a84137be2
2022-08-31 12:34:36 [info]: ::1 (GET) /images/846626b96e29fa7c099ed04435f028e6
2022-08-31 12:34:36 [info]: ::1 (GET) /images/9235ed8fd378deb1157ea5b1f8ac0263
2022-08-31 12:34:36 [info]: ::1 (GET) /images/94b17b92e6ed1abb5534ea5b56169dd0
2022-08-31 12:34:36 [info]: ::1 (GET) /images/9889324c50ac6e71de3ad2416a05cb21
2022-08-31 12:34:36 [info]: ::1 (GET) /images/9c150de3298955c528a28aaf24da3dd8
2022-08-31 12:34:36 [info]: ::1 (GET) /images/a7f6968dee06043125d3144082bf5792
2022-08-31 12:34:36 [info]: ::1 (GET) /images/bcdcb7c55a7b42fee2b510ec70768ff3
2022-08-31 12:34:36 [info]: ::1 (GET) /images/bd05c437c7220323136e6f6d9c27b3c6
2022-08-31 12:34:36 [info]: ::1 (GET) /images/ccb25265e42a4da0a78dcbe32e694672
2022-08-31 12:34:36 [info]: ::1 (GET) /images/cf8455ea97ae68d4416496573efdc35d
2022-08-31 12:34:36 [info]: ::1 (GET) /images/d8fa278001375d730d1597a3a77df0bf
2022-08-31 12:34:36 [info]: ::1 (GET) /images/e4c476fe40a6121d62ea299433305990
2022-08-31 12:34:36 [info]: ::1 (GET) /images/e8462c844a3c3ab8341d4ecf6d6c518f
2022-08-31 12:34:36 [info]: ::1 (GET) /images/ed62bf962cc57d836915bb1b1282a64c
2022-08-31 12:34:46 [info]: ::1 (POST) /images/
2022-08-31 12:34:47 [info]: ::1 (GET) /images/ca4645f4ec60b2b903de2106e2ddd6ce/info
2022-08-31 12:34:47 [info]: ::1 (GET) /images
2022-08-31 12:34:47 [info]: ::1 (GET) /images/ca4645f4ec60b2b903de2106e2ddd6ce
2022-08-31 12:34:47 [info]: ::1 (GET) /images/08479238349c0ad801415616c0c2ad97
2022-08-31 12:34:47 [info]: ::1 (GET) /images/2cf39c004d640423f953a22e2b990e16
2022-08-31 12:34:47 [info]: ::1 (GET) /images/2d31d471f09e2f29f208156327acbeac
2022-08-31 12:34:47 [info]: ::1 (GET) /images/35f334f9a26e74c2f5edfbd06426a264
2022-08-31 12:34:47 [info]: ::1 (GET) /images/3948a009c10c272fcc770643e1f28c06
2022-08-31 12:34:47 [info]: ::1 (GET) /images/3cd925d70f75c9316babdca26617d610
2022-08-31 12:34:47 [info]: ::1 (GET) /images/ca4645f4ec60b2b903de2106e2ddd6ce
2022-08-31 12:34:47 [info]: ::1 (GET) /images/40ee03823bc8c3dab09b38cc91b6e84c
2022-08-31 12:34:47 [info]: ::1 (GET) /images/45304a77a1b10d3121a8098c7b7e218f
2022-08-31 12:34:47 [info]: ::1 (GET) /images/6794309645f1a2fa2efee1992d393922
2022-08-31 12:34:47 [info]: ::1 (GET) /images/46cbb94d3b08d1a7b33a864b3069dc6d
2022-08-31 12:34:47 [info]: ::1 (GET) /images/68316122f5484591f68de6c98ea99b40
2022-08-31 12:34:47 [info]: ::1 (GET) /images/691b9132c92162b4fd37f628e1500c75
2022-08-31 12:34:47 [info]: ::1 (GET) /images/789cf3ccc116cb985c52e8156d662a43
2022-08-31 12:34:47 [info]: ::1 (GET) /images/75d7a3573375a1a69b1b36908b64bdc7
2022-08-31 12:34:47 [info]: ::1 (GET) /images/7cc35c99c83e4bc30748b06e4c30d121
2022-08-31 12:34:47 [info]: ::1 (GET) /images/9235ed8fd378deb1157ea5b1f8ac0263
2022-08-31 12:34:47 [info]: ::1 (GET) /images/94b17b92e6ed1abb5534ea5b56169dd0
2022-08-31 12:34:47 [info]: ::1 (GET) /images/80f6ba8ec2337c63d469719a84137be2
2022-08-31 12:34:47 [info]: ::1 (GET) /images/846626b96e29fa7c099ed04435f028e6
2022-08-31 12:34:47 [info]: ::1 (GET) /images/9889324c50ac6e71de3ad2416a05cb21
2022-08-31 12:34:47 [info]: ::1 (GET) /images/9c150de3298955c528a28aaf24da3dd8
2022-08-31 12:34:47 [info]: ::1 (GET) /images/a7f6968dee06043125d3144082bf5792
2022-08-31 12:34:47 [info]: ::1 (GET) /images/bcdcb7c55a7b42fee2b510ec70768ff3
2022-08-31 12:34:47 [info]: ::1 (GET) /images/bd05c437c7220323136e6f6d9c27b3c6
2022-08-31 12:34:47 [info]: ::1 (GET) /images/ccb25265e42a4da0a78dcbe32e694672
2022-08-31 12:34:47 [info]: ::1 (GET) /images/cf8455ea97ae68d4416496573efdc35d
2022-08-31 12:34:47 [info]: ::1 (GET) /images/d8fa278001375d730d1597a3a77df0bf
2022-08-31 12:34:47 [info]: ::1 (GET) /images/e4c476fe40a6121d62ea299433305990
2022-08-31 12:34:47 [info]: ::1 (GET) /images/e8462c844a3c3ab8341d4ecf6d6c518f
2022-08-31 12:34:56 [info]: ::1 (PUT) /images/ca4645f4ec60b2b903de2106e2ddd6ce
2022-08-31 12:34:57 [info]: ::1 (GET) /images/
2022-08-31 12:34:57 [info]: ::1 (GET) /images/
2022-08-31 12:34:57 [info]: ::1 (GET) /titles
2022-08-31 12:34:57 [info]: ::1 (GET) /users/self
2022-08-31 12:35:09 [info]: ::1 (GET) /titles?q=rises
2022-08-31 12:35:10 [info]: ::1 (GET) /titles/f3f997a480a6710e8d801e6e451b78ed
2022-08-31 12:35:10 [info]: ::1 (GET) /images/
2022-08-31 12:35:12 [info]: ::1 (GET) /images/ca4645f4ec60b2b903de2106e2ddd6ce
2022-08-31 12:35:13 [info]: ::1 (PUT) /titles/f3f997a480a6710e8d801e6e451b78ed
2022-08-31 12:35:13 [info]: ::1 (GET) /images/
2022-08-31 12:35:13 [info]: ::1 (GET) /titles/f3f997a480a6710e8d801e6e451b78ed
2022-08-31 12:35:13 [info]: ::1 (GET) /images/
2022-08-31 12:35:13 [info]: ::1 (GET) /images/ca4645f4ec60b2b903de2106e2ddd6ce
2022-08-31 12:35:17 [info]: ::1 (GET) /titles
2022-08-31 12:35:17 [info]: ::1 (GET) /images
2022-08-31 12:35:17 [info]: ::1 (GET) /users/self
2022-08-31 12:35:18 [info]: ::1 (GET) /images/2cf39c004d640423f953a22e2b990e16
2022-08-31 12:35:18 [info]: ::1 (GET) /images/08479238349c0ad801415616c0c2ad97
2022-08-31 12:35:18 [info]: ::1 (GET) /images/35f334f9a26e74c2f5edfbd06426a264
2022-08-31 12:35:18 [info]: ::1 (GET) /images/2d31d471f09e2f29f208156327acbeac
2022-08-31 12:35:18 [info]: ::1 (GET) /images/3948a009c10c272fcc770643e1f28c06
2022-08-31 12:35:18 [info]: ::1 (GET) /images/3cd925d70f75c9316babdca26617d610
2022-08-31 12:35:18 [info]: ::1 (GET) /images/40ee03823bc8c3dab09b38cc91b6e84c
2022-08-31 12:35:18 [info]: ::1 (GET) /images/45304a77a1b10d3121a8098c7b7e218f
2022-08-31 12:35:18 [info]: ::1 (GET) /images/46cbb94d3b08d1a7b33a864b3069dc6d
2022-08-31 12:35:18 [info]: ::1 (GET) /images/68316122f5484591f68de6c98ea99b40
2022-08-31 12:35:18 [info]: ::1 (GET) /images/6794309645f1a2fa2efee1992d393922
2022-08-31 12:35:18 [info]: ::1 (GET) /images/691b9132c92162b4fd37f628e1500c75
2022-08-31 12:35:18 [info]: ::1 (GET) /images/75d7a3573375a1a69b1b36908b64bdc7
2022-08-31 12:35:18 [info]: ::1 (GET) /images/789cf3ccc116cb985c52e8156d662a43
2022-08-31 12:35:18 [info]: ::1 (GET) /images/7cc35c99c83e4bc30748b06e4c30d121
2022-08-31 12:35:18 [info]: ::1 (GET) /images/80f6ba8ec2337c63d469719a84137be2
2022-08-31 12:35:18 [info]: ::1 (GET) /images/846626b96e29fa7c099ed04435f028e6
2022-08-31 12:35:18 [info]: ::1 (GET) /images/9235ed8fd378deb1157ea5b1f8ac0263
2022-08-31 12:35:18 [info]: ::1 (GET) /images/94b17b92e6ed1abb5534ea5b56169dd0
2022-08-31 12:35:18 [info]: ::1 (GET) /images/9889324c50ac6e71de3ad2416a05cb21
2022-08-31 12:35:18 [info]: ::1 (GET) /images/9c150de3298955c528a28aaf24da3dd8
2022-08-31 12:35:18 [info]: ::1 (GET) /images/a7f6968dee06043125d3144082bf5792
2022-08-31 12:35:18 [info]: ::1 (GET) /images/bcdcb7c55a7b42fee2b510ec70768ff3
2022-08-31 12:35:18 [info]: ::1 (GET) /images/bd05c437c7220323136e6f6d9c27b3c6
2022-08-31 12:35:18 [info]: ::1 (GET) /images/ca4645f4ec60b2b903de2106e2ddd6ce
2022-08-31 12:35:18 [info]: ::1 (GET) /images/ccb25265e42a4da0a78dcbe32e694672
2022-08-31 12:35:18 [info]: ::1 (GET) /images/cf8455ea97ae68d4416496573efdc35d
2022-08-31 12:35:18 [info]: ::1 (GET) /images/d8fa278001375d730d1597a3a77df0bf
2022-08-31 12:35:18 [info]: ::1 (GET) /images/e4c476fe40a6121d62ea299433305990
2022-08-31 12:35:18 [info]: ::1 (GET) /images/e8462c844a3c3ab8341d4ecf6d6c518f
2022-08-31 12:35:34 [info]: ::1 (GET) /images/9c150de3298955c528a28aaf24da3dd8/info
2022-08-31 12:35:34 [info]: ::1 (GET) /images/9c150de3298955c528a28aaf24da3dd8
2022-08-31 12:35:37 [info]: ::1 (DELETE) /images/9c150de3298955c528a28aaf24da3dd8
2022-08-31 12:35:37 [info]: ::1 (GET) /images
2022-08-31 12:35:37 [info]: ::1 (GET) /images/08479238349c0ad801415616c0c2ad97
2022-08-31 12:35:37 [info]: ::1 (GET) /images/35f334f9a26e74c2f5edfbd06426a264
2022-08-31 12:35:37 [info]: ::1 (GET) /images/2cf39c004d640423f953a22e2b990e16
2022-08-31 12:35:37 [info]: ::1 (GET) /images/2d31d471f09e2f29f208156327acbeac
2022-08-31 12:35:37 [info]: ::1 (GET) /images/3948a009c10c272fcc770643e1f28c06
2022-08-31 12:35:37 [info]: ::1 (GET) /images/3cd925d70f75c9316babdca26617d610
2022-08-31 12:35:37 [info]: ::1 (GET) /images/46cbb94d3b08d1a7b33a864b3069dc6d
2022-08-31 12:35:37 [info]: ::1 (GET) /images/40ee03823bc8c3dab09b38cc91b6e84c
2022-08-31 12:35:37 [info]: ::1 (GET) /images/45304a77a1b10d3121a8098c7b7e218f
2022-08-31 12:35:37 [info]: ::1 (GET) /images/6794309645f1a2fa2efee1992d393922
2022-08-31 12:35:37 [info]: ::1 (GET) /images/68316122f5484591f68de6c98ea99b40
2022-08-31 12:35:37 [info]: ::1 (GET) /images/691b9132c92162b4fd37f628e1500c75
2022-08-31 12:35:37 [info]: ::1 (GET) /images/75d7a3573375a1a69b1b36908b64bdc7
2022-08-31 12:35:37 [info]: ::1 (GET) /images/789cf3ccc116cb985c52e8156d662a43
2022-08-31 12:35:37 [info]: ::1 (GET) /images/7cc35c99c83e4bc30748b06e4c30d121
2022-08-31 12:35:37 [info]: ::1 (GET) /images/80f6ba8ec2337c63d469719a84137be2
2022-08-31 12:35:37 [info]: ::1 (GET) /images/846626b96e29fa7c099ed04435f028e6
2022-08-31 12:35:37 [info]: ::1 (GET) /images/9235ed8fd378deb1157ea5b1f8ac0263
2022-08-31 12:35:37 [info]: ::1 (GET) /images/94b17b92e6ed1abb5534ea5b56169dd0
2022-08-31 12:35:37 [info]: ::1 (GET) /images/9889324c50ac6e71de3ad2416a05cb21
2022-08-31 12:35:37 [info]: ::1 (GET) /images/a7f6968dee06043125d3144082bf5792
2022-08-31 12:35:37 [info]: ::1 (GET) /images/bcdcb7c55a7b42fee2b510ec70768ff3
2022-08-31 12:35:37 [info]: ::1 (GET) /images/bd05c437c7220323136e6f6d9c27b3c6
2022-08-31 12:35:37 [info]: ::1 (GET) /images/ca4645f4ec60b2b903de2106e2ddd6ce
2022-08-31 12:35:37 [info]: ::1 (GET) /images/ccb25265e42a4da0a78dcbe32e694672
2022-08-31 12:35:37 [info]: ::1 (GET) /images/cf8455ea97ae68d4416496573efdc35d
2022-08-31 12:35:37 [info]: ::1 (GET) /images/d8fa278001375d730d1597a3a77df0bf
2022-08-31 12:35:37 [info]: ::1 (GET) /images/e4c476fe40a6121d62ea299433305990
2022-08-31 12:35:37 [info]: ::1 (GET) /images/e8462c844a3c3ab8341d4ecf6d6c518f
2022-08-31 12:35:37 [info]: ::1 (GET) /images/ed62bf962cc57d836915bb1b1282a64c
2022-08-31 12:35:51 [info]: ::1 (GET) /images/
2022-08-31 12:35:51 [info]: ::1 (GET) /titles
2022-08-31 12:35:51 [info]: ::1 (GET) /users/self
2022-08-31 12:35:51 [info]: ::1 (GET) /images/
2022-08-31 12:36:06 [info]: ::1 (GET) /titles/?q=darl
2022-08-31 12:36:08 [info]: ::1 (GET) /titles/?q=dark
2022-08-31 12:36:08 [info]: ::1 (GET) /images/ca4645f4ec60b2b903de2106e2ddd6ce
2022-08-31 12:36:08 [info]: ::1 (GET) /images/80f6ba8ec2337c63d469719a84137be2
2022-08-31 12:36:13 [info]: ::1 (GET) /titles/f3f997a480a6710e8d801e6e451b78ed
2022-08-31 12:36:13 [info]: ::1 (GET) /images/ca4645f4ec60b2b903de2106e2ddd6ce
2022-08-31 12:36:23 [info]: ::1 (GET) /titles?q=dark
2022-08-31 12:36:25 [info]: ::1 (GET) /titles/f3f997a480a6710e8d801e6e451b78ed
2022-08-31 12:36:25 [info]: ::1 (GET) /images/
2022-08-31 12:36:25 [info]: ::1 (GET) /images/ca4645f4ec60b2b903de2106e2ddd6ce
2022-08-31 12:36:40 [info]: ::1 (PUT) /titles/f3f997a480a6710e8d801e6e451b78ed
2022-08-31 12:36:41 [info]: ::1 (GET) /titles/f3f997a480a6710e8d801e6e451b78ed
2022-08-31 12:36:41 [info]: ::1 (GET) /images/
2022-08-31 12:36:41 [info]: ::1 (GET) /images/ca4645f4ec60b2b903de2106e2ddd6ce
2022-08-31 12:36:42 [info]: ::1 (GET) /titles/f3f997a480a6710e8d801e6e451b78ed
2022-08-31 12:36:42 [info]: ::1 (GET) /images/ca4645f4ec60b2b903de2106e2ddd6ce
2022-08-31 12:38:44 [info]: ::1 (GET) /titles/f3f997a480a6710e8d801e6e451b78ed
2022-08-31 12:38:44 [info]: ::1 (GET) /images/ca4645f4ec60b2b903de2106e2ddd6ce
2022-08-31 12:39:19 [info]: ::1 (GET) /pages/new
2022-08-31 12:39:19 [info]: ::1 (GET) /images/bd05c437c7220323136e6f6d9c27b3c6
2022-08-31 12:39:19 [info]: ::1 (GET) /images/46cbb94d3b08d1a7b33a864b3069dc6d
2022-08-31 12:39:19 [info]: ::1 (GET) /images/08479238349c0ad801415616c0c2ad97
2022-08-31 12:39:19 [info]: ::1 (GET) /images/9235ed8fd378deb1157ea5b1f8ac0263
2022-08-31 12:39:19 [info]: ::1 (GET) /images/40ee03823bc8c3dab09b38cc91b6e84c
2022-08-31 12:39:19 [info]: ::1 (GET) /images/ed62bf962cc57d836915bb1b1282a64c
2022-08-31 12:39:19 [info]: ::1 (GET) /images/846626b96e29fa7c099ed04435f028e6
2022-08-31 12:39:19 [info]: ::1 (GET) /images/68316122f5484591f68de6c98ea99b40
2022-08-31 12:39:19 [info]: ::1 (GET) /images/ccb25265e42a4da0a78dcbe32e694672
2022-08-31 12:39:19 [info]: ::1 (GET) /images/e4c476fe40a6121d62ea299433305990
2022-08-31 12:39:22 [info]: ::1 (GET) /titles/a3c03a6ef7af66b25319abb88b72c9bc
2022-08-31 12:39:22 [info]: ::1 (GET) /images/846626b96e29fa7c099ed04435f028e6
2022-08-31 12:45:07 [info]: ::1 (GET) /titles/a3c03a6ef7af66b25319abb88b72c9bc
2022-08-31 12:46:15 [info]: ::1 (GET) /titles/a3c03a6ef7af66b25319abb88b72c9bc
2022-08-31 12:46:15 [info]: ::1 (GET) /images/846626b96e29fa7c099ed04435f028e6
2022-08-31 12:47:33 [info]: ::1 (GET) /titles/a3c03a6ef7af66b25319abb88b72c9bc
2022-08-31 12:47:34 [info]: ::1 (GET) /images/846626b96e29fa7c099ed04435f028e6
2022-08-31 12:48:03 [info]: ::1 (GET) /titles/a3c03a6ef7af66b25319abb88b72c9bc
2022-08-31 12:48:03 [info]: ::1 (GET) /images/846626b96e29fa7c099ed04435f028e6
2022-08-31 12:48:55 [info]: ::1 (GET) /titles/a3c03a6ef7af66b25319abb88b72c9bc
2022-08-31 12:48:55 [info]: ::1 (GET) /titles/a3c03a6ef7af66b25319abb88b72c9bc
2022-08-31 12:48:55 [info]: ::1 (GET) /images/846626b96e29fa7c099ed04435f028e6
2022-08-31 12:48:57 [info]: ::1 (GET) /titles/a3c03a6ef7af66b25319abb88b72c9bc
2022-08-31 12:48:58 [info]: ::1 (GET) /images/846626b96e29fa7c099ed04435f028e6
2022-08-31 12:49:04 [info]: ::1 (GET) /auth
2022-08-31 12:49:04 [info]: ::1 (GET) /users/self
2022-08-31 12:49:04 [info]: ::1 (GET) /users/28eb5ad4bdc905f3/ratings/a3c03a6ef7af66b25319abb88b72c9bc
2022-08-31 12:49:07 [info]: ::1 (POST) /users/28eb5ad4bdc905f3/ratings/a3c03a6ef7af66b25319abb88b72c9bc
2022-08-31 12:49:09 [info]: ::1 (GET) /titles/a3c03a6ef7af66b25319abb88b72c9bc
2022-08-31 12:49:09 [info]: ::1 (GET) /users/self
2022-08-31 12:49:09 [info]: ::1 (GET) /images/846626b96e29fa7c099ed04435f028e6
2022-08-31 12:49:09 [info]: ::1 (GET) /users/28eb5ad4bdc905f3/ratings/a3c03a6ef7af66b25319abb88b72c9bc
2022-08-31 12:49:24 [info]: ::1 (GET) /users/self
2022-08-31 12:49:25 [info]: ::1 (GET) /pages/new
2022-08-31 12:49:25 [info]: ::1 (GET) /users/self
2022-08-31 12:49:25 [info]: ::1 (GET) /images/846626b96e29fa7c099ed04435f028e6
2022-08-31 12:49:25 [info]: ::1 (GET) /images/bd05c437c7220323136e6f6d9c27b3c6
2022-08-31 12:49:25 [info]: ::1 (GET) /images/46cbb94d3b08d1a7b33a864b3069dc6d
2022-08-31 12:49:25 [info]: ::1 (GET) /images/08479238349c0ad801415616c0c2ad97
2022-08-31 12:49:25 [info]: ::1 (GET) /images/9235ed8fd378deb1157ea5b1f8ac0263
2022-08-31 12:49:25 [info]: ::1 (GET) /images/40ee03823bc8c3dab09b38cc91b6e84c
2022-08-31 12:49:25 [info]: ::1 (GET) /images/ed62bf962cc57d836915bb1b1282a64c
2022-08-31 12:49:25 [info]: ::1 (GET) /images/ccb25265e42a4da0a78dcbe32e694672
2022-08-31 12:49:25 [info]: ::1 (GET) /images/e4c476fe40a6121d62ea299433305990
2022-08-31 12:49:25 [info]: ::1 (GET) /images/68316122f5484591f68de6c98ea99b40
2022-08-31 12:49:29 [info]: ::1 (GET) /users/self
2022-08-31 12:49:34 [info]: ::1 (GET) /users/self
2022-08-31 12:50:29 [info]: ::1 (GET) /titles
2022-08-31 12:51:59 [info]: ::1 (POST) /lists
2022-08-31 12:52:05 [info]: ::1 (GET) /auth
2022-08-31 12:52:24 [info]: ::1 (POST) /lists
2022-08-31 12:53:18 [info]: ::1 (POST) /lists
2022-08-31 12:54:48 [info]: ::1 (GET) /titles?q=breaking
2022-08-31 12:54:49 [info]: ::1 (GET) /titles/28b43e54887abbe25867a143ffce26e0
2022-08-31 12:54:49 [info]: ::1 (GET) /images/
2022-08-31 12:54:49 [info]: ::1 (GET) /images/40ee03823bc8c3dab09b38cc91b6e84c
2022-08-31 12:55:24 [info]: ::1 (PUT) /titles/28b43e54887abbe25867a143ffce26e0
2022-08-31 12:55:24 [info]: ::1 (GET) /titles/28b43e54887abbe25867a143ffce26e0
2022-08-31 12:55:24 [info]: ::1 (GET) /images/
2022-08-31 12:55:24 [info]: ::1 (GET) /images/40ee03823bc8c3dab09b38cc91b6e84c
2022-08-31 12:55:29 [info]: ::1 (GET) /titles?q=planet%20earth
2022-08-31 12:55:31 [info]: ::1 (GET) /titles/9bd62abb31a6d7e289ca91ca96739483
2022-08-31 12:55:31 [info]: ::1 (GET) /images/
2022-08-31 12:55:31 [info]: ::1 (GET) /images/789cf3ccc116cb985c52e8156d662a43
2022-08-31 12:56:05 [info]: ::1 (PUT) /titles/9bd62abb31a6d7e289ca91ca96739483
2022-08-31 12:56:06 [info]: ::1 (GET) /titles/9bd62abb31a6d7e289ca91ca96739483
2022-08-31 12:56:06 [info]: ::1 (GET) /images/
2022-08-31 12:56:06 [info]: ::1 (GET) /images/789cf3ccc116cb985c52e8156d662a43
2022-08-31 12:56:12 [info]: ::1 (GET) /titles?q=band
2022-08-31 12:56:13 [info]: ::1 (GET) /titles/4a2271444ac00e862396172b7de18bf0
2022-08-31 12:56:13 [info]: ::1 (GET) /images/
2022-08-31 12:56:13 [info]: ::1 (GET) /images/45304a77a1b10d3121a8098c7b7e218f
2022-08-31 12:56:48 [info]: ::1 (PUT) /titles/4a2271444ac00e862396172b7de18bf0
2022-08-31 12:56:48 [info]: ::1 (GET) /titles/4a2271444ac00e862396172b7de18bf0
2022-08-31 12:56:48 [info]: ::1 (GET) /images/
2022-08-31 12:56:48 [info]: ::1 (GET) /images/45304a77a1b10d3121a8098c7b7e218f
2022-08-31 12:56:57 [info]: ::1 (GET) /titles?q=rehearsal
2022-08-31 12:56:58 [info]: ::1 (GET) /titles/1a93573058112f572f2eedf660ae3caa
2022-08-31 12:56:58 [info]: ::1 (GET) /images/
2022-08-31 12:56:58 [info]: ::1 (GET) /images/08479238349c0ad801415616c0c2ad97
2022-08-31 12:57:28 [info]: ::1 (PUT) /titles/1a93573058112f572f2eedf660ae3caa
2022-08-31 12:57:28 [info]: ::1 (GET) /titles/1a93573058112f572f2eedf660ae3caa
2022-08-31 12:57:28 [info]: ::1 (GET) /images/
2022-08-31 12:57:28 [info]: ::1 (GET) /images/08479238349c0ad801415616c0c2ad97
2022-08-31 12:57:47 [info]: ::1 (GET) /titles?q=fargo
2022-08-31 12:57:48 [info]: ::1 (GET) /titles/aaa4b42bb6fd4e984c09a061fbe08fa0
2022-08-31 12:57:48 [info]: ::1 (GET) /images/
2022-08-31 12:57:48 [info]: ::1 (GET) /images/ccb25265e42a4da0a78dcbe32e694672
2022-08-31 12:58:13 [info]: ::1 (PUT) /titles/aaa4b42bb6fd4e984c09a061fbe08fa0
2022-08-31 12:58:13 [info]: ::1 (GET) /titles/aaa4b42bb6fd4e984c09a061fbe08fa0
2022-08-31 12:58:13 [info]: ::1 (GET) /images/
2022-08-31 12:58:13 [info]: ::1 (GET) /images/ccb25265e42a4da0a78dcbe32e694672
2022-08-31 12:58:33 [info]: ::1 (GET) /titles?q=nathan
2022-08-31 12:58:34 [info]: ::1 (GET) /titles/de724745f88c65fedfc0e01ebba05eab
2022-08-31 12:58:34 [info]: ::1 (GET) /images/
2022-08-31 12:58:34 [info]: ::1 (GET) /images/35f334f9a26e74c2f5edfbd06426a264
2022-08-31 12:58:56 [info]: ::1 (PUT) /titles/de724745f88c65fedfc0e01ebba05eab
2022-08-31 12:58:56 [info]: ::1 (GET) /titles/de724745f88c65fedfc0e01ebba05eab
2022-08-31 12:58:56 [info]: ::1 (GET) /images/
2022-08-31 12:58:56 [info]: ::1 (GET) /images/35f334f9a26e74c2f5edfbd06426a264
2022-08-31 12:59:10 [info]: ::1 (GET) /titles?q=narcos
2022-08-31 12:59:12 [info]: ::1 (GET) /titles/902c07b42b7eb3c040f79b9e017127f1
2022-08-31 12:59:12 [info]: ::1 (GET) /images/
2022-08-31 12:59:12 [info]: ::1 (GET) /images/3cd925d70f75c9316babdca26617d610
2022-08-31 12:59:28 [info]: ::1 (PUT) /titles/902c07b42b7eb3c040f79b9e017127f1
2022-08-31 12:59:28 [info]: ::1 (GET) /titles/902c07b42b7eb3c040f79b9e017127f1
2022-08-31 12:59:28 [info]: ::1 (GET) /images/
2022-08-31 12:59:28 [info]: ::1 (GET) /images/3cd925d70f75c9316babdca26617d610
2022-08-31 12:59:48 [info]: ::1 (GET) /titles?q=black
2022-08-31 12:59:50 [info]: ::1 (GET) /titles/c3e35a8936f8019223df2e60833e9534
2022-08-31 12:59:50 [info]: ::1 (GET) /images/
2022-08-31 12:59:50 [info]: ::1 (GET) /images/e4c476fe40a6121d62ea299433305990
2022-08-31 13:00:23 [info]: ::1 (PUT) /titles/c3e35a8936f8019223df2e60833e9534
2022-08-31 13:00:23 [info]: ::1 (GET) /titles/c3e35a8936f8019223df2e60833e9534
2022-08-31 13:00:23 [info]: ::1 (GET) /images/
2022-08-31 13:00:23 [info]: ::1 (GET) /images/e4c476fe40a6121d62ea299433305990
2022-08-31 13:00:30 [info]: ::1 (GET) /titles?q=peaky
2022-08-31 13:00:31 [info]: ::1 (GET) /titles/c4356f11201cd23abfc1d46d196a51e2
2022-08-31 13:00:31 [info]: ::1 (GET) /images/
2022-08-31 13:00:31 [info]: ::1 (GET) /images/cf8455ea97ae68d4416496573efdc35d
2022-08-31 13:00:57 [info]: ::1 (PUT) /titles/c4356f11201cd23abfc1d46d196a51e2
2022-08-31 13:00:57 [info]: ::1 (GET) /titles/c4356f11201cd23abfc1d46d196a51e2
2022-08-31 13:00:57 [info]: ::1 (GET) /images/
2022-08-31 13:00:57 [info]: ::1 (GET) /images/cf8455ea97ae68d4416496573efdc35d
2022-08-31 13:01:03 [info]: ::1 (GET) /titles?q=yellowstone
2022-08-31 13:01:04 [info]: ::1 (GET) /titles/0bbffa8cca43b958b81fdf60ea2a302c
2022-08-31 13:01:04 [info]: ::1 (GET) /images/
2022-08-31 13:01:04 [info]: ::1 (GET) /images/bd05c437c7220323136e6f6d9c27b3c6
2022-08-31 13:01:34 [info]: ::1 (PUT) /titles/0bbffa8cca43b958b81fdf60ea2a302c
2022-08-31 13:01:35 [info]: ::1 (GET) /titles/0bbffa8cca43b958b81fdf60ea2a302c
2022-08-31 13:01:35 [info]: ::1 (GET) /images/
2022-08-31 13:01:35 [info]: ::1 (GET) /images/bd05c437c7220323136e6f6d9c27b3c6
2022-08-31 13:01:54 [info]: ::1 (GET) /titles?q=stranger
2022-08-31 13:01:55 [info]: ::1 (GET) /titles/535459cf2a696dc16eac8c3e26aeed5c
2022-08-31 13:01:55 [info]: ::1 (GET) /images/
2022-08-31 13:01:55 [info]: ::1 (GET) /images/ed62bf962cc57d836915bb1b1282a64c
2022-08-31 13:02:16 [info]: ::1 (PUT) /titles/535459cf2a696dc16eac8c3e26aeed5c
2022-08-31 13:02:17 [info]: ::1 (GET) /titles/535459cf2a696dc16eac8c3e26aeed5c
2022-08-31 13:02:17 [info]: ::1 (GET) /images/
2022-08-31 13:02:17 [info]: ::1 (GET) /images/ed62bf962cc57d836915bb1b1282a64c
2022-08-31 13:02:23 [info]: ::1 (GET) /titles?q=boys
2022-08-31 13:02:24 [info]: ::1 (GET) /titles/a3c03a6ef7af66b25319abb88b72c9bc
2022-08-31 13:02:24 [info]: ::1 (GET) /images/
2022-08-31 13:02:24 [info]: ::1 (GET) /images/846626b96e29fa7c099ed04435f028e6
2022-08-31 13:02:52 [info]: ::1 (PUT) /titles/a3c03a6ef7af66b25319abb88b72c9bc
2022-08-31 13:02:52 [info]: ::1 (GET) /titles/a3c03a6ef7af66b25319abb88b72c9bc
2022-08-31 13:02:52 [info]: ::1 (GET) /images/
2022-08-31 13:02:52 [info]: ::1 (GET) /images/846626b96e29fa7c099ed04435f028e6
2022-08-31 13:03:05 [info]: ::1 (GET) /titles?q=ozark
2022-08-31 13:03:06 [info]: ::1 (GET) /titles/1b1416d0e88fd7094199f31b1ab572f9
2022-08-31 13:03:07 [info]: ::1 (GET) /images/
2022-08-31 13:03:07 [info]: ::1 (GET) /images/9235ed8fd378deb1157ea5b1f8ac0263
2022-08-31 13:03:26 [info]: ::1 (PUT) /titles/1b1416d0e88fd7094199f31b1ab572f9
2022-08-31 13:03:26 [info]: ::1 (GET) /titles/1b1416d0e88fd7094199f31b1ab572f9
2022-08-31 13:03:26 [info]: ::1 (GET) /images/
2022-08-31 13:03:26 [info]: ::1 (GET) /images/9235ed8fd378deb1157ea5b1f8ac0263
2022-08-31 13:03:44 [info]: ::1 (GET) /titles?q=euphoria
2022-08-31 13:03:45 [info]: ::1 (GET) /titles/a6d0850a32f326cae995d9adc391bd8c
2022-08-31 13:03:45 [info]: ::1 (GET) /images/
2022-08-31 13:03:45 [info]: ::1 (GET) /images/68316122f5484591f68de6c98ea99b40
2022-08-31 13:04:04 [info]: ::1 (PUT) /titles/a6d0850a32f326cae995d9adc391bd8c
2022-08-31 13:04:04 [info]: ::1 (GET) /titles/a6d0850a32f326cae995d9adc391bd8c
2022-08-31 13:04:04 [info]: ::1 (GET) /images/
2022-08-31 13:04:04 [info]: ::1 (GET) /images/68316122f5484591f68de6c98ea99b40
2022-08-31 13:04:21 [info]: ::1 (GET) /titles?q=witcher
2022-08-31 13:04:23 [info]: ::1 (GET) /titles/10fa17ca9157be44959290f3f892aab6
2022-08-31 13:04:23 [info]: ::1 (GET) /images/
2022-08-31 13:04:23 [info]: ::1 (GET) /images/46cbb94d3b08d1a7b33a864b3069dc6d
2022-08-31 13:04:40 [info]: ::1 (PUT) /titles/10fa17ca9157be44959290f3f892aab6
2022-08-31 13:04:40 [info]: ::1 (GET) /titles/10fa17ca9157be44959290f3f892aab6
2022-08-31 13:04:40 [info]: ::1 (GET) /images/
2022-08-31 13:04:40 [info]: ::1 (GET) /images/46cbb94d3b08d1a7b33a864b3069dc6d
2022-08-31 13:06:01 [info]: ::1 (GET) /pages/new
2022-08-31 13:06:01 [info]: ::1 (GET) /users/self
2022-08-31 13:06:01 [info]: ::1 (GET) /images/bd05c437c7220323136e6f6d9c27b3c6
2022-08-31 13:06:01 [info]: ::1 (GET) /images/46cbb94d3b08d1a7b33a864b3069dc6d
2022-08-31 13:06:01 [info]: ::1 (GET) /images/08479238349c0ad801415616c0c2ad97
2022-08-31 13:06:01 [info]: ::1 (GET) /images/ed62bf962cc57d836915bb1b1282a64c
2022-08-31 13:06:01 [info]: ::1 (GET) /images/9235ed8fd378deb1157ea5b1f8ac0263
2022-08-31 13:06:01 [info]: ::1 (GET) /images/40ee03823bc8c3dab09b38cc91b6e84c
2022-08-31 13:06:01 [info]: ::1 (GET) /images/846626b96e29fa7c099ed04435f028e6
2022-08-31 13:06:01 [info]: ::1 (GET) /images/68316122f5484591f68de6c98ea99b40
2022-08-31 13:06:01 [info]: ::1 (GET) /images/ccb25265e42a4da0a78dcbe32e694672
2022-08-31 13:06:01 [info]: ::1 (GET) /images/e4c476fe40a6121d62ea299433305990
2022-08-31 13:06:01 [info]: ::1 (GET) /titles/10fa17ca9157be44959290f3f892aab6
2022-08-31 13:06:01 [info]: ::1 (GET) /users/self
2022-08-31 13:06:02 [info]: ::1 (GET) /images/46cbb94d3b08d1a7b33a864b3069dc6d
2022-08-31 13:06:02 [info]: ::1 (GET) /users/28eb5ad4bdc905f3/ratings/10fa17ca9157be44959290f3f892aab6
2022-08-31 13:07:11 [info]: ::1 (POST) /lists
2022-08-31 13:08:58 [info]: ::1 (POST) /lists
2022-08-31 13:11:07 [info]: ::1 (POST) /lists
2022-08-31 13:13:05 [info]: API listening at http://localhost:9000
2022-08-31 13:13:10 [info]: ::1 (GET) /titles/10fa17ca9157be44959290f3f892aab6
2022-08-31 13:13:10 [info]: ::1 (GET) /users/self
2022-08-31 13:13:11 [info]: ::1 (GET) /images/46cbb94d3b08d1a7b33a864b3069dc6d
2022-08-31 13:13:11 [info]: ::1 (GET) /users/28eb5ad4bdc905f3/ratings/10fa17ca9157be44959290f3f892aab6
2022-08-31 13:13:12 [info]: ::1 (GET) /pages/new
2022-08-31 13:13:12 [info]: ::1 (GET) /users/self
2022-08-31 13:13:12 [info]: ::1 (GET) /images/46cbb94d3b08d1a7b33a864b3069dc6d
2022-08-31 13:13:12 [info]: ::1 (GET) /images/bd05c437c7220323136e6f6d9c27b3c6
2022-08-31 13:13:12 [info]: ::1 (GET) /images/08479238349c0ad801415616c0c2ad97
2022-08-31 13:13:12 [info]: ::1 (GET) /images/9235ed8fd378deb1157ea5b1f8ac0263
2022-08-31 13:13:12 [info]: ::1 (GET) /images/40ee03823bc8c3dab09b38cc91b6e84c
2022-08-31 13:13:12 [info]: ::1 (GET) /images/ed62bf962cc57d836915bb1b1282a64c
2022-08-31 13:13:12 [info]: ::1 (GET) /images/846626b96e29fa7c099ed04435f028e6
2022-08-31 13:13:12 [info]: ::1 (GET) /images/68316122f5484591f68de6c98ea99b40
2022-08-31 13:13:12 [info]: ::1 (GET) /images/ccb25265e42a4da0a78dcbe32e694672
2022-08-31 13:13:12 [info]: ::1 (GET) /images/e4c476fe40a6121d62ea299433305990
2022-08-31 13:13:12 [info]: ::1 (GET) /images/45304a77a1b10d3121a8098c7b7e218f
2022-08-31 13:13:12 [info]: ::1 (GET) /images/789cf3ccc116cb985c52e8156d662a43
2022-08-31 13:13:12 [info]: ::1 (GET) /images/35f334f9a26e74c2f5edfbd06426a264
2022-08-31 13:13:12 [info]: ::1 (GET) /images/3948a009c10c272fcc770643e1f28c06
2022-08-31 13:13:12 [info]: ::1 (GET) /images/80f6ba8ec2337c63d469719a84137be2
2022-08-31 13:13:12 [info]: ::1 (GET) /images/75d7a3573375a1a69b1b36908b64bdc7
2022-08-31 13:13:12 [info]: ::1 (GET) /images/a7f6968dee06043125d3144082bf5792
2022-08-31 13:13:12 [info]: ::1 (GET) /images/6794309645f1a2fa2efee1992d393922
2022-08-31 13:13:12 [info]: ::1 (GET) /images/ca4645f4ec60b2b903de2106e2ddd6ce
2022-08-31 13:13:12 [info]: ::1 (GET) /images/3cd925d70f75c9316babdca26617d610
2022-08-31 13:13:12 [info]: ::1 (GET) /images/cf8455ea97ae68d4416496573efdc35d
2022-08-31 13:13:12 [info]: ::1 (GET) /images/7cc35c99c83e4bc30748b06e4c30d121
2022-08-31 13:13:12 [info]: ::1 (GET) /images/e8462c844a3c3ab8341d4ecf6d6c518f
2022-08-31 13:13:12 [info]: ::1 (GET) /images/2cf39c004d640423f953a22e2b990e16
2022-08-31 13:13:12 [info]: ::1 (GET) /images/691b9132c92162b4fd37f628e1500c75
2022-08-31 13:13:12 [info]: ::1 (GET) /images/bcdcb7c55a7b42fee2b510ec70768ff3
2022-08-31 13:13:12 [info]: ::1 (GET) /images/2d31d471f09e2f29f208156327acbeac
2022-08-31 13:13:12 [info]: ::1 (GET) /images/9889324c50ac6e71de3ad2416a05cb21
2022-08-31 13:13:12 [info]: ::1 (GET) /images/d8fa278001375d730d1597a3a77df0bf
2022-08-31 13:13:12 [info]: ::1 (GET) /images/94b17b92e6ed1abb5534ea5b56169dd0
2022-08-31 13:13:54 [info]: ::1 (GET) /titles/0d7a0ef03d5014d1842ea41a92933e15
2022-08-31 13:13:54 [info]: ::1 (GET) /users/self
2022-08-31 13:13:54 [info]: ::1 (GET) /images/2d31d471f09e2f29f208156327acbeac
2022-08-31 13:13:54 [info]: ::1 (GET) /users/28eb5ad4bdc905f3/ratings/0d7a0ef03d5014d1842ea41a92933e15
2022-08-31 13:14:14 [info]: ::1 (GET) /users/self
2022-08-31 13:14:16 [info]: ::1 (GET) /users/self
2022-08-31 13:14:16 [info]: ::1 (GET) /pages/new
2022-08-31 13:14:17 [info]: ::1 (GET) /images/bd05c437c7220323136e6f6d9c27b3c6
2022-08-31 13:14:17 [info]: ::1 (GET) /images/46cbb94d3b08d1a7b33a864b3069dc6d
2022-08-31 13:14:17 [info]: ::1 (GET) /images/08479238349c0ad801415616c0c2ad97
2022-08-31 13:14:17 [info]: ::1 (GET) /images/9235ed8fd378deb1157ea5b1f8ac0263
2022-08-31 13:14:17 [info]: ::1 (GET) /images/40ee03823bc8c3dab09b38cc91b6e84c
2022-08-31 13:14:17 [info]: ::1 (GET) /images/ed62bf962cc57d836915bb1b1282a64c
2022-08-31 13:14:17 [info]: ::1 (GET) /images/846626b96e29fa7c099ed04435f028e6
2022-08-31 13:14:17 [info]: ::1 (GET) /images/68316122f5484591f68de6c98ea99b40
2022-08-31 13:14:17 [info]: ::1 (GET) /images/ccb25265e42a4da0a78dcbe32e694672
2022-08-31 13:14:17 [info]: ::1 (GET) /images/e4c476fe40a6121d62ea299433305990
2022-08-31 13:14:17 [info]: ::1 (GET) /images/45304a77a1b10d3121a8098c7b7e218f
2022-08-31 13:14:17 [info]: ::1 (GET) /images/789cf3ccc116cb985c52e8156d662a43
2022-08-31 13:14:17 [info]: ::1 (GET) /images/75d7a3573375a1a69b1b36908b64bdc7
2022-08-31 13:14:17 [info]: ::1 (GET) /images/80f6ba8ec2337c63d469719a84137be2
2022-08-31 13:14:17 [info]: ::1 (GET) /images/7cc35c99c83e4bc30748b06e4c30d121
2022-08-31 13:14:17 [info]: ::1 (GET) /images/3cd925d70f75c9316babdca26617d610
2022-08-31 13:14:17 [info]: ::1 (GET) /images/e8462c844a3c3ab8341d4ecf6d6c518f
2022-08-31 13:14:17 [info]: ::1 (GET) /images/ca4645f4ec60b2b903de2106e2ddd6ce
2022-08-31 13:14:17 [info]: ::1 (GET) /images/a7f6968dee06043125d3144082bf5792
2022-08-31 13:14:17 [info]: ::1 (GET) /images/3948a009c10c272fcc770643e1f28c06
2022-08-31 13:14:17 [info]: ::1 (GET) /images/35f334f9a26e74c2f5edfbd06426a264
2022-08-31 13:14:17 [info]: ::1 (GET) /images/cf8455ea97ae68d4416496573efdc35d
2022-08-31 13:14:17 [info]: ::1 (GET) /images/6794309645f1a2fa2efee1992d393922
2022-08-31 13:14:17 [info]: ::1 (GET) /images/2cf39c004d640423f953a22e2b990e16
2022-08-31 13:14:17 [info]: ::1 (GET) /images/691b9132c92162b4fd37f628e1500c75
2022-08-31 13:14:17 [info]: ::1 (GET) /images/bcdcb7c55a7b42fee2b510ec70768ff3
2022-08-31 13:14:17 [info]: ::1 (GET) /images/2d31d471f09e2f29f208156327acbeac
2022-08-31 13:14:17 [info]: ::1 (GET) /images/9889324c50ac6e71de3ad2416a05cb21
2022-08-31 13:14:17 [info]: ::1 (GET) /images/d8fa278001375d730d1597a3a77df0bf
2022-08-31 13:14:17 [info]: ::1 (GET) /images/94b17b92e6ed1abb5534ea5b56169dd0
2022-08-31 18:50:43 [info]: ::1 (GET) /pages/new
2022-08-31 18:50:43 [info]: ::1 (GET) /users/self
2022-08-31 18:50:43 [info]: ::1 (GET) /images/bd05c437c7220323136e6f6d9c27b3c6
2022-08-31 18:50:43 [info]: ::1 (GET) /images/46cbb94d3b08d1a7b33a864b3069dc6d
2022-08-31 18:50:43 [info]: ::1 (GET) /images/08479238349c0ad801415616c0c2ad97
2022-08-31 18:50:43 [info]: ::1 (GET) /images/9235ed8fd378deb1157ea5b1f8ac0263
2022-08-31 18:50:43 [info]: ::1 (GET) /images/40ee03823bc8c3dab09b38cc91b6e84c
2022-08-31 18:50:43 [info]: ::1 (GET) /images/ed62bf962cc57d836915bb1b1282a64c
2022-08-31 18:50:43 [info]: ::1 (GET) /images/846626b96e29fa7c099ed04435f028e6
2022-08-31 18:50:43 [info]: ::1 (GET) /images/68316122f5484591f68de6c98ea99b40
2022-08-31 18:50:43 [info]: ::1 (GET) /images/ccb25265e42a4da0a78dcbe32e694672
2022-08-31 18:50:43 [info]: ::1 (GET) /images/e4c476fe40a6121d62ea299433305990
2022-08-31 18:50:43 [info]: ::1 (GET) /images/45304a77a1b10d3121a8098c7b7e218f
2022-08-31 18:50:43 [info]: ::1 (GET) /images/789cf3ccc116cb985c52e8156d662a43
2022-08-31 18:50:43 [info]: ::1 (GET) /images/35f334f9a26e74c2f5edfbd06426a264
2022-08-31 18:50:43 [info]: ::1 (GET) /images/3948a009c10c272fcc770643e1f28c06
2022-08-31 18:50:43 [info]: ::1 (GET) /images/80f6ba8ec2337c63d469719a84137be2
2022-08-31 18:50:43 [info]: ::1 (GET) /images/75d7a3573375a1a69b1b36908b64bdc7
2022-08-31 18:50:43 [info]: ::1 (GET) /images/a7f6968dee06043125d3144082bf5792
2022-08-31 18:50:43 [info]: ::1 (GET) /images/6794309645f1a2fa2efee1992d393922
2022-08-31 18:50:43 [info]: ::1 (GET) /images/ca4645f4ec60b2b903de2106e2ddd6ce
2022-08-31 18:50:43 [info]: ::1 (GET) /images/3cd925d70f75c9316babdca26617d610
2022-08-31 18:50:43 [info]: ::1 (GET) /images/cf8455ea97ae68d4416496573efdc35d
2022-08-31 18:50:43 [info]: ::1 (GET) /images/7cc35c99c83e4bc30748b06e4c30d121
2022-08-31 18:50:43 [info]: ::1 (GET) /images/e8462c844a3c3ab8341d4ecf6d6c518f
2022-08-31 18:50:43 [info]: ::1 (GET) /images/2cf39c004d640423f953a22e2b990e16
2022-08-31 18:50:43 [info]: ::1 (GET) /images/691b9132c92162b4fd37f628e1500c75
2022-08-31 18:50:43 [info]: ::1 (GET) /images/bcdcb7c55a7b42fee2b510ec70768ff3
2022-08-31 18:50:43 [info]: ::1 (GET) /images/2d31d471f09e2f29f208156327acbeac
2022-08-31 18:50:43 [info]: ::1 (GET) /images/9889324c50ac6e71de3ad2416a05cb21
2022-08-31 18:50:43 [info]: ::1 (GET) /images/d8fa278001375d730d1597a3a77df0bf
2022-08-31 18:50:43 [info]: ::1 (GET) /images/94b17b92e6ed1abb5534ea5b56169dd0
2022-08-31 18:52:16 [info]: ::1 (GET) /titles/4a2271444ac00e862396172b7de18bf0
2022-08-31 18:52:16 [info]: ::1 (GET) /images/45304a77a1b10d3121a8098c7b7e218f
2022-08-31 18:52:30 [info]: ::1 (GET) /pages/new
2022-08-31 18:52:30 [info]: ::1 (GET) /images/bd05c437c7220323136e6f6d9c27b3c6
2022-08-31 18:52:30 [info]: ::1 (GET) /images/46cbb94d3b08d1a7b33a864b3069dc6d
2022-08-31 18:52:30 [info]: ::1 (GET) /images/08479238349c0ad801415616c0c2ad97
2022-08-31 18:52:30 [info]: ::1 (GET) /images/9235ed8fd378deb1157ea5b1f8ac0263
2022-08-31 18:52:30 [info]: ::1 (GET) /images/40ee03823bc8c3dab09b38cc91b6e84c
2022-08-31 18:52:30 [info]: ::1 (GET) /images/ed62bf962cc57d836915bb1b1282a64c
2022-08-31 18:52:30 [info]: ::1 (GET) /images/846626b96e29fa7c099ed04435f028e6
2022-08-31 18:52:30 [info]: ::1 (GET) /images/68316122f5484591f68de6c98ea99b40
2022-08-31 18:52:30 [info]: ::1 (GET) /images/ccb25265e42a4da0a78dcbe32e694672
2022-08-31 18:52:30 [info]: ::1 (GET) /images/e4c476fe40a6121d62ea299433305990
2022-08-31 18:52:30 [info]: ::1 (GET) /images/45304a77a1b10d3121a8098c7b7e218f
2022-08-31 18:52:30 [info]: ::1 (GET) /images/789cf3ccc116cb985c52e8156d662a43
2022-08-31 18:52:30 [info]: ::1 (GET) /images/35f334f9a26e74c2f5edfbd06426a264
2022-08-31 18:52:30 [info]: ::1 (GET) /images/3948a009c10c272fcc770643e1f28c06
2022-08-31 18:52:30 [info]: ::1 (GET) /images/80f6ba8ec2337c63d469719a84137be2
2022-08-31 18:52:30 [info]: ::1 (GET) /images/75d7a3573375a1a69b1b36908b64bdc7
2022-08-31 18:52:30 [info]: ::1 (GET) /images/a7f6968dee06043125d3144082bf5792
2022-08-31 18:52:30 [info]: ::1 (GET) /images/6794309645f1a2fa2efee1992d393922
2022-08-31 18:52:30 [info]: ::1 (GET) /images/ca4645f4ec60b2b903de2106e2ddd6ce
2022-08-31 18:52:30 [info]: ::1 (GET) /images/3cd925d70f75c9316babdca26617d610
2022-08-31 18:52:30 [info]: ::1 (GET) /images/cf8455ea97ae68d4416496573efdc35d
2022-08-31 18:52:30 [info]: ::1 (GET) /images/7cc35c99c83e4bc30748b06e4c30d121
2022-08-31 18:52:30 [info]: ::1 (GET) /images/e8462c844a3c3ab8341d4ecf6d6c518f
2022-08-31 18:52:30 [info]: ::1 (GET) /images/2cf39c004d640423f953a22e2b990e16
2022-08-31 18:52:30 [info]: ::1 (GET) /images/691b9132c92162b4fd37f628e1500c75
2022-08-31 18:52:30 [info]: ::1 (GET) /images/bcdcb7c55a7b42fee2b510ec70768ff3
2022-08-31 18:52:30 [info]: ::1 (GET) /images/2d31d471f09e2f29f208156327acbeac
2022-08-31 18:52:30 [info]: ::1 (GET) /images/9889324c50ac6e71de3ad2416a05cb21
2022-08-31 18:52:30 [info]: ::1 (GET) /images/d8fa278001375d730d1597a3a77df0bf
2022-08-31 18:52:30 [info]: ::1 (GET) /images/94b17b92e6ed1abb5534ea5b56169dd0
2022-08-31 18:52:44 [info]: ::1 (GET) /titles/a7c173bdcf0f3c7f33caebd61f76d870
2022-08-31 18:52:44 [info]: ::1 (GET) /images/e8462c844a3c3ab8341d4ecf6d6c518f
2022-08-31 18:54:01 [info]: ::1 (GET) /pages/new
2022-08-31 18:54:01 [info]: ::1 (GET) /images/bd05c437c7220323136e6f6d9c27b3c6
2022-08-31 18:54:01 [info]: ::1 (GET) /images/46cbb94d3b08d1a7b33a864b3069dc6d
2022-08-31 18:54:01 [info]: ::1 (GET) /images/08479238349c0ad801415616c0c2ad97
2022-08-31 18:54:01 [info]: ::1 (GET) /images/40ee03823bc8c3dab09b38cc91b6e84c
2022-08-31 18:54:01 [info]: ::1 (GET) /images/9235ed8fd378deb1157ea5b1f8ac0263
2022-08-31 18:54:01 [info]: ::1 (GET) /images/ed62bf962cc57d836915bb1b1282a64c
2022-08-31 18:54:01 [info]: ::1 (GET) /images/e8462c844a3c3ab8341d4ecf6d6c518f
2022-08-31 18:54:01 [info]: ::1 (GET) /images/80f6ba8ec2337c63d469719a84137be2
2022-08-31 18:54:01 [info]: ::1 (GET) /images/45304a77a1b10d3121a8098c7b7e218f
2022-08-31 18:54:01 [info]: ::1 (GET) /images/cf8455ea97ae68d4416496573efdc35d
2022-08-31 18:54:01 [info]: ::1 (GET) /images/e4c476fe40a6121d62ea299433305990
2022-08-31 18:54:01 [info]: ::1 (GET) /images/ccb25265e42a4da0a78dcbe32e694672
2022-08-31 18:54:01 [info]: ::1 (GET) /images/7cc35c99c83e4bc30748b06e4c30d121
2022-08-31 18:54:01 [info]: ::1 (GET) /images/ca4645f4ec60b2b903de2106e2ddd6ce
2022-08-31 18:54:01 [info]: ::1 (GET) /images/68316122f5484591f68de6c98ea99b40
2022-08-31 18:54:01 [info]: ::1 (GET) /images/846626b96e29fa7c099ed04435f028e6
2022-08-31 18:54:01 [info]: ::1 (GET) /images/789cf3ccc116cb985c52e8156d662a43
2022-08-31 18:54:01 [info]: ::1 (GET) /images/75d7a3573375a1a69b1b36908b64bdc7
2022-08-31 18:54:01 [info]: ::1 (GET) /images/35f334f9a26e74c2f5edfbd06426a264
2022-08-31 18:54:01 [info]: ::1 (GET) /images/3cd925d70f75c9316babdca26617d610
2022-08-31 18:54:01 [info]: ::1 (GET) /images/6794309645f1a2fa2efee1992d393922
2022-08-31 18:54:01 [info]: ::1 (GET) /images/3948a009c10c272fcc770643e1f28c06
2022-08-31 18:54:01 [info]: ::1 (GET) /images/a7f6968dee06043125d3144082bf5792
2022-08-31 18:54:01 [info]: ::1 (GET) /images/2cf39c004d640423f953a22e2b990e16
2022-08-31 18:54:01 [info]: ::1 (GET) /images/691b9132c92162b4fd37f628e1500c75
2022-08-31 18:54:01 [info]: ::1 (GET) /images/bcdcb7c55a7b42fee2b510ec70768ff3
2022-08-31 18:54:01 [info]: ::1 (GET) /images/2d31d471f09e2f29f208156327acbeac
2022-08-31 18:54:01 [info]: ::1 (GET) /images/9889324c50ac6e71de3ad2416a05cb21
2022-08-31 18:54:01 [info]: ::1 (GET) /images/d8fa278001375d730d1597a3a77df0bf
2022-08-31 18:54:01 [info]: ::1 (GET) /images/94b17b92e6ed1abb5534ea5b56169dd0
2022-08-31 18:54:56 [info]: ::1 (GET) /auth
2022-08-31 18:54:56 [info]: ::1 (GET) /users/self
2022-08-31 18:55:01 [info]: ::1 (GET) /pages/new
2022-08-31 18:55:01 [info]: ::1 (GET) /users/self
2022-08-31 18:55:01 [info]: ::1 (GET) /images/bd05c437c7220323136e6f6d9c27b3c6
2022-08-31 18:55:01 [info]: ::1 (GET) /images/46cbb94d3b08d1a7b33a864b3069dc6d
2022-08-31 18:55:01 [info]: ::1 (GET) /images/08479238349c0ad801415616c0c2ad97
2022-08-31 18:55:01 [info]: ::1 (GET) /images/9235ed8fd378deb1157ea5b1f8ac0263
2022-08-31 18:55:01 [info]: ::1 (GET) /images/40ee03823bc8c3dab09b38cc91b6e84c
2022-08-31 18:55:01 [info]: ::1 (GET) /images/ed62bf962cc57d836915bb1b1282a64c
2022-08-31 18:55:01 [info]: ::1 (GET) /images/846626b96e29fa7c099ed04435f028e6
2022-08-31 18:55:01 [info]: ::1 (GET) /images/68316122f5484591f68de6c98ea99b40
2022-08-31 18:55:01 [info]: ::1 (GET) /images/ccb25265e42a4da0a78dcbe32e694672
2022-08-31 18:55:01 [info]: ::1 (GET) /images/e4c476fe40a6121d62ea299433305990
2022-08-31 18:55:01 [info]: ::1 (GET) /images/45304a77a1b10d3121a8098c7b7e218f
2022-08-31 18:55:01 [info]: ::1 (GET) /images/789cf3ccc116cb985c52e8156d662a43
2022-08-31 18:55:01 [info]: ::1 (GET) /images/35f334f9a26e74c2f5edfbd06426a264
2022-08-31 18:55:01 [info]: ::1 (GET) /images/3948a009c10c272fcc770643e1f28c06
2022-08-31 18:55:01 [info]: ::1 (GET) /images/80f6ba8ec2337c63d469719a84137be2
2022-08-31 18:55:01 [info]: ::1 (GET) /images/75d7a3573375a1a69b1b36908b64bdc7
2022-08-31 18:55:01 [info]: ::1 (GET) /images/a7f6968dee06043125d3144082bf5792
2022-08-31 18:55:01 [info]: ::1 (GET) /images/6794309645f1a2fa2efee1992d393922
2022-08-31 18:55:01 [info]: ::1 (GET) /images/ca4645f4ec60b2b903de2106e2ddd6ce
2022-08-31 18:55:01 [info]: ::1 (GET) /images/3cd925d70f75c9316babdca26617d610
2022-08-31 18:55:01 [info]: ::1 (GET) /images/cf8455ea97ae68d4416496573efdc35d
2022-08-31 18:55:02 [info]: ::1 (GET) /images/7cc35c99c83e4bc30748b06e4c30d121
2022-08-31 18:55:02 [info]: ::1 (GET) /images/e8462c844a3c3ab8341d4ecf6d6c518f
2022-08-31 18:55:02 [info]: ::1 (GET) /images/2cf39c004d640423f953a22e2b990e16
2022-08-31 18:55:02 [info]: ::1 (GET) /images/691b9132c92162b4fd37f628e1500c75
2022-08-31 18:55:02 [info]: ::1 (GET) /images/bcdcb7c55a7b42fee2b510ec70768ff3
2022-08-31 18:55:02 [info]: ::1 (GET) /images/2d31d471f09e2f29f208156327acbeac
2022-08-31 18:55:02 [info]: ::1 (GET) /images/9889324c50ac6e71de3ad2416a05cb21
2022-08-31 18:55:02 [info]: ::1 (GET) /images/d8fa278001375d730d1597a3a77df0bf
2022-08-31 18:55:02 [info]: ::1 (GET) /images/94b17b92e6ed1abb5534ea5b56169dd0
2022-08-31 18:55:11 [info]: ::1 (GET) /users/self
2022-08-31 18:55:12 [info]: ::1 (GET) /users/self
2022-08-31 19:23:06 [info]: ::1 (GET) /pages/new
2022-08-31 19:23:06 [info]: ::1 (GET) /users/self
2022-08-31 19:23:06 [info]: ::1 (GET) /images/bd05c437c7220323136e6f6d9c27b3c6
2022-08-31 19:23:06 [info]: ::1 (GET) /images/46cbb94d3b08d1a7b33a864b3069dc6d
2022-08-31 19:23:06 [info]: ::1 (GET) /images/08479238349c0ad801415616c0c2ad97
2022-08-31 19:23:06 [info]: ::1 (GET) /images/9235ed8fd378deb1157ea5b1f8ac0263
2022-08-31 19:23:06 [info]: ::1 (GET) /images/40ee03823bc8c3dab09b38cc91b6e84c
2022-08-31 19:23:06 [info]: ::1 (GET) /images/ed62bf962cc57d836915bb1b1282a64c
2022-08-31 19:23:06 [info]: ::1 (GET) /images/68316122f5484591f68de6c98ea99b40
2022-08-31 19:23:06 [info]: ::1 (GET) /images/80f6ba8ec2337c63d469719a84137be2
2022-08-31 19:23:06 [info]: ::1 (GET) /images/846626b96e29fa7c099ed04435f028e6
2022-08-31 19:23:06 [info]: ::1 (GET) /images/ccb25265e42a4da0a78dcbe32e694672
2022-08-31 19:23:06 [info]: ::1 (GET) /images/75d7a3573375a1a69b1b36908b64bdc7
2022-08-31 19:23:06 [info]: ::1 (GET) /images/3948a009c10c272fcc770643e1f28c06
2022-08-31 19:23:06 [info]: ::1 (GET) /images/45304a77a1b10d3121a8098c7b7e218f
2022-08-31 19:23:06 [info]: ::1 (GET) /images/789cf3ccc116cb985c52e8156d662a43
2022-08-31 19:23:06 [info]: ::1 (GET) /images/35f334f9a26e74c2f5edfbd06426a264
2022-08-31 19:23:06 [info]: ::1 (GET) /images/a7f6968dee06043125d3144082bf5792
2022-08-31 19:23:06 [info]: ::1 (GET) /images/ca4645f4ec60b2b903de2106e2ddd6ce
2022-08-31 19:23:06 [info]: ::1 (GET) /images/e4c476fe40a6121d62ea299433305990
2022-08-31 19:23:06 [info]: ::1 (GET) /images/6794309645f1a2fa2efee1992d393922
2022-08-31 19:23:06 [info]: ::1 (GET) /images/3cd925d70f75c9316babdca26617d610
2022-08-31 19:23:06 [info]: ::1 (GET) /images/cf8455ea97ae68d4416496573efdc35d
2022-08-31 19:23:06 [info]: ::1 (GET) /images/7cc35c99c83e4bc30748b06e4c30d121
2022-08-31 19:23:06 [info]: ::1 (GET) /images/e8462c844a3c3ab8341d4ecf6d6c518f
2022-08-31 19:23:06 [info]: ::1 (GET) /images/2cf39c004d640423f953a22e2b990e16
2022-08-31 19:23:06 [info]: ::1 (GET) /images/691b9132c92162b4fd37f628e1500c75
2022-08-31 19:23:06 [info]: ::1 (GET) /images/bcdcb7c55a7b42fee2b510ec70768ff3
2022-08-31 19:23:06 [info]: ::1 (GET) /images/2d31d471f09e2f29f208156327acbeac
2022-08-31 19:23:06 [info]: ::1 (GET) /images/9889324c50ac6e71de3ad2416a05cb21
2022-08-31 19:23:06 [info]: ::1 (GET) /images/d8fa278001375d730d1597a3a77df0bf
2022-08-31 19:23:06 [info]: ::1 (GET) /images/94b17b92e6ed1abb5534ea5b56169dd0
2022-08-31 19:23:18 [info]: ::1 (GET) /titles/0d7a0ef03d5014d1842ea41a92933e15
2022-08-31 19:23:18 [info]: ::1 (GET) /users/self
2022-08-31 19:23:18 [info]: ::1 (GET) /images/2d31d471f09e2f29f208156327acbeac
2022-08-31 19:23:18 [info]: ::1 (GET) /users/28eb5ad4bdc905f3/ratings/0d7a0ef03d5014d1842ea41a92933e15
2022-08-31 19:23:38 [info]: ::1 (POST) /users/28eb5ad4bdc905f3/ratings/0d7a0ef03d5014d1842ea41a92933e15
2022-08-31 19:23:53 [info]: ::1 (GET) /titles/0d7a0ef03d5014d1842ea41a92933e15
2022-08-31 19:23:53 [info]: ::1 (GET) /users/self
2022-08-31 19:23:53 [info]: ::1 (GET) /images/2d31d471f09e2f29f208156327acbeac
2022-08-31 19:23:53 [info]: ::1 (GET) /users/28eb5ad4bdc905f3/ratings/0d7a0ef03d5014d1842ea41a92933e15
2022-08-31 19:24:10 [info]: ::1 (GET) /users/self
2022-08-31 19:24:42 [info]: ::1 (GET) /users/self
2022-08-31 19:24:45 [info]: ::1 (GET) /pages/new
2022-08-31 19:24:45 [info]: ::1 (GET) /users/self
2022-08-31 19:24:46 [info]: ::1 (GET) /images/bd05c437c7220323136e6f6d9c27b3c6
2022-08-31 19:24:46 [info]: ::1 (GET) /images/46cbb94d3b08d1a7b33a864b3069dc6d
2022-08-31 19:24:46 [info]: ::1 (GET) /images/08479238349c0ad801415616c0c2ad97
2022-08-31 19:24:46 [info]: ::1 (GET) /images/9235ed8fd378deb1157ea5b1f8ac0263
2022-08-31 19:24:46 [info]: ::1 (GET) /images/40ee03823bc8c3dab09b38cc91b6e84c
2022-08-31 19:24:46 [info]: ::1 (GET) /images/ed62bf962cc57d836915bb1b1282a64c
2022-08-31 19:24:46 [info]: ::1 (GET) /images/846626b96e29fa7c099ed04435f028e6
2022-08-31 19:24:46 [info]: ::1 (GET) /images/68316122f5484591f68de6c98ea99b40
2022-08-31 19:24:46 [info]: ::1 (GET) /images/ccb25265e42a4da0a78dcbe32e694672
2022-08-31 19:24:46 [info]: ::1 (GET) /images/e4c476fe40a6121d62ea299433305990
2022-08-31 19:24:46 [info]: ::1 (GET) /images/45304a77a1b10d3121a8098c7b7e218f
2022-08-31 19:24:46 [info]: ::1 (GET) /images/789cf3ccc116cb985c52e8156d662a43
2022-08-31 19:24:46 [info]: ::1 (GET) /images/35f334f9a26e74c2f5edfbd06426a264
2022-08-31 19:24:46 [info]: ::1 (GET) /images/3948a009c10c272fcc770643e1f28c06
2022-08-31 19:24:46 [info]: ::1 (GET) /images/80f6ba8ec2337c63d469719a84137be2
2022-08-31 19:24:46 [info]: ::1 (GET) /images/75d7a3573375a1a69b1b36908b64bdc7
2022-08-31 19:24:46 [info]: ::1 (GET) /images/a7f6968dee06043125d3144082bf5792
2022-08-31 19:24:46 [info]: ::1 (GET) /images/6794309645f1a2fa2efee1992d393922
2022-08-31 19:24:46 [info]: ::1 (GET) /images/ca4645f4ec60b2b903de2106e2ddd6ce
2022-08-31 19:24:46 [info]: ::1 (GET) /images/7cc35c99c83e4bc30748b06e4c30d121
2022-08-31 19:24:46 [info]: ::1 (GET) /images/cf8455ea97ae68d4416496573efdc35d
2022-08-31 19:24:46 [info]: ::1 (GET) /images/3cd925d70f75c9316babdca26617d610
2022-08-31 19:24:46 [info]: ::1 (GET) /images/e8462c844a3c3ab8341d4ecf6d6c518f
2022-08-31 19:24:46 [info]: ::1 (GET) /images/2cf39c004d640423f953a22e2b990e16
2022-08-31 19:24:46 [info]: ::1 (GET) /images/691b9132c92162b4fd37f628e1500c75
2022-08-31 19:24:46 [info]: ::1 (GET) /images/bcdcb7c55a7b42fee2b510ec70768ff3
2022-08-31 19:24:46 [info]: ::1 (GET) /images/2d31d471f09e2f29f208156327acbeac
2022-08-31 19:24:46 [info]: ::1 (GET) /images/9889324c50ac6e71de3ad2416a05cb21
2022-08-31 19:24:46 [info]: ::1 (GET) /images/d8fa278001375d730d1597a3a77df0bf
2022-08-31 19:24:46 [info]: ::1 (GET) /images/94b17b92e6ed1abb5534ea5b56169dd0
2022-08-31 19:25:51 [info]: ::1 (GET) /titles/de724745f88c65fedfc0e01ebba05eab
2022-08-31 19:25:51 [info]: ::1 (GET) /users/self
2022-08-31 19:25:51 [info]: ::1 (GET) /images/35f334f9a26e74c2f5edfbd06426a264
2022-08-31 19:25:51 [info]: ::1 (GET) /users/28eb5ad4bdc905f3/ratings/de724745f88c65fedfc0e01ebba05eab
2022-08-31 19:26:30 [info]: ::1 (GET) /images/
2022-08-31 19:26:30 [info]: ::1 (GET) /images/
2022-08-31 19:26:30 [info]: ::1 (GET) /titles
2022-08-31 19:26:30 [info]: ::1 (GET) /users/self
2022-08-31 19:26:30 [error]: Error [ERR_HTTP_HEADERS_SENT]: Cannot set headers after they are sent to the client
    at ServerResponse.setHeader (_http_outgoing.js:561:11)
    at ServerResponse.header (C:\Users\larth\Coding\streamfinder\api\node_modules\express\lib\response.js:767:10)
    at ServerResponse.send (C:\Users\larth\Coding\streamfinder\api\node_modules\express\lib\response.js:170:12)
    at ServerResponse.json (C:\Users\larth\Coding\streamfinder\api\node_modules\express\lib\response.js:267:15)
    at ServerResponse.send (C:\Users\larth\Coding\streamfinder\api\node_modules\express\lib\response.js:158:21)
    at C:\Users\larth\Coding\streamfinder\api\routes\titles.js:13:29
    at runMicrotasks (<anonymous>)
    at processTicksAndRejections (internal/process/task_queues.js:95:5)
2022-08-31 19:26:35 [info]: ::1 (GET) /auth
2022-08-31 19:26:35 [info]: ::1 (GET) /users/self
2022-08-31 19:26:37 [info]: ::1 (GET) /images/
2022-08-31 19:26:37 [info]: ::1 (GET) /titles
2022-08-31 19:26:37 [info]: ::1 (GET) /users/self
2022-08-31 19:26:37 [info]: ::1 (GET) /images/
2022-08-31 19:31:21 [info]: ::1 (POST) /titles/
2022-08-31 19:31:21 [info]: ::1 (POST) /titles/bb3e399956149dd5e0ca694a1b3b4c2a/links/hbo_max
2022-08-31 19:31:21 [info]: ::1 (POST) /titles/bb3e399956149dd5e0ca694a1b3b4c2a/seasons
2022-08-31 19:31:21 [info]: ::1 (POST) /seasons/9f46394252e21a14fcfacf1d5fce8c5b/episodes
2022-08-31 19:31:21 [info]: ::1 (POST) /seasons/9f46394252e21a14fcfacf1d5fce8c5b/episodes
2022-08-31 19:31:21 [info]: ::1 (POST) /seasons/9f46394252e21a14fcfacf1d5fce8c5b/episodes
2022-08-31 19:31:21 [info]: ::1 (POST) /seasons/9f46394252e21a14fcfacf1d5fce8c5b/episodes
2022-08-31 19:31:21 [info]: ::1 (POST) /seasons/9f46394252e21a14fcfacf1d5fce8c5b/episodes
2022-08-31 19:31:21 [info]: ::1 (POST) /seasons/9f46394252e21a14fcfacf1d5fce8c5b/episodes
2022-08-31 19:31:21 [info]: ::1 (POST) /seasons/9f46394252e21a14fcfacf1d5fce8c5b/episodes
2022-08-31 19:31:21 [info]: ::1 (POST) /seasons/9f46394252e21a14fcfacf1d5fce8c5b/episodes
2022-08-31 19:31:21 [info]: ::1 (POST) /seasons/9f46394252e21a14fcfacf1d5fce8c5b/episodes
2022-08-31 19:31:21 [info]: ::1 (POST) /seasons/9f46394252e21a14fcfacf1d5fce8c5b/episodes
2022-08-31 19:31:21 [info]: ::1 (GET) /titles
2022-08-31 19:31:46 [info]: ::1 (GET) /images
2022-08-31 19:31:46 [info]: ::1 (GET) /users/self
2022-08-31 19:31:46 [info]: ::1 (GET) /images/08479238349c0ad801415616c0c2ad97
2022-08-31 19:31:46 [info]: ::1 (GET) /images/2cf39c004d640423f953a22e2b990e16
2022-08-31 19:31:46 [info]: ::1 (GET) /images/2d31d471f09e2f29f208156327acbeac
2022-08-31 19:31:46 [info]: ::1 (GET) /images/35f334f9a26e74c2f5edfbd06426a264
2022-08-31 19:31:46 [info]: ::1 (GET) /images/3948a009c10c272fcc770643e1f28c06
2022-08-31 19:31:46 [info]: ::1 (GET) /images/3cd925d70f75c9316babdca26617d610
2022-08-31 19:31:46 [info]: ::1 (GET) /images/40ee03823bc8c3dab09b38cc91b6e84c
2022-08-31 19:31:46 [info]: ::1 (GET) /images/45304a77a1b10d3121a8098c7b7e218f
2022-08-31 19:31:46 [info]: ::1 (GET) /images/46cbb94d3b08d1a7b33a864b3069dc6d
2022-08-31 19:31:46 [info]: ::1 (GET) /images/6794309645f1a2fa2efee1992d393922
2022-08-31 19:31:46 [info]: ::1 (GET) /images/68316122f5484591f68de6c98ea99b40
2022-08-31 19:31:46 [info]: ::1 (GET) /images/691b9132c92162b4fd37f628e1500c75
2022-08-31 19:31:46 [info]: ::1 (GET) /images/75d7a3573375a1a69b1b36908b64bdc7
2022-08-31 19:31:46 [info]: ::1 (GET) /images/789cf3ccc116cb985c52e8156d662a43
2022-08-31 19:31:46 [info]: ::1 (GET) /images/7cc35c99c83e4bc30748b06e4c30d121
2022-08-31 19:31:46 [info]: ::1 (GET) /images/80f6ba8ec2337c63d469719a84137be2
2022-08-31 19:31:46 [info]: ::1 (GET) /images/846626b96e29fa7c099ed04435f028e6
2022-08-31 19:31:46 [info]: ::1 (GET) /images/9235ed8fd378deb1157ea5b1f8ac0263
2022-08-31 19:31:46 [info]: ::1 (GET) /images/94b17b92e6ed1abb5534ea5b56169dd0
2022-08-31 19:31:46 [info]: ::1 (GET) /images/9889324c50ac6e71de3ad2416a05cb21
2022-08-31 19:31:46 [info]: ::1 (GET) /images/a7f6968dee06043125d3144082bf5792
2022-08-31 19:31:46 [info]: ::1 (GET) /images/bcdcb7c55a7b42fee2b510ec70768ff3
2022-08-31 19:31:46 [info]: ::1 (GET) /images/bd05c437c7220323136e6f6d9c27b3c6
2022-08-31 19:31:46 [info]: ::1 (GET) /images/ca4645f4ec60b2b903de2106e2ddd6ce
2022-08-31 19:31:46 [info]: ::1 (GET) /images/ccb25265e42a4da0a78dcbe32e694672
2022-08-31 19:31:46 [info]: ::1 (GET) /images/cf8455ea97ae68d4416496573efdc35d
2022-08-31 19:31:46 [info]: ::1 (GET) /images/e4c476fe40a6121d62ea299433305990
2022-08-31 19:31:46 [info]: ::1 (GET) /images/d8fa278001375d730d1597a3a77df0bf
2022-08-31 19:31:46 [info]: ::1 (GET) /images/e8462c844a3c3ab8341d4ecf6d6c518f
2022-08-31 19:31:46 [info]: ::1 (GET) /images/ed62bf962cc57d836915bb1b1282a64c
2022-08-31 19:32:00 [info]: ::1 (POST) /images/
2022-08-31 19:32:00 [info]: ::1 (GET) /images
2022-08-31 19:32:00 [info]: ::1 (GET) /images/74a65fb7d97f281da40320167a86c0e8/info
2022-08-31 19:32:00 [info]: ::1 (GET) /images/08479238349c0ad801415616c0c2ad97
2022-08-31 19:32:00 [info]: ::1 (GET) /images/2cf39c004d640423f953a22e2b990e16
2022-08-31 19:32:00 [info]: ::1 (GET) /images/2d31d471f09e2f29f208156327acbeac
2022-08-31 19:32:00 [info]: ::1 (GET) /images/35f334f9a26e74c2f5edfbd06426a264
2022-08-31 19:32:00 [info]: ::1 (GET) /images/3948a009c10c272fcc770643e1f28c06
2022-08-31 19:32:00 [info]: ::1 (GET) /images/3cd925d70f75c9316babdca26617d610
2022-08-31 19:32:00 [info]: ::1 (GET) /images/40ee03823bc8c3dab09b38cc91b6e84c
2022-08-31 19:32:00 [info]: ::1 (GET) /images/45304a77a1b10d3121a8098c7b7e218f
2022-08-31 19:32:00 [info]: ::1 (GET) /images/74a65fb7d97f281da40320167a86c0e8
2022-08-31 19:32:00 [info]: ::1 (GET) /images/691b9132c92162b4fd37f628e1500c75
2022-08-31 19:32:00 [info]: ::1 (GET) /images/46cbb94d3b08d1a7b33a864b3069dc6d
2022-08-31 19:32:00 [info]: ::1 (GET) /images/6794309645f1a2fa2efee1992d393922
2022-08-31 19:32:00 [info]: ::1 (GET) /images/68316122f5484591f68de6c98ea99b40
2022-08-31 19:32:00 [info]: ::1 (GET) /images/75d7a3573375a1a69b1b36908b64bdc7
2022-08-31 19:32:01 [info]: ::1 (GET) /images/789cf3ccc116cb985c52e8156d662a43
2022-08-31 19:32:01 [info]: ::1 (GET) /images/7cc35c99c83e4bc30748b06e4c30d121
2022-08-31 19:32:01 [info]: ::1 (GET) /images/80f6ba8ec2337c63d469719a84137be2
2022-08-31 19:32:01 [info]: ::1 (GET) /images/846626b96e29fa7c099ed04435f028e6
2022-08-31 19:32:01 [info]: ::1 (GET) /images/9235ed8fd378deb1157ea5b1f8ac0263
2022-08-31 19:32:01 [info]: ::1 (GET) /images/94b17b92e6ed1abb5534ea5b56169dd0
2022-08-31 19:32:01 [info]: ::1 (GET) /images/9889324c50ac6e71de3ad2416a05cb21
2022-08-31 19:32:01 [info]: ::1 (GET) /images/a7f6968dee06043125d3144082bf5792
2022-08-31 19:32:01 [info]: ::1 (GET) /images/bcdcb7c55a7b42fee2b510ec70768ff3
2022-08-31 19:32:01 [info]: ::1 (GET) /images/bd05c437c7220323136e6f6d9c27b3c6
2022-08-31 19:32:01 [info]: ::1 (GET) /images/ca4645f4ec60b2b903de2106e2ddd6ce
2022-08-31 19:32:01 [info]: ::1 (GET) /images/ccb25265e42a4da0a78dcbe32e694672
2022-08-31 19:32:01 [info]: ::1 (GET) /images/cf8455ea97ae68d4416496573efdc35d
2022-08-31 19:32:01 [info]: ::1 (GET) /images/d8fa278001375d730d1597a3a77df0bf
2022-08-31 19:32:01 [info]: ::1 (GET) /images/e4c476fe40a6121d62ea299433305990
2022-08-31 19:32:01 [info]: ::1 (GET) /images/e8462c844a3c3ab8341d4ecf6d6c518f
2022-08-31 19:32:01 [info]: ::1 (GET) /images/74a65fb7d97f281da40320167a86c0e8
2022-08-31 19:32:12 [info]: ::1 (PUT) /images/74a65fb7d97f281da40320167a86c0e8
2022-08-31 19:32:13 [info]: ::1 (GET) /images/
2022-08-31 19:32:13 [info]: ::1 (GET) /images/
2022-08-31 19:32:13 [info]: ::1 (GET) /titles
2022-08-31 19:32:13 [info]: ::1 (GET) /users/self
2022-08-31 19:32:15 [info]: ::1 (GET) /titles?q=flag
2022-08-31 19:32:16 [info]: ::1 (GET) /titles/bb3e399956149dd5e0ca694a1b3b4c2a
2022-08-31 19:32:16 [info]: ::1 (GET) /images/
2022-08-31 19:32:18 [info]: ::1 (GET) /images/74a65fb7d97f281da40320167a86c0e8
2022-08-31 19:32:19 [info]: ::1 (PUT) /titles/bb3e399956149dd5e0ca694a1b3b4c2a
2022-08-31 19:32:19 [info]: ::1 (GET) /images/
2022-08-31 19:32:19 [info]: ::1 (GET) /titles/bb3e399956149dd5e0ca694a1b3b4c2a
2022-08-31 19:32:19 [info]: ::1 (GET) /images/
2022-08-31 19:32:19 [info]: ::1 (GET) /images/74a65fb7d97f281da40320167a86c0e8
2022-08-31 19:32:23 [info]: ::1 (GET) /titles/?q=our%20flag
2022-08-31 19:32:23 [info]: ::1 (GET) /images/74a65fb7d97f281da40320167a86c0e8
2022-08-31 19:32:25 [info]: ::1 (GET) /titles/bb3e399956149dd5e0ca694a1b3b4c2a
2022-08-31 19:32:25 [info]: ::1 (GET) /users/self
2022-08-31 19:32:25 [info]: ::1 (GET) /images/74a65fb7d97f281da40320167a86c0e8
2022-08-31 19:32:25 [info]: ::1 (GET) /users/28eb5ad4bdc905f3/ratings/bb3e399956149dd5e0ca694a1b3b4c2a
2022-08-31 19:32:42 [info]: ::1 (POST) /seasons/9f46394252e21a14fcfacf1d5fce8c5b/availability/hbo_max
2022-08-31 19:32:42 [info]: ::1 (PUT) /titles/bb3e399956149dd5e0ca694a1b3b4c2a
2022-08-31 19:32:42 [info]: ::1 (GET) /titles/bb3e399956149dd5e0ca694a1b3b4c2a
2022-08-31 19:32:42 [info]: ::1 (GET) /images/
2022-08-31 19:32:42 [info]: ::1 (GET) /images/74a65fb7d97f281da40320167a86c0e8
2022-08-31 19:32:43 [info]: ::1 (GET) /titles/bb3e399956149dd5e0ca694a1b3b4c2a
2022-08-31 19:32:43 [info]: ::1 (GET) /users/self
2022-08-31 19:32:44 [info]: ::1 (GET) /images/74a65fb7d97f281da40320167a86c0e8
2022-08-31 19:32:44 [info]: ::1 (GET) /users/28eb5ad4bdc905f3/ratings/bb3e399956149dd5e0ca694a1b3b4c2a
2022-08-31 19:35:12 [info]: ::1 (GET) /titles/bb3e399956149dd5e0ca694a1b3b4c2a
2022-08-31 19:35:12 [info]: ::1 (GET) /users/self
2022-08-31 19:35:12 [info]: ::1 (GET) /images/74a65fb7d97f281da40320167a86c0e8
2022-08-31 19:35:12 [info]: ::1 (GET) /users/28eb5ad4bdc905f3/ratings/bb3e399956149dd5e0ca694a1b3b4c2a
2022-08-31 19:36:22 [info]: ::1 (GET) /pages/new
2022-08-31 19:36:22 [info]: ::1 (GET) /users/self
2022-08-31 19:36:22 [info]: ::1 (GET) /images/bd05c437c7220323136e6f6d9c27b3c6
2022-08-31 19:36:22 [info]: ::1 (GET) /images/46cbb94d3b08d1a7b33a864b3069dc6d
2022-08-31 19:36:22 [info]: ::1 (GET) /images/08479238349c0ad801415616c0c2ad97
2022-08-31 19:36:22 [info]: ::1 (GET) /images/9235ed8fd378deb1157ea5b1f8ac0263
2022-08-31 19:36:22 [info]: ::1 (GET) /images/40ee03823bc8c3dab09b38cc91b6e84c
2022-08-31 19:36:22 [info]: ::1 (GET) /images/ed62bf962cc57d836915bb1b1282a64c
2022-08-31 19:36:22 [info]: ::1 (GET) /images/846626b96e29fa7c099ed04435f028e6
2022-08-31 19:36:22 [info]: ::1 (GET) /images/68316122f5484591f68de6c98ea99b40
2022-08-31 19:36:22 [info]: ::1 (GET) /images/ccb25265e42a4da0a78dcbe32e694672
2022-08-31 19:36:22 [info]: ::1 (GET) /images/e4c476fe40a6121d62ea299433305990
2022-08-31 19:36:22 [info]: ::1 (GET) /images/45304a77a1b10d3121a8098c7b7e218f
2022-08-31 19:36:22 [info]: ::1 (GET) /images/789cf3ccc116cb985c52e8156d662a43
2022-08-31 19:36:22 [info]: ::1 (GET) /images/3948a009c10c272fcc770643e1f28c06
2022-08-31 19:36:22 [info]: ::1 (GET) /images/35f334f9a26e74c2f5edfbd06426a264
2022-08-31 19:36:22 [info]: ::1 (GET) /images/cf8455ea97ae68d4416496573efdc35d
2022-08-31 19:36:22 [info]: ::1 (GET) /images/3cd925d70f75c9316babdca26617d610
2022-08-31 19:36:22 [info]: ::1 (GET) /images/80f6ba8ec2337c63d469719a84137be2
2022-08-31 19:36:22 [info]: ::1 (GET) /images/7cc35c99c83e4bc30748b06e4c30d121
2022-08-31 19:36:22 [info]: ::1 (GET) /images/75d7a3573375a1a69b1b36908b64bdc7
2022-08-31 19:36:22 [info]: ::1 (GET) /images/a7f6968dee06043125d3144082bf5792
2022-08-31 19:36:22 [info]: ::1 (GET) /images/6794309645f1a2fa2efee1992d393922
2022-08-31 19:36:22 [info]: ::1 (GET) /images/ca4645f4ec60b2b903de2106e2ddd6ce
2022-08-31 19:36:22 [info]: ::1 (GET) /images/e8462c844a3c3ab8341d4ecf6d6c518f
2022-08-31 19:36:22 [info]: ::1 (GET) /images/2cf39c004d640423f953a22e2b990e16
2022-08-31 19:36:22 [info]: ::1 (GET) /images/691b9132c92162b4fd37f628e1500c75
2022-08-31 19:36:22 [info]: ::1 (GET) /images/bcdcb7c55a7b42fee2b510ec70768ff3
2022-08-31 19:36:22 [info]: ::1 (GET) /images/2d31d471f09e2f29f208156327acbeac
2022-08-31 19:36:22 [info]: ::1 (GET) /images/9889324c50ac6e71de3ad2416a05cb21
2022-08-31 19:36:22 [info]: ::1 (GET) /images/d8fa278001375d730d1597a3a77df0bf
2022-08-31 19:36:22 [info]: ::1 (GET) /images/94b17b92e6ed1abb5534ea5b56169dd0
2022-08-31 19:40:00 [info]: ::1 (GET) /titles/0bbffa8cca43b958b81fdf60ea2a302c
2022-08-31 19:40:00 [info]: ::1 (GET) /users/self
2022-08-31 19:40:00 [info]: ::1 (GET) /images/bd05c437c7220323136e6f6d9c27b3c6
2022-08-31 19:40:01 [info]: ::1 (GET) /users/28eb5ad4bdc905f3/ratings/0bbffa8cca43b958b81fdf60ea2a302c
2022-08-31 19:40:32 [info]: ::1 (POST) /users/28eb5ad4bdc905f3/ratings/0bbffa8cca43b958b81fdf60ea2a302c
