2022-08-29 13:07:30 [info]: API listening at http://localhost:9000
2022-08-29 13:08:07 [info]: ::1 (GET) /auth
2022-08-29 13:08:07 [info]: ::1 (GET) /users/self
2022-08-29 13:08:14 [info]: ::1 (GET) /images/
2022-08-29 13:08:14 [info]: ::1 (GET) /titles
2022-08-29 13:08:14 [info]: ::1 (GET) /users/self
2022-08-29 13:08:14 [info]: ::1 (GET) /images/
2022-08-29 13:09:48 [info]: ::1 (POST) /titles/
2022-08-29 13:09:48 [info]: ::1 (GET) /titles
2022-08-29 13:10:33 [info]: ::1 (GET) /images
2022-08-29 13:10:33 [info]: ::1 (GET) /users/self
2022-08-29 13:10:33 [info]: ::1 (GET) /images/08479238349c0ad801415616c0c2ad97
2022-08-29 13:10:33 [info]: ::1 (GET) /images/35f334f9a26e74c2f5edfbd06426a264
2022-08-29 13:10:33 [info]: ::1 (GET) /images/3cd925d70f75c9316babdca26617d610
2022-08-29 13:10:33 [info]: ::1 (GET) /images/40ee03823bc8c3dab09b38cc91b6e84c
2022-08-29 13:10:33 [info]: ::1 (GET) /images/45304a77a1b10d3121a8098c7b7e218f
2022-08-29 13:10:33 [info]: ::1 (GET) /images/46cbb94d3b08d1a7b33a864b3069dc6d
2022-08-29 13:10:33 [info]: ::1 (GET) /images/68316122f5484591f68de6c98ea99b40
2022-08-29 13:10:33 [info]: ::1 (GET) /images/789cf3ccc116cb985c52e8156d662a43
2022-08-29 13:10:33 [info]: ::1 (GET) /images/846626b96e29fa7c099ed04435f028e6
2022-08-29 13:10:33 [info]: ::1 (GET) /images/9235ed8fd378deb1157ea5b1f8ac0263
2022-08-29 13:10:33 [info]: ::1 (GET) /images/9c150de3298955c528a28aaf24da3dd8
2022-08-29 13:10:33 [info]: ::1 (GET) /images/bd05c437c7220323136e6f6d9c27b3c6
2022-08-29 13:10:33 [info]: ::1 (GET) /images/ccb25265e42a4da0a78dcbe32e694672
2022-08-29 13:10:33 [info]: ::1 (GET) /images/cf8455ea97ae68d4416496573efdc35d
2022-08-29 13:10:33 [info]: ::1 (GET) /images/e4c476fe40a6121d62ea299433305990
2022-08-29 13:10:33 [info]: ::1 (GET) /images/ed62bf962cc57d836915bb1b1282a64c
2022-08-29 13:10:38 [info]: ::1 (POST) /images/
2022-08-29 13:10:38 [info]: ::1 (GET) /images
2022-08-29 13:10:38 [info]: ::1 (GET) /images/b25348ff061bd7e6116945e759edb9d3/info
2022-08-29 13:10:38 [info]: ::1 (GET) /images/08479238349c0ad801415616c0c2ad97
2022-08-29 13:10:38 [info]: ::1 (GET) /images/35f334f9a26e74c2f5edfbd06426a264
2022-08-29 13:10:38 [info]: ::1 (GET) /images/3cd925d70f75c9316babdca26617d610
2022-08-29 13:10:38 [info]: ::1 (GET) /images/40ee03823bc8c3dab09b38cc91b6e84c
2022-08-29 13:10:38 [info]: ::1 (GET) /images/b25348ff061bd7e6116945e759edb9d3
2022-08-29 13:10:38 [info]: ::1 (GET) /images/45304a77a1b10d3121a8098c7b7e218f
2022-08-29 13:10:38 [info]: ::1 (GET) /images/46cbb94d3b08d1a7b33a864b3069dc6d
2022-08-29 13:10:38 [info]: ::1 (GET) /images/68316122f5484591f68de6c98ea99b40
2022-08-29 13:10:38 [info]: ::1 (GET) /images/789cf3ccc116cb985c52e8156d662a43
2022-08-29 13:10:38 [info]: ::1 (GET) /images/846626b96e29fa7c099ed04435f028e6
2022-08-29 13:10:38 [info]: ::1 (GET) /images/9235ed8fd378deb1157ea5b1f8ac0263
2022-08-29 13:10:38 [info]: ::1 (GET) /images/9c150de3298955c528a28aaf24da3dd8
2022-08-29 13:10:38 [info]: ::1 (GET) /images/bd05c437c7220323136e6f6d9c27b3c6
2022-08-29 13:10:38 [info]: ::1 (GET) /images/ccb25265e42a4da0a78dcbe32e694672
2022-08-29 13:10:38 [info]: ::1 (GET) /images/cf8455ea97ae68d4416496573efdc35d
2022-08-29 13:10:38 [info]: ::1 (GET) /images/e4c476fe40a6121d62ea299433305990
2022-08-29 13:10:38 [info]: ::1 (GET) /images/ed62bf962cc57d836915bb1b1282a64c
2022-08-29 13:10:38 [info]: ::1 (GET) /images/b25348ff061bd7e6116945e759edb9d3
2022-08-29 13:10:47 [info]: ::1 (PUT) /images/b25348ff061bd7e6116945e759edb9d3
2022-08-29 13:10:48 [info]: ::1 (GET) /images/
2022-08-29 13:10:48 [info]: ::1 (GET) /titles
2022-08-29 13:10:48 [info]: ::1 (GET) /images/
2022-08-29 13:10:48 [info]: ::1 (GET) /users/self
2022-08-29 13:10:52 [info]: ::1 (GET) /titles/1812e09b727ccd504958b4b45c091b83
2022-08-29 13:10:52 [info]: ::1 (GET) /images/
2022-08-29 13:10:54 [info]: ::1 (GET) /images/b25348ff061bd7e6116945e759edb9d3
2022-08-29 13:10:57 [info]: ::1 (PUT) /titles/1812e09b727ccd504958b4b45c091b83
2022-08-29 13:10:57 [info]: ::1 (GET) /images/
2022-08-29 13:10:57 [info]: ::1 (GET) /titles/1812e09b727ccd504958b4b45c091b83
2022-08-29 13:10:57 [info]: ::1 (GET) /images/
2022-08-29 13:10:57 [info]: ::1 (GET) /images/b25348ff061bd7e6116945e759edb9d3
2022-08-29 13:11:02 [info]: ::1 (GET) /titles/?q=shawshank
2022-08-29 13:11:02 [info]: ::1 (GET) /images/b25348ff061bd7e6116945e759edb9d3
2022-08-29 13:11:03 [info]: ::1 (GET) /titles/1812e09b727ccd504958b4b45c091b83
2022-08-29 13:11:03 [info]: ::1 (GET) /images/b25348ff061bd7e6116945e759edb9d3
2022-08-29 13:11:56 [info]: ::1 (PUT) /titles/1812e09b727ccd504958b4b45c091b83
2022-08-29 13:11:56 [info]: ::1 (GET) /titles/1812e09b727ccd504958b4b45c091b83
2022-08-29 13:11:56 [info]: ::1 (GET) /images/
2022-08-29 13:11:56 [info]: ::1 (GET) /images/b25348ff061bd7e6116945e759edb9d3
2022-08-29 13:11:58 [info]: ::1 (GET) /titles/1812e09b727ccd504958b4b45c091b83
2022-08-29 13:11:58 [info]: ::1 (GET) /images/b25348ff061bd7e6116945e759edb9d3
2022-08-29 13:12:34 [info]: ::1 (POST) /titles/1812e09b727ccd504958b4b45c091b83/links/hbo_max
2022-08-29 13:12:34 [info]: ::1 (POST) /titles/1812e09b727ccd504958b4b45c091b83/availability/hbo_max
2022-08-29 13:12:34 [info]: ::1 (PUT) /titles/1812e09b727ccd504958b4b45c091b83
2022-08-29 13:12:34 [info]: ::1 (GET) /titles/1812e09b727ccd504958b4b45c091b83
2022-08-29 13:12:34 [info]: ::1 (GET) /images/
2022-08-29 13:12:34 [info]: ::1 (GET) /images/b25348ff061bd7e6116945e759edb9d3
2022-08-29 13:12:37 [info]: ::1 (GET) /titles/1812e09b727ccd504958b4b45c091b83
2022-08-29 13:12:37 [info]: ::1 (GET) /images/b25348ff061bd7e6116945e759edb9d3
2022-08-29 13:12:47 [info]: ::1 (PUT) /titles/1812e09b727ccd504958b4b45c091b83
2022-08-29 13:12:47 [info]: ::1 (GET) /titles/1812e09b727ccd504958b4b45c091b83
2022-08-29 13:12:47 [info]: ::1 (GET) /images/
2022-08-29 13:12:47 [info]: ::1 (GET) /images/b25348ff061bd7e6116945e759edb9d3
2022-08-29 13:12:49 [info]: ::1 (GET) /titles/1812e09b727ccd504958b4b45c091b83
2022-08-29 13:12:49 [info]: ::1 (GET) /images/b25348ff061bd7e6116945e759edb9d3
2022-08-29 13:13:23 [info]: ::1 (PUT) /titles/1812e09b727ccd504958b4b45c091b83
2022-08-29 13:13:23 [info]: ::1 (GET) /titles/1812e09b727ccd504958b4b45c091b83
2022-08-29 13:13:23 [info]: ::1 (GET) /images/
2022-08-29 13:13:23 [info]: ::1 (GET) /images/b25348ff061bd7e6116945e759edb9d3
2022-08-29 13:13:25 [info]: ::1 (GET) /titles/1812e09b727ccd504958b4b45c091b83
2022-08-29 13:13:25 [info]: ::1 (GET) /images/b25348ff061bd7e6116945e759edb9d3
2022-08-29 13:14:03 [info]: ::1 (GET) /auth
2022-08-29 13:14:03 [info]: ::1 (GET) /users/self
2022-08-29 13:14:03 [info]: ::1 (GET) /users/28eb5ad4bdc905f3/ratings/1812e09b727ccd504958b4b45c091b83
2022-08-29 13:14:08 [info]: ::1 (POST) /users/28eb5ad4bdc905f3/ratings/1812e09b727ccd504958b4b45c091b83
2022-08-29 13:14:10 [info]: ::1 (GET) /titles/1812e09b727ccd504958b4b45c091b83
2022-08-29 13:14:10 [info]: ::1 (GET) /users/self
2022-08-29 13:14:10 [info]: ::1 (GET) /images/b25348ff061bd7e6116945e759edb9d3
2022-08-29 13:14:10 [info]: ::1 (GET) /users/28eb5ad4bdc905f3/ratings/1812e09b727ccd504958b4b45c091b83
2022-08-29 13:14:23 [info]: ::1 (GET) /users/self
2022-08-29 13:14:25 [info]: ::1 (GET) /pages/new
2022-08-29 13:14:25 [info]: ::1 (GET) /users/self
2022-08-29 13:14:25 [info]: ::1 (GET) /images/46cbb94d3b08d1a7b33a864b3069dc6d
2022-08-29 13:14:25 [info]: ::1 (GET) /images/bd05c437c7220323136e6f6d9c27b3c6
2022-08-29 13:14:25 [info]: ::1 (GET) /images/40ee03823bc8c3dab09b38cc91b6e84c
2022-08-29 13:14:25 [info]: ::1 (GET) /images/08479238349c0ad801415616c0c2ad97
2022-08-29 13:14:25 [info]: ::1 (GET) /images/9235ed8fd378deb1157ea5b1f8ac0263
2022-08-29 13:14:25 [info]: ::1 (GET) /images/ed62bf962cc57d836915bb1b1282a64c
2022-08-29 13:14:25 [info]: ::1 (GET) /images/846626b96e29fa7c099ed04435f028e6
2022-08-29 13:14:25 [info]: ::1 (GET) /images/ccb25265e42a4da0a78dcbe32e694672
2022-08-29 13:14:25 [info]: ::1 (GET) /images/e4c476fe40a6121d62ea299433305990
2022-08-29 13:14:25 [info]: ::1 (GET) /images/68316122f5484591f68de6c98ea99b40
2022-08-29 13:14:28 [info]: ::1 (GET) /titles/?q=shawshank
2022-08-29 13:14:28 [info]: ::1 (GET) /images/b25348ff061bd7e6116945e759edb9d3
2022-08-29 13:14:30 [info]: ::1 (GET) /titles/1812e09b727ccd504958b4b45c091b83
2022-08-29 13:14:30 [info]: ::1 (GET) /users/self
2022-08-29 13:14:30 [info]: ::1 (GET) /images/b25348ff061bd7e6116945e759edb9d3
2022-08-29 13:14:30 [info]: ::1 (GET) /users/28eb5ad4bdc905f3/ratings/1812e09b727ccd504958b4b45c091b83
2022-08-29 13:14:32 [info]: ::1 (PUT) /users/28eb5ad4bdc905f3/ratings/1812e09b727ccd504958b4b45c091b83
2022-08-29 13:14:34 [info]: ::1 (GET) /titles/1812e09b727ccd504958b4b45c091b83
2022-08-29 13:14:34 [info]: ::1 (GET) /users/self
2022-08-29 13:14:34 [info]: ::1 (GET) /images/b25348ff061bd7e6116945e759edb9d3
2022-08-29 13:14:34 [info]: ::1 (GET) /users/28eb5ad4bdc905f3/ratings/1812e09b727ccd504958b4b45c091b83
2022-08-29 13:14:37 [info]: ::1 (DELETE) /users/28eb5ad4bdc905f3/ratings/1812e09b727ccd504958b4b45c091b83
2022-08-29 13:14:37 [info]: ::1 (POST) /users/28eb5ad4bdc905f3/ratings/1812e09b727ccd504958b4b45c091b83
2022-08-29 13:14:38 [info]: ::1 (GET) /titles/1812e09b727ccd504958b4b45c091b83
2022-08-29 13:14:38 [info]: ::1 (GET) /users/self
2022-08-29 13:14:38 [info]: ::1 (GET) /images/b25348ff061bd7e6116945e759edb9d3
2022-08-29 13:14:38 [info]: ::1 (GET) /users/28eb5ad4bdc905f3/ratings/1812e09b727ccd504958b4b45c091b83
2022-08-29 13:17:25 [info]: ::1 (POST) /titles/
2022-08-29 13:17:25 [info]: ::1 (GET) /titles
2022-08-29 13:17:48 [info]: ::1 (GET) /images
2022-08-29 13:17:48 [info]: ::1 (GET) /users/self
2022-08-29 13:17:48 [info]: ::1 (GET) /images/08479238349c0ad801415616c0c2ad97
2022-08-29 13:17:48 [info]: ::1 (GET) /images/35f334f9a26e74c2f5edfbd06426a264
2022-08-29 13:17:48 [info]: ::1 (GET) /images/40ee03823bc8c3dab09b38cc91b6e84c
2022-08-29 13:17:48 [info]: ::1 (GET) /images/3cd925d70f75c9316babdca26617d610
2022-08-29 13:17:48 [info]: ::1 (GET) /images/789cf3ccc116cb985c52e8156d662a43
2022-08-29 13:17:48 [info]: ::1 (GET) /images/45304a77a1b10d3121a8098c7b7e218f
2022-08-29 13:17:48 [info]: ::1 (GET) /images/46cbb94d3b08d1a7b33a864b3069dc6d
2022-08-29 13:17:48 [info]: ::1 (GET) /images/68316122f5484591f68de6c98ea99b40
2022-08-29 13:17:48 [info]: ::1 (GET) /images/9235ed8fd378deb1157ea5b1f8ac0263
2022-08-29 13:17:48 [info]: ::1 (GET) /images/846626b96e29fa7c099ed04435f028e6
2022-08-29 13:17:48 [info]: ::1 (GET) /images/9c150de3298955c528a28aaf24da3dd8
2022-08-29 13:17:48 [info]: ::1 (GET) /images/b25348ff061bd7e6116945e759edb9d3
2022-08-29 13:17:48 [info]: ::1 (GET) /images/bd05c437c7220323136e6f6d9c27b3c6
2022-08-29 13:17:48 [info]: ::1 (GET) /images/ccb25265e42a4da0a78dcbe32e694672
2022-08-29 13:17:48 [info]: ::1 (GET) /images/cf8455ea97ae68d4416496573efdc35d
2022-08-29 13:17:48 [info]: ::1 (GET) /images/e4c476fe40a6121d62ea299433305990
2022-08-29 13:17:48 [info]: ::1 (GET) /images/ed62bf962cc57d836915bb1b1282a64c
2022-08-29 13:17:52 [info]: ::1 (POST) /images/
2022-08-29 13:17:52 [info]: ::1 (GET) /images
2022-08-29 13:17:52 [info]: ::1 (GET) /images/691b9132c92162b4fd37f628e1500c75/info
2022-08-29 13:17:52 [info]: ::1 (GET) /images/691b9132c92162b4fd37f628e1500c75
2022-08-29 13:17:52 [info]: ::1 (GET) /images/08479238349c0ad801415616c0c2ad97
2022-08-29 13:17:52 [info]: ::1 (GET) /images/35f334f9a26e74c2f5edfbd06426a264
2022-08-29 13:17:52 [info]: ::1 (GET) /images/3cd925d70f75c9316babdca26617d610
2022-08-29 13:17:52 [info]: ::1 (GET) /images/40ee03823bc8c3dab09b38cc91b6e84c
2022-08-29 13:17:52 [info]: ::1 (GET) /images/45304a77a1b10d3121a8098c7b7e218f
2022-08-29 13:17:52 [info]: ::1 (GET) /images/46cbb94d3b08d1a7b33a864b3069dc6d
2022-08-29 13:17:52 [info]: ::1 (GET) /images/68316122f5484591f68de6c98ea99b40
2022-08-29 13:17:52 [info]: ::1 (GET) /images/789cf3ccc116cb985c52e8156d662a43
2022-08-29 13:17:52 [info]: ::1 (GET) /images/846626b96e29fa7c099ed04435f028e6
2022-08-29 13:17:52 [info]: ::1 (GET) /images/9235ed8fd378deb1157ea5b1f8ac0263
2022-08-29 13:17:52 [info]: ::1 (GET) /images/9c150de3298955c528a28aaf24da3dd8
2022-08-29 13:17:52 [info]: ::1 (GET) /images/b25348ff061bd7e6116945e759edb9d3
2022-08-29 13:17:52 [info]: ::1 (GET) /images/bd05c437c7220323136e6f6d9c27b3c6
2022-08-29 13:17:52 [info]: ::1 (GET) /images/ccb25265e42a4da0a78dcbe32e694672
2022-08-29 13:17:52 [info]: ::1 (GET) /images/cf8455ea97ae68d4416496573efdc35d
2022-08-29 13:17:52 [info]: ::1 (GET) /images/e4c476fe40a6121d62ea299433305990
2022-08-29 13:17:52 [info]: ::1 (GET) /images/ed62bf962cc57d836915bb1b1282a64c
2022-08-29 13:17:52 [info]: ::1 (GET) /images/691b9132c92162b4fd37f628e1500c75
2022-08-29 13:18:06 [info]: ::1 (PUT) /images/691b9132c92162b4fd37f628e1500c75
2022-08-29 13:18:08 [info]: ::1 (GET) /images
2022-08-29 13:18:08 [info]: ::1 (GET) /users/self
2022-08-29 13:18:08 [info]: ::1 (GET) /images/08479238349c0ad801415616c0c2ad97
2022-08-29 13:18:08 [info]: ::1 (GET) /images/691b9132c92162b4fd37f628e1500c75
2022-08-29 13:18:08 [info]: ::1 (GET) /images/35f334f9a26e74c2f5edfbd06426a264
2022-08-29 13:18:08 [info]: ::1 (GET) /images/40ee03823bc8c3dab09b38cc91b6e84c
2022-08-29 13:18:08 [info]: ::1 (GET) /images/3cd925d70f75c9316babdca26617d610
2022-08-29 13:18:08 [info]: ::1 (GET) /images/45304a77a1b10d3121a8098c7b7e218f
2022-08-29 13:18:08 [info]: ::1 (GET) /images/46cbb94d3b08d1a7b33a864b3069dc6d
2022-08-29 13:18:08 [info]: ::1 (GET) /images/68316122f5484591f68de6c98ea99b40
2022-08-29 13:18:08 [info]: ::1 (GET) /images/789cf3ccc116cb985c52e8156d662a43
2022-08-29 13:18:08 [info]: ::1 (GET) /images/846626b96e29fa7c099ed04435f028e6
2022-08-29 13:18:08 [info]: ::1 (GET) /images/9235ed8fd378deb1157ea5b1f8ac0263
2022-08-29 13:18:08 [info]: ::1 (GET) /images/9c150de3298955c528a28aaf24da3dd8
2022-08-29 13:18:08 [info]: ::1 (GET) /images/b25348ff061bd7e6116945e759edb9d3
2022-08-29 13:18:08 [info]: ::1 (GET) /images/bd05c437c7220323136e6f6d9c27b3c6
2022-08-29 13:18:08 [info]: ::1 (GET) /images/ccb25265e42a4da0a78dcbe32e694672
2022-08-29 13:18:08 [info]: ::1 (GET) /images/cf8455ea97ae68d4416496573efdc35d
2022-08-29 13:18:08 [info]: ::1 (GET) /images/e4c476fe40a6121d62ea299433305990
2022-08-29 13:18:08 [info]: ::1 (GET) /images/ed62bf962cc57d836915bb1b1282a64c
2022-08-29 13:18:08 [info]: ::1 (GET) /images/
2022-08-29 13:18:08 [info]: ::1 (GET) /images/
2022-08-29 13:18:08 [info]: ::1 (GET) /users/self
2022-08-29 13:18:08 [info]: ::1 (GET) /titles
2022-08-29 13:18:10 [info]: ::1 (GET) /titles/38052fd261d5c605fc92e966ad9e2b27
2022-08-29 13:18:10 [info]: ::1 (GET) /images/
2022-08-29 13:18:12 [info]: ::1 (GET) /images/691b9132c92162b4fd37f628e1500c75
2022-08-29 13:18:14 [info]: ::1 (PUT) /titles/38052fd261d5c605fc92e966ad9e2b27
2022-08-29 13:18:14 [info]: ::1 (GET) /images/
2022-08-29 13:18:14 [info]: ::1 (GET) /titles/38052fd261d5c605fc92e966ad9e2b27
2022-08-29 13:18:14 [info]: ::1 (GET) /images/
2022-08-29 13:18:14 [info]: ::1 (GET) /images/691b9132c92162b4fd37f628e1500c75
2022-08-29 13:21:30 [info]: ::1 (POST) /titles/
2022-08-29 13:21:30 [info]: ::1 (POST) /titles/bb5d6388e2a4f307cb8fc2e3692707b0/links/hbo_max
2022-08-29 13:21:30 [info]: ::1 (POST) /titles/bb5d6388e2a4f307cb8fc2e3692707b0/availability/hbo_max
2022-08-29 13:21:30 [info]: ::1 (GET) /titles
2022-08-29 13:21:50 [info]: ::1 (GET) /images
2022-08-29 13:21:50 [info]: ::1 (GET) /users/self
2022-08-29 13:21:50 [info]: ::1 (GET) /images/08479238349c0ad801415616c0c2ad97
2022-08-29 13:21:50 [info]: ::1 (GET) /images/35f334f9a26e74c2f5edfbd06426a264
2022-08-29 13:21:50 [info]: ::1 (GET) /images/40ee03823bc8c3dab09b38cc91b6e84c
2022-08-29 13:21:50 [info]: ::1 (GET) /images/3cd925d70f75c9316babdca26617d610
2022-08-29 13:21:50 [info]: ::1 (GET) /images/45304a77a1b10d3121a8098c7b7e218f
2022-08-29 13:21:50 [info]: ::1 (GET) /images/46cbb94d3b08d1a7b33a864b3069dc6d
2022-08-29 13:21:50 [info]: ::1 (GET) /images/68316122f5484591f68de6c98ea99b40
2022-08-29 13:21:50 [info]: ::1 (GET) /images/691b9132c92162b4fd37f628e1500c75
2022-08-29 13:21:50 [info]: ::1 (GET) /images/789cf3ccc116cb985c52e8156d662a43
2022-08-29 13:21:50 [info]: ::1 (GET) /images/846626b96e29fa7c099ed04435f028e6
2022-08-29 13:21:50 [info]: ::1 (GET) /images/9235ed8fd378deb1157ea5b1f8ac0263
2022-08-29 13:21:50 [info]: ::1 (GET) /images/9c150de3298955c528a28aaf24da3dd8
2022-08-29 13:21:50 [info]: ::1 (GET) /images/b25348ff061bd7e6116945e759edb9d3
2022-08-29 13:21:50 [info]: ::1 (GET) /images/bd05c437c7220323136e6f6d9c27b3c6
2022-08-29 13:21:50 [info]: ::1 (GET) /images/ccb25265e42a4da0a78dcbe32e694672
2022-08-29 13:21:50 [info]: ::1 (GET) /images/cf8455ea97ae68d4416496573efdc35d
2022-08-29 13:21:50 [info]: ::1 (GET) /images/e4c476fe40a6121d62ea299433305990
2022-08-29 13:21:50 [info]: ::1 (GET) /images/ed62bf962cc57d836915bb1b1282a64c
2022-08-29 13:21:55 [info]: ::1 (POST) /images/
2022-08-29 13:21:55 [info]: ::1 (GET) /images
2022-08-29 13:21:55 [info]: ::1 (GET) /images/80f6ba8ec2337c63d469719a84137be2/info
2022-08-29 13:21:55 [info]: ::1 (GET) /images/08479238349c0ad801415616c0c2ad97
2022-08-29 13:21:55 [info]: ::1 (GET) /images/35f334f9a26e74c2f5edfbd06426a264
2022-08-29 13:21:55 [info]: ::1 (GET) /images/3cd925d70f75c9316babdca26617d610
2022-08-29 13:21:55 [info]: ::1 (GET) /images/40ee03823bc8c3dab09b38cc91b6e84c
2022-08-29 13:21:55 [info]: ::1 (GET) /images/45304a77a1b10d3121a8098c7b7e218f
2022-08-29 13:21:55 [info]: ::1 (GET) /images/46cbb94d3b08d1a7b33a864b3069dc6d
2022-08-29 13:21:55 [info]: ::1 (GET) /images/68316122f5484591f68de6c98ea99b40
2022-08-29 13:21:55 [info]: ::1 (GET) /images/691b9132c92162b4fd37f628e1500c75
2022-08-29 13:21:55 [info]: ::1 (GET) /images/789cf3ccc116cb985c52e8156d662a43
2022-08-29 13:21:55 [info]: ::1 (GET) /images/846626b96e29fa7c099ed04435f028e6
2022-08-29 13:21:55 [info]: ::1 (GET) /images/9235ed8fd378deb1157ea5b1f8ac0263
2022-08-29 13:21:55 [info]: ::1 (GET) /images/9c150de3298955c528a28aaf24da3dd8
2022-08-29 13:21:55 [info]: ::1 (GET) /images/b25348ff061bd7e6116945e759edb9d3
2022-08-29 13:21:55 [info]: ::1 (GET) /images/bd05c437c7220323136e6f6d9c27b3c6
2022-08-29 13:21:55 [info]: ::1 (GET) /images/ccb25265e42a4da0a78dcbe32e694672
2022-08-29 13:21:55 [info]: ::1 (GET) /images/cf8455ea97ae68d4416496573efdc35d
2022-08-29 13:21:55 [info]: ::1 (GET) /images/e4c476fe40a6121d62ea299433305990
2022-08-29 13:21:55 [info]: ::1 (GET) /images/ed62bf962cc57d836915bb1b1282a64c
2022-08-29 13:21:55 [info]: ::1 (GET) /images/80f6ba8ec2337c63d469719a84137be2
2022-08-29 13:21:55 [info]: ::1 (GET) /images/80f6ba8ec2337c63d469719a84137be2
2022-08-29 13:22:05 [info]: ::1 (PUT) /images/80f6ba8ec2337c63d469719a84137be2
2022-08-29 13:22:08 [info]: ::1 (GET) /images/
2022-08-29 13:22:08 [info]: ::1 (GET) /images/
2022-08-29 13:22:08 [info]: ::1 (GET) /titles
2022-08-29 13:22:08 [info]: ::1 (GET) /users/self
2022-08-29 13:22:11 [info]: ::1 (GET) /titles/bb5d6388e2a4f307cb8fc2e3692707b0
2022-08-29 13:22:11 [info]: ::1 (GET) /images/
2022-08-29 13:22:13 [info]: ::1 (GET) /images/80f6ba8ec2337c63d469719a84137be2
2022-08-29 13:22:15 [info]: ::1 (PUT) /titles/bb5d6388e2a4f307cb8fc2e3692707b0
2022-08-29 13:22:15 [info]: ::1 (GET) /images/
2022-08-29 13:22:15 [info]: ::1 (GET) /titles/bb5d6388e2a4f307cb8fc2e3692707b0
2022-08-29 13:22:15 [info]: ::1 (GET) /images/
2022-08-29 13:22:15 [info]: ::1 (GET) /images/80f6ba8ec2337c63d469719a84137be2
2022-08-29 13:22:28 [info]: ::1 (GET) /titles/?q=test
2022-08-29 13:22:31 [info]: ::1 (GET) /titles/?q=dark
2022-08-29 13:22:31 [info]: ::1 (GET) /images/80f6ba8ec2337c63d469719a84137be2
2022-08-29 13:22:33 [info]: ::1 (GET) /titles/bb5d6388e2a4f307cb8fc2e3692707b0
2022-08-29 13:22:33 [info]: ::1 (GET) /users/self
2022-08-29 13:22:33 [info]: ::1 (GET) /images/80f6ba8ec2337c63d469719a84137be2
2022-08-29 13:22:33 [info]: ::1 (GET) /users/28eb5ad4bdc905f3/ratings/bb5d6388e2a4f307cb8fc2e3692707b0
2022-08-29 13:22:43 [info]: ::1 (GET) /users/self
2022-08-29 13:22:55 [info]: ::1 (GET) /pages/new
2022-08-29 13:22:55 [info]: ::1 (GET) /users/self
2022-08-29 13:22:55 [info]: ::1 (GET) /images/bd05c437c7220323136e6f6d9c27b3c6
2022-08-29 13:22:55 [info]: ::1 (GET) /images/46cbb94d3b08d1a7b33a864b3069dc6d
2022-08-29 13:22:55 [info]: ::1 (GET) /images/08479238349c0ad801415616c0c2ad97
2022-08-29 13:22:55 [info]: ::1 (GET) /images/9235ed8fd378deb1157ea5b1f8ac0263
2022-08-29 13:22:55 [info]: ::1 (GET) /images/40ee03823bc8c3dab09b38cc91b6e84c
2022-08-29 13:22:55 [info]: ::1 (GET) /images/ed62bf962cc57d836915bb1b1282a64c
2022-08-29 13:22:55 [info]: ::1 (GET) /images/68316122f5484591f68de6c98ea99b40
2022-08-29 13:22:55 [info]: ::1 (GET) /images/ccb25265e42a4da0a78dcbe32e694672
2022-08-29 13:22:55 [info]: ::1 (GET) /images/e4c476fe40a6121d62ea299433305990
2022-08-29 13:22:55 [info]: ::1 (GET) /images/846626b96e29fa7c099ed04435f028e6
2022-08-29 13:22:56 [info]: ::1 (GET) /pages/new
2022-08-29 13:22:56 [info]: ::1 (GET) /users/self
2022-08-29 13:22:56 [info]: ::1 (GET) /images/bd05c437c7220323136e6f6d9c27b3c6
2022-08-29 13:22:56 [info]: ::1 (GET) /images/46cbb94d3b08d1a7b33a864b3069dc6d
2022-08-29 13:22:56 [info]: ::1 (GET) /images/08479238349c0ad801415616c0c2ad97
2022-08-29 13:22:56 [info]: ::1 (GET) /images/9235ed8fd378deb1157ea5b1f8ac0263
2022-08-29 13:22:56 [info]: ::1 (GET) /images/40ee03823bc8c3dab09b38cc91b6e84c
2022-08-29 13:22:56 [info]: ::1 (GET) /images/ed62bf962cc57d836915bb1b1282a64c
2022-08-29 13:22:56 [info]: ::1 (GET) /images/846626b96e29fa7c099ed04435f028e6
2022-08-29 13:22:56 [info]: ::1 (GET) /images/68316122f5484591f68de6c98ea99b40
2022-08-29 13:22:56 [info]: ::1 (GET) /images/ccb25265e42a4da0a78dcbe32e694672
2022-08-29 13:22:56 [info]: ::1 (GET) /images/e4c476fe40a6121d62ea299433305990
2022-08-29 13:22:59 [info]: ::1 (GET) /pages/new
2022-08-29 13:22:59 [info]: ::1 (GET) /users/self
2022-08-29 13:22:59 [info]: ::1 (GET) /images/bd05c437c7220323136e6f6d9c27b3c6
2022-08-29 13:22:59 [info]: ::1 (GET) /images/46cbb94d3b08d1a7b33a864b3069dc6d
2022-08-29 13:22:59 [info]: ::1 (GET) /images/08479238349c0ad801415616c0c2ad97
2022-08-29 13:22:59 [info]: ::1 (GET) /images/9235ed8fd378deb1157ea5b1f8ac0263
2022-08-29 13:22:59 [info]: ::1 (GET) /images/40ee03823bc8c3dab09b38cc91b6e84c
2022-08-29 13:22:59 [info]: ::1 (GET) /images/ed62bf962cc57d836915bb1b1282a64c
2022-08-29 13:22:59 [info]: ::1 (GET) /images/846626b96e29fa7c099ed04435f028e6
2022-08-29 13:22:59 [info]: ::1 (GET) /images/68316122f5484591f68de6c98ea99b40
2022-08-29 13:22:59 [info]: ::1 (GET) /images/ccb25265e42a4da0a78dcbe32e694672
2022-08-29 13:22:59 [info]: ::1 (GET) /images/e4c476fe40a6121d62ea299433305990
2022-08-29 13:23:00 [info]: ::1 (GET) /pages/new
2022-08-29 13:23:00 [info]: ::1 (GET) /users/self
2022-08-29 13:23:00 [info]: ::1 (GET) /images/bd05c437c7220323136e6f6d9c27b3c6
2022-08-29 13:23:00 [info]: ::1 (GET) /images/46cbb94d3b08d1a7b33a864b3069dc6d
2022-08-29 13:23:00 [info]: ::1 (GET) /images/08479238349c0ad801415616c0c2ad97
2022-08-29 13:23:00 [info]: ::1 (GET) /images/9235ed8fd378deb1157ea5b1f8ac0263
2022-08-29 13:23:00 [info]: ::1 (GET) /images/40ee03823bc8c3dab09b38cc91b6e84c
2022-08-29 13:23:00 [info]: ::1 (GET) /images/ed62bf962cc57d836915bb1b1282a64c
2022-08-29 13:23:00 [info]: ::1 (GET) /images/846626b96e29fa7c099ed04435f028e6
2022-08-29 13:23:00 [info]: ::1 (GET) /images/68316122f5484591f68de6c98ea99b40
2022-08-29 13:23:00 [info]: ::1 (GET) /images/ccb25265e42a4da0a78dcbe32e694672
2022-08-29 13:23:00 [info]: ::1 (GET) /images/e4c476fe40a6121d62ea299433305990
2022-08-29 13:27:04 [info]: ::1 (POST) /titles/
2022-08-29 13:27:04 [info]: ::1 (POST) /titles/8b0e961e00257eff16578f78946b2366/links/hbo_max
2022-08-29 13:27:04 [info]: ::1 (POST) /titles/8b0e961e00257eff16578f78946b2366/availability/hbo_max
2022-08-29 13:27:04 [info]: ::1 (GET) /titles
2022-08-29 13:27:30 [info]: ::1 (GET) /images
2022-08-29 13:27:30 [info]: ::1 (GET) /users/self
2022-08-29 13:27:30 [info]: ::1 (GET) /images/08479238349c0ad801415616c0c2ad97
2022-08-29 13:27:30 [info]: ::1 (GET) /images/35f334f9a26e74c2f5edfbd06426a264
2022-08-29 13:27:30 [info]: ::1 (GET) /images/40ee03823bc8c3dab09b38cc91b6e84c
2022-08-29 13:27:30 [info]: ::1 (GET) /images/3cd925d70f75c9316babdca26617d610
2022-08-29 13:27:30 [info]: ::1 (GET) /images/45304a77a1b10d3121a8098c7b7e218f
2022-08-29 13:27:30 [info]: ::1 (GET) /images/46cbb94d3b08d1a7b33a864b3069dc6d
2022-08-29 13:27:30 [info]: ::1 (GET) /images/68316122f5484591f68de6c98ea99b40
2022-08-29 13:27:30 [info]: ::1 (GET) /images/691b9132c92162b4fd37f628e1500c75
2022-08-29 13:27:30 [info]: ::1 (GET) /images/789cf3ccc116cb985c52e8156d662a43
2022-08-29 13:27:30 [info]: ::1 (GET) /images/80f6ba8ec2337c63d469719a84137be2
2022-08-29 13:27:30 [info]: ::1 (GET) /images/846626b96e29fa7c099ed04435f028e6
2022-08-29 13:27:30 [info]: ::1 (GET) /images/9235ed8fd378deb1157ea5b1f8ac0263
2022-08-29 13:27:30 [info]: ::1 (GET) /images/9c150de3298955c528a28aaf24da3dd8
2022-08-29 13:27:30 [info]: ::1 (GET) /images/b25348ff061bd7e6116945e759edb9d3
2022-08-29 13:27:30 [info]: ::1 (GET) /images/bd05c437c7220323136e6f6d9c27b3c6
2022-08-29 13:27:30 [info]: ::1 (GET) /images/ccb25265e42a4da0a78dcbe32e694672
2022-08-29 13:27:30 [info]: ::1 (GET) /images/cf8455ea97ae68d4416496573efdc35d
2022-08-29 13:27:30 [info]: ::1 (GET) /images/e4c476fe40a6121d62ea299433305990
2022-08-29 13:27:30 [info]: ::1 (GET) /images/ed62bf962cc57d836915bb1b1282a64c
2022-08-29 13:27:42 [info]: ::1 (POST) /images/
2022-08-29 13:27:42 [info]: ::1 (GET) /images
2022-08-29 13:27:42 [info]: ::1 (GET) /images/75d7a3573375a1a69b1b36908b64bdc7/info
2022-08-29 13:27:42 [info]: ::1 (GET) /images/08479238349c0ad801415616c0c2ad97
2022-08-29 13:27:42 [info]: ::1 (GET) /images/75d7a3573375a1a69b1b36908b64bdc7
2022-08-29 13:27:42 [info]: ::1 (GET) /images/3cd925d70f75c9316babdca26617d610
2022-08-29 13:27:42 [info]: ::1 (GET) /images/35f334f9a26e74c2f5edfbd06426a264
2022-08-29 13:27:42 [info]: ::1 (GET) /images/40ee03823bc8c3dab09b38cc91b6e84c
2022-08-29 13:27:42 [info]: ::1 (GET) /images/45304a77a1b10d3121a8098c7b7e218f
2022-08-29 13:27:42 [info]: ::1 (GET) /images/46cbb94d3b08d1a7b33a864b3069dc6d
2022-08-29 13:27:42 [info]: ::1 (GET) /images/68316122f5484591f68de6c98ea99b40
2022-08-29 13:27:42 [info]: ::1 (GET) /images/691b9132c92162b4fd37f628e1500c75
2022-08-29 13:27:42 [info]: ::1 (GET) /images/789cf3ccc116cb985c52e8156d662a43
2022-08-29 13:27:42 [info]: ::1 (GET) /images/80f6ba8ec2337c63d469719a84137be2
2022-08-29 13:27:42 [info]: ::1 (GET) /images/846626b96e29fa7c099ed04435f028e6
2022-08-29 13:27:42 [info]: ::1 (GET) /images/9235ed8fd378deb1157ea5b1f8ac0263
2022-08-29 13:27:42 [info]: ::1 (GET) /images/9c150de3298955c528a28aaf24da3dd8
2022-08-29 13:27:42 [info]: ::1 (GET) /images/b25348ff061bd7e6116945e759edb9d3
2022-08-29 13:27:42 [info]: ::1 (GET) /images/bd05c437c7220323136e6f6d9c27b3c6
2022-08-29 13:27:42 [info]: ::1 (GET) /images/ccb25265e42a4da0a78dcbe32e694672
2022-08-29 13:27:42 [info]: ::1 (GET) /images/cf8455ea97ae68d4416496573efdc35d
2022-08-29 13:27:42 [info]: ::1 (GET) /images/75d7a3573375a1a69b1b36908b64bdc7
2022-08-29 13:27:42 [info]: ::1 (GET) /images/e4c476fe40a6121d62ea299433305990
2022-08-29 13:27:42 [info]: ::1 (GET) /images/ed62bf962cc57d836915bb1b1282a64c
2022-08-29 13:27:47 [info]: ::1 (PUT) /images/75d7a3573375a1a69b1b36908b64bdc7
2022-08-29 13:28:12 [info]: ::1 (GET) /images/
2022-08-29 13:28:12 [info]: ::1 (GET) /images/
2022-08-29 13:28:12 [info]: ::1 (GET) /titles
2022-08-29 13:28:12 [info]: ::1 (GET) /users/self
2022-08-29 13:28:13 [info]: ::1 (GET) /titles/8b0e961e00257eff16578f78946b2366
2022-08-29 13:28:13 [info]: ::1 (GET) /images/
2022-08-29 13:28:14 [info]: ::1 (GET) /images/75d7a3573375a1a69b1b36908b64bdc7
2022-08-29 13:28:15 [info]: ::1 (PUT) /titles/8b0e961e00257eff16578f78946b2366
2022-08-29 13:28:15 [info]: ::1 (GET) /images/
2022-08-29 13:28:15 [info]: ::1 (GET) /titles/8b0e961e00257eff16578f78946b2366
2022-08-29 13:28:15 [info]: ::1 (GET) /images/
2022-08-29 13:28:15 [info]: ::1 (GET) /images/75d7a3573375a1a69b1b36908b64bdc7
2022-08-29 13:28:21 [info]: ::1 (GET) /titles/?q=shawshank
2022-08-29 13:28:21 [info]: ::1 (GET) /images/b25348ff061bd7e6116945e759edb9d3
2022-08-29 13:28:23 [info]: ::1 (GET) /titles/1812e09b727ccd504958b4b45c091b83
2022-08-29 13:28:23 [info]: ::1 (GET) /users/self
2022-08-29 13:28:23 [info]: ::1 (GET) /images/b25348ff061bd7e6116945e759edb9d3
2022-08-29 13:28:23 [info]: ::1 (GET) /users/28eb5ad4bdc905f3/ratings/1812e09b727ccd504958b4b45c091b83
2022-08-29 13:28:26 [info]: ::1 (GET) /pages/new
2022-08-29 13:28:26 [info]: ::1 (GET) /users/self
2022-08-29 13:28:26 [info]: ::1 (GET) /images/bd05c437c7220323136e6f6d9c27b3c6
2022-08-29 13:28:26 [info]: ::1 (GET) /images/46cbb94d3b08d1a7b33a864b3069dc6d
2022-08-29 13:28:26 [info]: ::1 (GET) /images/08479238349c0ad801415616c0c2ad97
2022-08-29 13:28:26 [info]: ::1 (GET) /images/9235ed8fd378deb1157ea5b1f8ac0263
2022-08-29 13:28:26 [info]: ::1 (GET) /images/40ee03823bc8c3dab09b38cc91b6e84c
2022-08-29 13:28:26 [info]: ::1 (GET) /images/ed62bf962cc57d836915bb1b1282a64c
2022-08-29 13:28:26 [info]: ::1 (GET) /images/68316122f5484591f68de6c98ea99b40
2022-08-29 13:28:26 [info]: ::1 (GET) /images/e4c476fe40a6121d62ea299433305990
2022-08-29 13:28:26 [info]: ::1 (GET) /images/846626b96e29fa7c099ed04435f028e6
2022-08-29 13:28:26 [info]: ::1 (GET) /images/ccb25265e42a4da0a78dcbe32e694672
2022-08-29 13:28:27 [info]: ::1 (GET) /titles/10fa17ca9157be44959290f3f892aab6
2022-08-29 13:28:27 [info]: ::1 (GET) /users/self
2022-08-29 13:28:27 [info]: ::1 (GET) /images/46cbb94d3b08d1a7b33a864b3069dc6d
2022-08-29 13:28:27 [info]: ::1 (GET) /users/28eb5ad4bdc905f3/ratings/10fa17ca9157be44959290f3f892aab6
2022-08-29 13:28:49 [info]: ::1 (GET) /images
2022-08-29 13:28:49 [info]: ::1 (GET) /users/self
2022-08-29 13:28:49 [info]: ::1 (GET) /images/08479238349c0ad801415616c0c2ad97
2022-08-29 13:28:49 [info]: ::1 (GET) /images/35f334f9a26e74c2f5edfbd06426a264
2022-08-29 13:28:49 [info]: ::1 (GET) /images/40ee03823bc8c3dab09b38cc91b6e84c
2022-08-29 13:28:49 [info]: ::1 (GET) /images/3cd925d70f75c9316babdca26617d610
2022-08-29 13:28:49 [info]: ::1 (GET) /images/45304a77a1b10d3121a8098c7b7e218f
2022-08-29 13:28:49 [info]: ::1 (GET) /images/46cbb94d3b08d1a7b33a864b3069dc6d
2022-08-29 13:28:49 [info]: ::1 (GET) /images/68316122f5484591f68de6c98ea99b40
2022-08-29 13:28:49 [info]: ::1 (GET) /images/691b9132c92162b4fd37f628e1500c75
2022-08-29 13:28:49 [info]: ::1 (GET) /images/75d7a3573375a1a69b1b36908b64bdc7
2022-08-29 13:28:49 [info]: ::1 (GET) /images/789cf3ccc116cb985c52e8156d662a43
2022-08-29 13:28:49 [info]: ::1 (GET) /images/80f6ba8ec2337c63d469719a84137be2
2022-08-29 13:28:49 [info]: ::1 (GET) /images/846626b96e29fa7c099ed04435f028e6
2022-08-29 13:28:49 [info]: ::1 (GET) /images/9235ed8fd378deb1157ea5b1f8ac0263
2022-08-29 13:28:49 [info]: ::1 (GET) /images/9c150de3298955c528a28aaf24da3dd8
2022-08-29 13:28:49 [info]: ::1 (GET) /images/b25348ff061bd7e6116945e759edb9d3
2022-08-29 13:28:49 [info]: ::1 (GET) /images/bd05c437c7220323136e6f6d9c27b3c6
2022-08-29 13:28:49 [info]: ::1 (GET) /images/ccb25265e42a4da0a78dcbe32e694672
2022-08-29 13:28:49 [info]: ::1 (GET) /images/cf8455ea97ae68d4416496573efdc35d
2022-08-29 13:28:49 [info]: ::1 (GET) /images/e4c476fe40a6121d62ea299433305990
2022-08-29 13:28:49 [info]: ::1 (GET) /images/ed62bf962cc57d836915bb1b1282a64c
2022-08-29 13:28:53 [info]: ::1 (POST) /images/
2022-08-29 13:28:53 [info]: ::1 (GET) /images
2022-08-29 13:28:53 [info]: ::1 (GET) /images/3948a009c10c272fcc770643e1f28c06/info
2022-08-29 13:28:53 [info]: ::1 (GET) /images/08479238349c0ad801415616c0c2ad97
2022-08-29 13:28:53 [info]: ::1 (GET) /images/35f334f9a26e74c2f5edfbd06426a264
2022-08-29 13:28:53 [info]: ::1 (GET) /images/3cd925d70f75c9316babdca26617d610
2022-08-29 13:28:53 [info]: ::1 (GET) /images/40ee03823bc8c3dab09b38cc91b6e84c
2022-08-29 13:28:53 [info]: ::1 (GET) /images/3948a009c10c272fcc770643e1f28c06
2022-08-29 13:28:53 [info]: ::1 (GET) /images/45304a77a1b10d3121a8098c7b7e218f
2022-08-29 13:28:53 [info]: ::1 (GET) /images/46cbb94d3b08d1a7b33a864b3069dc6d
2022-08-29 13:28:53 [info]: ::1 (GET) /images/68316122f5484591f68de6c98ea99b40
2022-08-29 13:28:53 [info]: ::1 (GET) /images/691b9132c92162b4fd37f628e1500c75
2022-08-29 13:28:53 [info]: ::1 (GET) /images/75d7a3573375a1a69b1b36908b64bdc7
2022-08-29 13:28:53 [info]: ::1 (GET) /images/789cf3ccc116cb985c52e8156d662a43
2022-08-29 13:28:53 [info]: ::1 (GET) /images/80f6ba8ec2337c63d469719a84137be2
2022-08-29 13:28:53 [info]: ::1 (GET) /images/846626b96e29fa7c099ed04435f028e6
2022-08-29 13:28:53 [info]: ::1 (GET) /images/9235ed8fd378deb1157ea5b1f8ac0263
2022-08-29 13:28:53 [info]: ::1 (GET) /images/9c150de3298955c528a28aaf24da3dd8
2022-08-29 13:28:53 [info]: ::1 (GET) /images/b25348ff061bd7e6116945e759edb9d3
2022-08-29 13:28:53 [info]: ::1 (GET) /images/bd05c437c7220323136e6f6d9c27b3c6
2022-08-29 13:28:53 [info]: ::1 (GET) /images/ccb25265e42a4da0a78dcbe32e694672
2022-08-29 13:28:53 [info]: ::1 (GET) /images/cf8455ea97ae68d4416496573efdc35d
2022-08-29 13:28:53 [info]: ::1 (GET) /images/e4c476fe40a6121d62ea299433305990
2022-08-29 13:28:53 [info]: ::1 (GET) /images/ed62bf962cc57d836915bb1b1282a64c
2022-08-29 13:28:53 [info]: ::1 (GET) /images/3948a009c10c272fcc770643e1f28c06
2022-08-29 13:29:02 [info]: ::1 (PUT) /images/3948a009c10c272fcc770643e1f28c06
2022-08-29 13:29:06 [info]: ::1 (GET) /images/
2022-08-29 13:29:06 [info]: ::1 (GET) /titles
2022-08-29 13:29:06 [info]: ::1 (GET) /users/self
2022-08-29 13:29:06 [info]: ::1 (GET) /images/
2022-08-29 13:29:07 [info]: ::1 (GET) /titles/1812e09b727ccd504958b4b45c091b83
2022-08-29 13:29:07 [info]: ::1 (GET) /images/
2022-08-29 13:29:07 [info]: ::1 (GET) /images/b25348ff061bd7e6116945e759edb9d3
2022-08-29 13:29:09 [info]: ::1 (GET) /images/3948a009c10c272fcc770643e1f28c06
2022-08-29 13:29:10 [info]: ::1 (PUT) /titles/1812e09b727ccd504958b4b45c091b83
2022-08-29 13:29:10 [info]: ::1 (GET) /images/b25348ff061bd7e6116945e759edb9d3
2022-08-29 13:29:10 [info]: ::1 (GET) /titles/1812e09b727ccd504958b4b45c091b83
2022-08-29 13:29:10 [info]: ::1 (GET) /images/
2022-08-29 13:29:10 [info]: ::1 (GET) /images/3948a009c10c272fcc770643e1f28c06
2022-08-29 13:29:13 [info]: ::1 (GET) /images
2022-08-29 13:29:13 [info]: ::1 (GET) /users/self
2022-08-29 13:29:13 [info]: ::1 (GET) /images/3948a009c10c272fcc770643e1f28c06
2022-08-29 13:29:13 [info]: ::1 (GET) /images/08479238349c0ad801415616c0c2ad97
2022-08-29 13:29:13 [info]: ::1 (GET) /images/35f334f9a26e74c2f5edfbd06426a264
2022-08-29 13:29:13 [info]: ::1 (GET) /images/3cd925d70f75c9316babdca26617d610
2022-08-29 13:29:13 [info]: ::1 (GET) /images/40ee03823bc8c3dab09b38cc91b6e84c
2022-08-29 13:29:13 [info]: ::1 (GET) /images/45304a77a1b10d3121a8098c7b7e218f
2022-08-29 13:29:13 [info]: ::1 (GET) /images/46cbb94d3b08d1a7b33a864b3069dc6d
2022-08-29 13:29:13 [info]: ::1 (GET) /images/68316122f5484591f68de6c98ea99b40
2022-08-29 13:29:13 [info]: ::1 (GET) /images/691b9132c92162b4fd37f628e1500c75
2022-08-29 13:29:13 [info]: ::1 (GET) /images/75d7a3573375a1a69b1b36908b64bdc7
2022-08-29 13:29:13 [info]: ::1 (GET) /images/789cf3ccc116cb985c52e8156d662a43
2022-08-29 13:29:13 [info]: ::1 (GET) /images/80f6ba8ec2337c63d469719a84137be2
2022-08-29 13:29:13 [info]: ::1 (GET) /images/846626b96e29fa7c099ed04435f028e6
2022-08-29 13:29:13 [info]: ::1 (GET) /images/9235ed8fd378deb1157ea5b1f8ac0263
2022-08-29 13:29:13 [info]: ::1 (GET) /images/9c150de3298955c528a28aaf24da3dd8
2022-08-29 13:29:13 [info]: ::1 (GET) /images/b25348ff061bd7e6116945e759edb9d3
2022-08-29 13:29:13 [info]: ::1 (GET) /images/bd05c437c7220323136e6f6d9c27b3c6
2022-08-29 13:29:13 [info]: ::1 (GET) /images/ccb25265e42a4da0a78dcbe32e694672
2022-08-29 13:29:13 [info]: ::1 (GET) /images/cf8455ea97ae68d4416496573efdc35d
2022-08-29 13:29:13 [info]: ::1 (GET) /images/e4c476fe40a6121d62ea299433305990
2022-08-29 13:29:13 [info]: ::1 (GET) /images/ed62bf962cc57d836915bb1b1282a64c
2022-08-29 13:29:14 [info]: ::1 (GET) /images/b25348ff061bd7e6116945e759edb9d3/info
2022-08-29 13:29:14 [info]: ::1 (GET) /images/b25348ff061bd7e6116945e759edb9d3
2022-08-29 13:29:18 [info]: ::1 (DELETE) /images/b25348ff061bd7e6116945e759edb9d3
2022-08-29 13:29:18 [info]: ::1 (GET) /images
2022-08-29 13:29:18 [info]: ::1 (GET) /images/08479238349c0ad801415616c0c2ad97
2022-08-29 13:29:18 [info]: ::1 (GET) /images/3cd925d70f75c9316babdca26617d610
2022-08-29 13:29:18 [info]: ::1 (GET) /images/35f334f9a26e74c2f5edfbd06426a264
2022-08-29 13:29:18 [info]: ::1 (GET) /images/3948a009c10c272fcc770643e1f28c06
2022-08-29 13:29:18 [info]: ::1 (GET) /images/40ee03823bc8c3dab09b38cc91b6e84c
2022-08-29 13:29:18 [info]: ::1 (GET) /images/45304a77a1b10d3121a8098c7b7e218f
2022-08-29 13:29:18 [info]: ::1 (GET) /images/46cbb94d3b08d1a7b33a864b3069dc6d
2022-08-29 13:29:18 [info]: ::1 (GET) /images/68316122f5484591f68de6c98ea99b40
2022-08-29 13:29:18 [info]: ::1 (GET) /images/75d7a3573375a1a69b1b36908b64bdc7
2022-08-29 13:29:18 [info]: ::1 (GET) /images/691b9132c92162b4fd37f628e1500c75
2022-08-29 13:29:18 [info]: ::1 (GET) /images/789cf3ccc116cb985c52e8156d662a43
2022-08-29 13:29:18 [info]: ::1 (GET) /images/80f6ba8ec2337c63d469719a84137be2
2022-08-29 13:29:18 [info]: ::1 (GET) /images/846626b96e29fa7c099ed04435f028e6
2022-08-29 13:29:18 [info]: ::1 (GET) /images/9235ed8fd378deb1157ea5b1f8ac0263
2022-08-29 13:29:18 [info]: ::1 (GET) /images/9c150de3298955c528a28aaf24da3dd8
2022-08-29 13:29:18 [info]: ::1 (GET) /images/bd05c437c7220323136e6f6d9c27b3c6
2022-08-29 13:29:18 [info]: ::1 (GET) /images/ccb25265e42a4da0a78dcbe32e694672
2022-08-29 13:29:18 [info]: ::1 (GET) /images/cf8455ea97ae68d4416496573efdc35d
2022-08-29 13:29:18 [info]: ::1 (GET) /images/e4c476fe40a6121d62ea299433305990
2022-08-29 13:29:18 [info]: ::1 (GET) /images/ed62bf962cc57d836915bb1b1282a64c
2022-08-29 13:29:27 [info]: ::1 (GET) /titles/?q=shaw
2022-08-29 13:29:27 [info]: ::1 (GET) /images/3948a009c10c272fcc770643e1f28c06
2022-08-29 13:29:28 [info]: ::1 (GET) /titles/1812e09b727ccd504958b4b45c091b83
2022-08-29 13:29:28 [info]: ::1 (GET) /users/self
2022-08-29 13:29:29 [info]: ::1 (GET) /images/3948a009c10c272fcc770643e1f28c06
2022-08-29 13:29:29 [info]: ::1 (GET) /users/28eb5ad4bdc905f3/ratings/1812e09b727ccd504958b4b45c091b83
2022-08-29 13:31:03 [info]: ::1 (GET) /images/
2022-08-29 13:31:03 [info]: ::1 (GET) /titles
2022-08-29 13:31:03 [info]: ::1 (GET) /images/
2022-08-29 13:31:03 [info]: ::1 (GET) /users/self
2022-08-29 13:36:13 [info]: ::1 (POST) /titles/
2022-08-29 13:36:13 [info]: ::1 (POST) /titles/119ab2cec8cec6ed8a7d040bc2a0dd9b/links/hbo_max
2022-08-29 13:36:13 [info]: ::1 (POST) /titles/119ab2cec8cec6ed8a7d040bc2a0dd9b/availability/hbo_max
2022-08-29 13:36:13 [info]: ::1 (GET) /titles
2022-08-29 13:36:15 [info]: ::1 (GET) /images
2022-08-29 13:36:15 [info]: ::1 (GET) /users/self
2022-08-29 13:36:16 [info]: ::1 (GET) /images/08479238349c0ad801415616c0c2ad97
2022-08-29 13:36:16 [info]: ::1 (GET) /images/35f334f9a26e74c2f5edfbd06426a264
2022-08-29 13:36:16 [info]: ::1 (GET) /images/3cd925d70f75c9316babdca26617d610
2022-08-29 13:36:16 [info]: ::1 (GET) /images/3948a009c10c272fcc770643e1f28c06
2022-08-29 13:36:16 [info]: ::1 (GET) /images/40ee03823bc8c3dab09b38cc91b6e84c
2022-08-29 13:36:16 [info]: ::1 (GET) /images/45304a77a1b10d3121a8098c7b7e218f
2022-08-29 13:36:16 [info]: ::1 (GET) /images/46cbb94d3b08d1a7b33a864b3069dc6d
2022-08-29 13:36:16 [info]: ::1 (GET) /images/68316122f5484591f68de6c98ea99b40
2022-08-29 13:36:16 [info]: ::1 (GET) /images/691b9132c92162b4fd37f628e1500c75
2022-08-29 13:36:16 [info]: ::1 (GET) /images/75d7a3573375a1a69b1b36908b64bdc7
2022-08-29 13:36:16 [info]: ::1 (GET) /images/789cf3ccc116cb985c52e8156d662a43
2022-08-29 13:36:16 [info]: ::1 (GET) /images/80f6ba8ec2337c63d469719a84137be2
2022-08-29 13:36:16 [info]: ::1 (GET) /images/846626b96e29fa7c099ed04435f028e6
2022-08-29 13:36:16 [info]: ::1 (GET) /images/9235ed8fd378deb1157ea5b1f8ac0263
2022-08-29 13:36:16 [info]: ::1 (GET) /images/9c150de3298955c528a28aaf24da3dd8
2022-08-29 13:36:16 [info]: ::1 (GET) /images/bd05c437c7220323136e6f6d9c27b3c6
2022-08-29 13:36:16 [info]: ::1 (GET) /images/ccb25265e42a4da0a78dcbe32e694672
2022-08-29 13:36:16 [info]: ::1 (GET) /images/cf8455ea97ae68d4416496573efdc35d
2022-08-29 13:36:16 [info]: ::1 (GET) /images/e4c476fe40a6121d62ea299433305990
2022-08-29 13:36:16 [info]: ::1 (GET) /images/ed62bf962cc57d836915bb1b1282a64c
2022-08-29 13:36:41 [info]: ::1 (POST) /images/
2022-08-29 13:36:41 [info]: ::1 (GET) /images
2022-08-29 13:36:41 [info]: ::1 (GET) /images/a7f6968dee06043125d3144082bf5792/info
2022-08-29 13:36:41 [info]: ::1 (GET) /images/08479238349c0ad801415616c0c2ad97
2022-08-29 13:36:41 [info]: ::1 (GET) /images/35f334f9a26e74c2f5edfbd06426a264
2022-08-29 13:36:41 [info]: ::1 (GET) /images/3948a009c10c272fcc770643e1f28c06
2022-08-29 13:36:41 [info]: ::1 (GET) /images/3cd925d70f75c9316babdca26617d610
2022-08-29 13:36:41 [info]: ::1 (GET) /images/40ee03823bc8c3dab09b38cc91b6e84c
2022-08-29 13:36:41 [info]: ::1 (GET) /images/45304a77a1b10d3121a8098c7b7e218f
2022-08-29 13:36:41 [info]: ::1 (GET) /images/46cbb94d3b08d1a7b33a864b3069dc6d
2022-08-29 13:36:41 [info]: ::1 (GET) /images/68316122f5484591f68de6c98ea99b40
2022-08-29 13:36:41 [info]: ::1 (GET) /images/691b9132c92162b4fd37f628e1500c75
2022-08-29 13:36:41 [info]: ::1 (GET) /images/75d7a3573375a1a69b1b36908b64bdc7
2022-08-29 13:36:41 [info]: ::1 (GET) /images/789cf3ccc116cb985c52e8156d662a43
2022-08-29 13:36:41 [info]: ::1 (GET) /images/80f6ba8ec2337c63d469719a84137be2
2022-08-29 13:36:41 [info]: ::1 (GET) /images/846626b96e29fa7c099ed04435f028e6
2022-08-29 13:36:41 [info]: ::1 (GET) /images/9235ed8fd378deb1157ea5b1f8ac0263
2022-08-29 13:36:41 [info]: ::1 (GET) /images/9c150de3298955c528a28aaf24da3dd8
2022-08-29 13:36:41 [info]: ::1 (GET) /images/a7f6968dee06043125d3144082bf5792
2022-08-29 13:36:41 [info]: ::1 (GET) /images/bd05c437c7220323136e6f6d9c27b3c6
2022-08-29 13:36:41 [info]: ::1 (GET) /images/ccb25265e42a4da0a78dcbe32e694672
2022-08-29 13:36:41 [info]: ::1 (GET) /images/cf8455ea97ae68d4416496573efdc35d
2022-08-29 13:36:41 [info]: ::1 (GET) /images/e4c476fe40a6121d62ea299433305990
2022-08-29 13:36:41 [info]: ::1 (GET) /images/ed62bf962cc57d836915bb1b1282a64c
2022-08-29 13:36:41 [info]: ::1 (GET) /images/a7f6968dee06043125d3144082bf5792
2022-08-29 13:36:49 [info]: ::1 (PUT) /images/a7f6968dee06043125d3144082bf5792
2022-08-29 13:36:51 [info]: ::1 (GET) /images/
2022-08-29 13:36:51 [info]: ::1 (GET) /images/
2022-08-29 13:36:51 [info]: ::1 (GET) /titles
2022-08-29 13:36:51 [info]: ::1 (GET) /users/self
2022-08-29 13:36:52 [info]: ::1 (GET) /titles/119ab2cec8cec6ed8a7d040bc2a0dd9b
2022-08-29 13:36:52 [info]: ::1 (GET) /images/
2022-08-29 13:36:53 [info]: ::1 (GET) /images/a7f6968dee06043125d3144082bf5792
2022-08-29 13:36:54 [info]: ::1 (PUT) /titles/119ab2cec8cec6ed8a7d040bc2a0dd9b
2022-08-29 13:36:55 [info]: ::1 (GET) /images/
2022-08-29 13:36:55 [info]: ::1 (GET) /titles/119ab2cec8cec6ed8a7d040bc2a0dd9b
2022-08-29 13:36:55 [info]: ::1 (GET) /images/
2022-08-29 13:36:55 [info]: ::1 (GET) /images/a7f6968dee06043125d3144082bf5792
2022-08-29 13:42:15 [info]: ::1 (POST) /titles/
2022-08-29 13:42:15 [info]: ::1 (POST) /titles/22f263bb86feb2b9c55f9edba9cfdbb5/links/disney_plus
2022-08-29 13:42:15 [info]: ::1 (POST) /titles/22f263bb86feb2b9c55f9edba9cfdbb5/availability/disney_plus
2022-08-29 13:42:15 [error]: Error: ER_DATA_TOO_LONG: Data too long for column 'platform' at row 1
    at Query.Sequence._packetToError (C:\Users\larth\Coding\streamfinder\api\node_modules\mysql\lib\protocol\sequences\Sequence.js:47:14)
    at Query.ErrorPacket (C:\Users\larth\Coding\streamfinder\api\node_modules\mysql\lib\protocol\sequences\Query.js:79:18)
    at Protocol._parsePacket (C:\Users\larth\Coding\streamfinder\api\node_modules\mysql\lib\protocol\Protocol.js:291:23)
    at Parser._parsePacket (C:\Users\larth\Coding\streamfinder\api\node_modules\mysql\lib\protocol\Parser.js:433:10)
    at Parser.write (C:\Users\larth\Coding\streamfinder\api\node_modules\mysql\lib\protocol\Parser.js:43:10)
    at Protocol.write (C:\Users\larth\Coding\streamfinder\api\node_modules\mysql\lib\protocol\Protocol.js:38:16)
    at Socket.<anonymous> (C:\Users\larth\Coding\streamfinder\api\node_modules\mysql\lib\Connection.js:88:28)
    at Socket.<anonymous> (C:\Users\larth\Coding\streamfinder\api\node_modules\mysql\lib\Connection.js:526:10)
    at Socket.emit (events.js:400:28)
    at addChunk (internal/streams/readable.js:290:12)
    --------------------
    at Pool.query (C:\Users\larth\Coding\streamfinder\api\node_modules\mysql\lib\Pool.js:199:23)
    at C:\Users\larth\Coding\streamfinder\api\util.js:41:18
    at new Promise (<anonymous>)
    at Object.dbPromise (C:\Users\larth\Coding\streamfinder\api\util.js:40:16)
    at Object.insertMovieLink (C:\Users\larth\Coding\streamfinder\api\controllers\movie.links.js:19:21)
    at MovieLink.insert (C:\Users\larth\Coding\streamfinder\api\models\links.js:87:36)
    at C:\Users\larth\Coding\streamfinder\api\model_functions\title.js:298:25
    at runMicrotasks (<anonymous>)
    at processTicksAndRejections (internal/process/task_queues.js:95:5)
2022-08-29 13:42:22 [info]: ::1 (GET) /images/
2022-08-29 13:42:22 [info]: ::1 (GET) /images/
2022-08-29 13:42:22 [info]: ::1 (GET) /titles
2022-08-29 13:42:22 [info]: ::1 (GET) /users/self
2022-08-29 13:43:39 [info]: ::1 (POST) /titles/
2022-08-29 13:43:39 [info]: ::1 (GET) /titles
2022-08-29 13:43:43 [info]: ::1 (GET) /titles/61991b02ec71e1cdf129c2e4f41efa37
2022-08-29 13:43:43 [info]: ::1 (GET) /images/
2022-08-29 13:43:51 [info]: ::1 (POST) /titles/61991b02ec71e1cdf129c2e4f41efa37/links/disney_plus
2022-08-29 13:43:51 [info]: ::1 (PUT) /titles/61991b02ec71e1cdf129c2e4f41efa37
2022-08-29 13:43:51 [info]: ::1 (GET) /titles/61991b02ec71e1cdf129c2e4f41efa37
2022-08-29 13:43:51 [info]: ::1 (GET) /images/
2022-08-29 13:44:15 [info]: ::1 (PUT) /titles/61991b02ec71e1cdf129c2e4f41efa37/links/disney_plus
2022-08-29 13:44:15 [info]: ::1 (PUT) /titles/61991b02ec71e1cdf129c2e4f41efa37
2022-08-29 13:44:15 [info]: ::1 (GET) /titles/61991b02ec71e1cdf129c2e4f41efa37
2022-08-29 13:44:15 [info]: ::1 (GET) /images/
2022-08-29 13:44:17 [info]: ::1 (GET) /images/
2022-08-29 13:44:17 [info]: ::1 (GET) /titles
2022-08-29 13:44:17 [info]: ::1 (GET) /users/self
2022-08-29 13:44:17 [info]: ::1 (GET) /images/
2022-08-29 13:44:18 [info]: ::1 (GET) /titles/61991b02ec71e1cdf129c2e4f41efa37
2022-08-29 13:44:18 [info]: ::1 (GET) /images/
2022-08-29 13:44:22 [info]: ::1 (POST) /titles/61991b02ec71e1cdf129c2e4f41efa37/availability/disney_plus
2022-08-29 13:44:22 [error]: Error: ER_DATA_TOO_LONG: Data too long for column 'platform' at row 1
    at Query.Sequence._packetToError (C:\Users\larth\Coding\streamfinder\api\node_modules\mysql\lib\protocol\sequences\Sequence.js:47:14)
    at Query.ErrorPacket (C:\Users\larth\Coding\streamfinder\api\node_modules\mysql\lib\protocol\sequences\Query.js:79:18)
    at Protocol._parsePacket (C:\Users\larth\Coding\streamfinder\api\node_modules\mysql\lib\protocol\Protocol.js:291:23)
    at Parser._parsePacket (C:\Users\larth\Coding\streamfinder\api\node_modules\mysql\lib\protocol\Parser.js:433:10)
    at Parser.write (C:\Users\larth\Coding\streamfinder\api\node_modules\mysql\lib\protocol\Parser.js:43:10)
    at Protocol.write (C:\Users\larth\Coding\streamfinder\api\node_modules\mysql\lib\protocol\Protocol.js:38:16)
    at Socket.<anonymous> (C:\Users\larth\Coding\streamfinder\api\node_modules\mysql\lib\Connection.js:88:28)
    at Socket.<anonymous> (C:\Users\larth\Coding\streamfinder\api\node_modules\mysql\lib\Connection.js:526:10)
    at Socket.emit (events.js:400:28)
    at addChunk (internal/streams/readable.js:290:12)
    --------------------
    at Pool.query (C:\Users\larth\Coding\streamfinder\api\node_modules\mysql\lib\Pool.js:199:23)
    at C:\Users\larth\Coding\streamfinder\api\util.js:41:18
    at new Promise (<anonymous>)
    at Object.dbPromise (C:\Users\larth\Coding\streamfinder\api\util.js:40:16)
    at Object.insertMovieLink (C:\Users\larth\Coding\streamfinder\api\controllers\movie.links.js:19:21)
    at MovieLink.insert (C:\Users\larth\Coding\streamfinder\api\models\links.js:87:36)
    at C:\Users\larth\Coding\streamfinder\api\model_functions\title.js:298:25
    at runMicrotasks (<anonymous>)
    at processTicksAndRejections (internal/process/task_queues.js:95:5)
2022-08-29 13:45:23 [info]: ::1 (GET) /images/
2022-08-29 13:45:23 [info]: ::1 (GET) /images/
2022-08-29 13:45:23 [info]: ::1 (GET) /titles
2022-08-29 13:45:23 [info]: ::1 (GET) /users/self
2022-08-29 13:45:23 [info]: ::1 (GET) /titles/61991b02ec71e1cdf129c2e4f41efa37
2022-08-29 13:45:23 [info]: ::1 (GET) /images/
2022-08-29 13:45:29 [info]: ::1 (POST) /titles/61991b02ec71e1cdf129c2e4f41efa37/availability/disney_plus
2022-08-29 13:45:29 [info]: ::1 (PUT) /titles/61991b02ec71e1cdf129c2e4f41efa37
2022-08-29 13:45:29 [info]: ::1 (GET) /titles/61991b02ec71e1cdf129c2e4f41efa37
2022-08-29 13:45:29 [info]: ::1 (GET) /images/
2022-08-29 13:45:42 [info]: ::1 (GET) /images
2022-08-29 13:45:42 [info]: ::1 (GET) /users/self
2022-08-29 13:45:43 [info]: ::1 (GET) /images/08479238349c0ad801415616c0c2ad97
2022-08-29 13:45:43 [info]: ::1 (GET) /images/35f334f9a26e74c2f5edfbd06426a264
2022-08-29 13:45:43 [info]: ::1 (GET) /images/3948a009c10c272fcc770643e1f28c06
2022-08-29 13:45:43 [info]: ::1 (GET) /images/3cd925d70f75c9316babdca26617d610
2022-08-29 13:45:43 [info]: ::1 (GET) /images/40ee03823bc8c3dab09b38cc91b6e84c
2022-08-29 13:45:43 [info]: ::1 (GET) /images/45304a77a1b10d3121a8098c7b7e218f
2022-08-29 13:45:43 [info]: ::1 (GET) /images/46cbb94d3b08d1a7b33a864b3069dc6d
2022-08-29 13:45:43 [info]: ::1 (GET) /images/68316122f5484591f68de6c98ea99b40
2022-08-29 13:45:43 [info]: ::1 (GET) /images/691b9132c92162b4fd37f628e1500c75
2022-08-29 13:45:43 [info]: ::1 (GET) /images/75d7a3573375a1a69b1b36908b64bdc7
2022-08-29 13:45:43 [info]: ::1 (GET) /images/789cf3ccc116cb985c52e8156d662a43
2022-08-29 13:45:43 [info]: ::1 (GET) /images/80f6ba8ec2337c63d469719a84137be2
2022-08-29 13:45:43 [info]: ::1 (GET) /images/846626b96e29fa7c099ed04435f028e6
2022-08-29 13:45:43 [info]: ::1 (GET) /images/9235ed8fd378deb1157ea5b1f8ac0263
2022-08-29 13:45:43 [info]: ::1 (GET) /images/9c150de3298955c528a28aaf24da3dd8
2022-08-29 13:45:43 [info]: ::1 (GET) /images/a7f6968dee06043125d3144082bf5792
2022-08-29 13:45:43 [info]: ::1 (GET) /images/bd05c437c7220323136e6f6d9c27b3c6
2022-08-29 13:45:43 [info]: ::1 (GET) /images/ccb25265e42a4da0a78dcbe32e694672
2022-08-29 13:45:43 [info]: ::1 (GET) /images/cf8455ea97ae68d4416496573efdc35d
2022-08-29 13:45:43 [info]: ::1 (GET) /images/e4c476fe40a6121d62ea299433305990
2022-08-29 13:45:43 [info]: ::1 (GET) /images/ed62bf962cc57d836915bb1b1282a64c
2022-08-29 13:45:46 [info]: ::1 (POST) /images/
2022-08-29 13:45:46 [info]: ::1 (GET) /images
2022-08-29 13:45:46 [info]: ::1 (GET) /images/bcdcb7c55a7b42fee2b510ec70768ff3/info
2022-08-29 13:45:46 [info]: ::1 (GET) /images/08479238349c0ad801415616c0c2ad97
2022-08-29 13:45:46 [info]: ::1 (GET) /images/35f334f9a26e74c2f5edfbd06426a264
2022-08-29 13:45:46 [info]: ::1 (GET) /images/3948a009c10c272fcc770643e1f28c06
2022-08-29 13:45:46 [info]: ::1 (GET) /images/3cd925d70f75c9316babdca26617d610
2022-08-29 13:45:46 [info]: ::1 (GET) /images/40ee03823bc8c3dab09b38cc91b6e84c
2022-08-29 13:45:46 [info]: ::1 (GET) /images/45304a77a1b10d3121a8098c7b7e218f
2022-08-29 13:45:46 [info]: ::1 (GET) /images/46cbb94d3b08d1a7b33a864b3069dc6d
2022-08-29 13:45:46 [info]: ::1 (GET) /images/68316122f5484591f68de6c98ea99b40
2022-08-29 13:45:46 [info]: ::1 (GET) /images/691b9132c92162b4fd37f628e1500c75
2022-08-29 13:45:46 [info]: ::1 (GET) /images/75d7a3573375a1a69b1b36908b64bdc7
2022-08-29 13:45:46 [info]: ::1 (GET) /images/789cf3ccc116cb985c52e8156d662a43
2022-08-29 13:45:46 [info]: ::1 (GET) /images/80f6ba8ec2337c63d469719a84137be2
2022-08-29 13:45:46 [info]: ::1 (GET) /images/846626b96e29fa7c099ed04435f028e6
2022-08-29 13:45:46 [info]: ::1 (GET) /images/9235ed8fd378deb1157ea5b1f8ac0263
2022-08-29 13:45:46 [info]: ::1 (GET) /images/9c150de3298955c528a28aaf24da3dd8
2022-08-29 13:45:46 [info]: ::1 (GET) /images/a7f6968dee06043125d3144082bf5792
2022-08-29 13:45:46 [info]: ::1 (GET) /images/bd05c437c7220323136e6f6d9c27b3c6
2022-08-29 13:45:46 [info]: ::1 (GET) /images/ccb25265e42a4da0a78dcbe32e694672
2022-08-29 13:45:46 [info]: ::1 (GET) /images/cf8455ea97ae68d4416496573efdc35d
2022-08-29 13:45:46 [info]: ::1 (GET) /images/e4c476fe40a6121d62ea299433305990
2022-08-29 13:45:46 [info]: ::1 (GET) /images/ed62bf962cc57d836915bb1b1282a64c
2022-08-29 13:45:46 [info]: ::1 (GET) /images/bcdcb7c55a7b42fee2b510ec70768ff3
2022-08-29 13:45:46 [info]: ::1 (GET) /images/bcdcb7c55a7b42fee2b510ec70768ff3
2022-08-29 13:45:51 [info]: ::1 (PUT) /images/bcdcb7c55a7b42fee2b510ec70768ff3
2022-08-29 13:45:53 [info]: ::1 (GET) /images/
2022-08-29 13:45:53 [info]: ::1 (GET) /images/
2022-08-29 13:45:53 [info]: ::1 (GET) /titles
2022-08-29 13:45:53 [info]: ::1 (GET) /users/self
2022-08-29 13:45:56 [info]: ::1 (GET) /titles/61991b02ec71e1cdf129c2e4f41efa37
2022-08-29 13:45:56 [info]: ::1 (GET) /images/
2022-08-29 13:45:58 [info]: ::1 (GET) /images/bcdcb7c55a7b42fee2b510ec70768ff3
2022-08-29 13:45:59 [info]: ::1 (PUT) /titles/61991b02ec71e1cdf129c2e4f41efa37
2022-08-29 13:45:59 [info]: ::1 (GET) /images/
2022-08-29 13:45:59 [info]: ::1 (GET) /titles/61991b02ec71e1cdf129c2e4f41efa37
2022-08-29 13:45:59 [info]: ::1 (GET) /images/
2022-08-29 13:45:59 [info]: ::1 (GET) /images/bcdcb7c55a7b42fee2b510ec70768ff3
2022-08-29 13:46:07 [info]: ::1 (GET) /images/
2022-08-29 13:46:07 [info]: ::1 (GET) /images/
2022-08-29 13:46:07 [info]: ::1 (GET) /titles
2022-08-29 13:46:07 [info]: ::1 (GET) /users/self
2022-08-29 14:08:23 [info]: ::1 (POST) /titles/
2022-08-29 14:08:23 [info]: ::1 (POST) /titles/9836a2d528a43e40eb01b5dccec69dca/links/netflix
2022-08-29 14:08:23 [info]: ::1 (POST) /titles/9836a2d528a43e40eb01b5dccec69dca/availability/netflix
2022-08-29 14:08:23 [info]: ::1 (GET) /titles
2022-08-29 14:08:38 [info]: ::1 (GET) /images
2022-08-29 14:08:38 [info]: ::1 (GET) /users/self
2022-08-29 14:08:39 [info]: ::1 (GET) /images/08479238349c0ad801415616c0c2ad97
2022-08-29 14:08:39 [info]: ::1 (GET) /images/35f334f9a26e74c2f5edfbd06426a264
2022-08-29 14:08:39 [info]: ::1 (GET) /images/3948a009c10c272fcc770643e1f28c06
2022-08-29 14:08:39 [info]: ::1 (GET) /images/3cd925d70f75c9316babdca26617d610
2022-08-29 14:08:39 [info]: ::1 (GET) /images/40ee03823bc8c3dab09b38cc91b6e84c
2022-08-29 14:08:39 [info]: ::1 (GET) /images/45304a77a1b10d3121a8098c7b7e218f
2022-08-29 14:08:39 [info]: ::1 (GET) /images/46cbb94d3b08d1a7b33a864b3069dc6d
2022-08-29 14:08:39 [info]: ::1 (GET) /images/68316122f5484591f68de6c98ea99b40
2022-08-29 14:08:39 [info]: ::1 (GET) /images/691b9132c92162b4fd37f628e1500c75
2022-08-29 14:08:39 [info]: ::1 (GET) /images/75d7a3573375a1a69b1b36908b64bdc7
2022-08-29 14:08:39 [info]: ::1 (GET) /images/789cf3ccc116cb985c52e8156d662a43
2022-08-29 14:08:39 [info]: ::1 (GET) /images/80f6ba8ec2337c63d469719a84137be2
2022-08-29 14:08:39 [info]: ::1 (GET) /images/846626b96e29fa7c099ed04435f028e6
2022-08-29 14:08:39 [info]: ::1 (GET) /images/9235ed8fd378deb1157ea5b1f8ac0263
2022-08-29 14:08:39 [info]: ::1 (GET) /images/9c150de3298955c528a28aaf24da3dd8
2022-08-29 14:08:39 [info]: ::1 (GET) /images/bd05c437c7220323136e6f6d9c27b3c6
2022-08-29 14:08:39 [info]: ::1 (GET) /images/a7f6968dee06043125d3144082bf5792
2022-08-29 14:08:39 [info]: ::1 (GET) /images/bcdcb7c55a7b42fee2b510ec70768ff3
2022-08-29 14:08:39 [info]: ::1 (GET) /images/ccb25265e42a4da0a78dcbe32e694672
2022-08-29 14:08:39 [info]: ::1 (GET) /images/cf8455ea97ae68d4416496573efdc35d
2022-08-29 14:08:39 [info]: ::1 (GET) /images/e4c476fe40a6121d62ea299433305990
2022-08-29 14:08:39 [info]: ::1 (GET) /images/ed62bf962cc57d836915bb1b1282a64c
2022-08-29 14:08:41 [info]: ::1 (POST) /images/
2022-08-29 14:08:41 [info]: ::1 (GET) /images
2022-08-29 14:08:41 [info]: ::1 (GET) /images/7cc35c99c83e4bc30748b06e4c30d121/info
2022-08-29 14:08:41 [info]: ::1 (GET) /images/08479238349c0ad801415616c0c2ad97
2022-08-29 14:08:41 [info]: ::1 (GET) /images/35f334f9a26e74c2f5edfbd06426a264
2022-08-29 14:08:41 [info]: ::1 (GET) /images/3948a009c10c272fcc770643e1f28c06
2022-08-29 14:08:41 [info]: ::1 (GET) /images/3cd925d70f75c9316babdca26617d610
2022-08-29 14:08:41 [info]: ::1 (GET) /images/40ee03823bc8c3dab09b38cc91b6e84c
2022-08-29 14:08:41 [info]: ::1 (GET) /images/45304a77a1b10d3121a8098c7b7e218f
2022-08-29 14:08:41 [info]: ::1 (GET) /images/46cbb94d3b08d1a7b33a864b3069dc6d
2022-08-29 14:08:41 [info]: ::1 (GET) /images/68316122f5484591f68de6c98ea99b40
2022-08-29 14:08:41 [info]: ::1 (GET) /images/691b9132c92162b4fd37f628e1500c75
2022-08-29 14:08:41 [info]: ::1 (GET) /images/75d7a3573375a1a69b1b36908b64bdc7
2022-08-29 14:08:41 [info]: ::1 (GET) /images/789cf3ccc116cb985c52e8156d662a43
2022-08-29 14:08:41 [info]: ::1 (GET) /images/7cc35c99c83e4bc30748b06e4c30d121
2022-08-29 14:08:41 [info]: ::1 (GET) /images/80f6ba8ec2337c63d469719a84137be2
2022-08-29 14:08:41 [info]: ::1 (GET) /images/846626b96e29fa7c099ed04435f028e6
2022-08-29 14:08:42 [info]: ::1 (GET) /images/9235ed8fd378deb1157ea5b1f8ac0263
2022-08-29 14:08:42 [info]: ::1 (GET) /images/9c150de3298955c528a28aaf24da3dd8
2022-08-29 14:08:42 [info]: ::1 (GET) /images/a7f6968dee06043125d3144082bf5792
2022-08-29 14:08:42 [info]: ::1 (GET) /images/bcdcb7c55a7b42fee2b510ec70768ff3
2022-08-29 14:08:42 [info]: ::1 (GET) /images/bd05c437c7220323136e6f6d9c27b3c6
2022-08-29 14:08:42 [info]: ::1 (GET) /images/ccb25265e42a4da0a78dcbe32e694672
2022-08-29 14:08:42 [info]: ::1 (GET) /images/cf8455ea97ae68d4416496573efdc35d
2022-08-29 14:08:42 [info]: ::1 (GET) /images/e4c476fe40a6121d62ea299433305990
2022-08-29 14:08:42 [info]: ::1 (GET) /images/ed62bf962cc57d836915bb1b1282a64c
2022-08-29 14:08:42 [info]: ::1 (GET) /images/7cc35c99c83e4bc30748b06e4c30d121
2022-08-29 14:08:51 [info]: ::1 (PUT) /images/7cc35c99c83e4bc30748b06e4c30d121
2022-08-29 14:08:52 [info]: ::1 (GET) /images/
2022-08-29 14:08:52 [info]: ::1 (GET) /images/
2022-08-29 14:08:52 [info]: ::1 (GET) /titles
2022-08-29 14:08:52 [info]: ::1 (GET) /users/self
2022-08-29 14:08:56 [info]: ::1 (GET) /titles/9836a2d528a43e40eb01b5dccec69dca
2022-08-29 14:08:56 [info]: ::1 (GET) /images/
2022-08-29 14:08:57 [info]: ::1 (GET) /images/uaaC57tcci0
2022-08-29 14:09:01 [info]: ::1 (GET) /images/
2022-08-29 14:09:02 [info]: ::1 (GET) /images
2022-08-29 14:09:02 [info]: ::1 (GET) /users/self
2022-08-29 14:09:02 [info]: ::1 (GET) /images/08479238349c0ad801415616c0c2ad97
2022-08-29 14:09:02 [info]: ::1 (GET) /images/35f334f9a26e74c2f5edfbd06426a264
2022-08-29 14:09:02 [info]: ::1 (GET) /images/3948a009c10c272fcc770643e1f28c06
2022-08-29 14:09:02 [info]: ::1 (GET) /images/3cd925d70f75c9316babdca26617d610
2022-08-29 14:09:02 [info]: ::1 (GET) /images/40ee03823bc8c3dab09b38cc91b6e84c
2022-08-29 14:09:02 [info]: ::1 (GET) /images/45304a77a1b10d3121a8098c7b7e218f
2022-08-29 14:09:02 [info]: ::1 (GET) /images/46cbb94d3b08d1a7b33a864b3069dc6d
2022-08-29 14:09:02 [info]: ::1 (GET) /images/68316122f5484591f68de6c98ea99b40
2022-08-29 14:09:02 [info]: ::1 (GET) /images/691b9132c92162b4fd37f628e1500c75
2022-08-29 14:09:02 [info]: ::1 (GET) /images/75d7a3573375a1a69b1b36908b64bdc7
2022-08-29 14:09:02 [info]: ::1 (GET) /images/789cf3ccc116cb985c52e8156d662a43
2022-08-29 14:09:02 [info]: ::1 (GET) /images/7cc35c99c83e4bc30748b06e4c30d121
2022-08-29 14:09:02 [info]: ::1 (GET) /images/80f6ba8ec2337c63d469719a84137be2
2022-08-29 14:09:02 [info]: ::1 (GET) /images/846626b96e29fa7c099ed04435f028e6
2022-08-29 14:09:02 [info]: ::1 (GET) /images/9235ed8fd378deb1157ea5b1f8ac0263
2022-08-29 14:09:02 [info]: ::1 (GET) /images/9c150de3298955c528a28aaf24da3dd8
2022-08-29 14:09:02 [info]: ::1 (GET) /images/a7f6968dee06043125d3144082bf5792
2022-08-29 14:09:02 [info]: ::1 (GET) /images/bcdcb7c55a7b42fee2b510ec70768ff3
2022-08-29 14:09:02 [info]: ::1 (GET) /images/bd05c437c7220323136e6f6d9c27b3c6
2022-08-29 14:09:02 [info]: ::1 (GET) /images/ccb25265e42a4da0a78dcbe32e694672
2022-08-29 14:09:02 [info]: ::1 (GET) /images/cf8455ea97ae68d4416496573efdc35d
2022-08-29 14:09:02 [info]: ::1 (GET) /images/e4c476fe40a6121d62ea299433305990
2022-08-29 14:09:02 [info]: ::1 (GET) /images/ed62bf962cc57d836915bb1b1282a64c
2022-08-29 14:09:04 [info]: ::1 (GET) /images/7cc35c99c83e4bc30748b06e4c30d121/info
2022-08-29 14:09:04 [info]: ::1 (GET) /images/7cc35c99c83e4bc30748b06e4c30d121
2022-08-29 14:09:07 [info]: ::1 (GET) /images/
2022-08-29 14:09:07 [info]: ::1 (GET) /images/
2022-08-29 14:09:07 [info]: ::1 (GET) /titles
2022-08-29 14:09:07 [info]: ::1 (GET) /users/self
2022-08-29 14:09:09 [info]: ::1 (GET) /titles/9836a2d528a43e40eb01b5dccec69dca
2022-08-29 14:09:09 [info]: ::1 (GET) /images/
2022-08-29 14:09:11 [info]: ::1 (GET) /images/7cc35c99c83e4bc30748b06e4c30d121
2022-08-29 14:09:12 [info]: ::1 (PUT) /titles/9836a2d528a43e40eb01b5dccec69dca
2022-08-29 14:09:12 [info]: ::1 (GET) /images/
2022-08-29 14:09:12 [info]: ::1 (GET) /titles/9836a2d528a43e40eb01b5dccec69dca
2022-08-29 14:09:12 [info]: ::1 (GET) /images/
2022-08-29 14:09:12 [info]: ::1 (GET) /images/7cc35c99c83e4bc30748b06e4c30d121
2022-08-29 14:14:55 [info]: ::1 (GET) /titles/61991b02ec71e1cdf129c2e4f41efa37
2022-08-29 14:14:55 [info]: ::1 (GET) /images/
2022-08-29 14:14:55 [info]: ::1 (GET) /images/bcdcb7c55a7b42fee2b510ec70768ff3
2022-08-29 14:15:09 [info]: ::1 (GET) /images/
2022-08-29 14:15:09 [info]: ::1 (GET) /images/
2022-08-29 14:15:09 [info]: ::1 (GET) /titles
2022-08-29 14:15:09 [info]: ::1 (GET) /users/self
2022-08-29 14:15:09 [info]: ::1 (GET) /titles/61991b02ec71e1cdf129c2e4f41efa37
2022-08-29 14:15:09 [info]: ::1 (GET) /images/
2022-08-29 14:15:09 [info]: ::1 (GET) /images/bcdcb7c55a7b42fee2b510ec70768ff3
2022-08-29 14:15:20 [info]: ::1 (GET) /titles/?q=soul
2022-08-29 14:15:20 [info]: ::1 (GET) /images/
2022-08-29 14:15:20 [info]: ::1 (GET) /images/bcdcb7c55a7b42fee2b510ec70768ff3
2022-08-29 14:15:24 [info]: ::1 (GET) /titles/22f263bb86feb2b9c55f9edba9cfdbb5
2022-08-29 14:15:24 [info]: ::1 (GET) /users/self
2022-08-29 14:15:24 [info]: ::1 (GET) /images/
2022-08-29 14:15:24 [info]: ::1 (GET) /users/28eb5ad4bdc905f3/ratings/22f263bb86feb2b9c55f9edba9cfdbb5
2022-08-29 14:15:28 [info]: ::1 (GET) /titles/61991b02ec71e1cdf129c2e4f41efa37
2022-08-29 14:15:28 [info]: ::1 (GET) /users/self
2022-08-29 14:15:28 [info]: ::1 (GET) /images/bcdcb7c55a7b42fee2b510ec70768ff3
2022-08-29 14:15:28 [info]: ::1 (GET) /users/28eb5ad4bdc905f3/ratings/61991b02ec71e1cdf129c2e4f41efa37
2022-08-29 14:15:34 [info]: ::1 (GET) /titles/22f263bb86feb2b9c55f9edba9cfdbb5
2022-08-29 14:15:34 [info]: ::1 (GET) /images/
2022-08-29 14:15:42 [info]: ::1 (GET) /titles/61991b02ec71e1cdf129c2e4f41efa37
2022-08-29 14:15:42 [info]: ::1 (GET) /images/
2022-08-29 14:15:42 [info]: ::1 (GET) /images/bcdcb7c55a7b42fee2b510ec70768ff3
2022-08-29 14:15:49 [info]: ::1 (GET) /titles/22f263bb86feb2b9c55f9edba9cfdbb5
2022-08-29 14:15:49 [info]: ::1 (GET) /images/
2022-08-29 14:15:52 [info]: ::1 (DELETE) /titles/22f263bb86feb2b9c55f9edba9cfdbb5
2022-08-29 14:15:52 [error]: Error: ER_ROW_IS_REFERENCED: Cannot delete or update a parent row: a foreign key constraint fails
    at Query.Sequence._packetToError (C:\Users\larth\Coding\streamfinder\api\node_modules\mysql\lib\protocol\sequences\Sequence.js:47:14)
    at Query.ErrorPacket (C:\Users\larth\Coding\streamfinder\api\node_modules\mysql\lib\protocol\sequences\Query.js:79:18)
    at Protocol._parsePacket (C:\Users\larth\Coding\streamfinder\api\node_modules\mysql\lib\protocol\Protocol.js:291:23)
    at Parser._parsePacket (C:\Users\larth\Coding\streamfinder\api\node_modules\mysql\lib\protocol\Parser.js:433:10)
    at Parser.write (C:\Users\larth\Coding\streamfinder\api\node_modules\mysql\lib\protocol\Parser.js:43:10)
    at Protocol.write (C:\Users\larth\Coding\streamfinder\api\node_modules\mysql\lib\protocol\Protocol.js:38:16)
    at Socket.<anonymous> (C:\Users\larth\Coding\streamfinder\api\node_modules\mysql\lib\Connection.js:88:28)
    at Socket.<anonymous> (C:\Users\larth\Coding\streamfinder\api\node_modules\mysql\lib\Connection.js:526:10)
    at Socket.emit (events.js:400:28)
    at addChunk (internal/streams/readable.js:290:12)
    --------------------
    at Pool.query (C:\Users\larth\Coding\streamfinder\api\node_modules\mysql\lib\Pool.js:199:23)
    at C:\Users\larth\Coding\streamfinder\api\util.js:41:18
    at new Promise (<anonymous>)
    at Object.dbPromise (C:\Users\larth\Coding\streamfinder\api\util.js:40:16)
    at Object.deleteTitle (C:\Users\larth\Coding\streamfinder\api\controllers\title.js:29:21)
    at Movie.delete (C:\Users\larth\Coding\streamfinder\api\models\title.js:135:31)
    at runMicrotasks (<anonymous>)
    at processTicksAndRejections (internal/process/task_queues.js:95:5)
    at async Movie.delete (C:\Users\larth\Coding\streamfinder\api\models\movie.js:63:9)
2022-08-29 14:19:47 [info]: API listening at http://localhost:9000
2022-08-29 14:19:51 [info]: ::1 (GET) /images/
2022-08-29 14:19:51 [info]: ::1 (GET) /titles
2022-08-29 14:19:51 [info]: ::1 (GET) /users/self
2022-08-29 14:19:51 [info]: ::1 (GET) /images/
2022-08-29 14:19:54 [info]: ::1 (GET) /titles/22f263bb86feb2b9c55f9edba9cfdbb5
2022-08-29 14:19:54 [info]: ::1 (GET) /images/
2022-08-29 14:19:57 [info]: ::1 (DELETE) /titles/22f263bb86feb2b9c55f9edba9cfdbb5
2022-08-29 14:19:57 [info]: ::1 (GET) /titles
2022-08-29 14:19:59 [info]: ::1 (GET) /images/
2022-08-29 14:19:59 [info]: ::1 (GET) /images/
2022-08-29 14:19:59 [info]: ::1 (GET) /titles
2022-08-29 14:19:59 [info]: ::1 (GET) /users/self
2022-08-29 23:36:47 [info]: ::1 (GET) /titles/61991b02ec71e1cdf129c2e4f41efa37
2022-08-29 23:36:47 [info]: ::1 (GET) /users/self
2022-08-29 23:36:48 [info]: ::1 (GET) /users/28eb5ad4bdc905f3/ratings/61991b02ec71e1cdf129c2e4f41efa37
2022-08-29 23:36:48 [info]: ::1 (GET) /images/bcdcb7c55a7b42fee2b510ec70768ff3
2022-08-29 23:36:49 [info]: ::1 (GET) /images/
2022-08-29 23:36:49 [info]: ::1 (GET) /images/
2022-08-29 23:36:49 [info]: ::1 (GET) /titles
2022-08-29 23:36:49 [info]: ::1 (GET) /users/self
