2022-08-30 13:33:37 [info]: API listening at http://localhost:9000
2022-08-30 13:34:38 [info]: ::1 (GET) /auth
2022-08-30 13:34:38 [info]: ::1 (GET) /users/self
2022-08-30 13:34:42 [info]: ::1 (GET) /images/
2022-08-30 13:34:42 [info]: ::1 (GET) /users/self
2022-08-30 13:34:42 [info]: ::1 (GET) /titles
2022-08-30 13:34:42 [info]: ::1 (GET) /images/
2022-08-30 13:38:16 [info]: ::1 (POST) /titles/
2022-08-30 13:38:16 [info]: ::1 (POST) /titles/e3a98247c62c5a051714f796829ecca1/links/hbo_max
2022-08-30 13:38:16 [info]: ::1 (POST) /titles/e3a98247c62c5a051714f796829ecca1/availability/hbo_max
2022-08-30 13:38:16 [info]: ::1 (GET) /titles
2022-08-30 13:38:35 [info]: ::1 (GET) /images
2022-08-30 13:38:35 [info]: ::1 (GET) /users/self
2022-08-30 13:38:35 [info]: ::1 (GET) /images/08479238349c0ad801415616c0c2ad97
2022-08-30 13:38:35 [info]: ::1 (GET) /images/35f334f9a26e74c2f5edfbd06426a264
2022-08-30 13:38:35 [info]: ::1 (GET) /images/3948a009c10c272fcc770643e1f28c06
2022-08-30 13:38:35 [info]: ::1 (GET) /images/3cd925d70f75c9316babdca26617d610
2022-08-30 13:38:35 [info]: ::1 (GET) /images/40ee03823bc8c3dab09b38cc91b6e84c
2022-08-30 13:38:35 [info]: ::1 (GET) /images/45304a77a1b10d3121a8098c7b7e218f
2022-08-30 13:38:35 [info]: ::1 (GET) /images/68316122f5484591f68de6c98ea99b40
2022-08-30 13:38:35 [info]: ::1 (GET) /images/46cbb94d3b08d1a7b33a864b3069dc6d
2022-08-30 13:38:35 [info]: ::1 (GET) /images/691b9132c92162b4fd37f628e1500c75
2022-08-30 13:38:35 [info]: ::1 (GET) /images/75d7a3573375a1a69b1b36908b64bdc7
2022-08-30 13:38:35 [info]: ::1 (GET) /images/789cf3ccc116cb985c52e8156d662a43
2022-08-30 13:38:35 [info]: ::1 (GET) /images/7cc35c99c83e4bc30748b06e4c30d121
2022-08-30 13:38:35 [info]: ::1 (GET) /images/80f6ba8ec2337c63d469719a84137be2
2022-08-30 13:38:35 [info]: ::1 (GET) /images/846626b96e29fa7c099ed04435f028e6
2022-08-30 13:38:35 [info]: ::1 (GET) /images/9235ed8fd378deb1157ea5b1f8ac0263
2022-08-30 13:38:35 [info]: ::1 (GET) /images/9c150de3298955c528a28aaf24da3dd8
2022-08-30 13:38:35 [info]: ::1 (GET) /images/a7f6968dee06043125d3144082bf5792
2022-08-30 13:38:35 [info]: ::1 (GET) /images/bcdcb7c55a7b42fee2b510ec70768ff3
2022-08-30 13:38:35 [info]: ::1 (GET) /images/bd05c437c7220323136e6f6d9c27b3c6
2022-08-30 13:38:35 [info]: ::1 (GET) /images/ccb25265e42a4da0a78dcbe32e694672
2022-08-30 13:38:35 [info]: ::1 (GET) /images/cf8455ea97ae68d4416496573efdc35d
2022-08-30 13:38:35 [info]: ::1 (GET) /images/e4c476fe40a6121d62ea299433305990
2022-08-30 13:38:35 [info]: ::1 (GET) /images/ed62bf962cc57d836915bb1b1282a64c
2022-08-30 13:38:40 [info]: ::1 (POST) /images/
2022-08-30 13:38:40 [info]: ::1 (GET) /images
2022-08-30 13:38:40 [info]: ::1 (GET) /images/6794309645f1a2fa2efee1992d393922/info
2022-08-30 13:38:40 [info]: ::1 (GET) /images/08479238349c0ad801415616c0c2ad97
2022-08-30 13:38:40 [info]: ::1 (GET) /images/35f334f9a26e74c2f5edfbd06426a264
2022-08-30 13:38:40 [info]: ::1 (GET) /images/3948a009c10c272fcc770643e1f28c06
2022-08-30 13:38:40 [info]: ::1 (GET) /images/3cd925d70f75c9316babdca26617d610
2022-08-30 13:38:40 [info]: ::1 (GET) /images/40ee03823bc8c3dab09b38cc91b6e84c
2022-08-30 13:38:40 [info]: ::1 (GET) /images/45304a77a1b10d3121a8098c7b7e218f
2022-08-30 13:38:40 [info]: ::1 (GET) /images/46cbb94d3b08d1a7b33a864b3069dc6d
2022-08-30 13:38:40 [info]: ::1 (GET) /images/68316122f5484591f68de6c98ea99b40
2022-08-30 13:38:40 [info]: ::1 (GET) /images/691b9132c92162b4fd37f628e1500c75
2022-08-30 13:38:40 [info]: ::1 (GET) /images/75d7a3573375a1a69b1b36908b64bdc7
2022-08-30 13:38:40 [info]: ::1 (GET) /images/789cf3ccc116cb985c52e8156d662a43
2022-08-30 13:38:40 [info]: ::1 (GET) /images/7cc35c99c83e4bc30748b06e4c30d121
2022-08-30 13:38:40 [info]: ::1 (GET) /images/80f6ba8ec2337c63d469719a84137be2
2022-08-30 13:38:40 [info]: ::1 (GET) /images/846626b96e29fa7c099ed04435f028e6
2022-08-30 13:38:40 [info]: ::1 (GET) /images/9235ed8fd378deb1157ea5b1f8ac0263
2022-08-30 13:38:40 [info]: ::1 (GET) /images/9c150de3298955c528a28aaf24da3dd8
2022-08-30 13:38:40 [info]: ::1 (GET) /images/a7f6968dee06043125d3144082bf5792
2022-08-30 13:38:40 [info]: ::1 (GET) /images/bcdcb7c55a7b42fee2b510ec70768ff3
2022-08-30 13:38:40 [info]: ::1 (GET) /images/bd05c437c7220323136e6f6d9c27b3c6
2022-08-30 13:38:40 [info]: ::1 (GET) /images/ccb25265e42a4da0a78dcbe32e694672
2022-08-30 13:38:40 [info]: ::1 (GET) /images/cf8455ea97ae68d4416496573efdc35d
2022-08-30 13:38:40 [info]: ::1 (GET) /images/e4c476fe40a6121d62ea299433305990
2022-08-30 13:38:40 [info]: ::1 (GET) /images/ed62bf962cc57d836915bb1b1282a64c
2022-08-30 13:38:40 [info]: ::1 (GET) /images/6794309645f1a2fa2efee1992d393922
2022-08-30 13:38:40 [info]: ::1 (GET) /images/6794309645f1a2fa2efee1992d393922
2022-08-30 13:38:47 [info]: ::1 (PUT) /images/6794309645f1a2fa2efee1992d393922
2022-08-30 13:38:48 [info]: ::1 (GET) /images/
2022-08-30 13:38:48 [info]: ::1 (GET) /images/
2022-08-30 13:38:48 [info]: ::1 (GET) /titles
2022-08-30 13:38:48 [info]: ::1 (GET) /users/self
2022-08-30 13:38:53 [info]: ::1 (GET) /titles/e3a98247c62c5a051714f796829ecca1
2022-08-30 13:38:53 [info]: ::1 (GET) /images/
2022-08-30 13:38:55 [info]: ::1 (GET) /images/6794309645f1a2fa2efee1992d393922
2022-08-30 13:38:56 [info]: ::1 (PUT) /titles/e3a98247c62c5a051714f796829ecca1
2022-08-30 13:38:57 [info]: ::1 (GET) /images/
2022-08-30 13:38:57 [info]: ::1 (GET) /titles/e3a98247c62c5a051714f796829ecca1
2022-08-30 13:38:57 [info]: ::1 (GET) /images/
2022-08-30 13:38:57 [info]: ::1 (GET) /images/6794309645f1a2fa2efee1992d393922
2022-08-30 13:42:15 [info]: ::1 (POST) /titles/
2022-08-30 13:42:15 [info]: ::1 (POST) /titles/7aedde6f51d7bfcdff7877715f8f16ee/links/hulu
2022-08-30 13:42:15 [info]: ::1 (POST) /titles/7aedde6f51d7bfcdff7877715f8f16ee/availability/hulu
2022-08-30 13:42:15 [info]: ::1 (GET) /titles
2022-08-30 13:42:29 [info]: ::1 (GET) /images
2022-08-30 13:42:29 [info]: ::1 (GET) /users/self
2022-08-30 13:42:29 [info]: ::1 (GET) /images/08479238349c0ad801415616c0c2ad97
2022-08-30 13:42:29 [info]: ::1 (GET) /images/35f334f9a26e74c2f5edfbd06426a264
2022-08-30 13:42:29 [info]: ::1 (GET) /images/3948a009c10c272fcc770643e1f28c06
2022-08-30 13:42:29 [info]: ::1 (GET) /images/3cd925d70f75c9316babdca26617d610
2022-08-30 13:42:29 [info]: ::1 (GET) /images/68316122f5484591f68de6c98ea99b40
2022-08-30 13:42:29 [info]: ::1 (GET) /images/40ee03823bc8c3dab09b38cc91b6e84c
2022-08-30 13:42:29 [info]: ::1 (GET) /images/45304a77a1b10d3121a8098c7b7e218f
2022-08-30 13:42:29 [info]: ::1 (GET) /images/46cbb94d3b08d1a7b33a864b3069dc6d
2022-08-30 13:42:29 [info]: ::1 (GET) /images/6794309645f1a2fa2efee1992d393922
2022-08-30 13:42:29 [info]: ::1 (GET) /images/691b9132c92162b4fd37f628e1500c75
2022-08-30 13:42:29 [info]: ::1 (GET) /images/75d7a3573375a1a69b1b36908b64bdc7
2022-08-30 13:42:29 [info]: ::1 (GET) /images/7cc35c99c83e4bc30748b06e4c30d121
2022-08-30 13:42:29 [info]: ::1 (GET) /images/789cf3ccc116cb985c52e8156d662a43
2022-08-30 13:42:29 [info]: ::1 (GET) /images/80f6ba8ec2337c63d469719a84137be2
2022-08-30 13:42:29 [info]: ::1 (GET) /images/846626b96e29fa7c099ed04435f028e6
2022-08-30 13:42:29 [info]: ::1 (GET) /images/a7f6968dee06043125d3144082bf5792
2022-08-30 13:42:29 [info]: ::1 (GET) /images/9235ed8fd378deb1157ea5b1f8ac0263
2022-08-30 13:42:29 [info]: ::1 (GET) /images/9c150de3298955c528a28aaf24da3dd8
2022-08-30 13:42:29 [info]: ::1 (GET) /images/bcdcb7c55a7b42fee2b510ec70768ff3
2022-08-30 13:42:29 [info]: ::1 (GET) /images/bd05c437c7220323136e6f6d9c27b3c6
2022-08-30 13:42:29 [info]: ::1 (GET) /images/ccb25265e42a4da0a78dcbe32e694672
2022-08-30 13:42:29 [info]: ::1 (GET) /images/cf8455ea97ae68d4416496573efdc35d
2022-08-30 13:42:29 [info]: ::1 (GET) /images/e4c476fe40a6121d62ea299433305990
2022-08-30 13:42:29 [info]: ::1 (GET) /images/ed62bf962cc57d836915bb1b1282a64c
2022-08-30 13:42:33 [info]: ::1 (POST) /images/
2022-08-30 13:42:33 [info]: ::1 (GET) /images
2022-08-30 13:42:33 [info]: ::1 (GET) /images/d8fa278001375d730d1597a3a77df0bf/info
2022-08-30 13:42:33 [info]: ::1 (GET) /images/08479238349c0ad801415616c0c2ad97
2022-08-30 13:42:33 [info]: ::1 (GET) /images/35f334f9a26e74c2f5edfbd06426a264
2022-08-30 13:42:33 [info]: ::1 (GET) /images/3948a009c10c272fcc770643e1f28c06
2022-08-30 13:42:33 [info]: ::1 (GET) /images/3cd925d70f75c9316babdca26617d610
2022-08-30 13:42:33 [info]: ::1 (GET) /images/40ee03823bc8c3dab09b38cc91b6e84c
2022-08-30 13:42:33 [info]: ::1 (GET) /images/45304a77a1b10d3121a8098c7b7e218f
2022-08-30 13:42:33 [info]: ::1 (GET) /images/46cbb94d3b08d1a7b33a864b3069dc6d
2022-08-30 13:42:33 [info]: ::1 (GET) /images/6794309645f1a2fa2efee1992d393922
2022-08-30 13:42:33 [info]: ::1 (GET) /images/68316122f5484591f68de6c98ea99b40
2022-08-30 13:42:33 [info]: ::1 (GET) /images/691b9132c92162b4fd37f628e1500c75
2022-08-30 13:42:33 [info]: ::1 (GET) /images/75d7a3573375a1a69b1b36908b64bdc7
2022-08-30 13:42:33 [info]: ::1 (GET) /images/789cf3ccc116cb985c52e8156d662a43
2022-08-30 13:42:33 [info]: ::1 (GET) /images/7cc35c99c83e4bc30748b06e4c30d121
2022-08-30 13:42:33 [info]: ::1 (GET) /images/80f6ba8ec2337c63d469719a84137be2
2022-08-30 13:42:33 [info]: ::1 (GET) /images/846626b96e29fa7c099ed04435f028e6
2022-08-30 13:42:33 [info]: ::1 (GET) /images/9235ed8fd378deb1157ea5b1f8ac0263
2022-08-30 13:42:33 [info]: ::1 (GET) /images/9c150de3298955c528a28aaf24da3dd8
2022-08-30 13:42:33 [info]: ::1 (GET) /images/a7f6968dee06043125d3144082bf5792
2022-08-30 13:42:33 [info]: ::1 (GET) /images/bcdcb7c55a7b42fee2b510ec70768ff3
2022-08-30 13:42:33 [info]: ::1 (GET) /images/bd05c437c7220323136e6f6d9c27b3c6
2022-08-30 13:42:33 [info]: ::1 (GET) /images/ccb25265e42a4da0a78dcbe32e694672
2022-08-30 13:42:33 [info]: ::1 (GET) /images/cf8455ea97ae68d4416496573efdc35d
2022-08-30 13:42:33 [info]: ::1 (GET) /images/e4c476fe40a6121d62ea299433305990
2022-08-30 13:42:33 [info]: ::1 (GET) /images/ed62bf962cc57d836915bb1b1282a64c
2022-08-30 13:42:33 [info]: ::1 (GET) /images/d8fa278001375d730d1597a3a77df0bf
2022-08-30 13:42:33 [info]: ::1 (GET) /images/d8fa278001375d730d1597a3a77df0bf
2022-08-30 13:42:40 [info]: ::1 (PUT) /images/d8fa278001375d730d1597a3a77df0bf
2022-08-30 13:42:41 [info]: ::1 (GET) /images/
2022-08-30 13:42:41 [info]: ::1 (GET) /images/
2022-08-30 13:42:41 [info]: ::1 (GET) /titles
2022-08-30 13:42:41 [info]: ::1 (GET) /users/self
2022-08-30 13:42:44 [info]: ::1 (GET) /titles/7aedde6f51d7bfcdff7877715f8f16ee
2022-08-30 13:42:44 [info]: ::1 (GET) /images/
2022-08-30 13:42:45 [info]: ::1 (GET) /images/d8fa278001375d730d1597a3a77df0bf
2022-08-30 13:42:46 [info]: ::1 (PUT) /titles/7aedde6f51d7bfcdff7877715f8f16ee
2022-08-30 13:42:46 [info]: ::1 (GET) /images/
2022-08-30 13:42:46 [info]: ::1 (GET) /titles/7aedde6f51d7bfcdff7877715f8f16ee
2022-08-30 13:42:46 [info]: ::1 (GET) /images/
2022-08-30 13:42:47 [info]: ::1 (GET) /images/d8fa278001375d730d1597a3a77df0bf
2022-08-30 13:49:07 [info]: ::1 (GET) /pages/new
2022-08-30 13:49:07 [info]: ::1 (GET) /images/46cbb94d3b08d1a7b33a864b3069dc6d
2022-08-30 13:49:07 [info]: ::1 (GET) /images/bd05c437c7220323136e6f6d9c27b3c6
2022-08-30 13:49:07 [info]: ::1 (GET) /images/08479238349c0ad801415616c0c2ad97
2022-08-30 13:49:07 [info]: ::1 (GET) /images/9235ed8fd378deb1157ea5b1f8ac0263
2022-08-30 13:49:07 [info]: ::1 (GET) /images/40ee03823bc8c3dab09b38cc91b6e84c
2022-08-30 13:49:07 [info]: ::1 (GET) /images/ed62bf962cc57d836915bb1b1282a64c
2022-08-30 13:49:07 [info]: ::1 (GET) /images/846626b96e29fa7c099ed04435f028e6
2022-08-30 13:49:07 [info]: ::1 (GET) /images/68316122f5484591f68de6c98ea99b40
2022-08-30 13:49:07 [info]: ::1 (GET) /images/ccb25265e42a4da0a78dcbe32e694672
2022-08-30 13:49:07 [info]: ::1 (GET) /images/e4c476fe40a6121d62ea299433305990
2022-08-30 13:49:08 [info]: ::1 (GET) /titles/1b1416d0e88fd7094199f31b1ab572f9
2022-08-30 13:49:08 [info]: ::1 (GET) /images/9235ed8fd378deb1157ea5b1f8ac0263
2022-08-30 13:49:26 [info]: ::1 (GET) /titles/?q=dune
2022-08-30 13:49:26 [info]: ::1 (GET) /images/75d7a3573375a1a69b1b36908b64bdc7
2022-08-30 13:49:28 [info]: ::1 (GET) /titles/8b0e961e00257eff16578f78946b2366
2022-08-30 13:49:28 [info]: ::1 (GET) /images/75d7a3573375a1a69b1b36908b64bdc7
2022-08-30 15:33:16 [info]: ::1 (GET) /images
2022-08-30 15:33:16 [info]: ::1 (GET) /users/self
2022-08-30 15:33:16 [info]: ::1 (GET) /images/08479238349c0ad801415616c0c2ad97
2022-08-30 15:33:16 [info]: ::1 (GET) /images/35f334f9a26e74c2f5edfbd06426a264
2022-08-30 15:33:16 [info]: ::1 (GET) /images/3948a009c10c272fcc770643e1f28c06
2022-08-30 15:33:16 [info]: ::1 (GET) /images/40ee03823bc8c3dab09b38cc91b6e84c
2022-08-30 15:33:16 [info]: ::1 (GET) /images/3cd925d70f75c9316babdca26617d610
2022-08-30 15:33:16 [info]: ::1 (GET) /images/45304a77a1b10d3121a8098c7b7e218f
2022-08-30 15:33:16 [info]: ::1 (GET) /images/46cbb94d3b08d1a7b33a864b3069dc6d
2022-08-30 15:33:16 [info]: ::1 (GET) /images/6794309645f1a2fa2efee1992d393922
2022-08-30 15:33:16 [info]: ::1 (GET) /images/68316122f5484591f68de6c98ea99b40
2022-08-30 15:33:16 [info]: ::1 (GET) /images/691b9132c92162b4fd37f628e1500c75
2022-08-30 15:33:16 [info]: ::1 (GET) /images/75d7a3573375a1a69b1b36908b64bdc7
2022-08-30 15:33:16 [info]: ::1 (GET) /images/789cf3ccc116cb985c52e8156d662a43
2022-08-30 15:33:16 [info]: ::1 (GET) /images/7cc35c99c83e4bc30748b06e4c30d121
2022-08-30 15:33:16 [info]: ::1 (GET) /images/80f6ba8ec2337c63d469719a84137be2
2022-08-30 15:33:16 [info]: ::1 (GET) /images/846626b96e29fa7c099ed04435f028e6
2022-08-30 15:33:16 [info]: ::1 (GET) /images/9235ed8fd378deb1157ea5b1f8ac0263
2022-08-30 15:33:16 [info]: ::1 (GET) /images/9c150de3298955c528a28aaf24da3dd8
2022-08-30 15:33:16 [info]: ::1 (GET) /images/a7f6968dee06043125d3144082bf5792
2022-08-30 15:33:16 [info]: ::1 (GET) /images/bcdcb7c55a7b42fee2b510ec70768ff3
2022-08-30 15:33:16 [info]: ::1 (GET) /images/bd05c437c7220323136e6f6d9c27b3c6
2022-08-30 15:33:16 [info]: ::1 (GET) /images/ccb25265e42a4da0a78dcbe32e694672
2022-08-30 15:33:16 [info]: ::1 (GET) /images/cf8455ea97ae68d4416496573efdc35d
2022-08-30 15:33:16 [info]: ::1 (GET) /images/d8fa278001375d730d1597a3a77df0bf
2022-08-30 15:33:16 [info]: ::1 (GET) /images/e4c476fe40a6121d62ea299433305990
2022-08-30 15:33:16 [info]: ::1 (GET) /images/ed62bf962cc57d836915bb1b1282a64c
