2022-08-25 15:07:11 [info]: API listening at http://localhost:9000
2022-08-25 15:07:42 [info]: ::1 (GET) /titles/?q=witcher
2022-08-25 15:07:42 [info]: ::1 (GET) /images/46cbb94d3b08d1a7b33a864b3069dc6d
2022-08-25 15:07:43 [info]: ::1 (GET) /titles/10fa17ca9157be44959290f3f892aab6
2022-08-25 15:07:43 [info]: ::1 (GET) /images/46cbb94d3b08d1a7b33a864b3069dc6d
2022-08-25 15:08:14 [info]: ::1 (GET) /auth
2022-08-25 15:08:14 [info]: ::1 (GET) /users/self
2022-08-25 15:08:19 [info]: ::1 (GET) /images/
2022-08-25 15:08:20 [info]: ::1 (GET) /images/
2022-08-25 15:08:20 [info]: ::1 (GET) /titles
2022-08-25 15:08:20 [info]: ::1 (GET) /users/self
2022-08-25 15:09:56 [info]: ::1 (GET) /titles/de724745f88c65fedfc0e01ebba05eab
2022-08-25 15:09:57 [info]: ::1 (GET) /images/
2022-08-25 15:09:57 [info]: ::1 (GET) /images/35f334f9a26e74c2f5edfbd06426a264
2022-08-25 15:10:34 [info]: ::1 (GET) /titles/10fa17ca9157be44959290f3f892aab6
2022-08-25 15:10:34 [info]: ::1 (GET) /images/
2022-08-25 15:10:34 [info]: ::1 (GET) /images/46cbb94d3b08d1a7b33a864b3069dc6d
2022-08-25 15:10:38 [info]: ::1 (PUT) /seasons/64e508869fceb24eb04a560aa750ef95
2022-08-25 15:10:38 [info]: ::1 (PUT) /titles/10fa17ca9157be44959290f3f892aab6
2022-08-25 15:10:38 [info]: ::1 (GET) /titles/10fa17ca9157be44959290f3f892aab6
2022-08-25 15:10:38 [info]: ::1 (GET) /images/
2022-08-25 15:10:38 [info]: ::1 (GET) /images/46cbb94d3b08d1a7b33a864b3069dc6d
2022-08-25 15:10:40 [info]: ::1 (GET) /images/
2022-08-25 15:10:40 [info]: ::1 (GET) /images/
2022-08-25 15:10:40 [info]: ::1 (GET) /titles
2022-08-25 15:10:40 [info]: ::1 (GET) /users/self
2022-08-25 15:10:41 [info]: ::1 (GET) /titles/10fa17ca9157be44959290f3f892aab6
2022-08-25 15:10:41 [info]: ::1 (GET) /images/
2022-08-25 15:10:41 [info]: ::1 (GET) /images/46cbb94d3b08d1a7b33a864b3069dc6d
2022-08-25 15:13:16 [info]: API listening at http://localhost:9000
2022-08-25 15:13:24 [info]: ::1 (PUT) /seasons/64e508869fceb24eb04a560aa750ef95
2022-08-25 15:13:24 [info]: ::1 (PUT) /titles/10fa17ca9157be44959290f3f892aab6
2022-08-25 15:13:24 [info]: ::1 (GET) /titles/10fa17ca9157be44959290f3f892aab6
2022-08-25 15:13:24 [info]: ::1 (GET) /images/
2022-08-25 15:13:24 [info]: ::1 (GET) /images/46cbb94d3b08d1a7b33a864b3069dc6d
2022-08-25 15:13:27 [info]: ::1 (GET) /images/
2022-08-25 15:13:27 [info]: ::1 (GET) /titles
2022-08-25 15:13:27 [info]: ::1 (GET) /users/self
2022-08-25 15:13:27 [info]: ::1 (GET) /images/
2022-08-25 15:18:50 [info]: API listening at http://localhost:9000
2022-08-25 15:18:58 [info]: ::1 (GET) /images/
2022-08-25 15:18:58 [info]: ::1 (GET) /titles
2022-08-25 15:18:58 [info]: ::1 (GET) /users/self
2022-08-25 15:18:58 [info]: ::1 (GET) /images/
2022-08-25 15:18:59 [info]: ::1 (GET) /titles/10fa17ca9157be44959290f3f892aab6
2022-08-25 15:18:59 [info]: ::1 (GET) /images/
2022-08-25 15:18:59 [info]: ::1 (GET) /images/46cbb94d3b08d1a7b33a864b3069dc6d
2022-08-25 15:19:05 [info]: ::1 (PUT) /seasons/64e508869fceb24eb04a560aa750ef95
2022-08-25 15:19:05 [info]: ::1 (PUT) /titles/10fa17ca9157be44959290f3f892aab6
2022-08-25 15:19:05 [error]: ReferenceError: printStackTrace is not defined
    at Season.save (C:\Users\larth\Coding\streamfinder\api\models\season.js:81:17)
    at C:\Users\larth\Coding\streamfinder\api\model_functions\season.js:35:27
    at processTicksAndRejections (internal/process/task_queues.js:95:5)
2022-08-25 15:19:05 [error]: ReferenceError: printStackTrace is not defined
    at Season.save (C:\Users\larth\Coding\streamfinder\api\models\season.js:81:17)
    at Show.save (C:\Users\larth\Coding\streamfinder\api\models\show.js:55:29)
    at processTicksAndRejections (internal/process/task_queues.js:95:5)
2022-08-25 15:23:01 [info]: ::1 (PUT) /seasons/64e508869fceb24eb04a560aa750ef95
2022-08-25 15:23:01 [info]: ::1 (PUT) /titles/10fa17ca9157be44959290f3f892aab6
2022-08-25 15:23:01 [error]: ReferenceError: printStackTrace is not defined
    at Season.save (C:\Users\larth\Coding\streamfinder\api\models\season.js:81:17)
    at C:\Users\larth\Coding\streamfinder\api\model_functions\season.js:35:27
    at processTicksAndRejections (internal/process/task_queues.js:95:5)
2022-08-25 15:23:01 [error]: ReferenceError: printStackTrace is not defined
    at Season.save (C:\Users\larth\Coding\streamfinder\api\models\season.js:81:17)
    at Show.save (C:\Users\larth\Coding\streamfinder\api\models\show.js:55:29)
    at processTicksAndRejections (internal/process/task_queues.js:95:5)
2022-08-25 15:31:07 [info]: API listening at http://localhost:9000
2022-08-25 15:31:19 [info]: API listening at http://localhost:9000
2022-08-25 15:31:26 [info]: ::1 (GET) /images/
2022-08-25 15:31:26 [info]: ::1 (GET) /titles
2022-08-25 15:31:26 [info]: ::1 (GET) /users/self
2022-08-25 15:31:26 [info]: ::1 (GET) /images/
2022-08-25 15:31:27 [info]: ::1 (GET) /titles/10fa17ca9157be44959290f3f892aab6
2022-08-25 15:31:27 [info]: ::1 (GET) /images/
2022-08-25 15:31:27 [info]: ::1 (GET) /images/46cbb94d3b08d1a7b33a864b3069dc6d
2022-08-25 15:31:31 [info]: ::1 (PUT) /seasons/64e508869fceb24eb04a560aa750ef95
2022-08-25 15:31:31 [info]: ::1 (PUT) /titles/10fa17ca9157be44959290f3f892aab6
2022-08-25 15:31:31 [info]: ::1 (GET) /titles/10fa17ca9157be44959290f3f892aab6
2022-08-25 15:31:31 [info]: ::1 (GET) /images/
2022-08-25 15:31:31 [info]: ::1 (GET) /images/46cbb94d3b08d1a7b33a864b3069dc6d
2022-08-25 16:02:21 [info]: API listening at http://localhost:9000
2022-08-25 16:02:28 [info]: ::1 (GET) /images/
2022-08-25 16:02:28 [info]: ::1 (GET) /titles
2022-08-25 16:02:28 [info]: ::1 (GET) /users/self
2022-08-25 16:02:28 [info]: ::1 (GET) /images/
2022-08-25 16:02:28 [info]: ::1 (GET) /titles/10fa17ca9157be44959290f3f892aab6
2022-08-25 16:02:29 [info]: ::1 (GET) /images/
2022-08-25 16:02:29 [info]: ::1 (GET) /images/46cbb94d3b08d1a7b33a864b3069dc6d
2022-08-25 16:02:33 [info]: ::1 (GET) /images/
2022-08-25 16:02:33 [info]: ::1 (GET) /images/
2022-08-25 16:02:33 [info]: ::1 (GET) /titles
2022-08-25 16:02:33 [info]: ::1 (GET) /users/self
2022-08-25 16:02:33 [info]: ::1 (GET) /titles/10fa17ca9157be44959290f3f892aab6
2022-08-25 16:02:34 [info]: ::1 (GET) /images/
2022-08-25 16:02:34 [info]: ::1 (GET) /images/46cbb94d3b08d1a7b33a864b3069dc6d
2022-08-25 16:02:39 [info]: ::1 (PUT) /seasons/64e508869fceb24eb04a560aa750ef95
2022-08-25 16:02:39 [info]: ::1 (PUT) /titles/10fa17ca9157be44959290f3f892aab6
2022-08-25 16:02:40 [info]: ::1 (GET) /titles/10fa17ca9157be44959290f3f892aab6
2022-08-25 16:02:40 [info]: ::1 (GET) /images/
2022-08-25 16:02:40 [info]: ::1 (GET) /images/46cbb94d3b08d1a7b33a864b3069dc6d
2022-08-25 16:04:31 [info]: ::1 (GET) /images/
2022-08-25 16:04:31 [info]: ::1 (GET) /titles
2022-08-25 16:04:31 [info]: ::1 (GET) /images/
2022-08-25 16:04:31 [info]: ::1 (GET) /users/self
2022-08-25 16:04:31 [info]: ::1 (GET) /titles/10fa17ca9157be44959290f3f892aab6
2022-08-25 16:04:31 [info]: ::1 (GET) /images/
2022-08-25 16:04:31 [info]: ::1 (GET) /images/46cbb94d3b08d1a7b33a864b3069dc6d
2022-08-25 16:04:36 [info]: ::1 (PUT) /seasons/64e508869fceb24eb04a560aa750ef95
2022-08-25 16:04:36 [info]: ::1 (PUT) /titles/10fa17ca9157be44959290f3f892aab6
2022-08-25 16:04:36 [info]: ::1 (GET) /titles/10fa17ca9157be44959290f3f892aab6
2022-08-25 16:04:36 [info]: ::1 (GET) /images/
2022-08-25 16:04:36 [info]: ::1 (GET) /images/46cbb94d3b08d1a7b33a864b3069dc6d
