2022-09-16 00:00:58 [info]: ::1 (GET) /titles/1a93573058112f572f2eedf660ae3caa
2022-09-16 00:00:58 [info]: ::1 (GET) /images/08479238349c0ad801415616c0c2ad97
2022-09-16 00:03:44 [info]: ::1 (GET) /titles/1a93573058112f572f2eedf660ae3caa
2022-09-16 00:03:44 [info]: ::1 (GET) /images/08479238349c0ad801415616c0c2ad97
2022-09-16 00:04:26 [info]: ::1 (GET) /titles/1a93573058112f572f2eedf660ae3caa
2022-09-16 00:04:26 [info]: ::1 (GET) /images/08479238349c0ad801415616c0c2ad97
2022-09-16 00:05:04 [info]: ::1 (GET) /titles/1a93573058112f572f2eedf660ae3caa
2022-09-16 00:05:05 [info]: ::1 (GET) /images/08479238349c0ad801415616c0c2ad97
2022-09-16 00:06:13 [info]: ::1 (GET) /pages/new
2022-09-16 00:06:13 [info]: ::1 (GET) /images/bd05c437c7220323136e6f6d9c27b3c6
2022-09-16 00:06:13 [info]: ::1 (GET) /images/46cbb94d3b08d1a7b33a864b3069dc6d
2022-09-16 00:06:13 [info]: ::1 (GET) /images/08479238349c0ad801415616c0c2ad97
2022-09-16 00:06:13 [info]: ::1 (GET) /images/9235ed8fd378deb1157ea5b1f8ac0263
2022-09-16 00:06:13 [info]: ::1 (GET) /images/40ee03823bc8c3dab09b38cc91b6e84c
2022-09-16 00:06:13 [info]: ::1 (GET) /images/ed62bf962cc57d836915bb1b1282a64c
2022-09-16 00:06:13 [info]: ::1 (GET) /images/846626b96e29fa7c099ed04435f028e6
2022-09-16 00:06:13 [info]: ::1 (GET) /images/68316122f5484591f68de6c98ea99b40
2022-09-16 00:06:13 [info]: ::1 (GET) /images/ccb25265e42a4da0a78dcbe32e694672
2022-09-16 00:06:13 [info]: ::1 (GET) /images/e4c476fe40a6121d62ea299433305990
2022-09-16 00:06:13 [info]: ::1 (GET) /images/80f6ba8ec2337c63d469719a84137be2
2022-09-16 00:06:13 [info]: ::1 (GET) /images/45304a77a1b10d3121a8098c7b7e218f
2022-09-16 00:06:13 [info]: ::1 (GET) /images/3948a009c10c272fcc770643e1f28c06
2022-09-16 00:06:13 [info]: ::1 (GET) /images/789cf3ccc116cb985c52e8156d662a43
2022-09-16 00:06:13 [info]: ::1 (GET) /images/3cd925d70f75c9316babdca26617d610
2022-09-16 00:06:13 [info]: ::1 (GET) /images/35f334f9a26e74c2f5edfbd06426a264
2022-09-16 00:06:13 [info]: ::1 (GET) /images/cf8455ea97ae68d4416496573efdc35d
2022-09-16 00:06:13 [info]: ::1 (GET) /images/7cc35c99c83e4bc30748b06e4c30d121
2022-09-16 00:06:13 [info]: ::1 (GET) /images/75d7a3573375a1a69b1b36908b64bdc7
2022-09-16 00:06:13 [info]: ::1 (GET) /images/ca4645f4ec60b2b903de2106e2ddd6ce
2022-09-16 00:06:13 [info]: ::1 (GET) /images/a7f6968dee06043125d3144082bf5792
2022-09-16 00:06:13 [info]: ::1 (GET) /images/6794309645f1a2fa2efee1992d393922
2022-09-16 00:06:13 [info]: ::1 (GET) /images/e8462c844a3c3ab8341d4ecf6d6c518f
2022-09-16 00:06:13 [info]: ::1 (GET) /images/2cf39c004d640423f953a22e2b990e16
2022-09-16 00:06:13 [info]: ::1 (GET) /images/691b9132c92162b4fd37f628e1500c75
2022-09-16 00:06:13 [info]: ::1 (GET) /images/bcdcb7c55a7b42fee2b510ec70768ff3
2022-09-16 00:06:13 [info]: ::1 (GET) /images/2d31d471f09e2f29f208156327acbeac
2022-09-16 00:06:13 [info]: ::1 (GET) /images/9889324c50ac6e71de3ad2416a05cb21
2022-09-16 00:06:13 [info]: ::1 (GET) /images/d8fa278001375d730d1597a3a77df0bf
2022-09-16 00:06:13 [info]: ::1 (GET) /images/94b17b92e6ed1abb5534ea5b56169dd0
2022-09-16 00:06:14 [info]: ::1 (GET) /titles/10fa17ca9157be44959290f3f892aab6
2022-09-16 00:06:14 [info]: ::1 (GET) /images/46cbb94d3b08d1a7b33a864b3069dc6d
2022-09-16 00:06:51 [info]: ::1 (GET) /titles/10fa17ca9157be44959290f3f892aab6
2022-09-16 00:06:52 [info]: ::1 (GET) /images/46cbb94d3b08d1a7b33a864b3069dc6d
2022-09-16 00:08:31 [info]: ::1 (GET) /titles/10fa17ca9157be44959290f3f892aab6
2022-09-16 00:08:31 [info]: ::1 (GET) /images/46cbb94d3b08d1a7b33a864b3069dc6d
2022-09-16 00:09:01 [info]: ::1 (GET) /titles/10fa17ca9157be44959290f3f892aab6
2022-09-16 00:09:02 [info]: ::1 (GET) /images/46cbb94d3b08d1a7b33a864b3069dc6d
2022-09-16 00:18:23 [info]: ::1 (GET) /pages/new
2022-09-16 00:18:23 [info]: ::1 (GET) /images/bd05c437c7220323136e6f6d9c27b3c6
2022-09-16 00:18:23 [info]: ::1 (GET) /images/46cbb94d3b08d1a7b33a864b3069dc6d
2022-09-16 00:18:23 [info]: ::1 (GET) /images/08479238349c0ad801415616c0c2ad97
2022-09-16 00:18:23 [info]: ::1 (GET) /images/9235ed8fd378deb1157ea5b1f8ac0263
2022-09-16 00:18:23 [info]: ::1 (GET) /images/40ee03823bc8c3dab09b38cc91b6e84c
2022-09-16 00:18:23 [info]: ::1 (GET) /images/ed62bf962cc57d836915bb1b1282a64c
2022-09-16 00:18:23 [info]: ::1 (GET) /images/846626b96e29fa7c099ed04435f028e6
2022-09-16 00:18:23 [info]: ::1 (GET) /images/68316122f5484591f68de6c98ea99b40
2022-09-16 00:18:23 [info]: ::1 (GET) /images/ccb25265e42a4da0a78dcbe32e694672
2022-09-16 00:18:23 [info]: ::1 (GET) /images/e4c476fe40a6121d62ea299433305990
2022-09-16 00:18:23 [info]: ::1 (GET) /images/45304a77a1b10d3121a8098c7b7e218f
2022-09-16 00:18:23 [info]: ::1 (GET) /images/789cf3ccc116cb985c52e8156d662a43
2022-09-16 00:18:23 [info]: ::1 (GET) /images/35f334f9a26e74c2f5edfbd06426a264
2022-09-16 00:18:23 [info]: ::1 (GET) /images/3948a009c10c272fcc770643e1f28c06
2022-09-16 00:18:23 [info]: ::1 (GET) /images/80f6ba8ec2337c63d469719a84137be2
2022-09-16 00:18:23 [info]: ::1 (GET) /images/75d7a3573375a1a69b1b36908b64bdc7
2022-09-16 00:18:23 [info]: ::1 (GET) /images/a7f6968dee06043125d3144082bf5792
2022-09-16 00:18:23 [info]: ::1 (GET) /images/6794309645f1a2fa2efee1992d393922
2022-09-16 00:18:23 [info]: ::1 (GET) /images/ca4645f4ec60b2b903de2106e2ddd6ce
2022-09-16 00:18:23 [info]: ::1 (GET) /images/3cd925d70f75c9316babdca26617d610
2022-09-16 00:18:23 [info]: ::1 (GET) /images/cf8455ea97ae68d4416496573efdc35d
2022-09-16 00:18:23 [info]: ::1 (GET) /images/7cc35c99c83e4bc30748b06e4c30d121
2022-09-16 00:18:23 [info]: ::1 (GET) /images/e8462c844a3c3ab8341d4ecf6d6c518f
2022-09-16 00:18:23 [info]: ::1 (GET) /images/2cf39c004d640423f953a22e2b990e16
2022-09-16 00:18:23 [info]: ::1 (GET) /images/691b9132c92162b4fd37f628e1500c75
2022-09-16 00:18:23 [info]: ::1 (GET) /images/bcdcb7c55a7b42fee2b510ec70768ff3
2022-09-16 00:18:23 [info]: ::1 (GET) /images/2d31d471f09e2f29f208156327acbeac
2022-09-16 00:18:23 [info]: ::1 (GET) /images/9889324c50ac6e71de3ad2416a05cb21
2022-09-16 00:18:23 [info]: ::1 (GET) /images/d8fa278001375d730d1597a3a77df0bf
2022-09-16 00:18:23 [info]: ::1 (GET) /images/94b17b92e6ed1abb5534ea5b56169dd0
2022-09-16 00:18:30 [info]: ::1 (GET) /titles/0d7a0ef03d5014d1842ea41a92933e15
2022-09-16 00:18:30 [info]: ::1 (GET) /images/2d31d471f09e2f29f208156327acbeac
2022-09-16 00:25:57 [info]: ::1 (GET) /titles/0d7a0ef03d5014d1842ea41a92933e15
2022-09-16 00:25:57 [info]: ::1 (GET) /images/2d31d471f09e2f29f208156327acbeac
2022-09-16 00:33:40 [info]: ::1 (GET) /images/2d31d471f09e2f29f208156327acbeac
2022-09-16 00:35:46 [info]: ::1 (GET) /images/2d31d471f09e2f29f208156327acbeac
2022-09-16 00:37:35 [info]: ::1 (GET) /pages/new
2022-09-16 00:37:35 [info]: ::1 (GET) /images/2d31d471f09e2f29f208156327acbeac
2022-09-16 00:37:35 [info]: ::1 (GET) /images/bd05c437c7220323136e6f6d9c27b3c6
2022-09-16 00:37:35 [info]: ::1 (GET) /images/46cbb94d3b08d1a7b33a864b3069dc6d
2022-09-16 00:37:35 [info]: ::1 (GET) /images/08479238349c0ad801415616c0c2ad97
2022-09-16 00:37:35 [info]: ::1 (GET) /images/9235ed8fd378deb1157ea5b1f8ac0263
2022-09-16 00:37:35 [info]: ::1 (GET) /images/40ee03823bc8c3dab09b38cc91b6e84c
2022-09-16 00:37:35 [info]: ::1 (GET) /images/ed62bf962cc57d836915bb1b1282a64c
2022-09-16 00:37:35 [info]: ::1 (GET) /images/45304a77a1b10d3121a8098c7b7e218f
2022-09-16 00:37:35 [info]: ::1 (GET) /images/68316122f5484591f68de6c98ea99b40
2022-09-16 00:37:35 [info]: ::1 (GET) /images/789cf3ccc116cb985c52e8156d662a43
2022-09-16 00:37:35 [info]: ::1 (GET) /images/35f334f9a26e74c2f5edfbd06426a264
2022-09-16 00:37:35 [info]: ::1 (GET) /images/3cd925d70f75c9316babdca26617d610
2022-09-16 00:37:35 [info]: ::1 (GET) /images/846626b96e29fa7c099ed04435f028e6
2022-09-16 00:37:35 [info]: ::1 (GET) /images/ccb25265e42a4da0a78dcbe32e694672
2022-09-16 00:37:35 [info]: ::1 (GET) /images/e4c476fe40a6121d62ea299433305990
2022-09-16 00:37:35 [info]: ::1 (GET) /images/3948a009c10c272fcc770643e1f28c06
2022-09-16 00:37:35 [info]: ::1 (GET) /images/80f6ba8ec2337c63d469719a84137be2
2022-09-16 00:37:35 [info]: ::1 (GET) /images/75d7a3573375a1a69b1b36908b64bdc7
2022-09-16 00:37:35 [info]: ::1 (GET) /images/a7f6968dee06043125d3144082bf5792
2022-09-16 00:37:35 [info]: ::1 (GET) /images/6794309645f1a2fa2efee1992d393922
2022-09-16 00:37:35 [info]: ::1 (GET) /images/ca4645f4ec60b2b903de2106e2ddd6ce
2022-09-16 00:37:35 [info]: ::1 (GET) /images/cf8455ea97ae68d4416496573efdc35d
2022-09-16 00:37:35 [info]: ::1 (GET) /images/7cc35c99c83e4bc30748b06e4c30d121
2022-09-16 00:37:35 [info]: ::1 (GET) /images/e8462c844a3c3ab8341d4ecf6d6c518f
2022-09-16 00:37:35 [info]: ::1 (GET) /images/2cf39c004d640423f953a22e2b990e16
2022-09-16 00:37:35 [info]: ::1 (GET) /images/691b9132c92162b4fd37f628e1500c75
2022-09-16 00:37:35 [info]: ::1 (GET) /images/bcdcb7c55a7b42fee2b510ec70768ff3
2022-09-16 00:37:35 [info]: ::1 (GET) /images/9889324c50ac6e71de3ad2416a05cb21
2022-09-16 00:37:35 [info]: ::1 (GET) /images/d8fa278001375d730d1597a3a77df0bf
2022-09-16 00:37:35 [info]: ::1 (GET) /images/94b17b92e6ed1abb5534ea5b56169dd0
2022-09-16 00:37:37 [info]: ::1 (GET) /titles/10fa17ca9157be44959290f3f892aab6
2022-09-16 00:37:37 [info]: ::1 (GET) /images/46cbb94d3b08d1a7b33a864b3069dc6d
2022-09-16 00:40:59 [info]: ::1 (GET) /pages/new
2022-09-16 00:40:59 [info]: ::1 (GET) /images/46cbb94d3b08d1a7b33a864b3069dc6d
2022-09-16 00:40:59 [info]: ::1 (GET) /images/bd05c437c7220323136e6f6d9c27b3c6
2022-09-16 00:40:59 [info]: ::1 (GET) /images/08479238349c0ad801415616c0c2ad97
2022-09-16 00:40:59 [info]: ::1 (GET) /images/9235ed8fd378deb1157ea5b1f8ac0263
2022-09-16 00:40:59 [info]: ::1 (GET) /images/ed62bf962cc57d836915bb1b1282a64c
2022-09-16 00:40:59 [info]: ::1 (GET) /images/40ee03823bc8c3dab09b38cc91b6e84c
2022-09-16 00:40:59 [info]: ::1 (GET) /images/846626b96e29fa7c099ed04435f028e6
2022-09-16 00:40:59 [info]: ::1 (GET) /images/68316122f5484591f68de6c98ea99b40
2022-09-16 00:40:59 [info]: ::1 (GET) /images/ccb25265e42a4da0a78dcbe32e694672
2022-09-16 00:40:59 [info]: ::1 (GET) /images/e4c476fe40a6121d62ea299433305990
2022-09-16 00:40:59 [info]: ::1 (GET) /images/45304a77a1b10d3121a8098c7b7e218f
2022-09-16 00:40:59 [info]: ::1 (GET) /images/789cf3ccc116cb985c52e8156d662a43
2022-09-16 00:40:59 [info]: ::1 (GET) /images/35f334f9a26e74c2f5edfbd06426a264
2022-09-16 00:40:59 [info]: ::1 (GET) /images/3cd925d70f75c9316babdca26617d610
2022-09-16 00:40:59 [info]: ::1 (GET) /images/3948a009c10c272fcc770643e1f28c06
2022-09-16 00:40:59 [info]: ::1 (GET) /images/80f6ba8ec2337c63d469719a84137be2
2022-09-16 00:40:59 [info]: ::1 (GET) /images/75d7a3573375a1a69b1b36908b64bdc7
2022-09-16 00:40:59 [info]: ::1 (GET) /images/a7f6968dee06043125d3144082bf5792
2022-09-16 00:40:59 [info]: ::1 (GET) /images/ca4645f4ec60b2b903de2106e2ddd6ce
2022-09-16 00:40:59 [info]: ::1 (GET) /images/6794309645f1a2fa2efee1992d393922
2022-09-16 00:40:59 [info]: ::1 (GET) /images/cf8455ea97ae68d4416496573efdc35d
2022-09-16 00:40:59 [info]: ::1 (GET) /images/7cc35c99c83e4bc30748b06e4c30d121
2022-09-16 00:40:59 [info]: ::1 (GET) /images/e8462c844a3c3ab8341d4ecf6d6c518f
2022-09-16 00:40:59 [info]: ::1 (GET) /images/2cf39c004d640423f953a22e2b990e16
2022-09-16 00:40:59 [info]: ::1 (GET) /images/691b9132c92162b4fd37f628e1500c75
2022-09-16 00:40:59 [info]: ::1 (GET) /images/bcdcb7c55a7b42fee2b510ec70768ff3
2022-09-16 00:40:59 [info]: ::1 (GET) /images/2d31d471f09e2f29f208156327acbeac
2022-09-16 00:40:59 [info]: ::1 (GET) /images/9889324c50ac6e71de3ad2416a05cb21
2022-09-16 00:40:59 [info]: ::1 (GET) /images/d8fa278001375d730d1597a3a77df0bf
2022-09-16 00:40:59 [info]: ::1 (GET) /images/94b17b92e6ed1abb5534ea5b56169dd0
2022-09-16 00:42:48 [info]: ::1 (GET) /titles/10fa17ca9157be44959290f3f892aab6
2022-09-16 00:42:48 [info]: ::1 (GET) /images/46cbb94d3b08d1a7b33a864b3069dc6d
2022-09-16 00:43:36 [info]: ::1 (GET) /titles/10fa17ca9157be44959290f3f892aab6
2022-09-16 00:43:36 [info]: ::1 (GET) /images/46cbb94d3b08d1a7b33a864b3069dc6d
2022-09-16 00:44:09 [info]: ::1 (GET) /pages/new
2022-09-16 00:44:09 [info]: ::1 (GET) /images/46cbb94d3b08d1a7b33a864b3069dc6d
2022-09-16 00:44:09 [info]: ::1 (GET) /images/bd05c437c7220323136e6f6d9c27b3c6
2022-09-16 00:44:09 [info]: ::1 (GET) /images/08479238349c0ad801415616c0c2ad97
2022-09-16 00:44:09 [info]: ::1 (GET) /images/9235ed8fd378deb1157ea5b1f8ac0263
2022-09-16 00:44:09 [info]: ::1 (GET) /images/40ee03823bc8c3dab09b38cc91b6e84c
2022-09-16 00:44:09 [info]: ::1 (GET) /images/ed62bf962cc57d836915bb1b1282a64c
2022-09-16 00:44:09 [info]: ::1 (GET) /images/846626b96e29fa7c099ed04435f028e6
2022-09-16 00:44:09 [info]: ::1 (GET) /images/68316122f5484591f68de6c98ea99b40
2022-09-16 00:44:09 [info]: ::1 (GET) /images/ccb25265e42a4da0a78dcbe32e694672
2022-09-16 00:44:09 [info]: ::1 (GET) /images/e4c476fe40a6121d62ea299433305990
2022-09-16 00:44:09 [info]: ::1 (GET) /images/45304a77a1b10d3121a8098c7b7e218f
2022-09-16 00:44:09 [info]: ::1 (GET) /images/789cf3ccc116cb985c52e8156d662a43
2022-09-16 00:44:09 [info]: ::1 (GET) /images/35f334f9a26e74c2f5edfbd06426a264
2022-09-16 00:44:09 [info]: ::1 (GET) /images/3cd925d70f75c9316babdca26617d610
2022-09-16 00:44:09 [info]: ::1 (GET) /images/3948a009c10c272fcc770643e1f28c06
2022-09-16 00:44:09 [info]: ::1 (GET) /images/80f6ba8ec2337c63d469719a84137be2
2022-09-16 00:44:09 [info]: ::1 (GET) /images/75d7a3573375a1a69b1b36908b64bdc7
2022-09-16 00:44:09 [info]: ::1 (GET) /images/a7f6968dee06043125d3144082bf5792
2022-09-16 00:44:09 [info]: ::1 (GET) /images/6794309645f1a2fa2efee1992d393922
2022-09-16 00:44:09 [info]: ::1 (GET) /images/ca4645f4ec60b2b903de2106e2ddd6ce
2022-09-16 00:44:09 [info]: ::1 (GET) /images/cf8455ea97ae68d4416496573efdc35d
2022-09-16 00:44:09 [info]: ::1 (GET) /images/7cc35c99c83e4bc30748b06e4c30d121
2022-09-16 00:44:09 [info]: ::1 (GET) /images/e8462c844a3c3ab8341d4ecf6d6c518f
2022-09-16 00:44:09 [info]: ::1 (GET) /images/2cf39c004d640423f953a22e2b990e16
2022-09-16 00:44:09 [info]: ::1 (GET) /images/691b9132c92162b4fd37f628e1500c75
2022-09-16 00:44:09 [info]: ::1 (GET) /images/bcdcb7c55a7b42fee2b510ec70768ff3
2022-09-16 00:44:09 [info]: ::1 (GET) /images/2d31d471f09e2f29f208156327acbeac
2022-09-16 00:44:09 [info]: ::1 (GET) /images/9889324c50ac6e71de3ad2416a05cb21
2022-09-16 00:44:09 [info]: ::1 (GET) /images/d8fa278001375d730d1597a3a77df0bf
2022-09-16 00:44:09 [info]: ::1 (GET) /images/94b17b92e6ed1abb5534ea5b56169dd0
2022-09-16 00:45:59 [info]: ::1 (GET) /titles/10fa17ca9157be44959290f3f892aab6
2022-09-16 00:46:00 [info]: ::1 (GET) /images/46cbb94d3b08d1a7b33a864b3069dc6d
2022-09-16 00:49:15 [info]: ::1 (GET) /auth
2022-09-16 00:49:15 [info]: ::1 (GET) /users/self
2022-09-16 00:49:15 [info]: ::1 (GET) /users/28eb5ad4bdc905f3/ratings/10fa17ca9157be44959290f3f892aab6
2022-09-16 00:49:23 [info]: ::1 (GET) /titles/10fa17ca9157be44959290f3f892aab6
2022-09-16 00:49:23 [info]: ::1 (GET) /users/self
2022-09-16 00:49:23 [info]: ::1 (GET) /images/46cbb94d3b08d1a7b33a864b3069dc6d
2022-09-16 00:49:24 [info]: ::1 (GET) /users/28eb5ad4bdc905f3/ratings/10fa17ca9157be44959290f3f892aab6
2022-09-16 00:53:11 [info]: ::1 (GET) /titles/10fa17ca9157be44959290f3f892aab6
2022-09-16 00:53:11 [info]: ::1 (GET) /users/self
2022-09-16 00:53:12 [info]: ::1 (GET) /images/46cbb94d3b08d1a7b33a864b3069dc6d
2022-09-16 00:53:12 [info]: ::1 (GET) /users/28eb5ad4bdc905f3/ratings/10fa17ca9157be44959290f3f892aab6
2022-09-16 00:53:18 [info]: ::1 (PUT) /users/28eb5ad4bdc905f3
2022-09-16 00:53:18 [error]: Error: ER_DATA_TOO_LONG: Data too long for column 'platform' at row 1
    at Query.Sequence._packetToError (C:\Users\larth\Coding\streamfinder\api\node_modules\mysql\lib\protocol\sequences\Sequence.js:47:14)
    at Query.ErrorPacket (C:\Users\larth\Coding\streamfinder\api\node_modules\mysql\lib\protocol\sequences\Query.js:79:18)
    at Protocol._parsePacket (C:\Users\larth\Coding\streamfinder\api\node_modules\mysql\lib\protocol\Protocol.js:291:23)
    at Parser._parsePacket (C:\Users\larth\Coding\streamfinder\api\node_modules\mysql\lib\protocol\Parser.js:433:10)
    at Parser.write (C:\Users\larth\Coding\streamfinder\api\node_modules\mysql\lib\protocol\Parser.js:43:10)
    at Protocol.write (C:\Users\larth\Coding\streamfinder\api\node_modules\mysql\lib\protocol\Protocol.js:38:16)
    at Socket.<anonymous> (C:\Users\larth\Coding\streamfinder\api\node_modules\mysql\lib\Connection.js:88:28)
    at Socket.<anonymous> (C:\Users\larth\Coding\streamfinder\api\node_modules\mysql\lib\Connection.js:526:10)
    at Socket.emit (events.js:400:28)
    at addChunk (internal/streams/readable.js:290:12)
    --------------------
    at Pool.query (C:\Users\larth\Coding\streamfinder\api\node_modules\mysql\lib\Pool.js:199:23)
    at C:\Users\larth\Coding\streamfinder\api\util.js:41:18
    at new Promise (<anonymous>)
    at Object.dbPromise (C:\Users\larth\Coding\streamfinder\api\util.js:40:16)
    at Object.insertUserStream (C:\Users\larth\Coding\streamfinder\api\controllers\user.streams.js:14:21)
    at User.save (C:\Users\larth\Coding\streamfinder\api\models\user.js:127:49)
    at runMicrotasks (<anonymous>)
    at processTicksAndRejections (internal/process/task_queues.js:95:5)
    at async Object.editUser (C:\Users\larth\Coding\streamfinder\api\model_functions\user.js:141:5)
2022-09-16 00:54:36 [info]: ::1 (GET) /titles/10fa17ca9157be44959290f3f892aab6
2022-09-16 00:54:36 [info]: ::1 (GET) /users/self
2022-09-16 00:54:37 [info]: ::1 (GET) /images/46cbb94d3b08d1a7b33a864b3069dc6d
2022-09-16 00:54:37 [info]: ::1 (GET) /users/28eb5ad4bdc905f3/ratings/10fa17ca9157be44959290f3f892aab6
2022-09-16 00:54:42 [info]: ::1 (PUT) /users/28eb5ad4bdc905f3
2022-09-16 00:54:50 [info]: ::1 (GET) /titles/10fa17ca9157be44959290f3f892aab6
2022-09-16 00:54:50 [info]: ::1 (GET) /users/self
2022-09-16 00:54:51 [info]: ::1 (GET) /images/46cbb94d3b08d1a7b33a864b3069dc6d
2022-09-16 00:54:51 [info]: ::1 (GET) /users/28eb5ad4bdc905f3/ratings/10fa17ca9157be44959290f3f892aab6
2022-09-16 00:55:35 [info]: ::1 (GET) /auth
2022-09-16 00:55:35 [info]: ::1 (GET) /users/self
2022-09-16 00:55:37 [info]: ::1 (GET) /users
2022-09-16 00:55:37 [info]: ::1 (GET) /users/self
2022-09-16 00:55:38 [info]: ::1 (GET) /users/28eb5ad4bdc905f3
2022-09-16 02:28:56 [info]: ::1 (GET) /titles/10fa17ca9157be44959290f3f892aab6
2022-09-16 02:28:56 [info]: ::1 (GET) /users/self
2022-09-16 02:28:56 [info]: ::1 (GET) /users/28eb5ad4bdc905f3/ratings/10fa17ca9157be44959290f3f892aab6
2022-09-16 02:28:56 [info]: ::1 (GET) /images/46cbb94d3b08d1a7b33a864b3069dc6d
2022-09-16 02:29:46 [info]: ::1 (GET) /titles/10fa17ca9157be44959290f3f892aab6
2022-09-16 02:29:46 [info]: ::1 (GET) /users/self
2022-09-16 02:29:47 [info]: ::1 (GET) /users/28eb5ad4bdc905f3/ratings/10fa17ca9157be44959290f3f892aab6
2022-09-16 02:29:47 [info]: ::1 (GET) /images/46cbb94d3b08d1a7b33a864b3069dc6d
2022-09-16 02:30:18 [info]: ::1 (GET) /pages/new
2022-09-16 02:30:18 [info]: ::1 (GET) /users/self
2022-09-16 02:30:18 [info]: ::1 (GET) /images/46cbb94d3b08d1a7b33a864b3069dc6d
2022-09-16 02:30:18 [info]: ::1 (GET) /images/bd05c437c7220323136e6f6d9c27b3c6
2022-09-16 02:30:18 [info]: ::1 (GET) /images/08479238349c0ad801415616c0c2ad97
2022-09-16 02:30:18 [info]: ::1 (GET) /images/9235ed8fd378deb1157ea5b1f8ac0263
2022-09-16 02:30:18 [info]: ::1 (GET) /images/40ee03823bc8c3dab09b38cc91b6e84c
2022-09-16 02:30:18 [info]: ::1 (GET) /images/ed62bf962cc57d836915bb1b1282a64c
2022-09-16 02:30:18 [info]: ::1 (GET) /images/846626b96e29fa7c099ed04435f028e6
2022-09-16 02:30:18 [info]: ::1 (GET) /images/68316122f5484591f68de6c98ea99b40
2022-09-16 02:30:18 [info]: ::1 (GET) /images/35f334f9a26e74c2f5edfbd06426a264
2022-09-16 02:30:18 [info]: ::1 (GET) /images/80f6ba8ec2337c63d469719a84137be2
2022-09-16 02:30:18 [info]: ::1 (GET) /images/789cf3ccc116cb985c52e8156d662a43
2022-09-16 02:30:18 [info]: ::1 (GET) /images/3948a009c10c272fcc770643e1f28c06
2022-09-16 02:30:18 [info]: ::1 (GET) /images/3cd925d70f75c9316babdca26617d610
2022-09-16 02:30:18 [info]: ::1 (GET) /images/cf8455ea97ae68d4416496573efdc35d
2022-09-16 02:30:18 [info]: ::1 (GET) /images/7cc35c99c83e4bc30748b06e4c30d121
2022-09-16 02:30:18 [info]: ::1 (GET) /images/45304a77a1b10d3121a8098c7b7e218f
2022-09-16 02:30:18 [info]: ::1 (GET) /images/ccb25265e42a4da0a78dcbe32e694672
2022-09-16 02:30:18 [info]: ::1 (GET) /images/e4c476fe40a6121d62ea299433305990
2022-09-16 02:30:18 [info]: ::1 (GET) /images/75d7a3573375a1a69b1b36908b64bdc7
2022-09-16 02:30:18 [info]: ::1 (GET) /images/a7f6968dee06043125d3144082bf5792
2022-09-16 02:30:18 [info]: ::1 (GET) /images/6794309645f1a2fa2efee1992d393922
2022-09-16 02:30:18 [info]: ::1 (GET) /images/ca4645f4ec60b2b903de2106e2ddd6ce
2022-09-16 02:30:18 [info]: ::1 (GET) /images/e8462c844a3c3ab8341d4ecf6d6c518f
2022-09-16 02:30:18 [info]: ::1 (GET) /images/2cf39c004d640423f953a22e2b990e16
2022-09-16 02:30:18 [info]: ::1 (GET) /images/691b9132c92162b4fd37f628e1500c75
2022-09-16 02:30:18 [info]: ::1 (GET) /images/bcdcb7c55a7b42fee2b510ec70768ff3
2022-09-16 02:30:18 [info]: ::1 (GET) /images/2d31d471f09e2f29f208156327acbeac
2022-09-16 02:30:18 [info]: ::1 (GET) /images/9889324c50ac6e71de3ad2416a05cb21
2022-09-16 02:30:18 [info]: ::1 (GET) /images/d8fa278001375d730d1597a3a77df0bf
2022-09-16 02:30:18 [info]: ::1 (GET) /images/94b17b92e6ed1abb5534ea5b56169dd0
2022-09-16 02:30:20 [info]: ::1 (GET) /titles/0d7a0ef03d5014d1842ea41a92933e15
2022-09-16 02:30:20 [info]: ::1 (GET) /users/self
2022-09-16 02:30:20 [info]: ::1 (GET) /images/2d31d471f09e2f29f208156327acbeac
2022-09-16 02:30:21 [info]: ::1 (GET) /users/28eb5ad4bdc905f3/ratings/0d7a0ef03d5014d1842ea41a92933e15
2022-09-16 02:31:42 [info]: ::1 (GET) /titles/0d7a0ef03d5014d1842ea41a92933e15
2022-09-16 02:31:42 [info]: ::1 (GET) /users/self
2022-09-16 02:31:42 [info]: ::1 (GET) /images/2d31d471f09e2f29f208156327acbeac
2022-09-16 02:31:42 [info]: ::1 (GET) /users/28eb5ad4bdc905f3/ratings/0d7a0ef03d5014d1842ea41a92933e15
2022-09-16 02:32:35 [info]: ::1 (GET) /titles/0d7a0ef03d5014d1842ea41a92933e15
2022-09-16 02:32:35 [info]: ::1 (GET) /users/self
2022-09-16 02:32:35 [info]: ::1 (GET) /images/2d31d471f09e2f29f208156327acbeac
2022-09-16 02:32:35 [info]: ::1 (GET) /users/28eb5ad4bdc905f3/ratings/0d7a0ef03d5014d1842ea41a92933e15
2022-09-16 02:34:36 [info]: ::1 (GET) /images/2d31d471f09e2f29f208156327acbeac
2022-09-16 02:36:05 [info]: ::1 (GET) /pages/new
2022-09-16 02:36:05 [info]: ::1 (GET) /users/self
2022-09-16 02:36:05 [info]: ::1 (GET) /images/2d31d471f09e2f29f208156327acbeac
2022-09-16 02:36:06 [info]: ::1 (GET) /images/bd05c437c7220323136e6f6d9c27b3c6
2022-09-16 02:36:06 [info]: ::1 (GET) /images/46cbb94d3b08d1a7b33a864b3069dc6d
2022-09-16 02:36:06 [info]: ::1 (GET) /images/08479238349c0ad801415616c0c2ad97
2022-09-16 02:36:06 [info]: ::1 (GET) /images/9235ed8fd378deb1157ea5b1f8ac0263
2022-09-16 02:36:06 [info]: ::1 (GET) /images/40ee03823bc8c3dab09b38cc91b6e84c
2022-09-16 02:36:06 [info]: ::1 (GET) /images/ed62bf962cc57d836915bb1b1282a64c
2022-09-16 02:36:06 [info]: ::1 (GET) /images/68316122f5484591f68de6c98ea99b40
2022-09-16 02:36:06 [info]: ::1 (GET) /images/35f334f9a26e74c2f5edfbd06426a264
2022-09-16 02:36:06 [info]: ::1 (GET) /images/45304a77a1b10d3121a8098c7b7e218f
2022-09-16 02:36:06 [info]: ::1 (GET) /images/789cf3ccc116cb985c52e8156d662a43
2022-09-16 02:36:06 [info]: ::1 (GET) /images/846626b96e29fa7c099ed04435f028e6
2022-09-16 02:36:06 [info]: ::1 (GET) /images/3948a009c10c272fcc770643e1f28c06
2022-09-16 02:36:06 [info]: ::1 (GET) /images/80f6ba8ec2337c63d469719a84137be2
2022-09-16 02:36:06 [info]: ::1 (GET) /images/3cd925d70f75c9316babdca26617d610
2022-09-16 02:36:06 [info]: ::1 (GET) /images/cf8455ea97ae68d4416496573efdc35d
2022-09-16 02:36:06 [info]: ::1 (GET) /images/7cc35c99c83e4bc30748b06e4c30d121
2022-09-16 02:36:06 [info]: ::1 (GET) /images/ccb25265e42a4da0a78dcbe32e694672
2022-09-16 02:36:06 [info]: ::1 (GET) /images/e4c476fe40a6121d62ea299433305990
2022-09-16 02:36:06 [info]: ::1 (GET) /images/75d7a3573375a1a69b1b36908b64bdc7
2022-09-16 02:36:06 [info]: ::1 (GET) /images/a7f6968dee06043125d3144082bf5792
2022-09-16 02:36:06 [info]: ::1 (GET) /images/6794309645f1a2fa2efee1992d393922
2022-09-16 02:36:06 [info]: ::1 (GET) /images/ca4645f4ec60b2b903de2106e2ddd6ce
2022-09-16 02:36:06 [info]: ::1 (GET) /images/e8462c844a3c3ab8341d4ecf6d6c518f
2022-09-16 02:36:06 [info]: ::1 (GET) /images/2cf39c004d640423f953a22e2b990e16
2022-09-16 02:36:06 [info]: ::1 (GET) /images/691b9132c92162b4fd37f628e1500c75
2022-09-16 02:36:06 [info]: ::1 (GET) /images/bcdcb7c55a7b42fee2b510ec70768ff3
2022-09-16 02:36:06 [info]: ::1 (GET) /images/9889324c50ac6e71de3ad2416a05cb21
2022-09-16 02:36:06 [info]: ::1 (GET) /images/d8fa278001375d730d1597a3a77df0bf
2022-09-16 02:36:06 [info]: ::1 (GET) /images/94b17b92e6ed1abb5534ea5b56169dd0
2022-09-16 02:36:14 [info]: ::1 (GET) /titles/a6bbf07cce81c9e41eb25fc173903743
2022-09-16 02:36:14 [info]: ::1 (GET) /users/self
2022-09-16 02:36:14 [info]: ::1 (GET) /images/94b17b92e6ed1abb5534ea5b56169dd0
2022-09-16 02:36:14 [info]: ::1 (GET) /users/28eb5ad4bdc905f3/ratings/a6bbf07cce81c9e41eb25fc173903743
2022-09-16 02:36:19 [info]: ::1 (GET) /users/self
2022-09-16 02:36:21 [info]: ::1 (GET) /pages/new
2022-09-16 02:36:21 [info]: ::1 (GET) /users/self
2022-09-16 02:36:21 [info]: ::1 (GET) /images/bd05c437c7220323136e6f6d9c27b3c6
2022-09-16 02:36:21 [info]: ::1 (GET) /images/46cbb94d3b08d1a7b33a864b3069dc6d
2022-09-16 02:36:21 [info]: ::1 (GET) /images/08479238349c0ad801415616c0c2ad97
2022-09-16 02:36:21 [info]: ::1 (GET) /images/9235ed8fd378deb1157ea5b1f8ac0263
2022-09-16 02:36:21 [info]: ::1 (GET) /images/40ee03823bc8c3dab09b38cc91b6e84c
2022-09-16 02:36:21 [info]: ::1 (GET) /images/ed62bf962cc57d836915bb1b1282a64c
2022-09-16 02:36:21 [info]: ::1 (GET) /images/80f6ba8ec2337c63d469719a84137be2
2022-09-16 02:36:21 [info]: ::1 (GET) /images/cf8455ea97ae68d4416496573efdc35d
2022-09-16 02:36:21 [info]: ::1 (GET) /images/7cc35c99c83e4bc30748b06e4c30d121
2022-09-16 02:36:21 [info]: ::1 (GET) /images/68316122f5484591f68de6c98ea99b40
2022-09-16 02:36:21 [info]: ::1 (GET) /images/3948a009c10c272fcc770643e1f28c06
2022-09-16 02:36:21 [info]: ::1 (GET) /images/846626b96e29fa7c099ed04435f028e6
2022-09-16 02:36:21 [info]: ::1 (GET) /images/789cf3ccc116cb985c52e8156d662a43
2022-09-16 02:36:21 [info]: ::1 (GET) /images/3cd925d70f75c9316babdca26617d610
2022-09-16 02:36:21 [info]: ::1 (GET) /images/45304a77a1b10d3121a8098c7b7e218f
2022-09-16 02:36:21 [info]: ::1 (GET) /images/35f334f9a26e74c2f5edfbd06426a264
2022-09-16 02:36:21 [info]: ::1 (GET) /images/ccb25265e42a4da0a78dcbe32e694672
2022-09-16 02:36:21 [info]: ::1 (GET) /images/e4c476fe40a6121d62ea299433305990
2022-09-16 02:36:21 [info]: ::1 (GET) /images/75d7a3573375a1a69b1b36908b64bdc7
2022-09-16 02:36:21 [info]: ::1 (GET) /images/a7f6968dee06043125d3144082bf5792
2022-09-16 02:36:21 [info]: ::1 (GET) /images/6794309645f1a2fa2efee1992d393922
2022-09-16 02:36:21 [info]: ::1 (GET) /images/ca4645f4ec60b2b903de2106e2ddd6ce
2022-09-16 02:36:21 [info]: ::1 (GET) /images/e8462c844a3c3ab8341d4ecf6d6c518f
2022-09-16 02:36:21 [info]: ::1 (GET) /images/2cf39c004d640423f953a22e2b990e16
2022-09-16 02:36:21 [info]: ::1 (GET) /images/691b9132c92162b4fd37f628e1500c75
2022-09-16 02:36:21 [info]: ::1 (GET) /images/bcdcb7c55a7b42fee2b510ec70768ff3
2022-09-16 02:36:21 [info]: ::1 (GET) /images/2d31d471f09e2f29f208156327acbeac
2022-09-16 02:36:21 [info]: ::1 (GET) /images/9889324c50ac6e71de3ad2416a05cb21
2022-09-16 02:36:21 [info]: ::1 (GET) /images/d8fa278001375d730d1597a3a77df0bf
2022-09-16 02:36:21 [info]: ::1 (GET) /images/94b17b92e6ed1abb5534ea5b56169dd0
2022-09-16 02:36:22 [info]: ::1 (GET) /titles/4a2271444ac00e862396172b7de18bf0
2022-09-16 02:36:22 [info]: ::1 (GET) /users/self
2022-09-16 02:36:23 [info]: ::1 (GET) /images/45304a77a1b10d3121a8098c7b7e218f
2022-09-16 02:36:23 [info]: ::1 (GET) /users/28eb5ad4bdc905f3/ratings/4a2271444ac00e862396172b7de18bf0
2022-09-16 02:36:28 [info]: ::1 (GET) /pages/new
2022-09-16 02:36:28 [info]: ::1 (GET) /users/self
2022-09-16 02:36:28 [info]: ::1 (GET) /images/45304a77a1b10d3121a8098c7b7e218f
2022-09-16 02:36:28 [info]: ::1 (GET) /images/bd05c437c7220323136e6f6d9c27b3c6
2022-09-16 02:36:28 [info]: ::1 (GET) /images/46cbb94d3b08d1a7b33a864b3069dc6d
2022-09-16 02:36:28 [info]: ::1 (GET) /images/08479238349c0ad801415616c0c2ad97
2022-09-16 02:36:28 [info]: ::1 (GET) /images/9235ed8fd378deb1157ea5b1f8ac0263
2022-09-16 02:36:28 [info]: ::1 (GET) /images/40ee03823bc8c3dab09b38cc91b6e84c
2022-09-16 02:36:28 [info]: ::1 (GET) /images/ed62bf962cc57d836915bb1b1282a64c
2022-09-16 02:36:28 [info]: ::1 (GET) /images/846626b96e29fa7c099ed04435f028e6
2022-09-16 02:36:28 [info]: ::1 (GET) /images/68316122f5484591f68de6c98ea99b40
2022-09-16 02:36:28 [info]: ::1 (GET) /images/ccb25265e42a4da0a78dcbe32e694672
2022-09-16 02:36:28 [info]: ::1 (GET) /images/e4c476fe40a6121d62ea299433305990
2022-09-16 02:36:28 [info]: ::1 (GET) /images/789cf3ccc116cb985c52e8156d662a43
2022-09-16 02:36:28 [info]: ::1 (GET) /images/35f334f9a26e74c2f5edfbd06426a264
2022-09-16 02:36:28 [info]: ::1 (GET) /images/3948a009c10c272fcc770643e1f28c06
2022-09-16 02:36:28 [info]: ::1 (GET) /images/80f6ba8ec2337c63d469719a84137be2
2022-09-16 02:36:28 [info]: ::1 (GET) /images/75d7a3573375a1a69b1b36908b64bdc7
2022-09-16 02:36:28 [info]: ::1 (GET) /images/cf8455ea97ae68d4416496573efdc35d
2022-09-16 02:36:28 [info]: ::1 (GET) /images/3cd925d70f75c9316babdca26617d610
2022-09-16 02:36:29 [info]: ::1 (GET) /images/7cc35c99c83e4bc30748b06e4c30d121
2022-09-16 02:36:29 [info]: ::1 (GET) /images/a7f6968dee06043125d3144082bf5792
2022-09-16 02:36:29 [info]: ::1 (GET) /images/6794309645f1a2fa2efee1992d393922
2022-09-16 02:36:29 [info]: ::1 (GET) /images/ca4645f4ec60b2b903de2106e2ddd6ce
2022-09-16 02:36:29 [info]: ::1 (GET) /images/e8462c844a3c3ab8341d4ecf6d6c518f
2022-09-16 02:36:29 [info]: ::1 (GET) /images/2cf39c004d640423f953a22e2b990e16
2022-09-16 02:36:29 [info]: ::1 (GET) /images/691b9132c92162b4fd37f628e1500c75
2022-09-16 02:36:29 [info]: ::1 (GET) /images/bcdcb7c55a7b42fee2b510ec70768ff3
2022-09-16 02:36:29 [info]: ::1 (GET) /images/2d31d471f09e2f29f208156327acbeac
2022-09-16 02:36:29 [info]: ::1 (GET) /images/9889324c50ac6e71de3ad2416a05cb21
2022-09-16 02:36:29 [info]: ::1 (GET) /images/d8fa278001375d730d1597a3a77df0bf
2022-09-16 02:36:29 [info]: ::1 (GET) /images/94b17b92e6ed1abb5534ea5b56169dd0
2022-09-16 02:36:30 [info]: ::1 (GET) /titles/a6d0850a32f326cae995d9adc391bd8c
2022-09-16 02:36:30 [info]: ::1 (GET) /users/self
2022-09-16 02:36:30 [info]: ::1 (GET) /images/68316122f5484591f68de6c98ea99b40
2022-09-16 02:36:30 [info]: ::1 (GET) /users/28eb5ad4bdc905f3/ratings/a6d0850a32f326cae995d9adc391bd8c
2022-09-16 02:36:32 [info]: ::1 (GET) /pages/new
2022-09-16 02:36:32 [info]: ::1 (GET) /users/self
2022-09-16 02:36:33 [info]: ::1 (GET) /images/bd05c437c7220323136e6f6d9c27b3c6
2022-09-16 02:36:33 [info]: ::1 (GET) /images/46cbb94d3b08d1a7b33a864b3069dc6d
2022-09-16 02:36:33 [info]: ::1 (GET) /images/08479238349c0ad801415616c0c2ad97
2022-09-16 02:36:33 [info]: ::1 (GET) /images/9235ed8fd378deb1157ea5b1f8ac0263
2022-09-16 02:36:33 [info]: ::1 (GET) /images/40ee03823bc8c3dab09b38cc91b6e84c
2022-09-16 02:36:33 [info]: ::1 (GET) /images/ed62bf962cc57d836915bb1b1282a64c
2022-09-16 02:36:33 [info]: ::1 (GET) /images/846626b96e29fa7c099ed04435f028e6
2022-09-16 02:36:33 [info]: ::1 (GET) /images/68316122f5484591f68de6c98ea99b40
2022-09-16 02:36:33 [info]: ::1 (GET) /images/ccb25265e42a4da0a78dcbe32e694672
2022-09-16 02:36:33 [info]: ::1 (GET) /images/e4c476fe40a6121d62ea299433305990
2022-09-16 02:36:33 [info]: ::1 (GET) /images/45304a77a1b10d3121a8098c7b7e218f
2022-09-16 02:36:33 [info]: ::1 (GET) /images/789cf3ccc116cb985c52e8156d662a43
2022-09-16 02:36:33 [info]: ::1 (GET) /images/35f334f9a26e74c2f5edfbd06426a264
2022-09-16 02:36:33 [info]: ::1 (GET) /images/3948a009c10c272fcc770643e1f28c06
2022-09-16 02:36:33 [info]: ::1 (GET) /images/80f6ba8ec2337c63d469719a84137be2
2022-09-16 02:36:33 [info]: ::1 (GET) /images/75d7a3573375a1a69b1b36908b64bdc7
2022-09-16 02:36:33 [info]: ::1 (GET) /images/a7f6968dee06043125d3144082bf5792
2022-09-16 02:36:33 [info]: ::1 (GET) /images/6794309645f1a2fa2efee1992d393922
2022-09-16 02:36:33 [info]: ::1 (GET) /images/3cd925d70f75c9316babdca26617d610
2022-09-16 02:36:33 [info]: ::1 (GET) /images/cf8455ea97ae68d4416496573efdc35d
2022-09-16 02:36:33 [info]: ::1 (GET) /images/7cc35c99c83e4bc30748b06e4c30d121
2022-09-16 02:36:33 [info]: ::1 (GET) /images/e8462c844a3c3ab8341d4ecf6d6c518f
2022-09-16 02:36:33 [info]: ::1 (GET) /images/2cf39c004d640423f953a22e2b990e16
2022-09-16 02:36:33 [info]: ::1 (GET) /images/691b9132c92162b4fd37f628e1500c75
2022-09-16 02:36:33 [info]: ::1 (GET) /images/bcdcb7c55a7b42fee2b510ec70768ff3
2022-09-16 02:36:33 [info]: ::1 (GET) /images/2d31d471f09e2f29f208156327acbeac
2022-09-16 02:36:33 [info]: ::1 (GET) /images/9889324c50ac6e71de3ad2416a05cb21
2022-09-16 02:36:33 [info]: ::1 (GET) /images/d8fa278001375d730d1597a3a77df0bf
2022-09-16 02:36:33 [info]: ::1 (GET) /images/94b17b92e6ed1abb5534ea5b56169dd0
2022-09-16 02:36:33 [info]: ::1 (GET) /images/ca4645f4ec60b2b903de2106e2ddd6ce
2022-09-16 02:36:51 [info]: ::1 (GET) /titles/ddb3e765c6260ac5ff9fd9cbcf47bfea
2022-09-16 02:36:51 [info]: ::1 (GET) /users/self
2022-09-16 02:36:51 [info]: ::1 (GET) /images/2cf39c004d640423f953a22e2b990e16
2022-09-16 02:36:51 [info]: ::1 (GET) /users/28eb5ad4bdc905f3/ratings/ddb3e765c6260ac5ff9fd9cbcf47bfea
2022-09-16 02:36:54 [info]: ::1 (GET) /images/bd05c437c7220323136e6f6d9c27b3c6
2022-09-16 02:36:54 [info]: ::1 (GET) /images/46cbb94d3b08d1a7b33a864b3069dc6d
2022-09-16 02:36:54 [info]: ::1 (GET) /images/08479238349c0ad801415616c0c2ad97
2022-09-16 02:36:54 [info]: ::1 (GET) /images/9235ed8fd378deb1157ea5b1f8ac0263
2022-09-16 02:36:54 [info]: ::1 (GET) /images/40ee03823bc8c3dab09b38cc91b6e84c
2022-09-16 02:36:54 [info]: ::1 (GET) /images/ed62bf962cc57d836915bb1b1282a64c
2022-09-16 02:36:54 [info]: ::1 (GET) /images/846626b96e29fa7c099ed04435f028e6
2022-09-16 02:36:54 [info]: ::1 (GET) /images/68316122f5484591f68de6c98ea99b40
2022-09-16 02:36:54 [info]: ::1 (GET) /images/ccb25265e42a4da0a78dcbe32e694672
2022-09-16 02:36:54 [info]: ::1 (GET) /images/e4c476fe40a6121d62ea299433305990
2022-09-16 02:36:54 [info]: ::1 (GET) /images/45304a77a1b10d3121a8098c7b7e218f
2022-09-16 02:36:54 [info]: ::1 (GET) /images/789cf3ccc116cb985c52e8156d662a43
2022-09-16 02:36:54 [info]: ::1 (GET) /images/35f334f9a26e74c2f5edfbd06426a264
2022-09-16 02:36:54 [info]: ::1 (GET) /images/3948a009c10c272fcc770643e1f28c06
2022-09-16 02:36:54 [info]: ::1 (GET) /images/80f6ba8ec2337c63d469719a84137be2
2022-09-16 02:36:54 [info]: ::1 (GET) /images/75d7a3573375a1a69b1b36908b64bdc7
2022-09-16 02:36:54 [info]: ::1 (GET) /images/a7f6968dee06043125d3144082bf5792
2022-09-16 02:36:54 [info]: ::1 (GET) /images/6794309645f1a2fa2efee1992d393922
2022-09-16 02:36:54 [info]: ::1 (GET) /images/3cd925d70f75c9316babdca26617d610
2022-09-16 02:36:54 [info]: ::1 (GET) /images/cf8455ea97ae68d4416496573efdc35d
2022-09-16 02:36:54 [info]: ::1 (GET) /images/7cc35c99c83e4bc30748b06e4c30d121
2022-09-16 02:36:54 [info]: ::1 (GET) /images/e8462c844a3c3ab8341d4ecf6d6c518f
2022-09-16 02:36:54 [info]: ::1 (GET) /images/2cf39c004d640423f953a22e2b990e16
2022-09-16 02:36:54 [info]: ::1 (GET) /images/691b9132c92162b4fd37f628e1500c75
2022-09-16 02:36:54 [info]: ::1 (GET) /images/bcdcb7c55a7b42fee2b510ec70768ff3
2022-09-16 02:36:54 [info]: ::1 (GET) /images/2d31d471f09e2f29f208156327acbeac
2022-09-16 02:36:54 [info]: ::1 (GET) /images/9889324c50ac6e71de3ad2416a05cb21
2022-09-16 02:36:54 [info]: ::1 (GET) /images/d8fa278001375d730d1597a3a77df0bf
2022-09-16 02:36:54 [info]: ::1 (GET) /images/94b17b92e6ed1abb5534ea5b56169dd0
2022-09-16 02:36:54 [info]: ::1 (GET) /images/ca4645f4ec60b2b903de2106e2ddd6ce
2022-09-16 02:37:04 [info]: ::1 (GET) /titles/38052fd261d5c605fc92e966ad9e2b27
2022-09-16 02:37:04 [info]: ::1 (GET) /users/self
2022-09-16 02:37:05 [info]: ::1 (GET) /images/691b9132c92162b4fd37f628e1500c75
2022-09-16 02:37:05 [info]: ::1 (GET) /users/28eb5ad4bdc905f3/ratings/38052fd261d5c605fc92e966ad9e2b27
2022-09-16 02:37:07 [info]: ::1 (GET) /images/bd05c437c7220323136e6f6d9c27b3c6
2022-09-16 02:37:07 [info]: ::1 (GET) /images/46cbb94d3b08d1a7b33a864b3069dc6d
2022-09-16 02:37:07 [info]: ::1 (GET) /images/08479238349c0ad801415616c0c2ad97
2022-09-16 02:37:07 [info]: ::1 (GET) /images/9235ed8fd378deb1157ea5b1f8ac0263
2022-09-16 02:37:07 [info]: ::1 (GET) /images/40ee03823bc8c3dab09b38cc91b6e84c
2022-09-16 02:37:07 [info]: ::1 (GET) /images/ed62bf962cc57d836915bb1b1282a64c
2022-09-16 02:37:07 [info]: ::1 (GET) /images/846626b96e29fa7c099ed04435f028e6
2022-09-16 02:37:07 [info]: ::1 (GET) /images/68316122f5484591f68de6c98ea99b40
2022-09-16 02:37:07 [info]: ::1 (GET) /images/ccb25265e42a4da0a78dcbe32e694672
2022-09-16 02:37:07 [info]: ::1 (GET) /images/e4c476fe40a6121d62ea299433305990
2022-09-16 02:37:07 [info]: ::1 (GET) /images/45304a77a1b10d3121a8098c7b7e218f
2022-09-16 02:37:07 [info]: ::1 (GET) /images/789cf3ccc116cb985c52e8156d662a43
2022-09-16 02:37:07 [info]: ::1 (GET) /images/35f334f9a26e74c2f5edfbd06426a264
2022-09-16 02:37:07 [info]: ::1 (GET) /images/3948a009c10c272fcc770643e1f28c06
2022-09-16 02:37:07 [info]: ::1 (GET) /images/80f6ba8ec2337c63d469719a84137be2
2022-09-16 02:37:07 [info]: ::1 (GET) /images/75d7a3573375a1a69b1b36908b64bdc7
2022-09-16 02:37:07 [info]: ::1 (GET) /images/a7f6968dee06043125d3144082bf5792
2022-09-16 02:37:07 [info]: ::1 (GET) /images/6794309645f1a2fa2efee1992d393922
2022-09-16 02:37:07 [info]: ::1 (GET) /images/3cd925d70f75c9316babdca26617d610
2022-09-16 02:37:07 [info]: ::1 (GET) /images/cf8455ea97ae68d4416496573efdc35d
2022-09-16 02:37:07 [info]: ::1 (GET) /images/7cc35c99c83e4bc30748b06e4c30d121
2022-09-16 02:37:07 [info]: ::1 (GET) /images/e8462c844a3c3ab8341d4ecf6d6c518f
2022-09-16 02:37:07 [info]: ::1 (GET) /images/2cf39c004d640423f953a22e2b990e16
2022-09-16 02:37:07 [info]: ::1 (GET) /images/691b9132c92162b4fd37f628e1500c75
2022-09-16 02:37:07 [info]: ::1 (GET) /images/bcdcb7c55a7b42fee2b510ec70768ff3
2022-09-16 02:37:07 [info]: ::1 (GET) /images/2d31d471f09e2f29f208156327acbeac
2022-09-16 02:37:07 [info]: ::1 (GET) /images/9889324c50ac6e71de3ad2416a05cb21
2022-09-16 02:37:07 [info]: ::1 (GET) /images/d8fa278001375d730d1597a3a77df0bf
2022-09-16 02:37:07 [info]: ::1 (GET) /images/94b17b92e6ed1abb5534ea5b56169dd0
2022-09-16 02:37:07 [info]: ::1 (GET) /images/ca4645f4ec60b2b903de2106e2ddd6ce
2022-09-16 02:38:00 [info]: ::1 (GET) /titles/0bbffa8cca43b958b81fdf60ea2a302c
2022-09-16 02:38:00 [info]: ::1 (GET) /users/self
2022-09-16 02:38:01 [info]: ::1 (GET) /images/bd05c437c7220323136e6f6d9c27b3c6
2022-09-16 02:38:01 [info]: ::1 (GET) /users/28eb5ad4bdc905f3/ratings/0bbffa8cca43b958b81fdf60ea2a302c
2022-09-16 02:52:13 [info]: ::1 (GET) /titles/0bbffa8cca43b958b81fdf60ea2a302c
2022-09-16 02:52:13 [info]: ::1 (GET) /users/self
2022-09-16 02:52:13 [info]: ::1 (GET) /users/28eb5ad4bdc905f3/ratings/0bbffa8cca43b958b81fdf60ea2a302c
2022-09-16 02:52:36 [info]: ::1 (GET) /titles/0bbffa8cca43b958b81fdf60ea2a302c
2022-09-16 02:52:37 [info]: ::1 (GET) /users/28eb5ad4bdc905f3/ratings/0bbffa8cca43b958b81fdf60ea2a302c
2022-09-16 02:52:40 [info]: ::1 (GET) /titles/0bbffa8cca43b958b81fdf60ea2a302c
2022-09-16 02:52:40 [info]: ::1 (GET) /users/self
2022-09-16 02:52:40 [info]: ::1 (GET) /users/28eb5ad4bdc905f3/ratings/0bbffa8cca43b958b81fdf60ea2a302c
2022-09-16 02:53:42 [info]: ::1 (GET) /titles/0bbffa8cca43b958b81fdf60ea2a302c
2022-09-16 02:53:42 [info]: ::1 (GET) /users/self
2022-09-16 02:53:43 [info]: ::1 (GET) /images/bd05c437c7220323136e6f6d9c27b3c6
2022-09-16 02:53:43 [info]: ::1 (GET) /users/28eb5ad4bdc905f3/ratings/0bbffa8cca43b958b81fdf60ea2a302c
2022-09-16 02:53:50 [info]: ::1 (GET) /titles/0bbffa8cca43b958b81fdf60ea2a302c
2022-09-16 02:53:51 [info]: ::1 (GET) /images/bd05c437c7220323136e6f6d9c27b3c6
2022-09-16 02:55:49 [info]: ::1 (GET) /titles/0bbffa8cca43b958b81fdf60ea2a302c
2022-09-16 02:55:53 [info]: ::1 (GET) /titles/0bbffa8cca43b958b81fdf60ea2a302c
2022-09-16 02:55:53 [info]: ::1 (GET) /images/bd05c437c7220323136e6f6d9c27b3c6
2022-09-16 02:56:44 [info]: ::1 (GET) /titles/0bbffa8cca43b958b81fdf60ea2a302c
2022-09-16 02:56:45 [info]: ::1 (GET) /images/bd05c437c7220323136e6f6d9c27b3c6
2022-09-16 02:57:58 [info]: ::1 (GET) /titles/0bbffa8cca43b958b81fdf60ea2a302c
2022-09-16 02:57:59 [info]: ::1 (GET) /images/bd05c437c7220323136e6f6d9c27b3c6
2022-09-16 02:58:39 [info]: ::1 (GET) /titles/0bbffa8cca43b958b81fdf60ea2a302c
2022-09-16 02:58:39 [info]: ::1 (GET) /titles/0bbffa8cca43b958b81fdf60ea2a302c
2022-09-16 02:58:40 [info]: ::1 (GET) /images/bd05c437c7220323136e6f6d9c27b3c6
2022-09-16 02:59:39 [info]: ::1 (GET) /titles/0bbffa8cca43b958b81fdf60ea2a302c
2022-09-16 02:59:40 [info]: ::1 (GET) /images/bd05c437c7220323136e6f6d9c27b3c6
2022-09-16 02:59:59 [info]: ::1 (GET) /titles/0bbffa8cca43b958b81fdf60ea2a302c
2022-09-16 03:00:00 [info]: ::1 (GET) /images/bd05c437c7220323136e6f6d9c27b3c6
2022-09-16 03:02:20 [info]: ::1 (GET) /titles/0bbffa8cca43b958b81fdf60ea2a302c
2022-09-16 03:02:23 [info]: ::1 (GET) /titles/0bbffa8cca43b958b81fdf60ea2a302c
2022-09-16 03:02:24 [info]: ::1 (GET) /images/bd05c437c7220323136e6f6d9c27b3c6
2022-09-16 03:02:24 [info]: ::1 (GET) /titles/0bbffa8cca43b958b81fdf60ea2a302c
2022-09-16 03:02:25 [info]: ::1 (GET) /images/bd05c437c7220323136e6f6d9c27b3c6
2022-09-16 03:03:02 [info]: ::1 (GET) /titles/0bbffa8cca43b958b81fdf60ea2a302c
2022-09-16 03:03:03 [info]: ::1 (GET) /titles/0bbffa8cca43b958b81fdf60ea2a302c
2022-09-16 03:03:04 [info]: ::1 (GET) /images/bd05c437c7220323136e6f6d9c27b3c6
2022-09-16 03:03:17 [info]: ::1 (GET) /titles/0bbffa8cca43b958b81fdf60ea2a302c
2022-09-16 03:03:17 [info]: ::1 (GET) /images/bd05c437c7220323136e6f6d9c27b3c6
2022-09-16 03:03:30 [info]: ::1 (GET) /titles/0bbffa8cca43b958b81fdf60ea2a302c
2022-09-16 03:03:31 [info]: ::1 (GET) /images/bd05c437c7220323136e6f6d9c27b3c6
2022-09-16 03:03:38 [info]: ::1 (GET) /titles/0bbffa8cca43b958b81fdf60ea2a302c
2022-09-16 03:03:38 [info]: ::1 (GET) /images/bd05c437c7220323136e6f6d9c27b3c6
2022-09-16 03:04:03 [info]: ::1 (GET) /titles/0bbffa8cca43b958b81fdf60ea2a302c
2022-09-16 03:04:03 [info]: ::1 (GET) /images/bd05c437c7220323136e6f6d9c27b3c6
2022-09-16 03:05:38 [info]: ::1 (GET) /titles/0bbffa8cca43b958b81fdf60ea2a302c
2022-09-16 03:05:39 [info]: ::1 (GET) /images/bd05c437c7220323136e6f6d9c27b3c6
2022-09-16 03:05:53 [info]: ::1 (GET) /auth
2022-09-16 03:05:53 [info]: ::1 (GET) /users/self
2022-09-16 03:05:53 [info]: ::1 (GET) /users/28eb5ad4bdc905f3/ratings/0bbffa8cca43b958b81fdf60ea2a302c
2022-09-16 03:06:01 [info]: ::1 (PUT) /users/28eb5ad4bdc905f3/ratings/0bbffa8cca43b958b81fdf60ea2a302c
2022-09-16 03:06:02 [info]: ::1 (PUT) /users/28eb5ad4bdc905f3/ratings/0bbffa8cca43b958b81fdf60ea2a302c
2022-09-16 03:06:04 [info]: ::1 (GET) /titles/0bbffa8cca43b958b81fdf60ea2a302c
2022-09-16 03:06:04 [info]: ::1 (GET) /users/self
2022-09-16 03:06:05 [info]: ::1 (GET) /images/bd05c437c7220323136e6f6d9c27b3c6
2022-09-16 03:06:05 [info]: ::1 (GET) /users/28eb5ad4bdc905f3/ratings/0bbffa8cca43b958b81fdf60ea2a302c
2022-09-16 03:06:25 [info]: ::1 (GET) /users/self
2022-09-16 03:06:29 [info]: ::1 (GET) /pages/new
2022-09-16 03:06:29 [info]: ::1 (GET) /users/self
2022-09-16 03:06:29 [info]: ::1 (GET) /images/bd05c437c7220323136e6f6d9c27b3c6
2022-09-16 03:06:29 [info]: ::1 (GET) /images/46cbb94d3b08d1a7b33a864b3069dc6d
2022-09-16 03:06:29 [info]: ::1 (GET) /images/08479238349c0ad801415616c0c2ad97
2022-09-16 03:06:29 [info]: ::1 (GET) /images/9235ed8fd378deb1157ea5b1f8ac0263
2022-09-16 03:06:29 [info]: ::1 (GET) /images/40ee03823bc8c3dab09b38cc91b6e84c
2022-09-16 03:06:29 [info]: ::1 (GET) /images/ed62bf962cc57d836915bb1b1282a64c
2022-09-16 03:06:29 [info]: ::1 (GET) /images/846626b96e29fa7c099ed04435f028e6
2022-09-16 03:06:29 [info]: ::1 (GET) /images/68316122f5484591f68de6c98ea99b40
2022-09-16 03:06:29 [info]: ::1 (GET) /images/ccb25265e42a4da0a78dcbe32e694672
2022-09-16 03:06:29 [info]: ::1 (GET) /images/e4c476fe40a6121d62ea299433305990
2022-09-16 03:06:29 [info]: ::1 (GET) /images/45304a77a1b10d3121a8098c7b7e218f
2022-09-16 03:06:29 [info]: ::1 (GET) /images/789cf3ccc116cb985c52e8156d662a43
2022-09-16 03:06:29 [info]: ::1 (GET) /images/35f334f9a26e74c2f5edfbd06426a264
2022-09-16 03:06:29 [info]: ::1 (GET) /images/3948a009c10c272fcc770643e1f28c06
2022-09-16 03:06:29 [info]: ::1 (GET) /images/80f6ba8ec2337c63d469719a84137be2
2022-09-16 03:06:29 [info]: ::1 (GET) /images/75d7a3573375a1a69b1b36908b64bdc7
2022-09-16 03:06:29 [info]: ::1 (GET) /images/3cd925d70f75c9316babdca26617d610
2022-09-16 03:06:29 [info]: ::1 (GET) /images/7cc35c99c83e4bc30748b06e4c30d121
2022-09-16 03:06:29 [info]: ::1 (GET) /images/cf8455ea97ae68d4416496573efdc35d
2022-09-16 03:06:29 [info]: ::1 (GET) /images/a7f6968dee06043125d3144082bf5792
2022-09-16 03:06:29 [info]: ::1 (GET) /images/ca4645f4ec60b2b903de2106e2ddd6ce
2022-09-16 03:06:29 [info]: ::1 (GET) /images/6794309645f1a2fa2efee1992d393922
2022-09-16 03:06:29 [info]: ::1 (GET) /images/e8462c844a3c3ab8341d4ecf6d6c518f
2022-09-16 03:06:29 [info]: ::1 (GET) /images/2cf39c004d640423f953a22e2b990e16
2022-09-16 03:06:29 [info]: ::1 (GET) /images/691b9132c92162b4fd37f628e1500c75
2022-09-16 03:06:29 [info]: ::1 (GET) /images/bcdcb7c55a7b42fee2b510ec70768ff3
2022-09-16 03:06:29 [info]: ::1 (GET) /images/2d31d471f09e2f29f208156327acbeac
2022-09-16 03:06:29 [info]: ::1 (GET) /images/9889324c50ac6e71de3ad2416a05cb21
2022-09-16 03:06:29 [info]: ::1 (GET) /images/d8fa278001375d730d1597a3a77df0bf
2022-09-16 03:06:29 [info]: ::1 (GET) /images/94b17b92e6ed1abb5534ea5b56169dd0
2022-09-16 03:07:58 [info]: ::1 (GET) /titles/10fa17ca9157be44959290f3f892aab6
2022-09-16 03:07:58 [info]: ::1 (GET) /users/self
2022-09-16 03:07:59 [info]: ::1 (GET) /images/46cbb94d3b08d1a7b33a864b3069dc6d
2022-09-16 03:07:59 [info]: ::1 (GET) /users/28eb5ad4bdc905f3/ratings/10fa17ca9157be44959290f3f892aab6
2022-09-16 03:08:33 [info]: ::1 (GET) /users/self
2022-09-16 03:08:52 [info]: ::1 (GET) /users/self
