2022-08-26 12:11:30 [info]: ::1 (GET) /images/
2022-08-26 12:11:30 [info]: ::1 (GET) /titles
2022-08-26 12:11:30 [info]: ::1 (GET) /users/self
2022-08-26 12:11:30 [info]: ::1 (GET) /images/
2022-08-26 12:11:32 [info]: ::1 (GET) /titles/10fa17ca9157be44959290f3f892aab6
2022-08-26 12:11:32 [info]: ::1 (GET) /images/
2022-08-26 12:11:32 [info]: ::1 (GET) /images/46cbb94d3b08d1a7b33a864b3069dc6d
2022-08-26 12:11:37 [info]: ::1 (PUT) /seasons/64e508869fceb24eb04a560aa750ef95
2022-08-26 12:11:37 [info]: ::1 (DELETE) /episodes/292c85de99802285797eee56e36cfdf8
2022-08-26 12:11:37 [info]: ::1 (DELETE) /episodes/c266ffa09479641f1d306713b4552591
2022-08-26 12:11:37 [info]: ::1 (DELETE) /episodes/7b8f3a1db7abd3331e7a38774e4ee9cb
2022-08-26 12:11:37 [info]: ::1 (DELETE) /episodes/2d881bac0c91860d23f0e90b08837742
2022-08-26 12:11:37 [info]: ::1 (DELETE) /seasons/64e508869fceb24eb04a560aa750ef95
2022-08-26 12:11:37 [info]: ::1 (DELETE) /episodes/64b60cbeecaa7612bdbb49e5b0b3fb64
2022-08-26 12:11:37 [info]: ::1 (DELETE) /episodes/ca1ebf2ffbcf49573c05cc0b47fc8559
2022-08-26 12:11:37 [info]: ::1 (DELETE) /episodes/f23b59470689f4fe288af6f306754896
2022-08-26 12:11:37 [info]: ::1 (DELETE) /episodes/938aab8580510ac44c49e153d97b61cc
2022-08-26 12:11:37 [info]: ::1 (DELETE) /seasons/efe47921944a4b368dddba16f76cca07
2022-08-26 12:11:37 [info]: ::1 (PUT) /titles/10fa17ca9157be44959290f3f892aab6
2022-08-26 12:11:37 [info]: ::1 (DELETE) /episodes/a8123d2f379a8069c8c481f3c8fc3503
2022-08-26 12:11:37 [info]: ::1 (DELETE) /episodes/08567ec039fea90d60b64857eee9797e
2022-08-26 12:11:37 [info]: ::1 (DELETE) /episodes/2623a26d59beb57822bf7fdf2e0b6a65
2022-08-26 12:11:37 [info]: ::1 (DELETE) /episodes/566ae3dfaac37503ba61c7f7fa4907c0
2022-08-26 12:11:37 [info]: ::1 (DELETE) /episodes/aaa2614cdccc3a151c57e5d1d311eeea
2022-08-26 12:11:37 [info]: ::1 (DELETE) /episodes/29aaa8f982067a1c409b07e4b0f09966
2022-08-26 12:11:37 [info]: ::1 (DELETE) /episodes/56c94032cf42bb6dcc34d0d709df19be
2022-08-26 12:11:37 [info]: ::1 (DELETE) /episodes/460789e2c93dfeab2e4efbcb5c5f72d3
2022-08-26 12:11:37 [info]: ::1 (GET) /titles/10fa17ca9157be44959290f3f892aab6
2022-08-26 12:11:37 [info]: ::1 (GET) /images/
2022-08-26 12:11:37 [info]: ::1 (GET) /images/46cbb94d3b08d1a7b33a864b3069dc6d
2022-08-26 12:11:39 [info]: ::1 (GET) /images/
2022-08-26 12:11:39 [info]: ::1 (GET) /images/
2022-08-26 12:11:39 [info]: ::1 (GET) /titles
2022-08-26 12:11:39 [info]: ::1 (GET) /users/self
2022-08-26 12:11:39 [info]: ::1 (GET) /titles/10fa17ca9157be44959290f3f892aab6
2022-08-26 12:11:40 [info]: ::1 (GET) /images/
2022-08-26 12:11:40 [info]: ::1 (GET) /images/46cbb94d3b08d1a7b33a864b3069dc6d
2022-08-26 12:11:48 [info]: ::1 (GET) /titles/10fa17ca9157be44959290f3f892aab6
2022-08-26 12:11:48 [info]: ::1 (GET) /images/46cbb94d3b08d1a7b33a864b3069dc6d
2022-08-26 12:12:22 [info]: ::1 (POST) /titles/10fa17ca9157be44959290f3f892aab6/seasons
2022-08-26 12:12:22 [info]: ::1 (PUT) /titles/10fa17ca9157be44959290f3f892aab6
2022-08-26 12:12:22 [info]: ::1 (POST) /seasons/b6f011caf4141f05b8e7d29814348732/episodes
2022-08-26 12:12:22 [error]: Error: ER_ROW_IS_REFERENCED: Cannot delete or update a parent row: a foreign key constraint fails
    at Query.Sequence._packetToError (C:\Users\larth\Coding\streamfinder\api\node_modules\mysql\lib\protocol\sequences\Sequence.js:47:14)
    at Query.ErrorPacket (C:\Users\larth\Coding\streamfinder\api\node_modules\mysql\lib\protocol\sequences\Query.js:79:18)
    at Protocol._parsePacket (C:\Users\larth\Coding\streamfinder\api\node_modules\mysql\lib\protocol\Protocol.js:291:23)
    at Parser._parsePacket (C:\Users\larth\Coding\streamfinder\api\node_modules\mysql\lib\protocol\Parser.js:433:10)
    at Parser.write (C:\Users\larth\Coding\streamfinder\api\node_modules\mysql\lib\protocol\Parser.js:43:10)
    at Protocol.write (C:\Users\larth\Coding\streamfinder\api\node_modules\mysql\lib\protocol\Protocol.js:38:16)
    at Socket.<anonymous> (C:\Users\larth\Coding\streamfinder\api\node_modules\mysql\lib\Connection.js:88:28)
    at Socket.<anonymous> (C:\Users\larth\Coding\streamfinder\api\node_modules\mysql\lib\Connection.js:526:10)
    at Socket.emit (events.js:400:28)
    at addChunk (internal/streams/readable.js:290:12)
    --------------------
    at Pool.query (C:\Users\larth\Coding\streamfinder\api\node_modules\mysql\lib\Pool.js:199:23)
    at C:\Users\larth\Coding\streamfinder\api\util.js:41:18
    at new Promise (<anonymous>)
    at Object.dbPromise (C:\Users\larth\Coding\streamfinder\api\util.js:40:16)
    at Object.deleteSeason (C:\Users\larth\Coding\streamfinder\api\controllers\season.js:19:21)
    at Season.delete (C:\Users\larth\Coding\streamfinder\api\models\season.js:92:32)
    at runMicrotasks (<anonymous>)
    at processTicksAndRejections (internal/process/task_queues.js:95:5)
    at async Show.save (C:\Users\larth\Coding\streamfinder\api\models\show.js:48:13)
2022-08-26 12:21:03 [info]: ::1 (GET) /titles/10fa17ca9157be44959290f3f892aab6
2022-08-26 12:21:04 [info]: ::1 (GET) /images/
2022-08-26 12:21:04 [info]: ::1 (GET) /images/46cbb94d3b08d1a7b33a864b3069dc6d
2022-08-26 12:21:07 [info]: ::1 (GET) /images/
2022-08-26 12:21:07 [info]: ::1 (GET) /images/
2022-08-26 12:21:07 [info]: ::1 (GET) /titles
2022-08-26 12:21:07 [info]: ::1 (GET) /users/self
2022-08-26 12:21:07 [info]: ::1 (GET) /titles/10fa17ca9157be44959290f3f892aab6
2022-08-26 12:21:07 [info]: ::1 (GET) /images/
2022-08-26 12:21:07 [info]: ::1 (GET) /images/46cbb94d3b08d1a7b33a864b3069dc6d
2022-08-26 12:21:17 [info]: ::1 (PUT) /episodes/e03c8c6505515b3d701fef026d5821c5
2022-08-26 12:21:17 [info]: ::1 (PUT) /titles/10fa17ca9157be44959290f3f892aab6
2022-08-26 12:21:17 [info]: ::1 (GET) /titles/10fa17ca9157be44959290f3f892aab6
2022-08-26 12:21:17 [info]: ::1 (GET) /images/
2022-08-26 12:21:17 [info]: ::1 (GET) /images/46cbb94d3b08d1a7b33a864b3069dc6d
2022-08-26 12:21:18 [info]: ::1 (GET) /images/
2022-08-26 12:21:18 [info]: ::1 (GET) /images/
2022-08-26 12:21:18 [info]: ::1 (GET) /titles
2022-08-26 12:21:18 [info]: ::1 (GET) /users/self
2022-08-26 12:21:19 [info]: ::1 (GET) /titles/10fa17ca9157be44959290f3f892aab6
2022-08-26 12:21:19 [info]: ::1 (GET) /images/
2022-08-26 12:21:19 [info]: ::1 (GET) /images/46cbb94d3b08d1a7b33a864b3069dc6d
2022-08-26 12:21:31 [info]: ::1 (PUT) /seasons/b6f011caf4141f05b8e7d29814348732
2022-08-26 12:21:31 [info]: ::1 (PUT) /titles/10fa17ca9157be44959290f3f892aab6
2022-08-26 12:21:31 [info]: ::1 (GET) /titles/10fa17ca9157be44959290f3f892aab6
2022-08-26 12:21:31 [info]: ::1 (GET) /images/
2022-08-26 12:21:31 [info]: ::1 (GET) /images/46cbb94d3b08d1a7b33a864b3069dc6d
2022-08-26 12:21:32 [info]: ::1 (GET) /images/
2022-08-26 12:21:32 [info]: ::1 (GET) /images/
2022-08-26 12:21:32 [info]: ::1 (GET) /titles
2022-08-26 12:21:32 [info]: ::1 (GET) /users/self
2022-08-26 12:21:33 [info]: ::1 (GET) /titles/10fa17ca9157be44959290f3f892aab6
2022-08-26 12:21:33 [info]: ::1 (GET) /images/
2022-08-26 12:21:33 [info]: ::1 (GET) /images/46cbb94d3b08d1a7b33a864b3069dc6d
2022-08-26 12:21:51 [info]: ::1 (GET) /titles/10fa17ca9157be44959290f3f892aab6
2022-08-26 12:21:51 [info]: ::1 (GET) /images/
2022-08-26 12:21:51 [info]: ::1 (GET) /images/46cbb94d3b08d1a7b33a864b3069dc6d
2022-08-26 12:21:53 [info]: ::1 (GET) /images/
2022-08-26 12:21:53 [info]: ::1 (GET) /images/
2022-08-26 12:21:53 [info]: ::1 (GET) /titles
2022-08-26 12:21:53 [info]: ::1 (GET) /users/self
2022-08-26 12:21:53 [info]: ::1 (GET) /titles/10fa17ca9157be44959290f3f892aab6
2022-08-26 12:21:53 [info]: ::1 (GET) /images/
2022-08-26 12:21:54 [info]: ::1 (GET) /images/46cbb94d3b08d1a7b33a864b3069dc6d
2022-08-26 12:25:33 [info]: ::1 (PUT) /episodes/e03c8c6505515b3d701fef026d5821c5
2022-08-26 12:25:33 [info]: ::1 (POST) /seasons/b6f011caf4141f05b8e7d29814348732/episodes
2022-08-26 12:25:33 [info]: ::1 (POST) /seasons/b6f011caf4141f05b8e7d29814348732/episodes
2022-08-26 12:25:33 [info]: ::1 (POST) /seasons/b6f011caf4141f05b8e7d29814348732/episodes
2022-08-26 12:25:33 [info]: ::1 (POST) /seasons/b6f011caf4141f05b8e7d29814348732/episodes
2022-08-26 12:25:33 [info]: ::1 (POST) /seasons/b6f011caf4141f05b8e7d29814348732/episodes
2022-08-26 12:25:33 [info]: ::1 (POST) /seasons/b6f011caf4141f05b8e7d29814348732/episodes
2022-08-26 12:25:33 [info]: ::1 (POST) /seasons/b6f011caf4141f05b8e7d29814348732/episodes
2022-08-26 12:25:33 [info]: ::1 (POST) /titles/10fa17ca9157be44959290f3f892aab6/seasons
2022-08-26 12:25:33 [info]: ::1 (PUT) /titles/10fa17ca9157be44959290f3f892aab6
2022-08-26 12:25:33 [info]: ::1 (GET) /titles/10fa17ca9157be44959290f3f892aab6
2022-08-26 12:25:33 [info]: ::1 (GET) /images/
2022-08-26 12:25:33 [info]: ::1 (GET) /images/46cbb94d3b08d1a7b33a864b3069dc6d
2022-08-26 12:25:35 [info]: ::1 (GET) /images/
2022-08-26 12:25:35 [info]: ::1 (GET) /images/
2022-08-26 12:25:35 [info]: ::1 (GET) /titles
2022-08-26 12:25:35 [info]: ::1 (GET) /users/self
2022-08-26 12:25:35 [info]: ::1 (GET) /titles/10fa17ca9157be44959290f3f892aab6
2022-08-26 12:25:35 [info]: ::1 (GET) /images/
2022-08-26 12:25:35 [info]: ::1 (GET) /images/46cbb94d3b08d1a7b33a864b3069dc6d
2022-08-26 12:26:08 [info]: ::1 (POST) /seasons/864b6575289716760a6f745ce5ba6a4e/episodes
2022-08-26 12:26:08 [info]: ::1 (PUT) /titles/10fa17ca9157be44959290f3f892aab6
2022-08-26 12:26:08 [info]: ::1 (GET) /titles/10fa17ca9157be44959290f3f892aab6
2022-08-26 12:26:08 [info]: ::1 (GET) /images/
2022-08-26 12:26:08 [info]: ::1 (GET) /images/46cbb94d3b08d1a7b33a864b3069dc6d
2022-08-26 12:26:09 [info]: ::1 (GET) /images/
2022-08-26 12:26:09 [info]: ::1 (GET) /images/
2022-08-26 12:26:09 [info]: ::1 (GET) /titles
2022-08-26 12:26:09 [info]: ::1 (GET) /users/self
2022-08-26 12:26:10 [info]: ::1 (GET) /titles/10fa17ca9157be44959290f3f892aab6
2022-08-26 12:26:10 [info]: ::1 (GET) /images/
2022-08-26 12:26:10 [info]: ::1 (GET) /images/46cbb94d3b08d1a7b33a864b3069dc6d
2022-08-26 12:26:17 [info]: ::1 (POST) /titles/10fa17ca9157be44959290f3f892aab6/seasons
2022-08-26 12:26:17 [info]: ::1 (PUT) /titles/10fa17ca9157be44959290f3f892aab6
2022-08-26 12:26:17 [info]: ::1 (GET) /titles/10fa17ca9157be44959290f3f892aab6
2022-08-26 12:26:17 [info]: ::1 (GET) /images/
2022-08-26 12:26:17 [info]: ::1 (GET) /images/46cbb94d3b08d1a7b33a864b3069dc6d
2022-08-26 12:26:19 [info]: ::1 (GET) /images/
2022-08-26 12:26:19 [info]: ::1 (GET) /images/
2022-08-26 12:26:19 [info]: ::1 (GET) /titles
2022-08-26 12:26:19 [info]: ::1 (GET) /users/self
2022-08-26 12:26:19 [info]: ::1 (GET) /titles/10fa17ca9157be44959290f3f892aab6
2022-08-26 12:26:19 [info]: ::1 (GET) /images/
2022-08-26 12:26:19 [info]: ::1 (GET) /images/46cbb94d3b08d1a7b33a864b3069dc6d
2022-08-26 12:26:29 [info]: ::1 (DELETE) /seasons/685c85b3d1822e43568a7e366973f65e
2022-08-26 12:26:29 [info]: ::1 (PUT) /titles/10fa17ca9157be44959290f3f892aab6
2022-08-26 12:26:29 [info]: ::1 (GET) /titles/10fa17ca9157be44959290f3f892aab6
2022-08-26 12:26:29 [info]: ::1 (GET) /images/
2022-08-26 12:26:29 [info]: ::1 (GET) /images/46cbb94d3b08d1a7b33a864b3069dc6d
2022-08-26 12:26:31 [info]: ::1 (GET) /images/
2022-08-26 12:26:31 [info]: ::1 (GET) /images/
2022-08-26 12:26:31 [info]: ::1 (GET) /titles
2022-08-26 12:26:31 [info]: ::1 (GET) /users/self
2022-08-26 12:26:31 [info]: ::1 (GET) /titles/10fa17ca9157be44959290f3f892aab6
2022-08-26 12:26:31 [info]: ::1 (GET) /images/
2022-08-26 12:26:31 [info]: ::1 (GET) /images/46cbb94d3b08d1a7b33a864b3069dc6d
2022-08-26 12:28:24 [info]: ::1 (GET) /titles/10fa17ca9157be44959290f3f892aab6
2022-08-26 12:28:25 [info]: ::1 (GET) /images/
2022-08-26 12:28:25 [info]: ::1 (GET) /images/46cbb94d3b08d1a7b33a864b3069dc6d
2022-08-26 12:28:38 [info]: ::1 (GET) /images/
2022-08-26 12:28:38 [info]: ::1 (GET) /images/
2022-08-26 12:28:38 [info]: ::1 (GET) /titles
2022-08-26 12:28:38 [info]: ::1 (GET) /users/self
2022-08-26 12:28:39 [info]: ::1 (GET) /titles/10fa17ca9157be44959290f3f892aab6
2022-08-26 12:28:39 [info]: ::1 (GET) /images/
2022-08-26 12:28:39 [info]: ::1 (GET) /images/46cbb94d3b08d1a7b33a864b3069dc6d
2022-08-26 12:28:46 [info]: ::1 (POST) /titles/10fa17ca9157be44959290f3f892aab6/seasons
2022-08-26 12:28:46 [info]: ::1 (POST) /seasons/677e772c477867bd9e1d18aae06214aa/episodes
2022-08-26 12:28:46 [info]: ::1 (PUT) /titles/10fa17ca9157be44959290f3f892aab6
2022-08-26 12:28:46 [info]: ::1 (GET) /titles/10fa17ca9157be44959290f3f892aab6
2022-08-26 12:28:46 [info]: ::1 (GET) /images/
2022-08-26 12:28:46 [info]: ::1 (GET) /images/46cbb94d3b08d1a7b33a864b3069dc6d
2022-08-26 12:28:47 [info]: ::1 (GET) /images/
2022-08-26 12:28:47 [info]: ::1 (GET) /images/
2022-08-26 12:28:47 [info]: ::1 (GET) /titles
2022-08-26 12:28:47 [info]: ::1 (GET) /users/self
2022-08-26 12:28:47 [info]: ::1 (GET) /titles/10fa17ca9157be44959290f3f892aab6
2022-08-26 12:28:47 [info]: ::1 (GET) /images/
2022-08-26 12:28:47 [info]: ::1 (GET) /images/46cbb94d3b08d1a7b33a864b3069dc6d
2022-08-26 12:29:59 [info]: ::1 (POST) /seasons/864b6575289716760a6f745ce5ba6a4e/episodes
2022-08-26 12:29:59 [info]: ::1 (POST) /seasons/864b6575289716760a6f745ce5ba6a4e/episodes
2022-08-26 12:29:59 [info]: ::1 (POST) /seasons/864b6575289716760a6f745ce5ba6a4e/episodes
2022-08-26 12:29:59 [info]: ::1 (POST) /seasons/864b6575289716760a6f745ce5ba6a4e/episodes
2022-08-26 12:29:59 [info]: ::1 (POST) /seasons/864b6575289716760a6f745ce5ba6a4e/episodes
2022-08-26 12:29:59 [info]: ::1 (POST) /seasons/864b6575289716760a6f745ce5ba6a4e/episodes
2022-08-26 12:29:59 [info]: ::1 (POST) /seasons/864b6575289716760a6f745ce5ba6a4e/episodes
2022-08-26 12:29:59 [info]: ::1 (DELETE) /seasons/677e772c477867bd9e1d18aae06214aa
2022-08-26 12:29:59 [info]: ::1 (PUT) /titles/10fa17ca9157be44959290f3f892aab6
2022-08-26 12:29:59 [info]: ::1 (GET) /titles/10fa17ca9157be44959290f3f892aab6
2022-08-26 12:29:59 [info]: ::1 (GET) /images/
2022-08-26 12:29:59 [info]: ::1 (GET) /images/46cbb94d3b08d1a7b33a864b3069dc6d
2022-08-26 12:30:00 [info]: ::1 (GET) /images/
2022-08-26 12:30:00 [info]: ::1 (GET) /images/
2022-08-26 12:30:00 [info]: ::1 (GET) /titles
2022-08-26 12:30:00 [info]: ::1 (GET) /users/self
2022-08-26 12:30:01 [info]: ::1 (GET) /titles/10fa17ca9157be44959290f3f892aab6
2022-08-26 12:30:01 [info]: ::1 (GET) /images/
2022-08-26 12:30:01 [info]: ::1 (GET) /images/46cbb94d3b08d1a7b33a864b3069dc6d
2022-08-26 12:30:06 [info]: ::1 (DELETE) /seasons/558697824fbd62651aa5481f78dac169
2022-08-26 12:30:06 [info]: ::1 (PUT) /titles/10fa17ca9157be44959290f3f892aab6
2022-08-26 12:30:06 [info]: ::1 (GET) /titles/10fa17ca9157be44959290f3f892aab6
2022-08-26 12:30:06 [info]: ::1 (GET) /images/
2022-08-26 12:30:07 [info]: ::1 (GET) /images/46cbb94d3b08d1a7b33a864b3069dc6d
2022-08-26 12:30:07 [info]: ::1 (GET) /images/
2022-08-26 12:30:07 [info]: ::1 (GET) /titles
2022-08-26 12:30:07 [info]: ::1 (GET) /users/self
2022-08-26 12:30:07 [info]: ::1 (GET) /images/
2022-08-26 12:30:08 [info]: ::1 (GET) /titles/10fa17ca9157be44959290f3f892aab6
2022-08-26 12:30:08 [info]: ::1 (GET) /images/
2022-08-26 12:30:08 [info]: ::1 (GET) /images/46cbb94d3b08d1a7b33a864b3069dc6d
2022-08-26 12:30:12 [info]: ::1 (GET) /titles/10fa17ca9157be44959290f3f892aab6
2022-08-26 12:30:12 [info]: ::1 (GET) /images/46cbb94d3b08d1a7b33a864b3069dc6d
2022-08-26 12:30:29 [info]: ::1 (PUT) /seasons/864b6575289716760a6f745ce5ba6a4e
2022-08-26 12:30:29 [info]: ::1 (PUT) /titles/10fa17ca9157be44959290f3f892aab6
2022-08-26 12:30:30 [info]: ::1 (GET) /titles/10fa17ca9157be44959290f3f892aab6
2022-08-26 12:30:30 [info]: ::1 (GET) /images/
2022-08-26 12:30:30 [info]: ::1 (GET) /images/46cbb94d3b08d1a7b33a864b3069dc6d
2022-08-26 12:30:32 [info]: ::1 (GET) /titles/10fa17ca9157be44959290f3f892aab6
2022-08-26 12:30:32 [info]: ::1 (GET) /images/46cbb94d3b08d1a7b33a864b3069dc6d
2022-08-26 12:31:53 [info]: ::1 (GET) /titles/de724745f88c65fedfc0e01ebba05eab
2022-08-26 12:31:53 [info]: ::1 (GET) /images/
2022-08-26 12:31:53 [info]: ::1 (GET) /images/35f334f9a26e74c2f5edfbd06426a264
2022-08-26 12:32:03 [info]: ::1 (GET) /titles/0bbffa8cca43b958b81fdf60ea2a302c
2022-08-26 12:32:03 [info]: ::1 (GET) /images/
2022-08-26 12:32:03 [info]: ::1 (GET) /images/bd05c437c7220323136e6f6d9c27b3c6
2022-08-26 12:32:51 [info]: ::1 (PUT) /seasons/04fe07030df369040f1f39dd4695f01d
2022-08-26 12:32:51 [info]: ::1 (PUT) /titles/0bbffa8cca43b958b81fdf60ea2a302c
2022-08-26 12:32:51 [info]: ::1 (GET) /titles/0bbffa8cca43b958b81fdf60ea2a302c
2022-08-26 12:32:51 [info]: ::1 (GET) /images/
2022-08-26 12:32:51 [info]: ::1 (GET) /images/bd05c437c7220323136e6f6d9c27b3c6
2022-08-26 12:32:53 [info]: ::1 (GET) /images/
2022-08-26 12:32:53 [info]: ::1 (GET) /images/
2022-08-26 12:32:53 [info]: ::1 (GET) /titles
2022-08-26 12:32:53 [info]: ::1 (GET) /users/self
2022-08-26 12:32:53 [info]: ::1 (GET) /titles/0bbffa8cca43b958b81fdf60ea2a302c
2022-08-26 12:32:54 [info]: ::1 (GET) /images/
2022-08-26 12:32:54 [info]: ::1 (GET) /images/bd05c437c7220323136e6f6d9c27b3c6
2022-08-26 12:34:04 [info]: ::1 (PUT) /seasons/654dbd1b78544d038c533390fa91caca
2022-08-26 12:34:04 [info]: ::1 (PUT) /titles/0bbffa8cca43b958b81fdf60ea2a302c
2022-08-26 12:34:04 [info]: ::1 (GET) /titles/0bbffa8cca43b958b81fdf60ea2a302c
2022-08-26 12:34:04 [info]: ::1 (GET) /images/
2022-08-26 12:34:04 [info]: ::1 (GET) /images/bd05c437c7220323136e6f6d9c27b3c6
2022-08-26 12:34:35 [info]: ::1 (PUT) /seasons/009f95053725376a106448e59d30269c
2022-08-26 12:34:35 [info]: ::1 (PUT) /seasons/f4f85aab91a864f522aeacd325954faa
2022-08-26 12:34:35 [info]: ::1 (PUT) /titles/0bbffa8cca43b958b81fdf60ea2a302c
2022-08-26 12:34:35 [info]: ::1 (GET) /titles/0bbffa8cca43b958b81fdf60ea2a302c
2022-08-26 12:34:35 [info]: ::1 (GET) /images/
2022-08-26 12:34:35 [info]: ::1 (GET) /images/bd05c437c7220323136e6f6d9c27b3c6
2022-08-26 12:34:36 [info]: ::1 (GET) /images/
2022-08-26 12:34:36 [info]: ::1 (GET) /images/
2022-08-26 12:34:36 [info]: ::1 (GET) /titles
2022-08-26 12:34:36 [info]: ::1 (GET) /users/self
2022-08-26 12:34:41 [info]: ::1 (GET) /titles/?q=yellowstone
2022-08-26 12:34:41 [info]: ::1 (GET) /images/bd05c437c7220323136e6f6d9c27b3c6
2022-08-26 12:34:42 [info]: ::1 (GET) /titles/0bbffa8cca43b958b81fdf60ea2a302c
2022-08-26 12:34:43 [info]: ::1 (GET) /images/bd05c437c7220323136e6f6d9c27b3c6
2022-08-26 12:35:50 [info]: ::1 (GET) /titles/0bbffa8cca43b958b81fdf60ea2a302c
2022-08-26 12:35:50 [info]: ::1 (GET) /images/
2022-08-26 12:35:50 [info]: ::1 (GET) /images/bd05c437c7220323136e6f6d9c27b3c6
2022-08-26 12:35:57 [info]: ::1 (POST) /titles/0bbffa8cca43b958b81fdf60ea2a302c/links/peacock
2022-08-26 12:35:58 [info]: ::1 (PUT) /titles/0bbffa8cca43b958b81fdf60ea2a302c
2022-08-26 12:35:58 [info]: ::1 (GET) /titles/0bbffa8cca43b958b81fdf60ea2a302c
2022-08-26 12:35:58 [info]: ::1 (GET) /images/
2022-08-26 12:35:58 [info]: ::1 (GET) /images/bd05c437c7220323136e6f6d9c27b3c6
2022-08-26 12:36:01 [info]: ::1 (GET) /titles/0bbffa8cca43b958b81fdf60ea2a302c
2022-08-26 12:36:01 [info]: ::1 (GET) /images/bd05c437c7220323136e6f6d9c27b3c6
2022-08-26 12:36:43 [info]: ::1 (POST) /seasons/04fe07030df369040f1f39dd4695f01d/availability/peacock
2022-08-26 12:36:43 [info]: ::1 (POST) /seasons/654dbd1b78544d038c533390fa91caca/availability/peacock
2022-08-26 12:36:43 [info]: ::1 (POST) /seasons/009f95053725376a106448e59d30269c/availability/peacock
2022-08-26 12:36:43 [info]: ::1 (POST) /seasons/f4f85aab91a864f522aeacd325954faa/availability/peacock
2022-08-26 12:36:43 [info]: ::1 (PUT) /titles/0bbffa8cca43b958b81fdf60ea2a302c
2022-08-26 12:36:43 [info]: ::1 (GET) /titles/0bbffa8cca43b958b81fdf60ea2a302c
2022-08-26 12:36:44 [info]: ::1 (GET) /images/
2022-08-26 12:36:44 [info]: ::1 (GET) /images/bd05c437c7220323136e6f6d9c27b3c6
2022-08-26 12:36:46 [info]: ::1 (GET) /titles/0bbffa8cca43b958b81fdf60ea2a302c
2022-08-26 12:36:46 [info]: ::1 (GET) /images/bd05c437c7220323136e6f6d9c27b3c6
2022-08-26 12:37:33 [info]: ::1 (GET) /titles/10fa17ca9157be44959290f3f892aab6
2022-08-26 12:37:33 [info]: ::1 (GET) /images/
2022-08-26 12:37:33 [info]: ::1 (GET) /images/46cbb94d3b08d1a7b33a864b3069dc6d
2022-08-26 12:37:58 [info]: ::1 (POST) /titles/10fa17ca9157be44959290f3f892aab6/links/netflix
2022-08-26 12:37:58 [info]: ::1 (POST) /seasons/b6f011caf4141f05b8e7d29814348732/availability/netflix
2022-08-26 12:37:58 [info]: ::1 (POST) /seasons/864b6575289716760a6f745ce5ba6a4e/availability/netflix
2022-08-26 12:37:58 [info]: ::1 (PUT) /titles/10fa17ca9157be44959290f3f892aab6
2022-08-26 12:37:58 [info]: ::1 (GET) /titles/10fa17ca9157be44959290f3f892aab6
2022-08-26 12:37:58 [info]: ::1 (GET) /images/
2022-08-26 12:37:58 [info]: ::1 (GET) /images/46cbb94d3b08d1a7b33a864b3069dc6d
2022-08-26 12:38:05 [info]: ::1 (GET) /titles/?q=witcher
2022-08-26 12:38:05 [info]: ::1 (GET) /images/46cbb94d3b08d1a7b33a864b3069dc6d
2022-08-26 12:38:06 [info]: ::1 (GET) /titles/10fa17ca9157be44959290f3f892aab6
2022-08-26 12:38:06 [info]: ::1 (GET) /images/46cbb94d3b08d1a7b33a864b3069dc6d
2022-08-26 12:38:42 [info]: ::1 (GET) /titles/1a93573058112f572f2eedf660ae3caa
2022-08-26 12:38:42 [info]: ::1 (GET) /images/
2022-08-26 12:38:42 [info]: ::1 (GET) /images/08479238349c0ad801415616c0c2ad97
2022-08-26 12:41:56 [info]: ::1 (POST) /titles/1a93573058112f572f2eedf660ae3caa/links/hbo_max
2022-08-26 12:41:56 [info]: ::1 (POST) /seasons/1adcca458d51bd79636afa8631eaac1a/availability/hbo_max
2022-08-26 12:41:56 [info]: ::1 (PUT) /seasons/1adcca458d51bd79636afa8631eaac1a
2022-08-26 12:41:56 [info]: ::1 (PUT) /titles/1a93573058112f572f2eedf660ae3caa
2022-08-26 12:41:56 [info]: ::1 (GET) /titles/1a93573058112f572f2eedf660ae3caa
2022-08-26 12:41:56 [info]: ::1 (GET) /images/
2022-08-26 12:41:56 [info]: ::1 (GET) /images/08479238349c0ad801415616c0c2ad97
2022-08-26 12:42:12 [info]: ::1 (GET) /titles/1b1416d0e88fd7094199f31b1ab572f9
2022-08-26 12:42:12 [info]: ::1 (GET) /images/
2022-08-26 12:42:12 [info]: ::1 (GET) /images/9235ed8fd378deb1157ea5b1f8ac0263
2022-08-26 12:44:41 [info]: ::1 (POST) /titles/1b1416d0e88fd7094199f31b1ab572f9/links/netflix
2022-08-26 12:44:41 [error]: Error: ER_DUP_ENTRY: Duplicate entry 'netflix' for key 'links.platform_UNIQUE'
    at Query.Sequence._packetToError (C:\Users\larth\Coding\streamfinder\api\node_modules\mysql\lib\protocol\sequences\Sequence.js:47:14)
    at Query.ErrorPacket (C:\Users\larth\Coding\streamfinder\api\node_modules\mysql\lib\protocol\sequences\Query.js:79:18)
    at Protocol._parsePacket (C:\Users\larth\Coding\streamfinder\api\node_modules\mysql\lib\protocol\Protocol.js:291:23)
    at Parser._parsePacket (C:\Users\larth\Coding\streamfinder\api\node_modules\mysql\lib\protocol\Parser.js:433:10)
    at Parser.write (C:\Users\larth\Coding\streamfinder\api\node_modules\mysql\lib\protocol\Parser.js:43:10)
    at Protocol.write (C:\Users\larth\Coding\streamfinder\api\node_modules\mysql\lib\protocol\Protocol.js:38:16)
    at Socket.<anonymous> (C:\Users\larth\Coding\streamfinder\api\node_modules\mysql\lib\Connection.js:88:28)
    at Socket.<anonymous> (C:\Users\larth\Coding\streamfinder\api\node_modules\mysql\lib\Connection.js:526:10)
    at Socket.emit (events.js:400:28)
    at addChunk (internal/streams/readable.js:290:12)
    --------------------
    at Pool.query (C:\Users\larth\Coding\streamfinder\api\node_modules\mysql\lib\Pool.js:199:23)
    at C:\Users\larth\Coding\streamfinder\api\util.js:41:18
    at new Promise (<anonymous>)
    at Object.dbPromise (C:\Users\larth\Coding\streamfinder\api\util.js:40:16)
    at Object.insertLink (C:\Users\larth\Coding\streamfinder\api\controllers\links.js:14:21)
    at Link.insert (C:\Users\larth\Coding\streamfinder\api\models\links.js:238:31)
    at C:\Users\larth\Coding\streamfinder\api\model_functions\title.js:208:25
    at processTicksAndRejections (internal/process/task_queues.js:95:5)
2022-08-26 12:45:34 [info]: ::1 (GET) /images/
2022-08-26 12:45:34 [info]: ::1 (GET) /images/
2022-08-26 12:45:34 [info]: ::1 (GET) /titles
2022-08-26 12:45:34 [info]: ::1 (GET) /users/self
2022-08-26 12:45:35 [info]: ::1 (GET) /titles/1b1416d0e88fd7094199f31b1ab572f9
2022-08-26 12:45:35 [info]: ::1 (GET) /images/
2022-08-26 12:45:35 [info]: ::1 (GET) /images/9235ed8fd378deb1157ea5b1f8ac0263
2022-08-26 12:45:54 [info]: ::1 (POST) /titles/1b1416d0e88fd7094199f31b1ab572f9/links/netflix
2022-08-26 12:45:54 [info]: ::1 (PUT) /titles/1b1416d0e88fd7094199f31b1ab572f9
2022-08-26 12:45:54 [info]: ::1 (GET) /titles/1b1416d0e88fd7094199f31b1ab572f9
2022-08-26 12:45:54 [info]: ::1 (GET) /images/
2022-08-26 12:45:54 [info]: ::1 (GET) /images/9235ed8fd378deb1157ea5b1f8ac0263
2022-08-26 12:45:56 [info]: ::1 (GET) /images/
2022-08-26 12:45:56 [info]: ::1 (GET) /images/
2022-08-26 12:45:56 [info]: ::1 (GET) /titles
2022-08-26 12:45:56 [info]: ::1 (GET) /users/self
2022-08-26 12:45:56 [info]: ::1 (GET) /titles/1b1416d0e88fd7094199f31b1ab572f9
2022-08-26 12:45:57 [info]: ::1 (GET) /images/
2022-08-26 12:45:57 [info]: ::1 (GET) /images/9235ed8fd378deb1157ea5b1f8ac0263
2022-08-26 12:46:20 [info]: ::1 (POST) /seasons/83260b357055283208bf5978182c2400/availability/netflix
2022-08-26 12:46:20 [info]: ::1 (POST) /seasons/487b0f546e89568b8868b9392b12c8fa/availability/netflix
2022-08-26 12:46:20 [info]: ::1 (POST) /seasons/a5de20457d8264ee24cafeb01f951b71/availability/netflix
2022-08-26 12:46:20 [info]: ::1 (POST) /seasons/39f97d525dd13b2711a1bbabbb2c42d8/availability/netflix
2022-08-26 12:46:20 [info]: ::1 (PUT) /titles/1b1416d0e88fd7094199f31b1ab572f9
2022-08-26 12:46:20 [info]: ::1 (GET) /titles/1b1416d0e88fd7094199f31b1ab572f9
2022-08-26 12:46:21 [info]: ::1 (GET) /images/
2022-08-26 12:46:21 [info]: ::1 (GET) /images/9235ed8fd378deb1157ea5b1f8ac0263
2022-08-26 12:47:04 [info]: ::1 (PUT) /seasons/83260b357055283208bf5978182c2400
2022-08-26 12:47:04 [info]: ::1 (PUT) /seasons/487b0f546e89568b8868b9392b12c8fa
2022-08-26 12:47:04 [info]: ::1 (PUT) /seasons/a5de20457d8264ee24cafeb01f951b71
2022-08-26 12:47:04 [info]: ::1 (PUT) /seasons/39f97d525dd13b2711a1bbabbb2c42d8
2022-08-26 12:47:04 [info]: ::1 (PUT) /titles/1b1416d0e88fd7094199f31b1ab572f9
2022-08-26 12:47:04 [info]: ::1 (GET) /titles/1b1416d0e88fd7094199f31b1ab572f9
2022-08-26 12:47:04 [info]: ::1 (GET) /images/
2022-08-26 12:47:04 [info]: ::1 (GET) /images/9235ed8fd378deb1157ea5b1f8ac0263
2022-08-26 12:47:05 [info]: ::1 (GET) /images/
2022-08-26 12:47:05 [info]: ::1 (GET) /images/
2022-08-26 12:47:05 [info]: ::1 (GET) /titles
2022-08-26 12:47:05 [info]: ::1 (GET) /users/self
2022-08-26 12:47:08 [info]: ::1 (GET) /titles/?q=ozark
2022-08-26 12:47:08 [info]: ::1 (GET) /images/9235ed8fd378deb1157ea5b1f8ac0263
2022-08-26 12:47:09 [info]: ::1 (GET) /titles/1b1416d0e88fd7094199f31b1ab572f9
2022-08-26 12:47:10 [info]: ::1 (GET) /images/9235ed8fd378deb1157ea5b1f8ac0263
2022-08-26 12:47:38 [info]: ::1 (GET) /pages/new
2022-08-26 12:47:38 [info]: ::1 (GET) /images/9235ed8fd378deb1157ea5b1f8ac0263
2022-08-26 12:47:38 [info]: ::1 (GET) /images/bd05c437c7220323136e6f6d9c27b3c6
2022-08-26 12:47:38 [info]: ::1 (GET) /images/46cbb94d3b08d1a7b33a864b3069dc6d
2022-08-26 12:47:38 [info]: ::1 (GET) /images/08479238349c0ad801415616c0c2ad97
2022-08-26 12:47:38 [info]: ::1 (GET) /images/40ee03823bc8c3dab09b38cc91b6e84c
2022-08-26 12:47:38 [info]: ::1 (GET) /images/ed62bf962cc57d836915bb1b1282a64c
2022-08-26 12:47:38 [info]: ::1 (GET) /images/846626b96e29fa7c099ed04435f028e6
2022-08-26 12:47:38 [info]: ::1 (GET) /images/e4c476fe40a6121d62ea299433305990
2022-08-26 12:47:38 [info]: ::1 (GET) /images/ccb25265e42a4da0a78dcbe32e694672
2022-08-26 12:47:38 [info]: ::1 (GET) /images/68316122f5484591f68de6c98ea99b40
2022-08-26 12:47:42 [info]: ::1 (GET) /titles/1a93573058112f572f2eedf660ae3caa
2022-08-26 12:47:42 [info]: ::1 (GET) /images/08479238349c0ad801415616c0c2ad97
2022-08-26 12:47:47 [info]: ::1 (GET) /titles/1a93573058112f572f2eedf660ae3caa
2022-08-26 12:47:47 [info]: ::1 (GET) /images/
2022-08-26 12:47:47 [info]: ::1 (GET) /images/08479238349c0ad801415616c0c2ad97
2022-08-26 12:48:10 [info]: ::1 (PUT) /seasons/1adcca458d51bd79636afa8631eaac1a
2022-08-26 12:48:10 [info]: ::1 (PUT) /titles/1a93573058112f572f2eedf660ae3caa
2022-08-26 12:48:10 [info]: ::1 (GET) /titles/1a93573058112f572f2eedf660ae3caa
2022-08-26 12:48:10 [info]: ::1 (GET) /images/
2022-08-26 12:48:10 [info]: ::1 (GET) /images/08479238349c0ad801415616c0c2ad97
2022-08-26 12:48:14 [info]: ::1 (GET) /titles/1a93573058112f572f2eedf660ae3caa
2022-08-26 12:48:14 [info]: ::1 (GET) /images/08479238349c0ad801415616c0c2ad97
2022-08-26 12:48:40 [info]: ::1 (GET) /pages/new
2022-08-26 12:48:40 [info]: ::1 (GET) /images/08479238349c0ad801415616c0c2ad97
2022-08-26 12:48:40 [info]: ::1 (GET) /images/bd05c437c7220323136e6f6d9c27b3c6
2022-08-26 12:48:40 [info]: ::1 (GET) /images/46cbb94d3b08d1a7b33a864b3069dc6d
2022-08-26 12:48:40 [info]: ::1 (GET) /images/9235ed8fd378deb1157ea5b1f8ac0263
2022-08-26 12:48:40 [info]: ::1 (GET) /images/40ee03823bc8c3dab09b38cc91b6e84c
2022-08-26 12:48:40 [info]: ::1 (GET) /images/ed62bf962cc57d836915bb1b1282a64c
2022-08-26 12:48:40 [info]: ::1 (GET) /images/846626b96e29fa7c099ed04435f028e6
2022-08-26 12:48:40 [info]: ::1 (GET) /images/ccb25265e42a4da0a78dcbe32e694672
2022-08-26 12:48:40 [info]: ::1 (GET) /images/68316122f5484591f68de6c98ea99b40
2022-08-26 12:48:40 [info]: ::1 (GET) /images/e4c476fe40a6121d62ea299433305990
2022-08-26 12:50:14 [info]: ::1 (GET) /titles/28b43e54887abbe25867a143ffce26e0
2022-08-26 12:50:14 [info]: ::1 (GET) /images/
2022-08-26 12:50:14 [info]: ::1 (GET) /images/40ee03823bc8c3dab09b38cc91b6e84c
2022-08-26 12:50:56 [info]: ::1 (POST) /titles/28b43e54887abbe25867a143ffce26e0/links/netflix
2022-08-26 12:50:56 [info]: ::1 (POST) /seasons/b5cf5d04f5a38f353be00abe9a206d94/availability/netflix
2022-08-26 12:50:56 [info]: ::1 (POST) /seasons/1fb0aac48948321f45cb5eaf2396c34c/availability/netflix
2022-08-26 12:50:56 [info]: ::1 (POST) /seasons/c91cf3f2f7d00f77450b4dd2b5fb3c6b/availability/netflix
2022-08-26 12:50:56 [info]: ::1 (POST) /seasons/7c707671b4d78ee52845e4f99ed2451d/availability/netflix
2022-08-26 12:50:56 [info]: ::1 (POST) /seasons/f1646747551e0f7d91a641448aefd117/availability/netflix
2022-08-26 12:50:56 [info]: ::1 (PUT) /titles/28b43e54887abbe25867a143ffce26e0
2022-08-26 12:50:56 [info]: ::1 (GET) /titles/28b43e54887abbe25867a143ffce26e0
2022-08-26 12:50:56 [info]: ::1 (GET) /images/
2022-08-26 12:50:56 [info]: ::1 (GET) /images/40ee03823bc8c3dab09b38cc91b6e84c
2022-08-26 12:51:00 [info]: ::1 (GET) /titles/28b43e54887abbe25867a143ffce26e0
2022-08-26 12:51:01 [info]: ::1 (GET) /images/40ee03823bc8c3dab09b38cc91b6e84c
2022-08-26 12:53:39 [info]: ::1 (GET) /titles/28b43e54887abbe25867a143ffce26e0
2022-08-26 12:53:39 [info]: ::1 (GET) /images/40ee03823bc8c3dab09b38cc91b6e84c
2022-08-26 12:54:10 [info]: ::1 (GET) /titles/28b43e54887abbe25867a143ffce26e0
2022-08-26 12:54:20 [info]: ::1 (GET) /titles/28b43e54887abbe25867a143ffce26e0
2022-08-26 12:54:20 [info]: ::1 (GET) /images/40ee03823bc8c3dab09b38cc91b6e84c
