2022-06-13 21:07:19 [info]: API listening at http://localhost:9000
2022-06-13 21:08:07 [info]: ::1 (GET) /auth
2022-06-13 21:08:09 [error]: Error: Email/Username or password incorrect.
    at C:\Users\larth\Coding\streamfinder\api\models\token.js:43:27
    at processTicksAndRejections (internal/process/task_queues.js:95:5)
2022-06-13 21:08:55 [info]: ::1 (GET) /auth
2022-06-13 21:08:55 [info]: ::1 (GET) /users/self
2022-06-13 21:08:59 [info]: ::1 (GET) /users
2022-06-13 21:08:59 [info]: ::1 (GET) /users/self
2022-06-13 21:09:00 [info]: ::1 (GET) /users/28eb5ad4bdc905f3
2022-06-13 21:09:03 [info]: ::1 (GET) /titles
2022-06-13 21:09:03 [info]: ::1 (GET) /users/self
2022-06-13 21:09:03 [info]: ::1 (GET) /images/
2022-06-13 21:09:03 [info]: ::1 (GET) /images/
2022-06-13 21:09:04 [info]: ::1 (GET) /titles/6e2549079cfe83ddd0f882486230dd5f
2022-06-13 21:09:04 [info]: ::1 (GET) /images/
2022-06-13 21:09:04 [info]: ::1 (GET) /images/9c150de3298955c528a28aaf24da3dd8
2022-06-13 21:09:07 [info]: ::1 (GET) /pages/new
2022-06-13 21:09:09 [info]: ::1 (GET) /titles/?q=test
2022-06-13 21:09:09 [info]: ::1 (GET) /images/9c150de3298955c528a28aaf24da3dd8
2022-06-13 21:09:10 [info]: ::1 (GET) /titles/6e2549079cfe83ddd0f882486230dd5f
2022-06-13 21:09:10 [info]: ::1 (GET) /images/9c150de3298955c528a28aaf24da3dd8
2022-06-13 21:09:26 [info]: ::1 (GET) /images
2022-06-13 21:09:26 [info]: ::1 (GET) /users/self
2022-06-13 21:09:26 [info]: ::1 (GET) /images/9c150de3298955c528a28aaf24da3dd8
2022-06-13 21:10:54 [info]: ::1 (GET) /images/9c150de3298955c528a28aaf24da3dd8/info
2022-06-13 21:10:54 [info]: ::1 (GET) /images/9c150de3298955c528a28aaf24da3dd8
