2022-01-27 16:17:59 [info]: API listening at http://localhost:9000
2022-01-27 16:18:08 [info]: ::1 (GET) /auth
2022-01-27 16:18:09 [info]: ::1 (GET) /users/self
2022-01-27 16:18:17 [info]: ::1 (GET) /users
2022-01-27 16:18:17 [info]: ::1 (GET) /users/self
2022-01-27 16:18:19 [info]: ::1 (GET) /users/28eb5ad4bdc905f3
2022-01-27 16:18:22 [info]: ::1 (GET) /images/
2022-01-27 16:18:22 [info]: ::1 (GET) /users/self
2022-01-27 16:18:22 [info]: ::1 (GET) /titles
2022-01-27 16:18:22 [info]: ::1 (GET) /images/
2022-01-27 16:18:23 [info]: ::1 (GET) /titles/6e2549079cfe83ddd0f882486230dd5f
2022-01-27 16:18:23 [info]: ::1 (GET) /images/
2022-01-27 16:18:23 [info]: ::1 (GET) /images/9c150de3298955c528a28aaf24da3dd8
2022-01-27 16:18:36 [info]: ::1 (GET) /images
2022-01-27 16:18:36 [info]: ::1 (GET) /users/self
2022-01-27 16:18:36 [info]: ::1 (GET) /images/9c150de3298955c528a28aaf24da3dd8
2022-01-27 16:18:37 [info]: ::1 (GET) /images/9c150de3298955c528a28aaf24da3dd8/info
2022-01-27 16:18:37 [info]: ::1 (GET) /images/9c150de3298955c528a28aaf24da3dd8
2022-01-27 16:18:46 [info]: ::1 (GET) /users/self
2022-01-27 16:19:20 [info]: ::1 (GET) /pages/new
2022-01-27 16:19:24 [info]: ::1 (GET) /titles/?q=test
2022-01-27 16:19:24 [info]: ::1 (GET) /images/9c150de3298955c528a28aaf24da3dd8
2022-01-27 16:19:25 [info]: ::1 (GET) /titles/6e2549079cfe83ddd0f882486230dd5f
2022-01-27 16:19:25 [info]: ::1 (GET) /images/9c150de3298955c528a28aaf24da3dd8
2022-01-27 16:30:37 [info]: ::1 (GET) /users
2022-01-27 16:30:37 [info]: ::1 (GET) /users/self
2022-01-27 16:30:37 [info]: ::1 (GET) /users/28eb5ad4bdc905f3
2022-01-27 16:30:46 [info]: ::1 (PUT) /users/28eb5ad4bdc905f3
2022-01-27 16:30:46 [info]: ::1 (GET) /users/28eb5ad4bdc905f3
2022-01-27 16:30:46 [info]: ::1 (GET) /users
2022-01-27 16:30:52 [info]: ::1 (GET) /images/
2022-01-27 16:30:52 [info]: ::1 (GET) /images/
2022-01-27 16:30:52 [info]: ::1 (GET) /titles
2022-01-27 16:30:52 [info]: ::1 (GET) /users/self
2022-01-27 16:30:53 [info]: ::1 (GET) /titles/6e2549079cfe83ddd0f882486230dd5f
2022-01-27 16:30:53 [info]: ::1 (GET) /images/
2022-01-27 16:30:53 [info]: ::1 (GET) /images/9c150de3298955c528a28aaf24da3dd8
2022-01-27 16:31:02 [info]: ::1 (PUT) /titles/6e2549079cfe83ddd0f882486230dd5f
2022-01-27 16:31:02 [info]: ::1 (GET) /titles/6e2549079cfe83ddd0f882486230dd5f
2022-01-27 16:31:02 [info]: ::1 (GET) /images/
2022-01-27 16:31:02 [info]: ::1 (GET) /images/9c150de3298955c528a28aaf24da3dd8
2022-01-27 16:31:15 [info]: ::1 (GET) /auth
2022-01-27 16:31:15 [info]: ::1 (GET) /users/self
2022-01-27 16:31:32 [info]: ::1 (GET) /users
2022-01-27 16:31:32 [info]: ::1 (GET) /users/self
2022-01-27 16:31:32 [info]: ::1 (GET) /users/28eb5ad4bdc905f3
2022-01-27 16:31:37 [info]: ::1 (PUT) /users/28eb5ad4bdc905f3
2022-01-27 16:31:37 [error]: Error: ER_DUP_ENTRY: Duplicate entry '28eb5ad4bdc905f3' for key 'userstreams.user_id_UNIQUE'
    at Query.Sequence._packetToError (C:\Users\larth\Coding\streamfinder\api\node_modules\mysql\lib\protocol\sequences\Sequence.js:47:14)
    at Query.ErrorPacket (C:\Users\larth\Coding\streamfinder\api\node_modules\mysql\lib\protocol\sequences\Query.js:79:18)
    at Protocol._parsePacket (C:\Users\larth\Coding\streamfinder\api\node_modules\mysql\lib\protocol\Protocol.js:291:23)
    at Parser._parsePacket (C:\Users\larth\Coding\streamfinder\api\node_modules\mysql\lib\protocol\Parser.js:433:10)
    at Parser.write (C:\Users\larth\Coding\streamfinder\api\node_modules\mysql\lib\protocol\Parser.js:43:10)
    at Protocol.write (C:\Users\larth\Coding\streamfinder\api\node_modules\mysql\lib\protocol\Protocol.js:38:16)
    at Socket.<anonymous> (C:\Users\larth\Coding\streamfinder\api\node_modules\mysql\lib\Connection.js:88:28)
    at Socket.<anonymous> (C:\Users\larth\Coding\streamfinder\api\node_modules\mysql\lib\Connection.js:526:10)
    at Socket.emit (events.js:400:28)
    at addChunk (internal/streams/readable.js:290:12)
    --------------------
    at Pool.query (C:\Users\larth\Coding\streamfinder\api\node_modules\mysql\lib\Pool.js:199:23)
    at C:\Users\larth\Coding\streamfinder\api\util.js:41:18
    at new Promise (<anonymous>)
    at Object.dbPromise (C:\Users\larth\Coding\streamfinder\api\util.js:40:16)
    at Object.insertUserStream (C:\Users\larth\Coding\streamfinder\api\controllers\user.streams.js:14:21)
    at User.save (C:\Users\larth\Coding\streamfinder\api\models\user.js:127:49)
    at processTicksAndRejections (internal/process/task_queues.js:95:5)
    at async Object.editUser (C:\Users\larth\Coding\streamfinder\api\model_functions\user.js:141:5)
2022-01-27 16:31:44 [info]: ::1 (GET) /users
2022-01-27 16:31:44 [info]: ::1 (GET) /users/self
2022-01-27 16:31:45 [info]: ::1 (GET) /users/28eb5ad4bdc905f3
2022-01-27 16:31:50 [info]: ::1 (PUT) /users/28eb5ad4bdc905f3
2022-01-27 16:31:50 [error]: Error: ER_DUP_ENTRY: Duplicate entry '28eb5ad4bdc905f3' for key 'userstreams.user_id_UNIQUE'
    at Query.Sequence._packetToError (C:\Users\larth\Coding\streamfinder\api\node_modules\mysql\lib\protocol\sequences\Sequence.js:47:14)
    at Query.ErrorPacket (C:\Users\larth\Coding\streamfinder\api\node_modules\mysql\lib\protocol\sequences\Query.js:79:18)
    at Protocol._parsePacket (C:\Users\larth\Coding\streamfinder\api\node_modules\mysql\lib\protocol\Protocol.js:291:23)
    at Parser._parsePacket (C:\Users\larth\Coding\streamfinder\api\node_modules\mysql\lib\protocol\Parser.js:433:10)
    at Parser.write (C:\Users\larth\Coding\streamfinder\api\node_modules\mysql\lib\protocol\Parser.js:43:10)
    at Protocol.write (C:\Users\larth\Coding\streamfinder\api\node_modules\mysql\lib\protocol\Protocol.js:38:16)
    at Socket.<anonymous> (C:\Users\larth\Coding\streamfinder\api\node_modules\mysql\lib\Connection.js:88:28)
    at Socket.<anonymous> (C:\Users\larth\Coding\streamfinder\api\node_modules\mysql\lib\Connection.js:526:10)
    at Socket.emit (events.js:400:28)
    at addChunk (internal/streams/readable.js:290:12)
    --------------------
    at Pool.query (C:\Users\larth\Coding\streamfinder\api\node_modules\mysql\lib\Pool.js:199:23)
    at C:\Users\larth\Coding\streamfinder\api\util.js:41:18
    at new Promise (<anonymous>)
    at Object.dbPromise (C:\Users\larth\Coding\streamfinder\api\util.js:40:16)
    at Object.insertUserStream (C:\Users\larth\Coding\streamfinder\api\controllers\user.streams.js:14:21)
    at User.save (C:\Users\larth\Coding\streamfinder\api\models\user.js:127:49)
    at processTicksAndRejections (internal/process/task_queues.js:95:5)
    at async Object.editUser (C:\Users\larth\Coding\streamfinder\api\model_functions\user.js:141:5)
2022-01-27 16:32:15 [info]: ::1 (PUT) /users/28eb5ad4bdc905f3
2022-01-27 16:32:16 [info]: ::1 (GET) /users/28eb5ad4bdc905f3
2022-01-27 16:32:16 [info]: ::1 (GET) /users
2022-01-27 16:32:24 [info]: ::1 (PUT) /users/28eb5ad4bdc905f3
2022-01-27 16:32:24 [error]: Error: ER_DUP_ENTRY: Duplicate entry '28eb5ad4bdc905f3' for key 'userstreams.user_id_UNIQUE'
    at Query.Sequence._packetToError (C:\Users\larth\Coding\streamfinder\api\node_modules\mysql\lib\protocol\sequences\Sequence.js:47:14)
    at Query.ErrorPacket (C:\Users\larth\Coding\streamfinder\api\node_modules\mysql\lib\protocol\sequences\Query.js:79:18)
    at Protocol._parsePacket (C:\Users\larth\Coding\streamfinder\api\node_modules\mysql\lib\protocol\Protocol.js:291:23)
    at Parser._parsePacket (C:\Users\larth\Coding\streamfinder\api\node_modules\mysql\lib\protocol\Parser.js:433:10)
    at Parser.write (C:\Users\larth\Coding\streamfinder\api\node_modules\mysql\lib\protocol\Parser.js:43:10)
    at Protocol.write (C:\Users\larth\Coding\streamfinder\api\node_modules\mysql\lib\protocol\Protocol.js:38:16)
    at Socket.<anonymous> (C:\Users\larth\Coding\streamfinder\api\node_modules\mysql\lib\Connection.js:88:28)
    at Socket.<anonymous> (C:\Users\larth\Coding\streamfinder\api\node_modules\mysql\lib\Connection.js:526:10)
    at Socket.emit (events.js:400:28)
    at addChunk (internal/streams/readable.js:290:12)
    --------------------
    at Pool.query (C:\Users\larth\Coding\streamfinder\api\node_modules\mysql\lib\Pool.js:199:23)
    at C:\Users\larth\Coding\streamfinder\api\util.js:41:18
    at new Promise (<anonymous>)
    at Object.dbPromise (C:\Users\larth\Coding\streamfinder\api\util.js:40:16)
    at Object.insertUserStream (C:\Users\larth\Coding\streamfinder\api\controllers\user.streams.js:14:21)
    at User.save (C:\Users\larth\Coding\streamfinder\api\models\user.js:127:49)
    at processTicksAndRejections (internal/process/task_queues.js:95:5)
    at async Object.editUser (C:\Users\larth\Coding\streamfinder\api\model_functions\user.js:141:5)
2022-01-27 16:33:37 [info]: ::1 (PUT) /users/28eb5ad4bdc905f3
2022-01-27 16:33:37 [info]: ::1 (GET) /users/28eb5ad4bdc905f3
2022-01-27 16:33:37 [info]: ::1 (GET) /users
2022-01-27 16:33:40 [info]: ::1 (GET) /users/self
2022-01-27 16:34:56 [info]: ::1 (GET) /images/
2022-01-27 16:34:56 [info]: ::1 (GET) /images/
2022-01-27 16:34:56 [info]: ::1 (GET) /titles
2022-01-27 16:34:56 [info]: ::1 (GET) /users/self
2022-01-27 16:34:57 [info]: ::1 (GET) /titles/6e2549079cfe83ddd0f882486230dd5f
2022-01-27 16:34:57 [info]: ::1 (GET) /images/
2022-01-27 16:34:57 [info]: ::1 (GET) /images/9c150de3298955c528a28aaf24da3dd8
