2022-05-05 00:46:21 [info]: API listening at http://localhost:9000
2022-05-05 00:47:04 [info]: ::1 (GET) /auth
2022-05-05 00:47:04 [error]: Error: Email/Username or password incorrect.
    at C:\Users\larth\Coding\streamfinder\api\models\token.js:43:27
    at processTicksAndRejections (internal/process/task_queues.js:95:5)
2022-05-05 00:47:07 [info]: ::1 (GET) /auth
2022-05-05 00:47:07 [error]: Error: Email/Username or password incorrect.
    at C:\Users\larth\Coding\streamfinder\api\models\token.js:43:27
    at processTicksAndRejections (internal/process/task_queues.js:95:5)
2022-05-05 00:47:09 [info]: ::1 (GET) /auth
2022-05-05 00:47:09 [info]: ::1 (GET) /users/self
2022-05-05 00:47:26 [info]: ::1 (GET) /pages/new
2022-05-05 00:47:26 [info]: ::1 (GET) /users/self
2022-05-05 00:47:27 [info]: ::1 (GET) /users/self
2022-05-05 00:48:09 [info]: ::1 (GET) /auth
2022-05-05 00:48:09 [info]: ::1 (GET) /users/self
2022-05-05 00:48:18 [info]: ::1 (GET) /users
2022-05-05 00:48:18 [info]: ::1 (GET) /users/self
2022-05-05 00:48:20 [info]: ::1 (GET) /images/
2022-05-05 00:48:20 [info]: ::1 (GET) /users/self
2022-05-05 00:48:20 [info]: ::1 (GET) /titles
2022-05-05 00:48:20 [info]: ::1 (GET) /images/
2022-05-05 00:48:21 [info]: ::1 (GET) /titles/6e2549079cfe83ddd0f882486230dd5f
2022-05-05 00:48:21 [info]: ::1 (GET) /images/
2022-05-05 00:48:21 [info]: ::1 (GET) /images/9c150de3298955c528a28aaf24da3dd8
2022-05-05 00:48:28 [info]: ::1 (GET) /titles/?q=test
2022-05-05 00:48:28 [info]: ::1 (GET) /images/9c150de3298955c528a28aaf24da3dd8
2022-05-05 00:48:30 [info]: ::1 (GET) /titles/6e2549079cfe83ddd0f882486230dd5f
2022-05-05 00:48:30 [info]: ::1 (GET) /users/self
2022-05-05 00:48:30 [info]: ::1 (GET) /images/9c150de3298955c528a28aaf24da3dd8
2022-05-05 00:48:31 [info]: ::1 (GET) /users/28eb5ad4bdc905f3/ratings/6e2549079cfe83ddd0f882486230dd5f
2022-05-05 00:48:50 [info]: ::1 (GET) /titles/6e2549079cfe83ddd0f882486230dd5f
2022-05-05 00:48:50 [info]: ::1 (GET) /users/self
2022-05-05 00:48:50 [info]: ::1 (GET) /images/9c150de3298955c528a28aaf24da3dd8
2022-05-05 00:48:50 [info]: ::1 (GET) /users/28eb5ad4bdc905f3/ratings/6e2549079cfe83ddd0f882486230dd5f
2022-05-05 00:49:42 [info]: ::1 (GET) /titles/?q=test
2022-05-05 00:49:42 [info]: ::1 (GET) /images/9c150de3298955c528a28aaf24da3dd8
2022-05-05 00:49:44 [info]: ::1 (GET) /titles/6e2549079cfe83ddd0f882486230dd5f
2022-05-05 00:49:44 [info]: ::1 (GET) /images/9c150de3298955c528a28aaf24da3dd8
2022-05-05 00:50:12 [info]: ::1 (GET) /images
2022-05-05 00:50:12 [info]: ::1 (GET) /users/self
2022-05-05 00:50:12 [info]: ::1 (GET) /images/9c150de3298955c528a28aaf24da3dd8
2022-05-05 00:50:13 [info]: ::1 (GET) /images/9c150de3298955c528a28aaf24da3dd8/info
2022-05-05 00:50:13 [info]: ::1 (GET) /images/9c150de3298955c528a28aaf24da3dd8
2022-05-05 00:50:17 [info]: ::1 (GET) /users/self
2022-05-05 00:50:17 [info]: ::1 (GET) /users
2022-05-05 00:50:18 [info]: ::1 (GET) /users/28eb5ad4bdc905f3
